0.000000 0.000000 0.000000 0.000000 0.000000
25	22	-509	0.334	5
-40	4	-521	0.335	6
-61	-3	-521	0.337	7
-11	-22	-493	0.340	8
-22	-13	-538	0.343	9
-11	-26	-504	0.384	10
-25	-42	-509	0.463	11
-18	-36	-512	0.548	12
-13	-45	-516	0.634	13
-15	-40	-515	0.719	14
-14	-37	-516	0.795	15
-12	-34	-515	0.865	16
-14	-34	-514	0.931	17
-14	-37	-513	0.987	18
-14	-33	-515	1.040	19
-14	-37	-514	1.083	20
-15	-40	-513	1.122	21
-15	-40	-515	1.155	22
-16	-43	-513	1.181	23
-16	-37	-514	1.203	24
-14	-38	-515	1.223	25
-16	-40	-513	1.239	26
-13	-40	-515	1.253	27
-12	-41	-514	1.261	28
-11	-40	-516	1.272	29
-12	-45	-514	1.278	30
-11	-45	-514	1.283	31
-12	-49	-513	1.288	32
-12	-49	-514	1.290	33
-11	-50	-513	1.292	34
-11	-51	-515	1.293	35
-12	-53	-512	1.291	36
-9	-47	-514	1.294	37
-9	-51	-512	1.297	38
-7	-46	-513	1.301	39
-6	-46	-515	1.304	40
-6	-47	-514	1.307	41
-6	-48	-514	1.306	42
-4	-50	-514	1.309	43
-6	-52	-513	1.309	44
-7	-49	-513	1.308	45
-6	-47	-514	1.305	46
-7	-48	-512	1.304	47
-7	-46	-513	1.297	48
-7	-45	-513	1.290	49
-6	-44	-514	1.281	50
-6	-45	-514	1.267	51
-6	-44	-514	1.255	52
-6	-44	-514	1.241	53
-7	-43	-514	1.227	54
-7	-45	-513	1.213	55
-6	-43	-514	1.200	56
-8	-42	-513	1.188	57
-8	-43	-514	1.177	58
-9	-44	-513	1.167	59
-7	-46	-513	1.160	60
-6	-46	-514	1.152	61
-7	-47	-513	1.145	62
-7	-47	-514	1.139	63
-8	-44	-514	1.133	64
-7	-45	-514	1.130	65
-9	-46	-512	1.125	66
-7	-47	-513	1.124	67
-7	-47	-514	1.120	68
-6	-45	-515	1.118	69
-8	-46	-513	1.114	70
-7	-46	-513	1.112	71
-7	-46	-514	1.110	72
-7	-45	-514	1.106	73
-7	-47	-513	1.105	74
-7	-46	-514	1.103	75
-8	-45	-513	1.099	76
-7	-46	-513	1.098	77
-7	-47	-513	1.097	78
-6	-47	-514	1.094	79
-6	-46	-514	1.093	80
-7	-48	-513	1.090	81
-7	-48	-513	1.087	82
-7	-49	-514	1.086	83
-7	-49	-514	1.085	84
-7	-48	-513	1.081	85
-8	-49	-513	1.080	86
-7	-49	-514	1.076	87
-8	-48	-514	1.075	88
-8	-50	-513	1.075	89
-7	-49	-513	1.072	90
-7	-50	-513	1.070	91
-7	-49	-513	1.068	92
-7	-51	-513	1.066	93
-7	-51	-514	1.062	94
-7	-51	-514	1.062	95
-7	-51	-514	1.060	96
-7	-50	-514	1.057	97
-7	-50	-514	1.055	98
-7	-49	-514	1.055	99
-7	-50	-514	1.052	100
-8	-52	-513	1.050	101
-7	-51	-514	1.049	102
-6	-49	-514	1.047	103
-7	-52	-513	1.044	104
-7	-51	-514	1.044	105
-7	-50	-514	1.041	106
-7	-51	-513	1.042	107
-7	-51	-514	1.039	108
-6	-50	-514	1.038	109
-7	-52	-513	1.037	110
-7	-51	-514	1.035	111
-7	-51	-513	1.034	112
-7	-51	-514	1.032	113
-7	-51	-513	1.032	114
-7	-53	-514	1.028	115
-7	-52	-514	1.026	116
-7	-50	-514	1.025	117
-7	-53	-514	1.024	118
-7	-52	-514	1.023	119
-7	-52	-513	1.022	120
-7	-53	-513	1.019	121
-7	-53	-514	1.019	122
-7	-52	-514	1.016	123
-7	-52	-513	1.015	124
-6	-51	-514	1.014	125
-6	-52	-513	1.011	126
-6	-50	-514	1.009	127
-6	-49	-514	1.009	128
-7	-51	-513	1.007	129
-6	-49	-514	1.003	130
-6	-50	-514	1.002	131
-7	-51	-513	1.001	132
-7	-50	-514	1.000	133
-7	-50	-514	0.998	134
-6	-49	-514	0.998	135
-6	-49	-514	0.995	136
-7	-52	-513	0.994	137
-7	-50	-514	0.993	138
-7	-51	-514	0.992	139
-6	-50	-514	0.990	140
-6	-49	-514	0.988	141
-6	-49	-514	0.988	142
-6	-51	-513	0.986	143
-6	-51	-513	0.984	144
-7	-50	-513	0.983	145
-7	-52	-513	0.982	146
-7	-50	-513	0.980	147
-7	-50	-513	0.978	148
-6	-50	-514	0.977	149
-6	-50	-514	0.977	150
-6	-50	-513	0.974	151
-7	-50	-513	0.973	152
-6	-49	-514	0.973	153
-6	-48	-514	0.972	154
-6	-51	-513	0.969	155
-6	-51	-513	0.968	156
-6	-50	-513	0.967	157
-6	-50	-514	0.965	158
-6	-49	-514	0.965	159
-6	-49	-514	0.962	160
-6	-50	-514	0.961	161
-6	-49	-514	0.960	162
-7	-51	-513	0.960	163
-7	-50	-514	0.957	164
-7	-51	-514	0.957	165
-6	-51	-514	0.957	166
-7	-50	-513	0.955	167
-6	-51	-514	0.954	168
-6	-51	-514	0.952	169
-6	-51	-513	0.950	170
-6	-49	-514	0.951	171
-6	-50	-514	0.949	172
-6	-52	-513	0.948	173
-6	-51	-513	0.946	174
-6	-49	-514	0.947	175
-6	-48	-514	0.943	176
-6	-49	-514	0.944	177
-6	-49	-513	0.941	178
-7	-49	-513	0.940	179
-6	-48	-514	0.939	180
-6	-49	-514	0.939	181
-6	-49	-514	0.937	182
-6	-48	-514	0.936	183
-6	-49	-514	0.933	184
-6	-49	-514	0.935	185
-6	-49	-513	0.934	186
-6	-49	-513	0.932	187
-6	-48	-513	0.930	188
-6	-47	-514	0.930	189
-6	-49	-513	0.930	190
-7	-49	-514	0.928	191
-6	-49	-513	0.928	192
-6	-48	-513	0.928	193
-6	-46	-515	0.926	194
-6	-48	-513	0.925	195
-6	-47	-514	0.924	196
-6	-47	-513	0.922	197
-6	-47	-513	0.924	198
-7	-47	-513	0.921	199
-6	-47	-513	0.920	200
-6	-47	-513	0.920	201
-6	-48	-513	0.917	202
-7	-49	-513	0.917	203
-6	-48	-514	0.916	204
-6	-48	-514	0.914	205
-5	-47	-514	0.915	206
-6	-47	-514	0.914	207
-6	-47	-514	0.913	208
-5	-47	-513	0.911	209
-7	-48	-513	0.909	210
-7	-48	-513	0.911	211
-7	-48	-512	0.907	212
-6	-47	-514	0.909	213
-6	-46	-514	0.906	214
-6	-46	-514	0.907	215
-6	-46	-514	0.904	216
-6	-48	-514	0.904	217
-6	-48	-513	0.903	218
-6	-47	-514	0.901	219
-6	-49	-514	0.903	220
-6	-48	-513	0.900	221
-6	-48	-514	0.899	222
-7	-49	-513	0.898	223
-6	-48	-513	0.897	224
-6	-46	-514	0.898	225
-7	-48	-513	0.898	226
-7	-47	-514	0.895	227
-7	-48	-513	0.895	228
-6	-49	-513	0.894	229
-7	-48	-514	0.894	230
-6	-48	-514	0.893	231
-6	-49	-513	0.890	232
-6	-48	-514	0.889	233
-6	-49	-513	0.888	234
-5	-48	-514	0.888	235
-5	-48	-514	0.887	236
-6	-48	-513	0.886	237
-6	-46	-513	0.886	238
-6	-46	-513	0.884	239
-6	-46	-513	0.884	240
-6	-44	-514	0.885	241
-6	-45	-514	0.882	242
-6	-46	-513	0.882	243
-6	-47	-513	0.881	244
-6	-45	-514	0.880	245
-6	-45	-514	0.880	246
-6	-46	-514	0.882	247
-6	-45	-514	0.878	248
-7	-46	-514	0.878	249
-7	-47	-514	0.878	250
-6	-46	-514	0.878	251
-6	-46	-514	0.875	252
-6	-45	-514	0.876	253
-6	-45	-514	0.875	254
-6	-45	-514	0.874	255
-6	-45	-514	0.873	256
-6	-47	-513	0.872	257
-6	-45	-514	0.874	258
-6	-45	-514	0.871	259
-6	-46	-514	0.870	260
-6	-48	-513	0.871	261
-6	-48	-513	0.870	262
-6	-46	-514	0.868	263
-6	-47	-514	0.869	264
-7	-47	-513	0.868	265
-6	-47	-513	0.867	266
-6	-46	-514	0.865	267
-6	-46	-514	0.864	268
-8	-48	-513	0.865	269
-6	-46	-514	0.864	270
-6	-46	-514	0.863	271
-6	-46	-514	0.862	272
-6	-45	-514	0.861	273
-6	-45	-514	0.860	274
-6	-47	-513	0.860	275
-6	-45	-514	0.859	276
-6	-45	-514	0.858	277
-5	-46	-514	0.858	278
-6	-47	-514	0.856	279
-6	-45	-514	0.856	280
-6	-46	-514	0.857	281
-5	-46	-514	0.856	282
-5	-46	-514	0.854	283
-5	-46	-514	0.853	284
-6	-46	-514	0.853	285
-6	-46	-514	0.853	286
-6	-47	-513	0.851	287
-6	-46	-514	0.849	288
-6	-46	-514	0.848	289
-5	-45	-515	0.849	290
-6	-46	-514	0.848	291
-6	-47	-513	0.847	292
-6	-47	-513	0.846	293
-5	-46	-514	0.845	294
-6	-46	-514	0.845	295
-5	-45	-514	0.845	296
-5	-46	-514	0.843	297
-5	-47	-513	0.843	298
-5	-46	-514	0.841	299
-5	-46	-514	0.840	300
-6	-47	-513	0.840	301
-6	-46	-514	0.839	302
-5	-45	-513	0.838	303
-5	-46	-514	0.838	304
-5	-44	-514	0.836	305
-6	-45	-514	0.836	306
-5	-45	-513	0.834	307
-4	-43	-513	0.833	308
-5	-45	-513	0.832	309
-5	-45	-513	0.832	310
-5	-44	-514	0.832	311
-5	-46	-514	0.832	312
-5	-46	-514	0.831	313
-5	-44	-514	0.828	314
-5	-46	-513	0.828	315
-5	-42	-514	0.828	316
-4	-43	-514	0.827	317
-4	-42	-514	0.827	318
-4	-43	-513	0.825	319
-5	-44	-513	0.825	320
-5	-44	-513	0.823	321
-4	-43	-514	0.822	322
-3	-44	-514	0.824	323
-3	-43	-514	0.821	324
-4	-44	-513	0.821	325
-4	-43	-514	0.820	326
-4	-44	-513	0.819	327
-4	-43	-514	0.820	328
-4	-43	-514	0.818	329
-5	-43	-514	0.817	330
-4	-43	-513	0.818	331
-4	-43	-514	0.816	332
-4	-44	-513	0.816	333
-4	-42	-514	0.816	334
-4	-42	-514	0.816	335
-3	-40	-514	0.816	336
0	-39	-514	0.816	337
-2	-37	-515	0.816	338
-5	-43	-513	0.813	339
-4	-43	-513	0.812	340
-5	-42	-514	0.812	341
-5	-42	-513	0.812	342
-5	-42	-514	0.813	343
-5	-41	-514	0.812	344
-6	-42	-513	0.812	345
-5	-42	-513	0.811	346
-5	-40	-514	0.811	347
-4	-39	-515	0.809	348
-5	-41	-513	0.812	349
-6	-41	-513	0.809	350
-5	-42	-513	0.811	351
-5	-42	-514	0.811	352
-5	-40	-513	0.810	353
-5	-41	-513	0.808	354
-5	-40	-514	0.808	355
-5	-41	-514	0.807	356
-5	-43	-513	0.809	357
-5	-41	-514	0.807	358
-4	-41	-514	0.807	359
-4	-41	-513	0.807	360
-5	-42	-513	0.807	361
-4	-41	-513	0.807	362
-5	-40	-514	0.807	363
-4	-40	-513	0.806	364
-4	-41	-513	0.804	365
-4	-39	-514	0.807	366
-5	-42	-514	0.804	367
-4	-41	-513	0.804	368
-4	-39	-513	0.804	369
-3	-39	-514	0.806	370
-4	-39	-514	0.803	371
-4	-41	-513	0.803	372
-5	-41	-513	0.804	373
-6	-41	-513	0.803	374
-5	-40	-514	0.801	375
-5	-39	-514	0.800	376
-4	-40	-513	0.803	377
-5	-40	-513	0.801	378
-3	-39	-514	0.800	379
-4	-40	-514	0.801	380
-4	-40	-514	0.799	381
-3	-40	-514	0.799	382
-3	-40	-514	0.799	383
-3	-40	-514	0.798	384
-4	-41	-514	0.797	385
-3	-41	-514	0.798	386
-4	-42	-513	0.795	387
-3	-40	-514	0.797	388
-4	-41	-514	0.796	389
-3	-41	-514	0.796	390
-3	-39	-513	0.794	391
-3	-38	-514	0.793	392
-4	-37	-514	0.795	393
-4	-37	-514	0.792	394
-3	-38	-514	0.794	395
-4	-38	-513	0.792	396
-4	-36	-514	0.793	397
-4	-39	-513	0.791	398
-3	-37	-513	0.790	399
-3	-36	-514	0.788	400
-4	-38	-514	0.788	401
-4	-39	-513	0.788	402
-3	-38	-513	0.787	403
-2	-39	-514	0.788	404
-3	-39	-513	0.786	405
-3	-38	-513	0.786	406
-4	-37	-514	0.787	407
-3	-37	-514	0.784	408
-2	-37	-514	0.786	409
-3	-38	-514	0.782	410
-4	-38	-513	0.781	411
-3	-38	-514	0.781	412
-3	-36	-514	0.781	413
-3	-38	-514	0.779	414
-4	-39	-513	0.778	415
-3	-40	-514	0.779	416
-3	-39	-513	0.777	417
-3	-39	-514	0.778	418
-3	-38	-514	0.775	419
-4	-39	-513	0.774	420
-3	-37	-514	0.775	421
-3	-38	-514	0.774	422
-4	-38	-514	0.772	423
-3	-38	-514	0.771	424
-3	-37	-514	0.771	425
-2	-38	-513	0.770	426
-3	-38	-514	0.769	427
-3	-38	-513	0.769	428
-2	-36	-514	0.769	429
-1	-36	-514	0.770	430
-4	-39	-513	0.768	431
-3	-37	-514	0.767	432
-3	-36	-513	0.768	433
-2	-34	-514	0.767	434
-3	-36	-513	0.766	435
-3	-38	-513	0.766	436
-2	-34	-514	0.766	437
-3	-36	-514	0.766	438
-2	-36	-514	0.766	439
-4	-37	-513	0.766	440
-3	-37	-514	0.763	441
-3	-38	-514	0.766	442
-2	-38	-514	0.764	443
-3	-39	-514	0.763	444
-2	-38	-514	0.763	445
-3	-39	-513	0.764	446
-2	-38	-514	0.763	447
-3	-37	-513	0.764	448
-3	-38	-513	0.764	449
-4	-37	-513	0.764	450
-4	-37	-513	0.763	451
-4	-37	-513	0.763	452
-3	-35	-513	0.764	453
-4	-36	-513	0.764	454
-2	-32	-514	0.764	455
-2	-33	-514	0.764	456
-4	-35	-513	0.762	457
-5	-38	-513	0.764	458
-4	-36	-514	0.764	459
-4	-35	-514	0.764	460
-3	-36	-514	0.765	461
-3	-36	-514	0.762	462
-2	-36	-514	0.764	463
-3	-37	-514	0.764	464
-4	-37	-513	0.766	465
-4	-36	-514	0.766	466
-3	-37	-514	0.766	467
-4	-35	-513	0.766	468
-4	-37	-513	0.766	469
-4	-36	-514	0.768	470
-3	-36	-513	0.769	471
-3	-36	-514	0.769	472
-3	-37	-514	0.767	473
-2	-37	-514	0.768	474
-3	-37	-513	0.768	475
-3	-36	-514	0.767	476
-3	-36	-514	0.768	477
-3	-37	-514	0.769	478
-4	-37	-514	0.769	479
-3	-37	-513	0.768	480
-2	-37	-514	0.770	481
-2	-36	-513	0.769	482
-3	-36	-513	0.770	483
-3	-35	-513	0.770	484
-2	-34	-514	0.768	485
-2	-36	-514	0.770	486
-3	-37	-513	0.769	487
-3	-37	-513	0.770	488
-3	-36	-514	0.769	489
-3	-37	-513	0.769	490
-3	-37	-514	0.770	491
-4	-38	-513	0.770	492
-3	-35	-514	0.770	493
-3	-36	-514	0.770	494
-3	-37	-514	0.770	495
-3	-36	-513	0.771	496
-3	-35	-514	0.770	497
-3	-37	-514	0.771	498
-4	-37	-514	0.771	499
-4	-36	-513	0.770	500
-3	-35	-514	0.771	501
-4	-37	-513	0.770	502
-5	-39	-513	0.770	503
-5	-38	-513	0.770	504
-4	-37	-515	0.770	505
-5	-41	-513	0.770	506
-3	-36	-515	0.768	507
-4	-37	-514	0.768	508
-5	-39	-513	0.769	509
-3	-38	-514	0.768	510
-4	-38	-513	0.769	511
-4	-38	-514	0.770	512
-5	-39	-513	0.768	513
-4	-39	-513	0.769	514
-5	-37	-513	0.767	515
-4	-37	-514	0.769	516
-2	-37	-514	0.767	517
-4	-38	-513	0.769	518
-3	-37	-514	0.769	519
-3	-38	-514	0.768	520
-3	-38	-514	0.768	521
-4	-41	-513	0.768	522
-4	-39	-514	0.768	523
-3	-39	-514	0.766	524
-4	-40	-514	0.768	525
-4	-41	-514	0.767	526
-4	-40	-514	0.769	527
-4	-39	-514	0.769	528
-3	-39	-514	0.767	529
-3	-40	-514	0.768	530
-4	-39	-513	0.767	531
-4	-38	-514	0.766	532
-5	-42	-513	0.768	533
-5	-42	-514	0.768	534
-5	-39	-514	0.767	535
-5	-41	-513	0.769	536
-6	-41	-513	0.768	537
-5	-40	-513	0.769	538
-5	-38	-514	0.769	539
-5	-39	-513	0.768	540
-5	-39	-514	0.770	541
-5	-40	-513	0.770	542
-5	-38	-514	0.770	543
-4	-38	-514	0.769	544
-4	-39	-513	0.770	545
-5	-39	-513	0.771	546
-3	-38	-514	0.770	547
-4	-39	-513	0.771	548
-4	-39	-514	0.772	549
-4	-39	-513	0.770	550
-4	-39	-513	0.771	551
-3	-38	-514	0.770	552
-3	-39	-514	0.770	553
-3	-39	-513	0.771	554
-3	-37	-514	0.772	555
-3	-37	-513	0.771	556
-2	-36	-513	0.772	557
-3	-37	-514	0.774	558
-3	-37	-514	0.771	559
-3	-38	-513	0.772	560
-3	-38	-514	0.774	561
-3	-38	-514	0.774	562
-4	-38	-514	0.774	563
-4	-39	-513	0.775	564
-3	-38	-514	0.775	565
-3	-38	-514	0.775	566
-3	-39	-514	0.774	567
-3	-39	-513	0.775	568
-4	-41	-513	0.775	569
-4	-38	-514	0.775	570
-4	-39	-514	0.774	571
-4	-39	-514	0.776	572
-4	-40	-513	0.774	573
-4	-40	-513	0.774	574
-4	-39	-514	0.774	575
-4	-39	-514	0.775	576
-4	-39	-513	0.775	577
-4	-40	-514	0.777	578
-5	-40	-513	0.775	579
-4	-40	-513	0.777	580
-4	-39	-514	0.775	581
-4	-39	-514	0.777	582
-4	-40	-514	0.778	583
-4	-41	-513	0.777	584
-4	-38	-514	0.777	585
-4	-40	-514	0.777	586
-4	-39	-514	0.778	587
-4	-41	-513	0.778	588
-3	-40	-514	0.779	589
-3	-39	-514	0.776	590
-3	-38	-514	0.778	591
-4	-40	-514	0.778	592
-4	-40	-514	0.777	593
-4	-42	-513	0.778	594
-4	-42	-513	0.779	595
-5	-41	-514	0.778	596
-5	-43	-514	0.778	597
-4	-43	-514	0.778	598
-5	-43	-514	0.778	599
0.000000 0.000000 0.000000 0.000000 0.000000
-9	35	-519	0.335	5
1	30	-506	0.334	6
-39	-26	-521	0.336	7
-20	-4	-505	0.376	8
-35	-39	-523	0.465	9
-19	-12	-523	0.567	10
-24	-33	-511	0.669	11
-18	-40	-514	0.753	12
-19	-38	-514	0.825	13
-16	-38	-514	0.881	14
-14	-35	-515	0.926	15
-20	-36	-512	0.962	16
-17	-35	-513	0.994	17
-18	-29	-513	1.017	18
-19	-32	-512	1.038	19
-17	-32	-513	1.056	20
-16	-28	-513	1.075	21
-22	-51	-515	1.105	22
-21	-34	-516	1.136	23
-6	-33	-513	1.142	24
-19	-31	-514	1.137	25
-10	-28	-513	1.143	26
-14	-31	-516	1.160	27
-10	-32	-515	1.177	28
-10	-34	-513	1.196	29
-15	-31	-513	1.206	30
-14	-31	-513	1.214	31
-12	-31	-515	1.220	32
-12	-35	-511	1.224	33
-15	-31	-515	1.223	34
-12	-33	-514	1.227	35
-10	-28	-516	1.227	36
-10	-36	-513	1.227	37
-10	-36	-514	1.227	38
-10	-36	-513	1.227	39
-11	-37	-513	1.229	40
-11	-37	-513	1.228	41
-11	-37	-514	1.229	42
-13	-35	-515	1.231	43
-11	-34	-513	1.231	44
-8	-30	-514	1.231	45
-6	-30	-514	1.234	46
-8	-29	-513	1.233	47
-8	-28	-514	1.235	48
-9	-31	-512	1.238	49
-6	-28	-514	1.239	50
-8	-29	-513	1.243	51
-8	-27	-514	1.243	52
-8	-29	-513	1.246	53
-6	-30	-513	1.247	54
-11	-28	-513	1.249	55
-9	-29	-513	1.253	56
-8	-31	-513	1.253	57
-7	-31	-513	1.258	58
-8	-27	-514	1.260	59
-7	-30	-513	1.262	60
-7	-29	-513	1.264	61
-6	-29	-514	1.267	62
-7	-28	-514	1.267	63
-7	-28	-514	1.268	64
-7	-29	-513	1.269	65
-7	-30	-513	1.272	66
-7	-30	-513	1.273	67
-7	-29	-514	1.275	68
-7	-27	-514	1.274	69
-8	-27	-513	1.274	70
-8	-28	-513	1.276	71
-7	-28	-513	1.278	72
-7	-28	-514	1.276	73
-7	-28	-513	1.277	74
-6	-30	-513	1.276	75
-7	-30	-513	1.278	76
-7	-30	-514	1.279	77
-7	-29	-514	1.278	78
-7	-28	-513	1.278	79
-7	-29	-513	1.278	80
-8	-32	-513	1.277	81
-6	-29	-514	1.276	82
-7	-31	-513	1.275	83
-7	-29	-514	1.275	84
-6	-31	-514	1.275	85
-7	-31	-513	1.274	86
-7	-31	-513	1.272	87
-6	-31	-514	1.272	88
-8	-31	-514	1.271	89
-8	-33	-513	1.272	90
-8	-30	-514	1.272	91
-7	-31	-514	1.271	92
-8	-32	-513	1.268	93
-8	-33	-513	1.270	94
-8	-33	-514	1.269	95
-6	-31	-514	1.268	96
-6	-32	-514	1.267	97
-6	-31	-514	1.268	98
-7	-30	-514	1.265	99
-7	-32	-513	1.265	100
-7	-32	-514	1.264	101
-9	-31	-514	1.264	102
-8	-31	-514	1.262	103
-7	-31	-514	1.262	104
-7	-31	-513	1.260	105
-7	-31	-514	1.260	106
-7	-31	-513	1.259	107
-7	-30	-513	1.259	108
-6	-31	-513	1.260	109
-5	-29	-513	1.258	110
-6	-30	-514	1.257	111
-6	-28	-514	1.256	112
-6	-29	-514	1.256	113
-6	-30	-513	1.256	114
-6	-29	-513	1.252	115
-7	-29	-513	1.253	116
-6	-30	-512	1.250	117
-6	-28	-513	1.251	118
-7	-29	-513	1.251	119
-6	-28	-514	1.248	120
-6	-28	-513	1.247	121
-6	-29	-514	1.244	122
-6	-30	-514	1.246	123
-6	-28	-514	1.243	124
-7	-29	-513	1.244	125
-7	-30	-513	1.243	126
-6	-29	-514	1.241	127
-6	-26	-514	1.241	128
-7	-28	-514	1.240	129
-7	-28	-514	1.238	130
-6	-26	-514	1.238	131
-7	-27	-514	1.238	132
-6	-28	-513	1.235	133
-7	-28	-513	1.235	134
-6	-26	-514	1.235	135
-7	-27	-513	1.233	136
-6	-25	-514	1.232	137
-6	-27	-514	1.233	138
-6	-27	-513	1.231	139
-5	-27	-513	1.231	140
-5	-25	-513	1.231	141
-6	-26	-514	1.229	142
-6	-28	-511	1.228	143
-6	-26	-514	1.227	144
-6	-26	-513	1.227	145
-6	-24	-513	1.226	146
-6	-24	-514	1.225	147
-6	-25	-514	1.223	148
-6	-26	-513	1.224	149
-6	-25	-514	1.222	150
-6	-26	-513	1.221	151
-5	-25	-513	1.222	152
-5	-25	-514	1.219	153
-6	-24	-514	1.218	154
-5	-26	-514	1.220	155
-5	-25	-514	1.218	156
-5	-26	-513	1.218	157
-5	-26	-513	1.217	158
-5	-23	-515	1.216	159
-6	-25	-513	1.216	160
-5	-23	-514	1.214	161
-5	-27	-512	1.214	162
-4	-23	-514	1.214	163
-5	-22	-514	1.214	164
-6	-25	-513	1.212	165
-5	-22	-514	1.213	166
-5	-25	-513	1.212	167
-5	-25	-514	1.210	168
-5	-25	-513	1.210	169
-6	-26	-512	1.209	170
-4	-23	-513	1.209	171
-4	-25	-512	1.209	172
-4	-22	-514	1.208	173
-4	-22	-513	1.206	174
-1	-25	-513	1.206	175
-4	-24	-514	1.206	176
-5	-24	-512	1.206	177
-4	-22	-514	1.203	178
-5	-24	-513	1.204	179
-4	-22	-514	1.203	180
-5	-26	-512	1.202	181
-4	-23	-514	1.200	182
-5	-24	-513	1.201	183
-3	-22	-514	1.199	184
-4	-22	-513	1.200	185
-4	-22	-513	1.198	186
-4	-23	-513	1.197	187
-3	-22	-514	1.197	188
-4	-23	-513	1.196	189
-4	-20	-513	1.197	190
-4	-22	-513	1.194	191
-2	-18	-514	1.194	192
-3	-19	-513	1.193	193
-3	-19	-513	1.193	194
-4	-20	-513	1.193	195
-4	-20	-513	1.192	196
-2	-19	-514	1.190	197
-2	-22	-512	1.190	198
-2	-20	-514	1.190	199
-2	-20	-514	1.190	200
-4	-21	-513	1.189	201
-2	-19	-513	1.187	202
-1	-21	-513	1.187	203
-2	-20	-513	1.187	204
-1	-20	-513	1.186	205
-4	-20	-513	1.185	206
-2	-19	-513	1.186	207
-2	-20	-513	1.185	208
-1	-21	-513	1.183	209
-1	-20	-513	1.185	210
-4	-19	-514	1.183	211
-3	-19	-513	1.181	212
3	-16	-514	1.182	213
2	-21	-512	1.181	214
-1	-19	-513	1.181	215
-5	-19	-512	1.181	216
-4	-19	-514	1.180	217
-5	-21	-512	1.179	218
-2	-21	-513	1.178	219
-2	-19	-514	1.180	220
-2	-21	-513	1.177	221
-2	-20	-514	1.178	222
-3	-21	-513	1.178	223
-3	-22	-512	1.177	224
0	-20	-514	1.177	225
0	-18	-514	1.177	226
-2	-19	-513	1.177	227
-2	-20	-513	1.176	228
-1	-19	-514	1.176	229
-2	-21	-513	1.176	230
-1	-20	-513	1.175	231
-1	-19	-513	1.173	232
-2	-20	-513	1.174	233
-1	-20	-513	1.173	234
0	-18	-514	1.173	235
-2	-20	-513	1.173	236
-1	-19	-513	1.173	237
0	-20	-513	1.172	238
0	-19	-513	1.171	239
0	-19	-513	1.171	240
1	-19	-513	1.168	241
1	-19	-513	1.171	242
1	-17	-513	1.170	243
0	-18	-514	1.169	244
1	-17	-514	1.169	245
0	-19	-513	1.168	246
0	-19	-513	1.168	247
0	-20	-513	1.166	248
-1	-19	-513	1.164	249
-2	-19	-513	1.167	250
-1	-20	-512	1.165	251
-2	-20	-512	1.165	252
-2	-21	-512	1.164	253
0	-19	-514	1.164	254
-2	-20	-513	1.164	255
-1	-17	-514	1.163	256
0	-19	-513	1.164	257
-1	-19	-513	1.162	258
0	-19	-513	1.163	259
0	-18	-513	1.163	260
-1	-18	-513	1.162	261
-1	-18	-512	1.162	262
0	-18	-513	1.162	263
0	-19	-513	1.162	264
0	-21	-512	1.160	265
1	-19	-513	1.160	266
0	-19	-513	1.161	267
-1	-16	-513	1.160	268
1	-17	-513	1.161	269
1	-17	-514	1.159	270
0	-18	-512	1.159	271
0	-19	-513	1.158	272
1	-17	-514	1.158	273
1	-17	-514	1.158	274
2	-16	-514	1.158	275
-1	-18	-512	1.158	276
2	-10	-516	1.158	277
0	-14	-512	1.157	278
1	-15	-513	1.158	279
0	-15	-513	1.157	280
0	-16	-511	1.156	281
1	-14	-512	1.157	282
1	-14	-512	1.158	283
2	-12	-513	1.159	284
3	-15	-513	1.158	285
3	-13	-513	1.158	286
2	-14	-513	1.156	287
3	-13	-513	1.158	288
0	-15	-512	1.157	289
2	-14	-513	1.157	290
5	-15	-514	1.156	291
3	-17	-513	1.157	292
1	-14	-513	1.156	293
2	-16	-513	1.156	294
3	-15	-512	1.156	295
4	-13	-513	1.154	296
3	-14	-512	1.154	297
4	-14	-513	1.156	298
3	-13	-513	1.154	299
4	-12	-513	1.154	300
5	-12	-513	1.154	301
5	-14	-513	1.153	302
6	-13	-514	1.152	303
4	-14	-513	1.152	304
5	-14	-513	1.151	305
5	-14	-513	1.152	306
5	-14	-513	1.151	307
4	-14	-513	1.150	308
4	-13	-514	1.149	309
4	-15	-513	1.149	310
5	-12	-513	1.149	311
3	-15	-511	1.149	312
3	-16	-513	1.148	313
2	-16	-513	1.148	314
3	-15	-513	1.148	315
0	-14	-512	1.148	316
1	-16	-513	1.148	317
1	-16	-512	1.146	318
-4	-13	-514	1.148	319
4	-25	-514	1.148	320
-1	-25	-513	1.148	321
-4	-26	-513	1.148	322
-3	-26	-514	1.148	323
-2	-31	-513	1.149	324
-3	-28	-513	1.152	325
-3	-29	-514	1.149	326
-3	-29	-514	1.151	327
-5	-30	-513	1.152	328
-6	-31	-513	1.152	329
-6	-32	-513	1.153	330
-5	-32	-513	1.154	331
-5	-31	-514	1.153	332
-4	-30	-514	1.155	333
-6	-34	-513	1.155	334
-4	-32	-513	1.157	335
-6	-34	-514	1.156	336
-6	-35	-513	1.156	337
-5	-33	-514	1.159	338
-6	-38	-512	1.158	339
-4	-30	-514	1.158	340
-7	-39	-512	1.158	341
-7	-37	-514	1.160	342
-6	-37	-513	1.160	343
-8	-38	-513	1.162	344
-6	-40	-514	1.160	345
-7	-41	-513	1.162	346
-11	-40	-513	1.160	347
-2	-36	-514	1.159	348
-5	-34	-516	1.159	349
-5	-36	-514	1.156	350
-4	-39	-513	1.156	351
-5	-35	-513	1.156	352
-4	-36	-514	1.154	353
-5	-37	-513	1.152	354
-4	-34	-514	1.152	355
-4	-34	-514	1.149	356
-4	-32	-514	1.149	357
-5	-34	-513	1.148	358
-4	-35	-514	1.145	359
-5	-34	-514	1.144	360
-6	-35	-513	1.143	361
-6	-34	-514	1.140	362
-5	-33	-514	1.139	363
-6	-35	-514	1.138	364
-6	-37	-513	1.138	365
-5	-36	-514	1.136	366
-6	-34	-514	1.135	367
-6	-37	-513	1.136	368
-7	-38	-513	1.136	369
-6	-35	-514	1.136	370
-6	-34	-513	1.135	371
-7	-34	-514	1.135	372
-5	-35	-513	1.135	373
-6	-35	-513	1.136	374
-6	-36	-513	1.138	375
-6	-35	-513	1.139	376
-6	-35	-513	1.140	377
-5	-33	-514	1.139	378
-5	-33	-514	1.143	379
-6	-36	-513	1.143	380
-5	-34	-514	1.144	381
-5	-33	-513	1.144	382
-6	-33	-513	1.144	383
-5	-33	-514	1.146	384
-5	-34	-513	1.145	385
-5	-35	-513	1.148	386
-4	-31	-514	1.148	387
-4	-32	-514	1.148	388
-5	-32	-513	1.148	389
-6	-35	-513	1.151	390
-4	-32	-514	1.151	391
-4	-32	-513	1.150	392
-4	-33	-513	1.152	393
-3	-31	-514	1.152	394
-5	-33	-513	1.152	395
-5	-34	-513	1.152	396
-5	-35	-513	1.152	397
-5	-34	-513	1.154	398
-3	-33	-514	1.152	399
-4	-34	-514	1.152	400
-4	-34	-514	1.152	401
-4	-34	-514	1.153	402
-4	-34	-513	1.155	403
-3	-34	-514	1.156	404
-2	-33	-514	1.155	405
-2	-34	-513	1.155	406
-2	-34	-514	1.155	407
-2	-33	-514	1.155	408
-2	-35	-512	1.155	409
-2	-33	-514	1.156	410
-2	-33	-514	1.156	411
-2	-32	-514	1.155	412
-2	-33	-513	1.156	413
-1	-35	-513	1.156	414
-2	-35	-513	1.157	415
-1	-33	-514	1.157	416
-2	-32	-513	1.157	417
-2	-31	-514	1.156	418
-3	-34	-513	1.157	419
-2	-34	-513	1.156	420
-2	-33	-514	1.156	421
-2	-32	-514	1.157	422
-2	-31	-515	1.157	423
-2	-33	-514	1.157	424
-2	-32	-513	1.157	425
-1	-31	-514	1.157	426
-1	-31	-514	1.157	427
-3	-31	-513	1.159	428
-2	-32	-513	1.157	429
-1	-31	-513	1.159	430
0	-31	-513	1.160	431
0	-30	-514	1.159	432
-2	-32	-513	1.160	433
-1	-29	-515	1.160	434
1	-30	-514	1.160	435
0	-29	-514	1.159	436
0	-29	-514	1.159	437
-2	-30	-513	1.159	438
-1	-30	-513	1.160	439
-2	-30	-514	1.159	440
0	-30	-513	1.158	441
2	-29	-514	1.158	442
0	-30	-513	1.159	443
1	-31	-514	1.160	444
0	-31	-514	1.158	445
0	-31	-513	1.159	446
-1	-31	-513	1.158	447
2	-29	-514	1.160	448
1	-30	-514	1.160	449
0	-30	-514	1.159	450
-1	-30	-513	1.159	451
0	-30	-514	1.157	452
-1	-33	-513	1.159	453
1	-29	-514	1.158	454
0	-32	-513	1.159	455
0	-31	-514	1.159	456
0	-33	-513	1.159	457
1	-28	-515	1.158	458
-1	-31	-513	1.158	459
-2	-32	-513	1.159	460
-1	-35	-512	1.159	461
2	-32	-514	1.160	462
0	-31	-514	1.158	463
0	-31	-514	1.159	464
-1	-32	-514	1.159	465
-1	-34	-513	1.159	466
-2	-36	-512	1.160	467
0	-33	-514	1.159	468
2	-33	-514	1.158	469
0	-33	-514	1.159	470
-1	-34	-513	1.157	471
-1	-33	-513	1.157	472
0	-31	-514	1.158	473
1	-30	-514	1.159	474
1	-31	-513	1.159	475
1	-30	-513	1.157	476
1	-32	-513	1.157	477
1	-31	-513	1.158	478
1	-30	-513	1.158	479
1	-31	-514	1.157	480
1	-32	-514	1.158	481
1	-33	-513	1.158	482
0	-32	-513	1.157	483
1	-29	-514	1.157	484
1	-29	-513	1.157	485
0	-31	-512	1.156	486
2	-29	-513	1.156	487
1	-31	-513	1.158	488
1	-30	-514	1.156	489
1	-30	-514	1.157	490
1	-30	-513	1.158	491
2	-29	-513	1.156	492
0	-29	-513	1.157	493
2	-28	-514	1.156	494
1	-29	-514	1.158	495
1	-29	-514	1.156	496
0	-30	-512	1.156	497
2	-28	-514	1.156	498
1	-29	-513	1.156	499
1	-29	-513	1.156	500
2	-28	-514	1.156	501
2	-29	-514	1.155	502
2	-29	-513	1.157	503
1	-30	-513	1.156	504
3	-29	-513	1.155	505
2	-28	-513	1.154	506
3	-27	-513	1.156	507
2	-28	-513	1.155	508
3	-27	-514	1.155	509
3	-27	-513	1.155	510
5	-27	-513	1.155	511
3	-27	-514	1.153	512
2	-25	-514	1.152	513
1	-27	-513	1.154	514
2	-28	-513	1.154	515
3	-29	-513	1.153	516
3	-28	-514	1.153	517
2	-27	-513	1.152	518
3	-27	-514	1.152	519
2	-27	-514	1.152	520
2	-26	-513	1.152	521
3	-27	-513	1.151	522
3	-28	-513	1.152	523
4	-25	-514	1.151	524
3	-28	-512	1.151	525
3	-27	-513	1.152	526
4	-29	-512	1.149	527
2	-28	-514	1.149	528
2	-27	-513	1.151	529
1	-28	-513	1.148	530
3	-26	-514	1.150	531
2	-27	-513	1.148	532
3	-28	-513	1.150	533
4	-27	-513	1.148	534
3	-27	-513	1.148	535
5	-25	-514	1.147	536
4	-26	-514	1.148	537
3	-27	-513	1.147	538
1	-27	-513	1.148	539
2	-27	-514	1.148	540
1	-29	-513	1.148	541
4	-25	-514	1.148	542
1	-28	-513	1.146	543
1	-27	-513	1.146	544
1	-30	-513	1.146	545
4	-25	-514	1.146	546
2	-27	-514	1.147	547
1	-29	-513	1.146	548
2	-28	-513	1.147	549
2	-26	-513	1.145	550
2	-28	-513	1.146	551
2	-27	-513	1.145	552
3	-28	-514	1.147	553
2	-29	-512	1.148	554
1	-28	-513	1.145	555
1	-30	-513	1.145	556
3	-26	-515	1.146	557
2	-28	-514	1.147	558
2	-29	-513	1.146	559
4	-28	-514	1.147	560
2	-30	-513	1.147	561
2	-28	-514	1.145	562
0	-29	-513	1.144	563
0	-29	-513	1.146	564
1	-29	-514	1.146	565
1	-31	-513	1.146	566
0	-31	-514	1.148	567
0	-29	-513	1.146	568
-1	-28	-513	1.146	569
1	-29	-513	1.146	570
2	-28	-514	1.147	571
3	-27	-514	1.147	572
2	-27	-514	1.147	573
1	-29	-513	1.148	574
3	-27	-514	1.148	575
2	-28	-513	1.148	576
2	-29	-513	1.147	577
3	-30	-513	1.146	578
2	-29	-513	1.148	579
3	-29	-513	1.147	580
2	-29	-513	1.149	581
2	-28	-513	1.146	582
2	-28	-513	1.147	583
2	-29	-513	1.146	584
3	-25	-514	1.148	585
3	-27	-513	1.146	586
4	-27	-514	1.147	587
3	-28	-514	1.145	588
3	-27	-514	1.147	589
1	-30	-513	1.146	590
2	-28	-514	1.147	591
2	-29	-514	1.145	592
4	-28	-514	1.145	593
2	-29	-513	1.146	594
3	-28	-513	1.147	595
1	-29	-513	1.145	596
3	-26	-514	1.144	597
3	-26	-514	1.144	598
3	-27	-514	1.144	599
0.000000 0.000000 0.000000 0.000000 0.000000
-27	115	-501	0.330	5
-20	110	-502	0.330	6
-19	97	-521	0.330	7
-66	53	-494	0.330	8
-69	40	-526	0.329	9
-39	52	-522	0.330	10
-29	45	-529	0.331	11
-32	5	-488	0.331	12
-29	23	-533	0.334	13
-17	30	-515	0.339	14
-40	-2	-515	0.358	15
-50	-30	-503	0.388	16
-38	-31	-508	0.421	17
-45	-34	-513	0.455	18
-28	-29	-507	0.483	19
-31	-30	-508	0.507	20
-14	-32	-515	0.529	21
-12	-31	-520	0.551	22
-15	-39	-510	0.572	23
-13	-37	-516	0.595	24
-6	-46	-516	0.617	25
-5	-52	-513	0.642	26
-8	-51	-513	0.669	27
-7	-49	-515	0.695	28
-10	-48	-513	0.720	29
-7	-54	-512	0.749	30
-7	-51	-513	0.776	31
-8	-54	-513	0.804	32
-7	-49	-517	0.832	33
-9	-52	-514	0.859	34
-8	-55	-513	0.888	35
-9	-52	-513	0.911	36
-9	-55	-513	0.939	37
-7	-52	-514	0.965	38
-6	-54	-514	0.990	39
-6	-55	-515	1.011	40
-6	-54	-515	1.035	41
-8	-57	-512	1.057	42
-9	-56	-513	1.077	43
-9	-60	-512	1.098	44
-10	-61	-513	1.116	45
-8	-59	-514	1.135	46
-8	-59	-514	1.152	47
-8	-59	-514	1.166	48
-8	-57	-514	1.182	49
-8	-60	-514	1.196	50
-7	-57	-514	1.212	51
-7	-58	-514	1.223	52
-7	-60	-514	1.235	53
-7	-60	-513	1.246	54
-7	-57	-514	1.260	55
-8	-59	-513	1.272	56
-8	-57	-514	1.281	57
-9	-58	-514	1.292	58
-9	-59	-513	1.299	59
-8	-60	-513	1.309	60
-8	-60	-513	1.318	61
-7	-62	-513	1.326	62
-7	-59	-514	1.333	63
-8	-61	-514	1.341	64
-7	-60	-514	1.349	65
-7	-63	-513	1.355	66
-8	-63	-513	1.362	67
-6	-60	-514	1.367	68
-8	-60	-514	1.372	69
-8	-61	-513	1.377	70
-9	-63	-512	1.383	71
-8	-59	-514	1.388	72
-9	-61	-513	1.394	73
-8	-61	-513	1.397	74
-7	-60	-514	1.402	75
-8	-60	-513	1.405	76
-8	-60	-513	1.409	77
-8	-59	-514	1.415	78
-7	-59	-514	1.418	79
-7	-59	-514	1.422	80
-8	-61	-513	1.426	81
-7	-59	-514	1.430	82
-7	-62	-513	1.434	83
-7	-60	-514	1.438	84
-7	-58	-514	1.438	85
-8	-59	-514	1.444	86
-8	-60	-513	1.447	87
-8	-61	-513	1.449	88
-7	-60	-514	1.453	89
-7	-60	-513	1.454	90
-7	-60	-513	1.457	91
-7	-60	-514	1.459	92
-8	-62	-513	1.462	93
-8	-60	-513	1.464	94
-7	-60	-514	1.467	95
-7	-60	-514	1.468	96
-8	-60	-514	1.471	97
-9	-60	-514	1.474	98
-7	-61	-513	1.474	99
-8	-61	-513	1.475	100
-8	-60	-514	1.478	101
-8	-61	-513	1.478	102
-7	-60	-514	1.481	103
-7	-62	-513	1.482	104
-7	-61	-513	1.484	105
-8	-60	-514	1.484	106
-7	-61	-513	1.484	107
-7	-61	-514	1.486	108
-7	-61	-513	1.488	109
-7	-62	-513	1.489	110
-8	-63	-512	1.491	111
-8	-61	-513	1.492	112
-7	-59	-514	1.492	113
-8	-62	-512	1.493	114
-8	-60	-514	1.493	115
-7	-60	-514	1.494	116
-7	-62	-514	1.496	117
-7	-62	-514	1.496	118
-7	-59	-514	1.496	119
-9	-61	-512	1.498	120
-8	-61	-514	1.498	121
-7	-62	-514	1.500	122
-6	-61	-514	1.500	123
-7	-62	-513	1.500	124
-8	-63	-513	1.500	125
-7	-61	-514	1.501	126
-7	-61	-514	1.502	127
-8	-61	-514	1.501	128
-8	-62	-513	1.504	129
-8	-62	-514	1.502	130
-6	-60	-514	1.502	131
-6	-63	-513	1.503	132
-7	-63	-513	1.503	133
-6	-63	-514	1.504	134
-7	-63	-513	1.506	135
-6	-63	-513	1.505	136
-8	-63	-512	1.506	137
-8	-62	-513	1.507	138
-7	-60	-514	1.507	139
-7	-61	-514	1.507	140
-7	-62	-514	1.509	141
-7	-60	-514	1.509	142
-7	-62	-513	1.509	143
-7	-61	-513	1.510	144
-6	-60	-514	1.509	145
-8	-59	-514	1.509	146
-8	-60	-513	1.512	147
-8	-58	-514	1.512	148
-6	-57	-514	1.511	149
-7	-60	-513	1.513	150
-6	-56	-514	1.513	151
-8	-57	-513	1.514	152
-8	-59	-513	1.516	153
-7	-58	-513	1.514	154
-6	-57	-514	1.517	155
-7	-57	-513	1.517	156
-6	-57	-514	1.519	157
-6	-57	-514	1.519	158
-6	-57	-514	1.518	159
-7	-57	-513	1.520	160
-8	-57	-513	1.520	161
-7	-56	-513	1.522	162
-6	-55	-515	1.522	163
-5	-54	-514	1.520	164
-6	-57	-514	1.522	165
-5	-54	-515	1.521	166
-6	-57	-514	1.523	167
-7	-58	-514	1.523	168
-7	-57	-514	1.523	169
-7	-57	-514	1.525	170
-7	-58	-513	1.523	171
-6	-57	-513	1.524	172
-7	-58	-513	1.524	173
-7	-59	-513	1.524	174
-5	-56	-514	1.524	175
-5	-56	-514	1.523	176
-6	-59	-514	1.525	177
-7	-58	-514	1.521	178
-8	-61	-513	1.522	179
-7	-58	-515	1.525	180
-9	-60	-513	1.521	181
-7	-61	-514	1.523	182
-6	-60	-514	1.521	183
-6	-60	-514	1.520	184
-7	-61	-514	1.520	185
-7	-61	-514	1.520	186
-7	-60	-515	1.517	187
-6	-62	-514	1.518	188
-7	-63	-513	1.518	189
-7	-61	-514	1.516	190
-7	-62	-514	1.515	191
-6	-62	-513	1.515	192
-7	-62	-513	1.514	193
-7	-60	-515	1.513	194
-6	-62	-514	1.512	195
-7	-61	-514	1.513	196
-6	-61	-514	1.512	197
-6	-61	-514	1.510	198
-6	-61	-514	1.510	199
-8	-61	-513	1.510	200
-7	-62	-514	1.509	201
-6	-64	-513	1.510	202
-7	-63	-513	1.509	203
-7	-64	-513	1.507	204
-8	-63	-513	1.506	205
-7	-63	-513	1.506	206
-7	-63	-514	1.506	207
-7	-64	-513	1.504	208
-7	-64	-514	1.504	209
-6	-65	-513	1.503	210
-8	-65	-514	1.501	211
-9	-64	-513	1.500	212
-8	-65	-513	1.497	213
-7	-64	-514	1.496	214
-7	-64	-514	1.494	215
-7	-65	-513	1.492	216
-7	-64	-513	1.493	217
-7	-64	-513	1.491	218
-7	-63	-514	1.490	219
-7	-63	-514	1.490	220
-7	-64	-514	1.488	221
-7	-65	-514	1.488	222
-6	-64	-515	1.488	223
-8	-65	-513	1.487	224
-7	-65	-513	1.487	225
-7	-64	-514	1.484	226
-6	-64	-514	1.484	227
-7	-64	-513	1.482	228
-7	-62	-514	1.482	229
-6	-63	-514	1.483	230
-6	-64	-514	1.483	231
-7	-64	-514	1.480	232
-7	-64	-514	1.480	233
-7	-64	-513	1.481	234
-6	-64	-513	1.480	235
-8	-65	-513	1.478	236
-7	-65	-513	1.478	237
-6	-64	-513	1.477	238
-7	-66	-512	1.478	239
-7	-64	-514	1.477	240
-6	-63	-513	1.476	241
-6	-63	-514	1.476	242
-8	-64	-512	1.477	243
-8	-63	-514	1.476	244
-7	-63	-514	1.476	245
-7	-66	-511	1.475	246
-6	-64	-514	1.474	247
-4	-66	-514	1.474	248
-7	-67	-512	1.473	249
-7	-67	-513	1.474	250
-7	-64	-514	1.472	251
-8	-67	-513	1.471	252
-8	-65	-514	1.467	253
-8	-66	-514	1.470	254
-9	-68	-511	1.467	255
-8	-66	-514	1.465	256
-8	-65	-514	1.463	257
-7	-64	-514	1.463	258
-7	-65	-513	1.461	259
-7	-65	-513	1.461	260
-7	-65	-513	1.461	261
-8	-64	-513	1.460	262
-6	-63	-513	1.459	263
-8	-62	-514	1.459	264
-7	-63	-513	1.460	265
-6	-64	-513	1.461	266
-7	-66	-512	1.460	267
-7	-65	-513	1.461	268
-6	-64	-514	1.461	269
-7	-62	-514	1.462	270
-8	-65	-512	1.459	271
-8	-66	-512	1.459	272
-7	-67	-512	1.459	273
-6	-69	-512	1.458	274
-7	-64	-516	1.458	275
-9	-63	-514	1.458	276
-8	-64	-514	1.455	277
-8	-68	-512	1.455	278
-8	-66	-512	1.453	279
-8	-65	-513	1.454	280
-8	-65	-514	1.451	281
-7	-65	-514	1.449	282
-7	-66	-513	1.451	283
-7	-64	-514	1.450	284
-7	-64	-514	1.451	285
-7	-64	-513	1.447	286
-8	-65	-513	1.448	287
-6	-64	-513	1.447	288
-7	-63	-514	1.447	289
-7	-63	-513	1.447	290
-7	-61	-514	1.448	291
-7	-63	-513	1.448	292
-7	-64	-513	1.451	293
-6	-65	-513	1.451	294
-6	-64	-514	1.451	295
-7	-63	-514	1.451	296
-6	-64	-513	1.450	297
-7	-63	-514	1.451	298
-7	-63	-514	1.451	299
-8	-63	-514	1.449	300
-7	-62	-513	1.450	301
-7	-62	-514	1.451	302
-6	-63	-513	1.451	303
-7	-61	-514	1.450	304
-8	-63	-513	1.451	305
-8	-62	-513	1.450	306
-6	-61	-514	1.449	307
-6	-61	-514	1.451	308
-7	-64	-511	1.451	309
-8	-63	-513	1.450	310
-6	-63	-513	1.449	311
-5	-60	-515	1.450	312
-7	-61	-514	1.450	313
-6	-59	-514	1.449	314
-6	-60	-514	1.451	315
-7	-62	-513	1.451	316
-6	-61	-513	1.452	317
-7	-62	-513	1.451	318
-7	-62	-513	1.452	319
-6	-62	-513	1.452	320
-6	-60	-514	1.451	321
-6	-61	-513	1.452	322
-6	-61	-514	1.454	323
-7	-62	-514	1.451	324
-7	-62	-513	1.452	325
-8	-64	-513	1.453	326
-6	-61	-515	1.453	327
-7	-62	-514	1.454	328
-7	-64	-512	1.452	329
-7	-62	-514	1.451	330
-7	-63	-513	1.451	331
-6	-62	-514	1.452	332
-6	-61	-514	1.451	333
-7	-62	-513	1.450	334
-7	-62	-513	1.451	335
-6	-61	-514	1.452	336
-8	-60	-513	1.451	337
-9	-62	-512	1.451	338
-9	-62	-513	1.453	339
-7	-60	-514	1.453	340
-7	-59	-514	1.453	341
-8	-61	-513	1.451	342
-8	-63	-513	1.452	343
-6	-61	-514	1.454	344
-7	-62	-513	1.452	345
-7	-59	-514	1.454	346
-7	-62	-514	1.452	347
-7	-60	-514	1.454	348
-6	-63	-512	1.455	349
-7	-60	-514	1.453	350
-7	-61	-514	1.454	351
-7	-61	-513	1.454	352
-7	-60	-514	1.455	353
-7	-62	-513	1.455	354
-7	-61	-514	1.456	355
-7	-60	-514	1.455	356
-7	-61	-514	1.456	357
-7	-61	-514	1.455	358
-7	-62	-514	1.455	359
-7	-62	-513	1.455	360
-7	-60	-514	1.455	361
-7	-61	-513	1.456	362
-7	-62	-514	1.455	363
-6	-63	-513	1.455	364
-7	-61	-513	1.455	365
-7	-62	-514	1.455	366
-6	-60	-515	1.455	367
-7	-62	-514	1.457	368
-7	-61	-513	1.457	369
-7	-60	-514	1.456	370
-7	-62	-513	1.457	371
-6	-61	-513	1.459	372
-7	-62	-512	1.455	373
-6	-60	-514	1.458	374
-7	-62	-513	1.458	375
-6	-59	-515	1.459	376
-7	-61	-513	1.460	377
-8	-61	-513	1.462	378
-8	-61	-514	1.460	379
-7	-60	-513	1.462	380
-7	-59	-514	1.462	381
-7	-61	-513	1.463	382
-8	-60	-513	1.463	383
-6	-57	-516	1.464	384
-6	-60	-514	1.463	385
-7	-61	-513	1.465	386
-7	-59	-513	1.466	387
-8	-59	-513	1.467	388
-8	-59	-513	1.468	389
-7	-60	-513	1.468	390
-7	-60	-513	1.467	391
-7	-59	-514	1.470	392
-7	-59	-513	1.470	393
-7	-59	-514	1.468	394
-7	-58	-513	1.472	395
-6	-58	-514	1.473	396
-7	-58	-513	1.472	397
-7	-57	-513	1.474	398
-7	-57	-513	1.473	399
-7	-57	-513	1.475	400
-6	-57	-514	1.476	401
-6	-58	-514	1.475	402
-7	-59	-513	1.475	403
-6	-58	-513	1.478	404
-6	-58	-514	1.476	405
-7	-58	-513	1.478	406
-6	-57	-513	1.476	407
-6	-56	-514	1.478	408
-6	-60	-512	1.480	409
-7	-58	-514	1.480	410
-8	-61	-512	1.480	411
-7	-58	-514	1.481	412
-7	-59	-513	1.480	413
-7	-59	-514	1.483	414
-7	-59	-514	1.481	415
-7	-59	-514	1.483	416
-7	-60	-513	1.483	417
-7	-57	-514	1.482	418
-7	-58	-513	1.483	419
-6	-57	-514	1.484	420
-7	-58	-513	1.484	421
-6	-57	-513	1.484	422
-6	-58	-513	1.486	423
-6	-59	-513	1.486	424
-6	-58	-514	1.485	425
-6	-57	-514	1.488	426
-7	-59	-513	1.488	427
-6	-57	-514	1.488	428
-7	-59	-514	1.488	429
-6	-56	-515	1.488	430
-7	-60	-514	1.488	431
-8	-60	-513	1.488	432
-7	-60	-513	1.488	433
-8	-60	-513	1.489	434
-7	-60	-514	1.489	435
-7	-60	-514	1.490	436
-7	-60	-513	1.490	437
-7	-60	-513	1.490	438
-7	-59	-513	1.490	439
-7	-59	-513	1.491	440
-7	-58	-514	1.492	441
-8	-60	-512	1.491	442
-8	-59	-513	1.492	443
-8	-58	-514	1.493	444
-8	-60	-512	1.493	445
-7	-58	-513	1.493	446
-7	-59	-513	1.494	447
-7	-58	-513	1.496	448
-6	-57	-514	1.494	449
-6	-59	-513	1.496	450
-7	-59	-513	1.496	451
-7	-58	-513	1.496	452
-6	-58	-514	1.496	453
-6	-58	-514	1.497	454
-6	-59	-514	1.496	455
-5	-57	-515	1.497	456
-6	-58	-514	1.497	457
-7	-58	-514	1.496	458
-7	-57	-514	1.497	459
-6	-57	-515	1.496	460
-7	-59	-513	1.496	461
-7	-55	-514	1.496	462
-8	-59	-512	1.496	463
-9	-60	-513	1.496	464
-10	-58	-513	1.496	465
-5	-61	-513	1.496	466
-5	-59	-515	1.497	467
-6	-59	-515	1.499	468
-6	-57	-514	1.498	469
-7	-58	-514	1.497	470
-7	-59	-514	1.496	471
-7	-60	-513	1.496	472
-8	-60	-513	1.494	473
-7	-59	-514	1.496	474
-7	-61	-513	1.494	475
-8	-59	-514	1.494	476
-6	-58	-514	1.494	477
-6	-59	-514	1.496	478
-7	-57	-514	1.492	479
-7	-58	-514	1.494	480
-6	-58	-514	1.493	481
-7	-58	-513	1.492	482
-7	-58	-513	1.494	483
-6	-58	-513	1.492	484
-6	-56	-514	1.492	485
-7	-58	-514	1.492	486
-6	-55	-515	1.492	487
-8	-58	-513	1.492	488
-7	-59	-513	1.492	489
-6	-58	-515	1.493	490
-7	-59	-513	1.492	491
-7	-60	-513	1.492	492
-7	-60	-513	1.491	493
-6	-58	-514	1.490	494
-7	-60	-512	1.491	495
-7	-59	-513	1.490	496
-7	-59	-513	1.490	497
-7	-60	-513	1.492	498
-8	-58	-513	1.491	499
-7	-57	-514	1.492	500
-7	-58	-513	1.490	501
-6	-57	-515	1.492	502
-6	-58	-514	1.488	503
-6	-58	-514	1.490	504
-6	-58	-514	1.487	505
-6	-57	-514	1.488	506
-6	-58	-513	1.489	507
-6	-58	-513	1.488	508
-6	-57	-514	1.488	509
-6	-58	-513	1.488	510
-5	-57	-514	1.487	511
-6	-58	-514	1.489	512
-7	-59	-513	1.487	513
-6	-57	-513	1.488	514
-6	-57	-514	1.486	515
-7	-58	-513	1.487	516
-6	-57	-514	1.486	517
-6	-58	-514	1.486	518
-6	-60	-513	1.486	519
-7	-59	-514	1.485	520
-7	-58	-514	1.485	521
-6	-58	-514	1.486	522
-7	-58	-514	1.486	523
-6	-58	-514	1.488	524
-7	-58	-513	1.484	525
-6	-56	-515	1.484	526
-6	-57	-514	1.484	527
-7	-57	-514	1.484	528
-5	-57	-514	1.485	529
-6	-59	-513	1.484	530
-6	-59	-513	1.484	531
-7	-58	-513	1.483	532
-6	-57	-514	1.483	533
-6	-58	-514	1.483	534
-6	-58	-514	1.484	535
-6	-57	-513	1.484	536
-6	-57	-514	1.483	537
-7	-58	-513	1.482	538
-7	-57	-514	1.481	539
-6	-61	-513	1.481	540
-6	-58	-514	1.483	541
-8	-62	-513	1.484	542
-8	-61	-513	1.483	543
-7	-62	-513	1.483	544
-6	-62	-514	1.480	545
-7	-62	-514	1.480	546
-7	-63	-513	1.479	547
-7	-61	-514	1.479	548
-8	-62	-513	1.478	549
-7	-61	-514	1.478	550
-6	-64	-513	1.478	551
-5	-64	-513	1.477	552
-6	-62	-513	1.476	553
-6	-63	-514	1.476	554
-7	-63	-514	1.475	555
-8	-63	-513	1.475	556
-8	-63	-514	1.473	557
-7	-63	-514	1.474	558
-7	-64	-513	1.470	559
-7	-63	-514	1.473	560
-7	-64	-513	1.472	561
-6	-62	-514	1.468	562
-6	-63	-513	1.468	563
-8	-61	-514	1.467	564
-8	-63	-513	1.467	565
-7	-63	-513	1.467	566
-7	-62	-514	1.465	567
-7	-62	-514	1.467	568
-6	-62	-514	1.467	569
-7	-63	-514	1.464	570
-7	-62	-514	1.466	571
-7	-63	-514	1.464	572
-7	-62	-514	1.466	573
-7	-62	-513	1.465	574
-7	-62	-514	1.463	575
-8	-62	-514	1.466	576
-7	-63	-513	1.467	577
-7	-63	-513	1.467	578
-7	-63	-513	1.466	579
-7	-63	-513	1.465	580
-7	-62	-513	1.466	581
-7	-62	-513	1.465	582
-6	-61	-514	1.467	583
-6	-61	-514	1.464	584
-9	-62	-513	1.466	585
-7	-62	-513	1.467	586
-8	-61	-514	1.466	587
-7	-63	-513	1.466	588
-6	-62	-513	1.466	589
-6	-62	-514	1.465	590
-7	-63	-514	1.465	591
-7	-62	-513	1.466	592
-7	-62	-514	1.465	593
-6	-62	-514	1.467	594
-6	-63	-513	1.466	595
-7	-62	-513	1.465	596
-7	-61	-513	1.466	597
-7	-61	-514	1.465	598
-7	-60	-514	1.466	599
0.000000 0.000000 0.000000 0.000000 0.000000