0.000000 0.000000 0.000000 0.000000 0.000000
-46	-1	-496	0.330	5
-40	-53	-481	0.331	6
-70	-12	-527	0.331	7
-13	-35	-493	0.330	8
-39	-34	-506	0.330	9
-30	-28	-519	0.331	10
-24	-60	-523	0.335	11
-37	-56	-512	0.347	12
-32	-61	-515	0.363	13
-46	-63	-510	0.384	14
-39	-64	-521	0.400	15
-35	-70	-517	0.413	16
-35	-68	-512	0.426	17
-32	-71	-514	0.448	18
-35	-71	-512	0.473	19
-36	-73	-512	0.498	20
-32	-65	-513	0.519	21
-32	-68	-513	0.538	22
-32	-59	-514	0.554	23
-36	-62	-512	0.568	24
-36	-54	-513	0.581	25
-35	-54	-496	0.592	26
-19	-62	-522	0.603	27
-28	-59	-503	0.619	28
-7	-66	-514	0.634	29
-14	-47	-514	0.651	30
-9	-54	-513	0.664	31
-10	-58	-514	0.679	32
-9	-56	-514	0.690	33
-10	-52	-514	0.702	34
-11	-54	-515	0.711	35
-12	-55	-512	0.720	36
-9	-50	-515	0.727	37
-10	-50	-514	0.733	38
-10	-50	-513	0.741	39
-11	-49	-514	0.748	40
-11	-48	-513	0.752	41
-12	-51	-514	0.756	42
-10	-47	-516	0.762	43
-10	-45	-514	0.766	44
-9	-48	-514	0.770	45
-9	-46	-514	0.774	46
-8	-46	-513	0.779	47
-8	-45	-514	0.782	48
-6	-44	-515	0.785	49
-8	-42	-514	0.790	50
-7	-44	-514	0.792	51
-6	-45	-514	0.795	52
-7	-47	-513	0.797	53
-9	-44	-512	0.800	54
-8	-45	-515	0.803	55
-6	-43	-515	0.806	56
-8	-45	-513	0.808	57
-8	-46	-513	0.811	58
-7	-44	-513	0.812	59
-6	-42	-515	0.813	60
-7	-42	-513	0.815	61
-7	-42	-514	0.818	62
-6	-43	-514	0.818	63
-7	-42	-514	0.820	64
-6	-40	-514	0.822	65
-8	-42	-513	0.823	66
-6	-42	-514	0.823	67
-6	-43	-514	0.825	68
-6	-42	-514	0.828	69
-5	-41	-514	0.827	70
-5	-39	-514	0.827	71
-6	-40	-514	0.829	72
-6	-39	-514	0.829	73
-6	-40	-513	0.830	74
-5	-38	-514	0.829	75
-6	-41	-514	0.831	76
-6	-40	-513	0.832	77
-6	-39	-514	0.830	78
-5	-39	-514	0.832	79
-6	-40	-514	0.833	80
-5	-37	-514	0.832	81
-5	-38	-514	0.831	82
-5	-39	-514	0.832	83
-6	-39	-514	0.832	84
-4	-37	-514	0.832	85
-5	-39	-514	0.832	86
-5	-36	-514	0.832	87
-5	-37	-514	0.830	88
-6	-37	-514	0.832	89
-6	-38	-513	0.832	90
-5	-38	-514	0.830	91
-4	-36	-515	0.830	92
-5	-36	-514	0.829	93
-5	-34	-514	0.830	94
-6	-35	-513	0.829	95
-4	-35	-513	0.828	96
-4	-35	-514	0.829	97
-4	-34	-514	0.828	98
-4	-33	-514	0.828	99
-5	-35	-514	0.827	100
-5	-35	-513	0.828	101
-5	-34	-514	0.827	102
-5	-34	-514	0.826	103
-5	-35	-514	0.826	104
-5	-36	-514	0.826	105
-3	-34	-514	0.825	106
-4	-35	-514	0.825	107
-4	-35	-514	0.825	108
-5	-35	-514	0.824	109
-5	-37	-513	0.823	110
-5	-36	-513	0.821	111
-5	-33	-514	0.820	112
-4	-33	-514	0.820	113
-5	-34	-514	0.820	114
-5	-34	-514	0.820	115
-5	-34	-514	0.819	116
-4	-32	-515	0.818	117
-4	-34	-513	0.817	118
-4	-33	-514	0.818	119
-5	-33	-514	0.818	120
-4	-34	-514	0.817	121
-6	-35	-513	0.816	122
-5	-32	-514	0.816	123
-5	-33	-513	0.816	124
-5	-34	-513	0.816	125
-5	-33	-514	0.816	126
-5	-32	-513	0.816	127
-5	-34	-513	0.813	128
-5	-34	-513	0.814	129
-3	-32	-514	0.814	130
-4	-32	-514	0.812	131
-4	-31	-514	0.811	132
-6	-32	-513	0.812	133
-5	-31	-513	0.811	134
-4	-30	-514	0.809	135
-6	-32	-513	0.809	136
-4	-29	-514	0.808	137
-4	-32	-514	0.809	138
-5	-31	-514	0.807	139
-4	-32	-513	0.806	140
-4	-33	-513	0.807	141
-4	-32	-514	0.806	142
-5	-32	-514	0.805	143
-4	-32	-514	0.803	144
-5	-31	-513	0.803	145
-4	-31	-513	0.802	146
-4	-30	-514	0.802	147
-3	-30	-514	0.801	148
-5	-32	-514	0.801	149
-4	-30	-514	0.799	150
-5	-31	-514	0.799	151
-4	-28	-514	0.798	152
-4	-28	-514	0.798	153
-4	-28	-513	0.796	154
-5	-29	-513	0.795	155
-5	-27	-514	0.795	156
-4	-28	-514	0.795	157
-4	-28	-514	0.793	158
-5	-30	-514	0.794	159
-3	-29	-514	0.791	160
-2	-25	-515	0.791	161
-4	-27	-514	0.791	162
-3	-28	-514	0.790	163
-5	-29	-513	0.789	164
-4	-29	-514	0.788	165
-5	-30	-514	0.788	166
-4	-29	-514	0.788	167
-3	-29	-514	0.786	168
-4	-30	-514	0.786	169
-4	-28	-514	0.787	170
-4	-30	-513	0.785	171
-3	-29	-514	0.785	172
-3	-28	-514	0.783	173
-4	-28	-514	0.782	174
-3	-28	-513	0.784	175
-3	-28	-514	0.782	176
-3	-28	-514	0.781	177
-4	-29	-513	0.780	178
-2	-29	-514	0.779	179
-2	-28	-514	0.779	180
-2	-28	-514	0.779	181
-2	-28	-513	0.778	182
-3	-28	-513	0.778	183
-3	-28	-513	0.778	184
-3	-27	-514	0.776	185
-3	-27	-514	0.777	186
-1	-27	-514	0.775	187
-2	-28	-514	0.774	188
-2	-29	-513	0.773	189
-1	-27	-513	0.774	190
-1	-26	-514	0.772	191
-3	-28	-513	0.771	192
0	-27	-513	0.770	193
0	-26	-513	0.770	194
0	-27	-514	0.769	195
0	-26	-514	0.769	196
-1	-27	-513	0.768	197
-1	-28	-513	0.767	198
0	-26	-514	0.765	199
-1	-26	-514	0.765	200
0	-27	-514	0.763	201
1	-25	-514	0.764	202
0	-25	-513	0.762	203
0	-28	-513	0.762	204
2	-26	-514	0.761	205
-1	-28	-513	0.760	206
-2	-28	-513	0.760	207
-1	-27	-513	0.759	208
0	-25	-514	0.758	209
-1	-27	-514	0.758	210
0	-25	-514	0.756	211
0	-26	-513	0.757	212
0	-26	-514	0.755	213
0	-28	-513	0.755	214
0	-26	-513	0.755	215
0	-28	-513	0.753	216
0	-26	-513	0.753	217
-1	-26	-513	0.751	218
1	-24	-513	0.751	219
2	-23	-514	0.752	220
2	-23	-514	0.749	221
2	-24	-514	0.749	222
0	-25	-514	0.749	223
1	-25	-514	0.748	224
0	-26	-514	0.747	225
-2	-28	-513	0.746	226
0	-27	-513	0.747	227
1	-27	-514	0.745	228
2	-27	-514	0.745	229
2	-25	-514	0.743	230
1	-26	-513	0.745	231
1	-27	-514	0.743	232
0	-27	-513	0.743	233
0	-27	-513	0.743	234
1	-28	-513	0.742	235
1	-26	-514	0.741	236
0	-26	-514	0.741	237
1	-27	-513	0.741	238
-1	-29	-513	0.740	239
0	-29	-514	0.741	240
0	-30	-513	0.740	241
-1	-31	-513	0.740	242
1	-28	-514	0.740	243
2	-29	-514	0.739	244
2	-29	-514	0.739	245
1	-28	-514	0.740	246
0	-29	-513	0.737	247
1	-29	-514	0.737	248
1	-28	-514	0.737	249
1	-29	-513	0.737	250
1	-30	-514	0.737	251
0	-31	-513	0.735	252
1	-30	-514	0.735	253
1	-31	-514	0.737	254
0	-31	-513	0.735	255
0	-29	-514	0.735	256
1	-30	-513	0.735	257
2	-29	-514	0.735	258
1	-29	-513	0.735	259
2	-29	-514	0.734	260
2	-29	-513	0.734	261
2	-30	-513	0.733	262
2	-28	-514	0.733	263
1	-29	-514	0.733	264
2	-29	-514	0.731	265
1	-30	-514	0.733	266
3	-29	-514	0.733	267
3	-30	-513	0.732	268
3	-29	-514	0.732	269
3	-29	-514	0.730	270
3	-29	-513	0.730	271
4	-29	-514	0.730	272
3	-30	-514	0.731	273
3	-30	-514	0.729	274
2	-29	-513	0.729	275
2	-28	-514	0.729	276
1	-31	-513	0.729	277
3	-27	-514	0.730	278
4	-27	-514	0.729	279
3	-30	-514	0.729	280
1	-31	-513	0.729	281
1	-31	-513	0.728	282
2	-31	-513	0.727	283
1	-31	-513	0.728	284
1	-30	-514	0.728	285
3	-30	-514	0.727	286
2	-30	-514	0.728	287
2	-30	-514	0.727	288
4	-30	-514	0.728	289
3	-29	-514	0.727	290
3	-29	-514	0.728	291
3	-29	-514	0.727	292
3	-30	-514	0.727	293
3	-30	-513	0.727	294
3	-30	-514	0.728	295
3	-29	-515	0.728	296
3	-29	-514	0.728	297
4	-29	-514	0.727	298
3	-30	-514	0.727	299
3	-29	-514	0.727	300
3	-30	-513	0.727	301
3	-28	-514	0.727	302
2	-30	-514	0.727	303
1	-31	-513	0.728	304
1	-31	-514	0.728	305
1	-31	-514	0.726	306
3	-31	-514	0.728	307
3	-31	-513	0.725	308
3	-31	-514	0.727	309
2	-31	-513	0.727	310
1	-31	-514	0.726	311
2	-31	-514	0.726	312
3	-30	-514	0.726	313
3	-31	-514	0.727	314
0	-31	-514	0.726	315
0	-31	-513	0.727	316
-1	-32	-513	0.726	317
-1	-30	-514	0.726	318
-1	-33	-514	0.726	319
-1	-32	-514	0.725	320
0	-31	-514	0.727	321
1	-30	-514	0.728	322
-1	-33	-513	0.727	323
0	-32	-514	0.728	324
1	-31	-514	0.727	325
1	-30	-514	0.727	326
1	-32	-513	0.728	327
2	-30	-514	0.727	328
1	-30	-514	0.728	329
2	-31	-514	0.728	330
0	-31	-514	0.727	331
0	-31	-514	0.727	332
1	-30	-514	0.728	333
2	-30	-514	0.727	334
2	-31	-514	0.728	335
3	-30	-514	0.728	336
2	-30	-514	0.727	337
3	-30	-514	0.728	338
1	-30	-514	0.728	339
1	-30	-514	0.728	340
2	-30	-514	0.727	341
3	-28	-514	0.727	342
3	-29	-514	0.728	343
2	-28	-514	0.727	344
3	-28	-514	0.727	345
3	-29	-514	0.728	346
3	-28	-514	0.726	347
3	-28	-514	0.726	348
3	-30	-514	0.726	349
3	-32	-513	0.726	350
1	-30	-513	0.728	351
1	-31	-513	0.726	352
2	-31	-513	0.726	353
3	-29	-514	0.726	354
3	-29	-514	0.726	355
2	-29	-514	0.725	356
2	-29	-514	0.727	357
2	-31	-513	0.725	358
1	-30	-514	0.725	359
2	-30	-514	0.725	360
2	-32	-513	0.726	361
3	-29	-514	0.725	362
4	-29	-514	0.725	363
3	-31	-514	0.727	364
2	-32	-513	0.726	365
2	-32	-514	0.726	366
3	-31	-514	0.724	367
3	-30	-514	0.725	368
3	-30	-514	0.724	369
2	-30	-514	0.724	370
3	-30	-514	0.725	371
4	-30	-513	0.726	372
3	-30	-514	0.728	373
3	-30	-514	0.729	374
3	-31	-514	0.728	375
3	-30	-514	0.729	376
3	-30	-514	0.729	377
3	-30	-514	0.728	378
5	-30	-514	0.728	379
4	-29	-513	0.728	380
3	-31	-513	0.727	381
3	-30	-514	0.727	382
2	-32	-514	0.726	383
1	-33	-513	0.724	384
2	-33	-514	0.724	385
3	-33	-514	0.722	386
2	-35	-513	0.722	387
0	-35	-514	0.720	388
0	-33	-513	0.720	389
1	-34	-514	0.719	390
1	-35	-513	0.719	391
1	-34	-514	0.719	392
0	-33	-514	0.719	393
1	-34	-514	0.718	394
2	-34	-514	0.716	395
4	-32	-515	0.717	396
2	-34	-514	0.716	397
1	-34	-514	0.716	398
1	-34	-514	0.716	399
1	-35	-514	0.715	400
2	-35	-514	0.714	401
2	-34	-514	0.715	402
2	-34	-514	0.715	403
1	-34	-514	0.714	404
0	-36	-513	0.714	405
1	-36	-513	0.714	406
1	-36	-514	0.714	407
1	-36	-514	0.713	408
1	-35	-514	0.713	409
-1	-37	-515	0.714	410
0	-41	-514	0.715	411
1	-40	-514	0.713	412
0	-41	-513	0.713	413
-1	-41	-514	0.712	414
0	-41	-514	0.714	415
-1	-40	-514	0.714	416
-1	-39	-514	0.712	417
-1	-40	-513	0.713	418
0	-38	-514	0.712	419
0	-39	-514	0.713	420
-1	-40	-514	0.714	421
-1	-40	-513	0.712	422
-2	-42	-513	0.714	423
0	-41	-514	0.713	424
1	-38	-514	0.712	425
2	-37	-514	0.714	426
1	-38	-514	0.713	427
0	-38	-514	0.714	428
-1	-40	-514	0.713	429
1	-37	-514	0.713	430
2	-37	-514	0.714	431
2	-38	-514	0.713	432
1	-39	-514	0.714	433
2	-36	-514	0.713	434
1	-38	-514	0.716	435
2	-36	-514	0.713	436
2	-37	-514	0.715	437
3	-37	-514	0.714	438
3	-37	-514	0.714	439
2	-37	-514	0.715	440
2	-37	-514	0.715	441
3	-36	-515	0.713	442
3	-36	-514	0.715	443
3	-37	-515	0.715	444
2	-37	-514	0.716	445
2	-37	-514	0.716	446
1	-39	-513	0.716	447
1	-39	-514	0.715	448
1	-38	-514	0.716	449
0	-39	-514	0.716	450
0	-39	-514	0.716	451
0	-38	-514	0.716	452
1	-38	-514	0.716	453
2	-36	-514	0.716	454
0	-39	-514	0.717	455
1	-39	-514	0.716	456
1	-40	-514	0.717	457
1	-38	-514	0.717	458
2	-38	-514	0.717	459
2	-38	-514	0.718	460
0	-40	-514	0.717	461
2	-40	-514	0.718	462
1	-40	-513	0.717	463
1	-39	-514	0.718	464
1	-39	-514	0.718	465
1	-38	-514	0.719	466
3	-38	-514	0.719	467
2	-40	-514	0.717	468
2	-39	-514	0.719	469
2	-39	-514	0.719	470
1	-39	-514	0.719	471
1	-39	-514	0.720	472
1	-38	-514	0.720	473
1	-39	-514	0.720	474
2	-39	-514	0.720	475
1	-39	-514	0.720	476
1	-40	-514	0.720	477
1	-40	-513	0.720	478
2	-39	-513	0.720	479
1	-38	-514	0.720	480
1	-37	-514	0.720	481
1	-39	-514	0.721	482
1	-39	-514	0.721	483
2	-38	-514	0.721	484
1	-39	-514	0.720	485
1	-37	-514	0.720	486
1	-39	-514	0.723	487
2	-39	-514	0.722	488
0	-40	-514	0.722	489
0	-39	-514	0.723	490
1	-37	-514	0.723	491
1	-39	-514	0.722	492
1	-40	-514	0.724	493
1	-41	-514	0.722	494
1	-41	-514	0.724	495
0	-41	-514	0.724	496
0	-40	-514	0.724	497
0	-41	-514	0.724	498
1	-41	-513	0.724	499
0	-40	-514	0.723	500
0	-41	-514	0.724	501
1	-41	-514	0.725	502
1	-41	-514	0.724	503
1	-40	-514	0.725	504
0	-41	-513	0.724	505
1	-41	-514	0.724	506
-1	-42	-514	0.724	507
0	-41	-514	0.724	508
0	-42	-514	0.724	509
1	-40	-514	0.724	510
1	-42	-514	0.725	511
1	-40	-514	0.724	512
0	-41	-514	0.724	513
-1	-41	-514	0.724	514
0	-40	-514	0.725	515
-1	-42	-514	0.726	516
0	-42	-514	0.724	517
0	-42	-514	0.725	518
0	-42	-514	0.724	519
-1	-44	-513	0.725	520
0	-43	-514	0.724	521
0	-43	-514	0.725	522
-1	-43	-514	0.724	523
0	-42	-515	0.725	524
-1	-42	-514	0.725	525
0	-43	-514	0.725	526
0	-43	-514	0.726	527
-1	-42	-514	0.726	528
-2	-43	-514	0.724	529
0	-42	-514	0.725	530
0	-43	-514	0.725	531
0	-42	-514	0.724	532
-1	-42	-514	0.726	533
0	-41	-514	0.727	534
-1	-43	-514	0.726	535
0	-42	-514	0.725	536
0	-43	-514	0.726	537
0	-42	-514	0.725	538
-1	-43	-514	0.726	539
0	-41	-514	0.726	540
-2	-43	-514	0.725	541
1	-41	-514	0.726	542
-1	-43	-514	0.726	543
-1	-42	-514	0.726	544
-1	-43	-514	0.725	545
0	-43	-514	0.727	546
-1	-44	-513	0.725	547
-2	-44	-514	0.726	548
-2	-44	-514	0.727	549
-1	-45	-514	0.726	550
-1	-44	-514	0.726	551
0	-44	-514	0.727	552
-1	-44	-513	0.726	553
-1	-43	-514	0.726	554
0	-44	-514	0.728	555
0	-43	-514	0.725	556
0	-42	-514	0.727	557
-1	-44	-514	0.726	558
-1	-43	-514	0.725	559
-1	-43	-514	0.725	560
-1	-43	-514	0.726	561
-1	-44	-514	0.726	562
-1	-43	-514	0.726	563
-1	-45	-514	0.725	564
-2	-44	-514	0.725	565
-2	-44	-514	0.725	566
-2	-43	-514	0.725	567
-2	-44	-514	0.725	568
-2	-44	-515	0.724	569
-2	-44	-514	0.724	570
-2	-43	-514	0.725	571
-2	-45	-514	0.725	572
-2	-46	-514	0.727	573
-1	-45	-514	0.725	574
-2	-45	-514	0.725	575
-1	-45	-514	0.723	576
-2	-45	-514	0.724	577
-1	-46	-514	0.724	578
-1	-45	-514	0.725	579
-1	-45	-514	0.724	580
-2	-45	-514	0.724	581
-1	-44	-514	0.724	582
-1	-44	-514	0.724	583
-1	-44	-514	0.724	584
0	-43	-515	0.724	585
-1	-44	-514	0.723	586
-1	-44	-514	0.724	587
-2	-44	-514	0.723	588
-1	-43	-515	0.724	589
-1	-44	-514	0.724	590
-1	-43	-514	0.724	591
-1	-44	-514	0.723	592
-1	-44	-513	0.723	593
-2	-43	-514	0.723	594
-1	-42	-514	0.724	595
-2	-45	-514	0.724	596
-1	-44	-514	0.724	597
-2	-45	-513	0.724	598
-1	-43	-514	0.723	599
0.000000 0.000000 0.000000 0.000000 0.000000
-27	-14	-502	0.320	5
8	5	-516	0.319	6
-5	-21	-481	0.319	7
-10	-24	-532	0.322	8
-16	-29	-521	0.325	9
-18	-47	-510	0.345	10
-17	-29	-518	0.376	11
-15	-52	-507	0.413	12
-13	-54	-514	0.446	13
13	-42	-505	0.482	14
-16	-41	-512	0.525	15
-17	-54	-513	0.577	16
-18	-54	-512	0.629	17
-15	-55	-510	0.679	18
2	-58	-513	0.725	19
-9	-57	-515	0.765	20
-8	-64	-513	0.801	21
-8	-61	-514	0.836	22
-13	-61	-515	0.869	23
-6	-63	-514	0.899	24
-9	-61	-514	0.925	25
-8	-62	-514	0.949	26
-9	-65	-513	0.973	27
-9	-63	-514	0.994	28
-7	-63	-514	1.011	29
-8	-64	-513	1.027	30
-9	-63	-514	1.042	31
-8	-63	-514	1.057	32
-8	-64	-514	1.069	33
-9	-66	-512	1.081	34
-6	-65	-514	1.093	35
-8	-64	-514	1.102	36
-9	-68	-513	1.112	37
-10	-69	-512	1.121	38
-8	-67	-514	1.128	39
-9	-68	-513	1.136	40
-9	-71	-512	1.144	41
-8	-70	-514	1.151	42
-10	-70	-513	1.156	43
-9	-69	-514	1.164	44
-9	-70	-514	1.168	45
-9	-69	-514	1.173	46
-9	-70	-514	1.177	47
-9	-71	-513	1.182	48
-8	-71	-514	1.186	49
-9	-71	-514	1.189	50
-9	-70	-514	1.193	51
-9	-72	-513	1.195	52
-9	-71	-514	1.198	53
-9	-72	-513	1.201	54
-10	-73	-513	1.204	55
-9	-71	-514	1.206	56
-10	-73	-513	1.208	57
-9	-73	-514	1.209	58
-10	-74	-513	1.212	59
-11	-75	-513	1.214	60
-10	-75	-513	1.214	61
-10	-75	-513	1.217	62
-10	-75	-513	1.218	63
-10	-75	-513	1.218	64
-10	-77	-513	1.220	65
-10	-78	-512	1.222	66
-10	-77	-513	1.221	67
-9	-75	-514	1.221	68
-10	-77	-512	1.222	69
-8	-75	-513	1.223	70
-10	-76	-512	1.223	71
-10	-75	-513	1.223	72
-10	-76	-512	1.224	73
-10	-77	-512	1.226	74
-9	-75	-514	1.226	75
-10	-77	-512	1.227	76
-10	-75	-514	1.226	77
-11	-76	-512	1.226	78
-10	-76	-512	1.226	79
-10	-75	-512	1.225	80
-10	-74	-513	1.226	81
-10	-74	-513	1.224	82
-9	-73	-513	1.225	83
-8	-73	-514	1.227	84
-10	-73	-514	1.226	85
-10	-74	-514	1.225	86
-10	-74	-513	1.225	87
-11	-76	-512	1.225	88
-11	-76	-512	1.225	89
-10	-73	-514	1.223	90
-9	-74	-514	1.225	91
-10	-74	-513	1.225	92
-10	-75	-514	1.224	93
-10	-77	-512	1.223	94
-10	-77	-512	1.222	95
-9	-76	-513	1.224	96
-9	-76	-513	1.223	97
-10	-76	-512	1.223	98
-10	-75	-513	1.222	99
-9	-74	-514	1.222	100
-9	-76	-513	1.221	101
-9	-75	-514	1.221	102
-9	-76	-514	1.220	103
-10	-77	-512	1.221	104
-10	-76	-513	1.221	105
-10	-76	-513	1.220	106
-9	-77	-513	1.220	107
-8	-78	-514	1.219	108
-10	-79	-513	1.220	109
-10	-77	-514	1.218	110
-11	-76	-514	1.218	111
-10	-77	-514	1.218	112
-10	-79	-512	1.217	113
-10	-77	-513	1.217	114
-10	-77	-514	1.217	115
-11	-78	-513	1.216	116
-10	-78	-513	1.215	117
-10	-77	-513	1.214	118
-10	-79	-513	1.214	119
-9	-78	-514	1.214	120
-9	-79	-512	1.214	121
-10	-79	-512	1.214	122
-10	-80	-512	1.212	123
-10	-79	-513	1.210	124
-10	-80	-513	1.210	125
-10	-78	-514	1.209	126
-10	-79	-513	1.210	127
-10	-79	-512	1.209	128
-10	-80	-512	1.209	129
-8	-77	-514	1.207	130
-10	-78	-513	1.207	131
-10	-78	-514	1.206	132
-10	-79	-513	1.206	133
-11	-78	-514	1.205	134
-10	-79	-513	1.206	135
-9	-78	-513	1.205	136
-11	-79	-513	1.204	137
-11	-79	-513	1.204	138
-10	-80	-513	1.204	139
-10	-78	-512	1.202	140
-9	-80	-512	1.203	141
-8	-78	-513	1.201	142
-9	-79	-513	1.201	143
-9	-77	-514	1.201	144
-10	-77	-513	1.200	145
-10	-77	-513	1.201	146
-9	-77	-513	1.198	147
-10	-76	-513	1.199	148
-10	-77	-514	1.198	149
-9	-78	-513	1.197	150
-10	-78	-513	1.196	151
-10	-78	-513	1.197	152
-10	-77	-513	1.195	153
-10	-79	-512	1.194	154
-10	-77	-513	1.193	155
-9	-75	-515	1.193	156
-10	-76	-513	1.194	157
-10	-77	-511	1.193	158
-8	-74	-515	1.193	159
-9	-77	-511	1.192	160
-9	-71	-514	1.193	161
-10	-70	-513	1.193	162
-9	-68	-514	1.193	163
-9	-67	-515	1.193	164
-8	-68	-513	1.193	165
-9	-69	-514	1.193	166
-9	-69	-513	1.193	167
-9	-68	-514	1.193	168
-8	-67	-514	1.192	169
-8	-65	-514	1.193	170
-9	-66	-513	1.193	171
-9	-64	-514	1.193	172
-7	-63	-514	1.193	173
-8	-63	-513	1.193	174
-8	-60	-514	1.193	175
-8	-61	-514	1.193	176
-8	-62	-514	1.194	177
-8	-62	-514	1.194	178
-7	-61	-514	1.193	179
-7	-61	-514	1.193	180
-7	-61	-514	1.193	181
-8	-62	-514	1.193	182
-8	-62	-513	1.194	183
-8	-62	-514	1.193	184
-8	-62	-514	1.194	185
-7	-62	-513	1.193	186
-8	-62	-513	1.193	187
-7	-61	-514	1.194	188
-7	-62	-513	1.193	189
-8	-63	-514	1.193	190
-8	-63	-514	1.194	191
-7	-62	-514	1.196	192
-7	-62	-514	1.196	193
-7	-62	-514	1.197	194
-8	-63	-513	1.196	195
-8	-61	-514	1.196	196
-8	-63	-514	1.197	197
-7	-63	-514	1.198	198
-7	-63	-513	1.198	199
-8	-63	-514	1.198	200
-7	-62	-514	1.198	201
-8	-62	-514	1.198	202
-8	-63	-513	1.199	203
-8	-63	-513	1.198	204
-8	-63	-513	1.198	205
-8	-62	-514	1.199	206
-7	-62	-514	1.199	207
-7	-62	-514	1.200	208
-7	-62	-514	1.199	209
-8	-63	-513	1.201	210
-8	-63	-514	1.201	211
-7	-62	-514	1.201	212
-8	-63	-513	1.201	213
-7	-62	-514	1.200	214
-8	-62	-514	1.199	215
-7	-63	-514	1.200	216
-7	-62	-514	1.201	217
-9	-62	-514	1.201	218
-8	-63	-514	1.201	219
-7	-64	-513	1.201	220
-8	-63	-514	1.201	221
-8	-64	-513	1.200	222
-7	-63	-514	1.201	223
-8	-63	-514	1.199	224
-8	-63	-514	1.201	225
-7	-63	-514	1.200	226
-7	-62	-515	1.199	227
-8	-63	-514	1.200	228
-9	-63	-513	1.200	229
-9	-63	-514	1.199	230
-7	-63	-514	1.200	231
-7	-63	-514	1.199	232
-8	-63	-514	1.199	233
-7	-62	-514	1.198	234
-8	-63	-513	1.200	235
-9	-63	-514	1.198	236
-8	-63	-514	1.199	237
-6	-62	-514	1.198	238
-8	-64	-513	1.198	239
-8	-63	-514	1.199	240
-7	-63	-514	1.199	241
-8	-63	-514	1.197	242
-7	-63	-514	1.199	243
-7	-63	-514	1.199	244
-7	-64	-514	1.198	245
-7	-63	-514	1.197	246
-8	-63	-514	1.198	247
-8	-63	-514	1.198	248
-7	-63	-514	1.199	249
-7	-63	-514	1.198	250
-7	-64	-514	1.197	251
-6	-62	-514	1.197	252
-8	-64	-514	1.196	253
-8	-64	-514	1.197	254
-7	-64	-514	1.196	255
-7	-64	-514	1.197	256
-8	-64	-514	1.196	257
-8	-64	-513	1.196	258
-8	-65	-513	1.195	259
-7	-64	-514	1.196	260
-8	-65	-513	1.196	261
-7	-63	-514	1.196	262
-7	-64	-514	1.196	263
-8	-63	-514	1.197	264
-8	-64	-514	1.195	265
-8	-64	-514	1.195	266
-8	-63	-513	1.196	267
-8	-64	-514	1.195	268
-8	-64	-514	1.194	269
-8	-64	-513	1.195	270
-8	-63	-514	1.193	271
-8	-64	-513	1.194	272
-7	-64	-514	1.194	273
-7	-64	-513	1.193	274
-8	-64	-513	1.193	275
-8	-63	-514	1.194	276
-8	-64	-514	1.194	277
-8	-65	-513	1.193	278
-8	-64	-514	1.193	279
-8	-65	-513	1.193	280
-8	-63	-514	1.194	281
-7	-63	-514	1.193	282
-7	-64	-513	1.193	283
-8	-63	-514	1.193	284
-7	-63	-514	1.191	285
-8	-63	-514	1.192	286
-8	-64	-513	1.193	287
-8	-62	-514	1.192	288
-8	-63	-514	1.193	289
-8	-64	-514	1.193	290
-8	-64	-513	1.192	291
-8	-64	-514	1.193	292
-8	-63	-514	1.192	293
-8	-64	-513	1.193	294
-8	-63	-514	1.193	295
-7	-63	-514	1.193	296
-7	-62	-514	1.194	297
-8	-63	-513	1.192	298
-8	-63	-514	1.193	299
-7	-63	-514	1.193	300
-8	-62	-514	1.193	301
-8	-62	-514	1.193	302
-7	-62	-514	1.193	303
-8	-63	-514	1.193	304
-8	-62	-514	1.193	305
-8	-62	-514	1.193	306
-7	-64	-514	1.193	307
-7	-63	-514	1.193	308
-7	-63	-514	1.193	309
-7	-64	-515	1.193	310
-8	-65	-513	1.193	311
-7	-64	-513	1.193	312
-7	-64	-515	1.194	313
-8	-66	-513	1.193	314
-9	-65	-514	1.193	315
-8	-66	-513	1.193	316
-7	-65	-514	1.193	317
-8	-65	-513	1.193	318
-8	-64	-514	1.193	319
-8	-64	-514	1.193	320
-8	-64	-515	1.192	321
-9	-64	-513	1.192	322
-8	-65	-513	1.193	323
-9	-64	-515	1.193	324
-8	-68	-512	1.193	325
-7	-65	-516	1.191	326
-10	-66	-514	1.191	327
-7	-63	-515	1.192	328
-10	-63	-514	1.192	329
-9	-64	-513	1.191	330
-8	-63	-514	1.192	331
-8	-63	-514	1.191	332
-8	-64	-514	1.193	333
-9	-64	-513	1.192	334
-8	-64	-514	1.193	335
-7	-64	-513	1.190	336
-8	-64	-513	1.191	337
-8	-64	-513	1.191	338
-7	-62	-514	1.191	339
-7	-63	-514	1.192	340
-8	-62	-514	1.191	341
-8	-63	-514	1.191	342
-8	-62	-514	1.191	343
-9	-62	-513	1.190	344
-6	-63	-514	1.191	345
-7	-62	-514	1.191	346
-7	-63	-513	1.191	347
-7	-63	-514	1.191	348
-6	-62	-514	1.192	349
-7	-64	-514	1.191	350
-7	-62	-514	1.191	351
-9	-63	-513	1.192	352
-8	-63	-514	1.191	353
-7	-63	-514	1.191	354
-7	-63	-514	1.191	355
-8	-63	-513	1.193	356
-7	-63	-514	1.192	357
-7	-63	-514	1.191	358
-7	-63	-513	1.191	359
-7	-63	-514	1.191	360
-7	-63	-514	1.192	361
-7	-61	-514	1.193	362
-8	-62	-514	1.193	363
-8	-62	-514	1.192	364
-7	-61	-514	1.193	365
-8	-62	-514	1.193	366
-7	-62	-514	1.193	367
-8	-62	-514	1.193	368
-7	-62	-514	1.192	369
-7	-61	-515	1.191	370
-7	-61	-514	1.193	371
-7	-60	-514	1.193	372
-7	-61	-514	1.193	373
-9	-63	-514	1.191	374
-7	-61	-513	1.193	375
-7	-60	-514	1.192	376
-6	-60	-514	1.191	377
-9	-61	-513	1.191	378
-7	-61	-513	1.193	379
-8	-62	-513	1.193	380
-6	-61	-514	1.193	381
-8	-60	-514	1.191	382
-8	-63	-513	1.192	383
-8	-63	-513	1.191	384
-8	-62	-514	1.191	385
-7	-62	-514	1.193	386
-9	-61	-514	1.192	387
-8	-62	-514	1.193	388
-6	-62	-514	1.192	389
-7	-61	-514	1.192	390
-8	-62	-513	1.191	391
-7	-62	-513	1.192	392
-7	-62	-514	1.191	393
-7	-62	-514	1.193	394
-8	-61	-514	1.192	395
-7	-61	-514	1.193	396
-7	-62	-513	1.191	397
-6	-61	-514	1.191	398
-7	-61	-514	1.193	399
-8	-60	-514	1.192	400
-6	-63	-513	1.192	401
-8	-63	-513	1.191	402
-8	-61	-513	1.193	403
-8	-62	-514	1.193	404
-8	-64	-513	1.193	405
-8	-63	-514	1.192	406
-7	-61	-514	1.192	407
-8	-62	-514	1.193	408
-9	-62	-514	1.190	409
-8	-62	-514	1.193	410
-7	-62	-513	1.193	411
-7	-62	-514	1.193	412
-8	-62	-514	1.193	413
-8	-62	-514	1.193	414
-8	-62	-514	1.194	415
-7	-62	-514	1.193	416
-8	-61	-514	1.193	417
-8	-62	-514	1.193	418
-8	-62	-514	1.193	419
-8	-62	-513	1.193	420
-8	-62	-513	1.193	421
-7	-62	-514	1.193	422
-7	-61	-514	1.193	423
-8	-62	-514	1.193	424
-8	-62	-513	1.193	425
-7	-61	-514	1.193	426
-8	-62	-513	1.193	427
-8	-62	-514	1.193	428
-7	-62	-514	1.193	429
-7	-60	-514	1.193	430
-7	-60	-514	1.193	431
-8	-61	-513	1.193	432
-7	-60	-514	1.194	433
-8	-61	-513	1.194	434
-7	-61	-514	1.193	435
-8	-62	-513	1.193	436
-7	-62	-513	1.193	437
-8	-62	-513	1.192	438
-8	-62	-514	1.192	439
-8	-61	-514	1.193	440
-7	-62	-513	1.193	441
-7	-63	-514	1.193	442
-8	-63	-514	1.191	443
-7	-61	-514	1.193	444
-8	-61	-513	1.193	445
-7	-60	-514	1.193	446
-7	-61	-514	1.193	447
-6	-60	-514	1.193	448
-7	-61	-514	1.193	449
-7	-60	-514	1.193	450
-8	-61	-514	1.193	451
-8	-61	-513	1.193	452
-7	-60	-514	1.192	453
-7	-60	-514	1.191	454
-7	-61	-514	1.191	455
-8	-61	-514	1.191	456
-8	-60	-514	1.192	457
-7	-61	-513	1.193	458
-7	-60	-514	1.191	459
-7	-61	-514	1.192	460
-7	-60	-514	1.191	461
-7	-60	-514	1.191	462
-6	-61	-513	1.192	463
-7	-61	-513	1.191	464
-7	-61	-513	1.192	465
-6	-61	-514	1.192	466
-7	-61	-514	1.190	467
-7	-61	-514	1.191	468
-7	-61	-513	1.191	469
-6	-59	-513	1.190	470
-6	-60	-514	1.190	471
-6	-59	-514	1.191	472
-7	-60	-513	1.191	473
-6	-58	-513	1.190	474
-5	-58	-514	1.190	475
-6	-58	-514	1.189	476
-5	-59	-513	1.189	477
-6	-59	-514	1.189	478
-6	-60	-513	1.189	479
-6	-59	-513	1.189	480
-6	-57	-514	1.189	481
-6	-59	-514	1.189	482
-6	-59	-514	1.189	483
-6	-60	-514	1.189	484
-7	-60	-514	1.189	485
-8	-60	-513	1.188	486
-7	-59	-514	1.189	487
-6	-60	-514	1.189	488
-6	-58	-514	1.187	489
-6	-58	-514	1.187	490
-6	-58	-514	1.188	491
-6	-57	-514	1.188	492
-6	-57	-514	1.187	493
-6	-59	-514	1.188	494
-5	-59	-514	1.187	495
-6	-59	-514	1.188	496
-6	-59	-514	1.186	497
-6	-58	-514	1.186	498
-6	-58	-514	1.187	499
-5	-58	-514	1.185	500
-5	-57	-514	1.186	501
-5	-58	-514	1.185	502
-5	-58	-514	1.185	503
-5	-58	-514	1.186	504
-5	-57	-513	1.185	505
-5	-57	-513	1.184	506
-5	-55	-514	1.184	507
-5	-57	-514	1.184	508
-6	-57	-514	1.183	509
-8	-59	-513	1.183	510
-6	-59	-514	1.183	511
-7	-59	-514	1.181	512
-7	-61	-514	1.183	513
-6	-60	-514	1.183	514
-7	-61	-514	1.184	515
-7	-59	-514	1.182	516
-7	-59	-514	1.183	517
-7	-58	-514	1.182	518
-6	-59	-514	1.184	519
-7	-60	-514	1.184	520
-7	-60	-513	1.182	521
-7	-60	-514	1.182	522
-6	-59	-514	1.183	523
-7	-60	-513	1.184	524
-6	-58	-514	1.184	525
-6	-61	-514	1.183	526
-6	-59	-514	1.183	527
-5	-59	-514	1.184	528
-7	-60	-514	1.183	529
-6	-60	-513	1.182	530
-4	-57	-514	1.182	531
0	-56	-514	1.183	532
-6	-58	-514	1.183	533
-5	-56	-514	1.183	534
-5	-60	-513	1.183	535
-6	-59	-514	1.181	536
-7	-60	-513	1.183	537
-5	-58	-514	1.181	538
-5	-58	-514	1.182	539
-5	-56	-515	1.181	540
-4	-57	-513	1.181	541
-5	-57	-513	1.181	542
-4	-57	-513	1.181	543
-3	-55	-514	1.181	544
-7	-59	-513	1.181	545
-3	-54	-514	1.181	546
-4	-56	-513	1.180	547
-5	-55	-514	1.181	548
-7	-53	-514	1.180	549
-7	-58	-513	1.181	550
-5	-54	-514	1.180	551
-6	-60	-513	1.181	552
-4	-57	-514	1.180	553
-4	-56	-514	1.180	554
-4	-55	-514	1.179	555
-5	-55	-514	1.178	556
-6	-56	-513	1.179	557
-4	-55	-515	1.178	558
-5	-57	-513	1.178	559
-5	-56	-514	1.178	560
-4	-54	-514	1.179	561
-5	-56	-514	1.178	562
-5	-55	-514	1.178	563
-5	-57	-514	1.178	564
-5	-57	-514	1.178	565
-6	-57	-514	1.178	566
-5	-58	-514	1.178	567
-4	-56	-514	1.177	568
-4	-57	-514	1.178	569
-5	-55	-514	1.178	570
-5	-56	-514	1.177	571
-4	-56	-513	1.177	572
-4	-57	-514	1.177	573
-5	-58	-514	1.177	574
-6	-59	-513	1.177	575
-6	-59	-514	1.176	576
-6	-59	-514	1.177	577
-5	-59	-514	1.177	578
-6	-59	-514	1.175	579
-6	-60	-514	1.177	580
-6	-60	-513	1.178	581
-6	-58	-514	1.177	582
-5	-59	-513	1.178	583
-4	-57	-514	1.177	584
-6	-60	-513	1.177	585
-5	-57	-513	1.177	586
-5	-57	-514	1.177	587
-6	-59	-514	1.177	588
-5	-59	-514	1.177	589
-6	-59	-513	1.178	590
-5	-57	-514	1.177	591
-6	-59	-514	1.177	592
-5	-58	-514	1.175	593
-5	-57	-515	1.177	594
-7	-59	-514	1.176	595
-5	-58	-514	1.176	596
-5	-59	-514	1.177	597
-5	-58	-514	1.175	598
-4	-57	-514	1.177	599
0.000000 0.000000 0.000000 0.000000 0.000000
-30	-28	-511	0.462	5
-37	-52	-513	0.595	6
-29	-41	-517	0.707	7
-9	-35	-514	0.786	8
-10	-40	-518	0.840	9
-13	-56	-511	0.877	10
-12	-52	-513	0.899	11
-13	-50	-514	0.915	12
-20	-57	-512	0.929	13
-11	-59	-512	0.938	14
-13	-58	-511	0.948	15
-10	-59	-514	0.963	16
-7	-60	-515	0.977	17
-7	-76	-510	0.991	18
-10	-62	-515	1.009	19
-11	-65	-513	1.027	20
-10	-67	-514	1.043	21
-9	-67	-516	1.062	22
-11	-72	-514	1.079	23
-9	-74	-517	1.097	24
-12	-80	-512	1.115	25
-10	-82	-512	1.131	26
-11	-80	-513	1.146	27
-11	-82	-512	1.159	28
-10	-84	-511	1.173	29
-11	-83	-513	1.182	30
-11	-83	-513	1.194	31
-11	-84	-513	1.204	32
-11	-85	-512	1.214	33
-11	-85	-511	1.222	34
-12	-87	-512	1.232	35
-11	-88	-512	1.241	36
-12	-89	-511	1.247	37
-11	-87	-513	1.254	38
-11	-88	-513	1.261	39
-11	-88	-512	1.267	40
-13	-89	-512	1.273	41
-12	-90	-512	1.278	42
-11	-91	-511	1.285	43
-9	-87	-514	1.293	44
-11	-90	-512	1.299	45
-12	-91	-511	1.304	46
-12	-91	-512	1.312	47
-11	-91	-514	1.317	48
-12	-93	-513	1.323	49
-12	-94	-510	1.329	50
-12	-93	-511	1.333	51
-12	-95	-510	1.339	52
-12	-94	-511	1.344	53
-12	-95	-511	1.349	54
-13	-97	-511	1.356	55
-13	-97	-511	1.361	56
-13	-97	-511	1.365	57
-13	-97	-510	1.370	58
-12	-95	-512	1.375	59
-12	-96	-511	1.377	60
-11	-95	-511	1.384	61
-12	-97	-509	1.387	62
-13	-96	-512	1.389	63
-12	-95	-512	1.393	64
-12	-97	-511	1.397	65
-11	-97	-511	1.399	66
-12	-98	-511	1.401	67
-13	-98	-512	1.402	68
-13	-99	-510	1.406	69
-12	-98	-512	1.408	70
-13	-100	-511	1.409	71
-11	-100	-512	1.412	72
-12	-99	-511	1.413	73
-11	-99	-512	1.417	74
-11	-99	-511	1.419	75
-12	-99	-512	1.419	76
-12	-100	-510	1.420	77
-13	-101	-509	1.422	78
-12	-98	-513	1.423	79
-13	-98	-512	1.425	80
-12	-99	-512	1.425	81
-12	-101	-509	1.426	82
-12	-98	-512	1.426	83
-13	-101	-509	1.426	84
-13	-100	-510	1.427	85
-12	-98	-512	1.425	86
-11	-98	-511	1.426	87
-12	-99	-511	1.426	88
-12	-100	-511	1.427	89
-11	-99	-512	1.428	90
-12	-100	-510	1.427	91
-12	-98	-512	1.429	92
-12	-98	-512	1.427	93
-13	-97	-513	1.429	94
-12	-99	-509	1.427	95
-11	-98	-512	1.426	96
-11	-98	-512	1.426	97
-11	-99	-512	1.426	98
-11	-101	-509	1.425	99
-12	-99	-512	1.425	100
-13	-98	-513	1.423	101
-13	-100	-509	1.422	102
-12	-100	-511	1.420	103
-12	-100	-510	1.420	104
-12	-99	-511	1.418	105
-13	-100	-510	1.419	106
-12	-99	-512	1.419	107
-11	-99	-511	1.416	108
-13	-100	-510	1.416	109
-12	-100	-511	1.415	110
-12	-101	-511	1.415	111
-11	-100	-512	1.413	112
-12	-99	-512	1.413	113
-11	-99	-512	1.412	114
-12	-99	-512	1.410	115
-12	-101	-510	1.408	116
-12	-100	-511	1.405	117
-13	-100	-510	1.404	118
-12	-99	-510	1.401	119
-12	-98	-512	1.397	120
-11	-97	-512	1.397	121
-11	-99	-512	1.393	122
-13	-100	-511	1.391	123
-11	-99	-511	1.388	124
-12	-99	-511	1.387	125
-13	-99	-510	1.384	126
-12	-99	-510	1.383	127
-10	-99	-511	1.383	128
-10	-95	-513	1.380	129
-12	-96	-513	1.380	130
-12	-97	-512	1.379	131
-11	-97	-513	1.380	132
-12	-98	-512	1.381	133
-13	-100	-510	1.383	134
-12	-100	-509	1.384	135
-12	-99	-510	1.386	136
-12	-100	-511	1.386	137
-12	-100	-510	1.386	138
-12	-99	-511	1.387	139
-12	-99	-511	1.384	140
-12	-97	-512	1.384	141
-12	-97	-514	1.381	142
-12	-101	-511	1.378	143
-12	-99	-511	1.375	144
-13	-100	-509	1.371	145
-17	-99	-509	1.364	146
-13	-101	-509	1.359	147
-10	-99	-513	1.354	148
-13	-104	-507	1.348	149
-12	-103	-511	1.346	150
-12	-101	-510	1.346	151
-14	-100	-510	1.343	152
-12	-102	-511	1.344	153
-11	-103	-511	1.344	154
-11	-103	-510	1.346	155
-10	-102	-511	1.347	156
-13	-100	-511	1.347	157
-12	-98	-512	1.347	158
-12	-98	-512	1.349	159
-11	-99	-512	1.350	160
-11	-98	-513	1.350	161
-11	-98	-512	1.351	162
-12	-101	-509	1.352	163
-13	-100	-511	1.355	164
-13	-100	-510	1.353	165
-11	-100	-512	1.354	166
-10	-103	-510	1.354	167
-10	-99	-512	1.353	168
-12	-102	-510	1.354	169
-13	-99	-512	1.351	170
-12	-101	-511	1.351	171
-11	-99	-512	1.351	172
-12	-98	-512	1.348	173
-12	-100	-509	1.348	174
-10	-96	-514	1.346	175
-12	-102	-509	1.347	176
-12	-100	-511	1.346	177
-13	-94	-514	1.346	178
-13	-98	-512	1.348	179
-12	-101	-510	1.348	180
-11	-100	-512	1.349	181
-11	-98	-513	1.350	182
-12	-100	-510	1.348	183
-12	-99	-510	1.349	184
-12	-99	-511	1.347	185
-10	-99	-510	1.347	186
-12	-97	-510	1.342	187
-12	-95	-512	1.340	188
-12	-96	-512	1.337	189
-11	-98	-510	1.333	190
-10	-97	-512	1.330	191
-12	-99	-510	1.326	192
-11	-96	-512	1.322	193
-11	-97	-511	1.315	194
-11	-97	-513	1.311	195
-12	-98	-509	1.306	196
-11	-98	-511	1.304	197
-10	-97	-511	1.300	198
-10	-96	-511	1.296	199
-11	-98	-511	1.291	200
-10	-96	-512	1.288	201
-10	-94	-514	1.286	202
-11	-95	-512	1.285	203
-11	-96	-511	1.281	204
-10	-95	-512	1.281	205
-11	-98	-509	1.281	206
-10	-96	-512	1.281	207
-10	-96	-512	1.284	208
-9	-98	-512	1.284	209
-10	-97	-511	1.285	210
-11	-97	-512	1.285	211
-11	-96	-512	1.286	212
-11	-97	-511	1.285	213
-10	-97	-511	1.285	214
-11	-98	-510	1.285	215
-10	-97	-513	1.288	216
-10	-98	-510	1.289	217
-10	-97	-513	1.290	218
-10	-97	-511	1.291	219
-11	-97	-512	1.293	220
-11	-98	-511	1.293	221
-12	-99	-511	1.295	222
-12	-99	-511	1.295	223
-9	-99	-510	1.294	224
-10	-99	-512	1.296	225
-9	-98	-513	1.297	226
-11	-99	-511	1.297	227
-10	-99	-511	1.297	228
-10	-101	-510	1.298	229
-12	-100	-509	1.299	230
-7	-93	-513	1.299	231
-14	-98	-506	1.298	232
-10	-89	-515	1.298	233
-7	-90	-513	1.296	234
-11	-94	-510	1.297	235
-11	-93	-511	1.299	236
-10	-95	-510	1.297	237
-11	-93	-512	1.299	238
-10	-94	-510	1.299	239
-9	-92	-512	1.301	240
-11	-91	-513	1.302	241
-12	-94	-509	1.301	242
-10	-91	-513	1.304	243
-10	-92	-512	1.303	244
-11	-92	-512	1.303	245
-11	-92	-512	1.302	246
-11	-90	-512	1.302	247
-11	-94	-510	1.304	248
-11	-94	-510	1.304	249
-11	-95	-510	1.305	250
-10	-94	-512	1.303	251
-11	-94	-512	1.302	252
-10	-92	-512	1.304	253
-12	-95	-511	1.302	254
-11	-95	-511	1.301	255
-11	-95	-512	1.300	256
-11	-93	-512	1.301	257
-11	-92	-514	1.299	258
-12	-99	-509	1.297	259
-10	-95	-513	1.297	260
-10	-96	-513	1.296	261
-11	-97	-512	1.294	262
-11	-97	-512	1.293	263
-12	-98	-510	1.289	264
-11	-98	-512	1.287	265
-13	-100	-509	1.285	266
-12	-99	-510	1.281	267
-9	-98	-510	1.277	268
-11	-98	-509	1.275	269
-11	-98	-510	1.271	270
-10	-97	-512	1.268	271
-11	-97	-513	1.266	272
-11	-99	-510	1.264	273
-10	-97	-512	1.259	274
-11	-98	-510	1.257	275
-11	-95	-513	1.257	276
-11	-95	-513	1.255	277
-12	-96	-512	1.254	278
-12	-97	-512	1.252	279
-11	-98	-510	1.252	280
-11	-99	-510	1.253	281
-11	-99	-510	1.252	282
-11	-97	-512	1.255	283
-13	-101	-508	1.256	284
-12	-99	-509	1.259	285
-11	-97	-511	1.262	286
-11	-96	-512	1.264	287
-11	-97	-511	1.268	288
-11	-96	-512	1.271	289
-11	-98	-510	1.275	290
-11	-99	-510	1.277	291
-9	-95	-514	1.279	292
-9	-97	-513	1.279	293
-11	-96	-512	1.281	294
-12	-98	-511	1.281	295
-10	-98	-512	1.282	296
-11	-98	-511	1.284	297
-11	-100	-510	1.283	298
-11	-97	-512	1.283	299
-11	-97	-512	1.282	300
-11	-99	-511	1.283	301
-11	-100	-511	1.284	302
-11	-100	-510	1.282	303
-12	-100	-508	1.282	304
-10	-97	-512	1.281	305
-12	-101	-508	1.281	306
-11	-100	-510	1.282	307
-11	-100	-509	1.281	308
-11	-98	-512	1.282	309
-11	-97	-512	1.281	310
-11	-99	-510	1.282	311
-13	-100	-508	1.281	312
-11	-99	-512	1.283	313
-11	-98	-513	1.283	314
-10	-97	-513	1.285	315
-10	-101	-511	1.284	316
-14	-104	-508	1.285	317
-12	-100	-510	1.287	318
-11	-100	-512	1.289	319
-12	-104	-508	1.289	320
-12	-101	-511	1.293	321
-12	-100	-510	1.293	322
-11	-99	-511	1.295	323
-11	-99	-512	1.297	324
-12	-99	-511	1.297	325
-11	-99	-512	1.297	326
-12	-99	-511	1.300	327
-12	-99	-510	1.301	328
-11	-97	-511	1.299	329
-11	-98	-512	1.302	330
-11	-98	-512	1.301	331
-12	-100	-508	1.302	332
-10	-96	-513	1.303	333
-11	-97	-509	1.304	334
-10	-96	-511	1.304	335
-10	-94	-512	1.304	336
-12	-95	-511	1.304	337
-11	-96	-511	1.305	338
-10	-96	-511	1.305	339
-11	-96	-512	1.305	340
-11	-95	-512	1.307	341
-11	-95	-512	1.307	342
-11	-96	-512	1.308	343
-11	-98	-509	1.309	344
-10	-95	-512	1.308	345
-11	-96	-512	1.310	346
-11	-95	-512	1.309	347
-11	-95	-512	1.310	348
-11	-96	-511	1.310	349
-12	-96	-511	1.312	350
-11	-97	-510	1.315	351
-10	-94	-512	1.315	352
-11	-95	-511	1.314	353
-10	-95	-511	1.315	354
-11	-96	-510	1.315	355
-10	-94	-512	1.315	356
-11	-95	-511	1.316	357
-11	-93	-513	1.315	358
-10	-94	-512	1.316	359
-10	-95	-511	1.317	360
-11	-94	-512	1.317	361
-12	-96	-510	1.318	362
-10	-92	-513	1.317	363
-10	-92	-512	1.317	364
-11	-94	-512	1.317	365
-11	-94	-511	1.318	366
-10	-93	-512	1.318	367
-10	-93	-513	1.317	368
-11	-93	-511	1.318	369
-11	-93	-512	1.317	370
-11	-93	-511	1.318	371
-10	-94	-512	1.318	372
-10	-94	-511	1.318	373
-12	-94	-510	1.319	374
-10	-91	-513	1.320	375
-10	-92	-512	1.320	376
-10	-92	-512	1.321	377
-12	-94	-510	1.318	378
-11	-94	-510	1.319	379
-11	-94	-511	1.320	380
-11	-94	-511	1.320	381
-10	-93	-511	1.320	382
-11	-92	-512	1.319	383
-10	-93	-511	1.318	384
-10	-91	-512	1.318	385
-10	-92	-512	1.318	386
-10	-91	-513	1.318	387
-10	-92	-513	1.317	388
-10	-91	-512	1.316	389
-10	-91	-511	1.315	390
-10	-90	-512	1.315	391
-10	-90	-511	1.315	392
-10	-90	-512	1.315	393
-9	-89	-513	1.313	394
-10	-90	-512	1.313	395
-10	-90	-511	1.314	396
-9	-88	-513	1.313	397
-9	-90	-512	1.311	398
-10	-91	-511	1.311	399
-11	-90	-511	1.310	400
-10	-90	-512	1.312	401
-11	-91	-513	1.313	402
-11	-91	-512	1.311	403
-10	-90	-513	1.310	404
-11	-92	-511	1.311	405
-10	-92	-512	1.312	406
-11	-92	-511	1.311	407
-10	-92	-511	1.311	408
-10	-91	-511	1.310	409
-10	-91	-511	1.310	410
-10	-91	-512	1.308	411
-10	-90	-512	1.307	412
-10	-91	-512	1.309	413
-11	-91	-512	1.305	414
-10	-90	-512	1.305	415
-10	-91	-512	1.304	416
-10	-90	-512	1.302	417
-10	-90	-512	1.302	418
-11	-92	-511	1.301	419
-10	-89	-513	1.299	420
-11	-90	-513	1.299	421
-11	-90	-512	1.297	422
-10	-89	-512	1.297	423
-11	-91	-511	1.296	424
-10	-90	-513	1.295	425
-10	-92	-511	1.293	426
-11	-92	-510	1.293	427
-11	-93	-511	1.293	428
-11	-92	-512	1.292	429
-10	-93	-512	1.291	430
-11	-93	-510	1.291	431
-10	-91	-513	1.291	432
-10	-91	-512	1.289	433
-11	-90	-512	1.289	434
-11	-91	-512	1.287	435
-11	-92	-512	1.286	436
-10	-91	-511	1.285	437
-10	-91	-512	1.284	438
-11	-91	-512	1.285	439
-10	-90	-512	1.284	440
-10	-90	-513	1.283	441
-10	-90	-512	1.284	442
-9	-90	-512	1.283	443
-11	-90	-512	1.283	444
-11	-91	-512	1.282	445
-11	-93	-510	1.284	446
-11	-93	-512	1.284	447
-10	-91	-513	1.284	448
-12	-95	-508	1.285	449
-12	-93	-512	1.286	450
-12	-97	-510	1.286	451
-10	-93	-513	1.286	452
-11	-93	-512	1.287	453
-12	-94	-509	1.287	454
-11	-93	-511	1.286	455
-11	-91	-512	1.286	456
-10	-89	-513	1.285	457
-10	-88	-513	1.288	458
-10	-85	-513	1.288	459
-10	-82	-513	1.286	460
-10	-83	-512	1.285	461
-10	-85	-510	1.287	462
-8	-81	-514	1.287	463
-9	-83	-513	1.286	464
-9	-85	-512	1.288	465
-9	-82	-514	1.289	466
-10	-85	-512	1.289	467
-11	-85	-511	1.292	468
-9	-81	-514	1.293	469
-9	-80	-514	1.294	470
-9	-82	-512	1.295	471
-9	-82	-512	1.297	472
-9	-82	-513	1.298	473
-9	-82	-513	1.299	474
-10	-83	-512	1.301	475
-9	-83	-512	1.304	476
-9	-82	-513	1.306	477
-10	-83	-512	1.309	478
-9	-82	-514	1.310	479
-8	-82	-512	1.313	480
-10	-84	-511	1.314	481
-8	-83	-512	1.316	482
-9	-80	-514	1.316	483
-9	-83	-512	1.318	484
-9	-82	-513	1.319	485
-9	-81	-513	1.320	486
-9	-82	-512	1.322	487
-9	-83	-512	1.323	488
-9	-81	-515	1.326	489
-10	-84	-512	1.326	490
-10	-83	-512	1.328	491
-9	-83	-512	1.329	492
-9	-83	-512	1.328	493
-9	-82	-511	1.331	494
-9	-82	-512	1.331	495
-10	-82	-511	1.330	496
-9	-82	-512	1.332	497
-8	-81	-513	1.332	498
-8	-81	-512	1.333	499
-8	-81	-512	1.334	500
-9	-79	-514	1.335	501
-9	-80	-513	1.335	502
-8	-80	-513	1.336	503
-9	-79	-513	1.336	504
-9	-80	-512	1.337	505
-9	-79	-514	1.338	506
-8	-80	-513	1.338	507
-8	-82	-513	1.341	508
-10	-82	-511	1.341	509
-10	-81	-511	1.343	510
-10	-80	-512	1.342	511
-9	-80	-513	1.345	512
-9	-80	-513	1.345	513
-9	-80	-512	1.347	514
-9	-81	-512	1.346	515
-9	-82	-512	1.347	516
-9	-80	-514	1.348	517
-10	-81	-512	1.349	518
-9	-81	-514	1.349	519
-10	-82	-512	1.351	520
-9	-82	-513	1.351	521
-11	-82	-512	1.351	522
-10	-82	-512	1.351	523
-9	-82	-512	1.351	524
-8	-83	-512	1.351	525
-9	-83	-513	1.351	526
-10	-83	-511	1.352	527
-9	-81	-513	1.351	528
-9	-81	-514	1.351	529
-9	-81	-514	1.352	530
-9	-83	-512	1.351	531
-10	-83	-512	1.352	532
-10	-83	-513	1.351	533
-9	-83	-512	1.352	534
-10	-84	-511	1.351	535
-10	-85	-512	1.351	536
-10	-85	-512	1.351	537
-9	-85	-513	1.352	538
-10	-85	-512	1.351	539
-9	-85	-512	1.354	540
-10	-85	-512	1.351	541
-9	-83	-513	1.351	542
-9	-83	-513	1.351	543
-9	-82	-513	1.351	544
-9	-83	-513	1.352	545
-10	-82	-513	1.351	546
-9	-82	-513	1.351	547
-9	-82	-512	1.351	548
-9	-84	-510	1.351	549
-10	-84	-512	1.351	550
-10	-82	-512	1.349	551
-10	-83	-512	1.350	552
-9	-82	-513	1.349	553
-10	-83	-512	1.348	554
-9	-83	-513	1.349	555
-10	-84	-513	1.348	556
-9	-82	-514	1.349	557
-9	-85	-513	1.347	558
-8	-84	-513	1.347	559
-10	-84	-512	1.347	560
-10	-85	-512	1.347	561
-9	-86	-512	1.347	562
-9	-85	-512	1.346	563
-10	-84	-513	1.344	564
-11	-86	-511	1.344	565
-10	-85	-512	1.343	566
-9	-84	-512	1.342	567
-11	-83	-513	1.339	568
-11	-83	-513	1.339	569
-10	-83	-514	1.338	570
-10	-82	-513	1.335	571
-8	-83	-512	1.333	572
-8	-83	-513	1.331	573
-8	-82	-513	1.330	574
-10	-82	-513	1.328	575
-9	-85	-511	1.325	576
-8	-84	-513	1.323	577
-11	-84	-510	1.322	578
-9	-84	-512	1.321	579
-9	-83	-513	1.319	580
-9	-83	-514	1.318	581
-9	-84	-513	1.318	582
-9	-83	-513	1.318	583
-9	-84	-513	1.318	584
-8	-83	-514	1.316	585
-9	-84	-513	1.316	586
-10	-83	-513	1.316	587
-9	-86	-511	1.316	588
-9	-85	-512	1.316	589
-8	-85	-512	1.315	590
-9	-85	-512	1.316	591
-9	-85	-513	1.315	592
-9	-85	-513	1.315	593
-9	-83	-514	1.315	594
-9	-84	-513	1.317	595
-9	-84	-513	1.316	596
-10	-86	-510	1.315	597
-9	-85	-512	1.316	598
-9	-83	-512	1.316	599
0.000000 0.000000 0.000000 0.000000 0.000000
0	23	-525	0.322	5
-2	18	-530	0.332	6
3	7	-527	0.405	7
-54	-31	-608	0.490	8
-15	-52	-503	0.558	9
-15	-43	-514	0.625	10
-5	-56	-515	0.687	11
-5	-49	-516	0.739	12
-10	-57	-510	0.785	13
-10	-57	-513	0.827	14
-6	-56	-515	0.862	15
-11	-55	-513	0.895	16
-10	-54	-514	0.923	17
-8	-58	-514	0.950	18
-10	-58	-513	0.972	19
-7	-58	-514	0.995	20
-7	-60	-512	1.015	21
-6	-56	-515	1.034	22
-7	-60	-512	1.051	23
-8	-57	-515	1.067	24
-8	-61	-513	1.083	25
-9	-60	-514	1.096	26
-10	-61	-512	1.110	27
-9	-59	-514	1.122	28
-10	-61	-513	1.133	29
-7	-61	-514	1.145	30
-9	-60	-514	1.156	31
-7	-61	-514	1.164	32
-9	-60	-514	1.172	33
-6	-59	-515	1.181	34
-7	-61	-514	1.189	35
-9	-61	-513	1.196	36
-9	-61	-512	1.203	37
-8	-63	-513	1.207	38
-8	-62	-514	1.215	39
-9	-65	-512	1.219	40
-7	-63	-514	1.224	41
-8	-63	-513	1.226	42
-9	-60	-513	1.230	43
-8	-59	-514	1.229	44
-9	-60	-512	1.227	45
-7	-60	-514	1.227	46
-7	-62	-514	1.227	47
-9	-62	-513	1.228	48
-8	-62	-514	1.230	49
-9	-63	-513	1.233	50
-8	-60	-515	1.239	51
-8	-62	-513	1.242	52
-9	-62	-513	1.245	53
-8	-61	-514	1.251	54
-8	-63	-513	1.254	55
-7	-62	-514	1.258	56
-7	-63	-513	1.260	57
-8	-63	-514	1.264	58
-9	-64	-513	1.268	59
-8	-61	-518	1.271	60
-9	-64	-514	1.274	61
-9	-65	-511	1.276	62
-7	-65	-513	1.282	63
-9	-68	-513	1.284	64
-9	-69	-512	1.286	65
-8	-65	-516	1.289	66
-9	-67	-513	1.290	67
-9	-66	-515	1.293	68
-9	-67	-513	1.294	69
-8	-67	-514	1.296	70
-8	-66	-514	1.296	71
-9	-68	-513	1.297	72
-6	-70	-516	1.297	73
-9	-68	-512	1.297	74
-7	-64	-516	1.297	75
-10	-67	-513	1.297	76
-10	-66	-513	1.297	77
-7	-64	-514	1.299	78
-7	-62	-514	1.299	79
-9	-63	-511	1.298	80
-6	-62	-515	1.298	81
-6	-62	-513	1.301	82
-9	-61	-513	1.302	83
-7	-59	-514	1.303	84
-9	-61	-513	1.303	85
-9	-61	-514	1.301	86
-7	-62	-513	1.303	87
-7	-60	-513	1.305	88
-9	-60	-513	1.306	89
-8	-61	-513	1.309	90
-6	-61	-514	1.312	91
-8	-61	-513	1.313	92
-7	-61	-513	1.316	93
-6	-62	-514	1.318	94
-8	-60	-514	1.319	95
-6	-61	-513	1.320	96
-7	-60	-514	1.323	97
-7	-61	-514	1.325	98
-9	-61	-512	1.326	99
-8	-58	-512	1.329	100
-7	-55	-514	1.332	101
-8	-58	-515	1.335	102
-9	-55	-514	1.340	103
-8	-58	-513	1.344	104
-6	-64	-514	1.347	105
-7	-60	-514	1.350	106
-6	-63	-515	1.352	107
-5	-67	-515	1.354	108
-7	-60	-513	1.355	109
-5	-59	-515	1.357	110
-6	-59	-514	1.358	111
-7	-60	-514	1.360	112
-6	-58	-515	1.362	113
-8	-60	-514	1.362	114
-7	-61	-513	1.364	115
-8	-60	-514	1.365	116
-7	-60	-514	1.367	117
-8	-60	-513	1.367	118
-8	-60	-514	1.368	119
-9	-61	-513	1.370	120
-8	-60	-513	1.371	121
-7	-60	-514	1.371	122
-7	-60	-514	1.372	123
-8	-59	-514	1.373	124
-8	-61	-513	1.375	125
-8	-60	-513	1.376	126
-8	-60	-513	1.375	127
-8	-60	-514	1.376	128
-8	-61	-514	1.376	129
-7	-61	-514	1.380	130
-7	-60	-514	1.380	131
-8	-61	-515	1.379	132
-7	-59	-514	1.380	133
-8	-60	-515	1.380	134
-8	-61	-513	1.381	135
-8	-60	-514	1.382	136
-7	-61	-514	1.384	137
-7	-62	-514	1.384	138
-7	-61	-514	1.383	139
-7	-61	-514	1.384	140
-7	-60	-515	1.385	141
-8	-62	-514	1.384	142
-8	-63	-514	1.384	143
-8	-63	-514	1.386	144
-9	-63	-513	1.386	145
-7	-64	-513	1.387	146
-7	-65	-512	1.387	147
-7	-65	-512	1.386	148
-8	-63	-514	1.387	149
-8	-61	-515	1.388	150
-8	-63	-514	1.388	151
-7	-61	-516	1.388	152
-7	-62	-515	1.388	153
-8	-64	-513	1.388	154
-7	-64	-513	1.387	155
-7	-63	-515	1.388	156
-8	-65	-512	1.389	157
-8	-64	-514	1.387	158
-7	-64	-514	1.388	159
-9	-65	-512	1.388	160
-8	-63	-514	1.387	161
-8	-63	-514	1.387	162
-8	-63	-515	1.388	163
-9	-64	-513	1.388	164
-7	-64	-514	1.387	165
-7	-65	-513	1.388	166
-8	-63	-514	1.388	167
-8	-65	-512	1.388	168
-7	-63	-514	1.388	169
-7	-64	-513	1.388	170
-8	-63	-513	1.387	171
-8	-65	-513	1.387	172
-8	-64	-513	1.387	173
-8	-65	-512	1.388	174
-7	-64	-513	1.387	175
-8	-64	-512	1.388	176
-7	-65	-514	1.388	177
-8	-63	-515	1.388	178
-7	-65	-515	1.388	179
-10	-66	-513	1.388	180
-8	-63	-515	1.387	181
-8	-64	-513	1.388	182
-8	-64	-513	1.389	183
-8	-66	-512	1.388	184
-8	-63	-515	1.387	185
-9	-65	-513	1.388	186
-9	-67	-512	1.388	187
-9	-66	-512	1.389	188
-8	-66	-513	1.388	189
-8	-66	-513	1.388	190
-8	-66	-515	1.387	191
-9	-69	-513	1.388	192
-8	-67	-514	1.387	193
-9	-68	-512	1.386	194
-8	-67	-514	1.386	195
-8	-67	-516	1.386	196
-9	-69	-512	1.386	197
-8	-65	-514	1.384	198
-8	-67	-514	1.384	199
-8	-69	-512	1.384	200
-8	-66	-513	1.382	201
-9	-67	-513	1.383	202
-9	-67	-513	1.384	203
-8	-66	-514	1.382	204
-9	-67	-513	1.382	205
-8	-66	-512	1.382	206
-8	-66	-514	1.380	207
-10	-68	-512	1.380	208
-9	-67	-512	1.381	209
-8	-67	-514	1.381	210
-9	-67	-514	1.380	211
-8	-68	-514	1.380	212
-8	-68	-514	1.380	213
-7	-68	-513	1.380	214
-8	-69	-513	1.380	215
-9	-67	-514	1.379	216
-8	-67	-514	1.380	217
-8	-67	-514	1.380	218
-9	-68	-513	1.377	219
-8	-68	-514	1.377	220
-8	-68	-513	1.377	221
-8	-66	-514	1.377	222
-8	-68	-513	1.376	223
-7	-65	-515	1.377	224
-9	-66	-513	1.376	225
-8	-66	-514	1.376	226
-9	-68	-512	1.376	227
-8	-67	-513	1.376	228
-8	-67	-512	1.376	229
-8	-64	-514	1.375	230
-8	-68	-512	1.375	231
-9	-66	-513	1.374	232
-8	-64	-515	1.374	233
-11	-66	-513	1.375	234
-9	-65	-513	1.374	235
-7	-66	-513	1.375	236
-7	-67	-514	1.375	237
-9	-67	-512	1.376	238
-8	-65	-513	1.373	239
-8	-66	-513	1.373	240
-9	-67	-511	1.374	241
-8	-65	-513	1.373	242
-8	-66	-511	1.373	243
-7	-65	-514	1.374	244
-7	-65	-513	1.373	245
-7	-65	-512	1.374	246
-7	-64	-514	1.375	247
-7	-63	-515	1.376	248
-8	-65	-514	1.375	249
-7	-65	-514	1.375	250
-7	-64	-514	1.376	251
-8	-65	-513	1.376	252
-7	-64	-515	1.375	253
-8	-66	-513	1.375	254
-8	-66	-513	1.375	255
-8	-65	-514	1.375	256
-9	-65	-514	1.375	257
-7	-66	-514	1.377	258
-8	-66	-514	1.376	259
-8	-66	-514	1.376	260
-9	-67	-512	1.376	261
-8	-66	-513	1.377	262
-8	-66	-513	1.376	263
-8	-66	-514	1.376	264
-7	-66	-513	1.376	265
-7	-67	-513	1.376	266
-8	-67	-514	1.378	267
-8	-67	-512	1.377	268
-7	-65	-513	1.376	269
-8	-67	-511	1.378	270
-7	-64	-513	1.376	271
-7	-65	-513	1.378	272
-7	-63	-514	1.376	273
-8	-62	-513	1.378	274
-7	-63	-514	1.379	275
-7	-62	-514	1.377	276
-8	-64	-511	1.378	277
-9	-65	-514	1.379	278
-8	-65	-511	1.378	279
-6	-59	-517	1.378	280
-9	-66	-510	1.379	281
-8	-63	-514	1.380	282
-9	-68	-509	1.381	283
-7	-65	-514	1.381	284
-8	-66	-512	1.381	285
-8	-65	-513	1.380	286
-7	-64	-513	1.382	287
-7	-64	-514	1.381	288
-8	-62	-514	1.383	289
-7	-62	-514	1.383	290
-8	-65	-512	1.384	291
-6	-62	-515	1.384	292
-8	-64	-513	1.384	293
-6	-63	-516	1.385	294
-7	-65	-514	1.384	295
-7	-66	-514	1.386	296
-7	-69	-513	1.386	297
-8	-70	-513	1.387	298
-10	-71	-512	1.386	299
-8	-71	-513	1.387	300
-7	-70	-513	1.387	301
-8	-70	-513	1.388	302
-8	-69	-513	1.387	303
-8	-67	-514	1.387	304
-8	-66	-514	1.389	305
-8	-69	-511	1.388	306
-9	-66	-513	1.389	307
-9	-68	-512	1.388	308
-7	-65	-514	1.388	309
-7	-63	-516	1.389	310
-7	-64	-514	1.388	311
-7	-65	-514	1.388	312
-8	-67	-511	1.389	313
-7	-65	-514	1.388	314
-7	-67	-513	1.390	315
-7	-65	-514	1.390	316
-7	-66	-514	1.390	317
-8	-68	-512	1.391	318
-7	-67	-513	1.390	319
-8	-66	-514	1.393	320
-6	-64	-515	1.392	321
-7	-64	-513	1.393	322
-9	-64	-513	1.393	323
-7	-63	-514	1.392	324
-7	-64	-512	1.393	325
-7	-64	-514	1.393	326
-6	-64	-514	1.394	327
-6	-61	-515	1.394	328
-8	-62	-514	1.396	329
-7	-62	-513	1.395	330
-7	-62	-515	1.397	331
-7	-64	-513	1.397	332
-7	-62	-513	1.397	333
-6	-62	-514	1.397	334
-5	-62	-514	1.397	335
-7	-63	-513	1.399	336
-7	-61	-514	1.399	337
-7	-61	-513	1.399	338
-7	-62	-513	1.401	339
-7	-62	-513	1.401	340
-6	-61	-513	1.401	341
-6	-61	-514	1.402	342
-6	-62	-514	1.404	343
-7	-61	-513	1.405	344
-7	-61	-513	1.404	345
-7	-62	-512	1.405	346
-5	-61	-514	1.406	347
-6	-63	-512	1.408	348
-7	-62	-513	1.408	349
-8	-62	-513	1.409	350
-7	-61	-514	1.410	351
-7	-63	-513	1.409	352
-6	-62	-513	1.410	353
-6	-62	-514	1.411	354
-7	-62	-513	1.411	355
-7	-61	-513	1.413	356
-7	-61	-513	1.413	357
-6	-60	-515	1.413	358
-7	-62	-514	1.415	359
-6	-60	-514	1.417	360
-7	-60	-514	1.417	361
-7	-61	-512	1.417	362
-7	-60	-514	1.418	363
-7	-60	-514	1.418	364
-7	-59	-514	1.418	365
-7	-59	-514	1.420	366
-6	-59	-514	1.422	367
-8	-60	-514	1.422	368
-6	-60	-514	1.423	369
-7	-60	-514	1.423	370
-8	-60	-514	1.423	371
-7	-62	-513	1.424	372
-6	-59	-516	1.424	373
-8	-60	-514	1.425	374
-8	-60	-514	1.425	375
-6	-61	-513	1.428	376
-8	-62	-514	1.428	377
-8	-60	-513	1.428	378
-7	-62	-513	1.429	379
-7	-61	-514	1.431	380
-7	-61	-513	1.427	381
-6	-61	-513	1.430	382
-7	-61	-514	1.430	383
-6	-61	-514	1.431	384
-6	-62	-514	1.430	385
-7	-61	-514	1.431	386
-7	-60	-513	1.432	387
-6	-61	-513	1.431	388
-7	-61	-514	1.433	389
-7	-61	-514	1.433	390
-7	-61	-513	1.434	391
-6	-60	-514	1.434	392
-7	-59	-514	1.433	393
-6	-60	-514	1.435	394
-6	-59	-513	1.434	395
-7	-60	-514	1.436	396
-7	-60	-513	1.435	397
-6	-60	-514	1.436	398
-6	-60	-514	1.437	399
-6	-60	-514	1.435	400
-7	-60	-513	1.436	401
-7	-60	-514	1.437	402
-7	-60	-513	1.437	403
-6	-59	-514	1.438	404
-6	-60	-514	1.438	405
-6	-60	-514	1.438	406
-6	-61	-514	1.437	407
-6	-61	-514	1.438	408
-6	-61	-514	1.438	409
-6	-60	-514	1.438	410
-7	-60	-513	1.438	411
-6	-61	-513	1.438	412
-6	-60	-514	1.438	413
-6	-59	-513	1.438	414
-6	-60	-514	1.438	415
-7	-61	-514	1.439	416
-7	-60	-514	1.440	417
-7	-60	-514	1.438	418
-7	-60	-513	1.439	419
-6	-61	-513	1.441	420
-6	-60	-514	1.441	421
-6	-60	-514	1.440	422
-6	-60	-513	1.440	423
-6	-60	-513	1.441	424
-6	-60	-513	1.441	425
-6	-60	-514	1.441	426
-6	-60	-514	1.442	427
-6	-60	-513	1.442	428
-7	-61	-514	1.441	429
-6	-60	-514	1.442	430
-6	-60	-514	1.442	431
-6	-60	-513	1.441	432
-7	-60	-513	1.444	433
-7	-60	-513	1.443	434
-6	-59	-513	1.442	435
-6	-60	-514	1.444	436
-7	-59	-513	1.444	437
-6	-59	-514	1.444	438
-7	-59	-513	1.445	439
-6	-60	-514	1.444	440
-6	-59	-514	1.444	441
-6	-60	-514	1.445	442
-6	-60	-513	1.444	443
-7	-60	-513	1.444	444
-8	-60	-513	1.445	445
-7	-60	-513	1.444	446
-6	-60	-513	1.445	447
-6	-61	-513	1.445	448
-6	-60	-513	1.446	449
-6	-60	-514	1.447	450
-7	-61	-513	1.445	451
-6	-61	-513	1.446	452
-6	-60	-514	1.444	453
-6	-61	-513	1.445	454
-6	-57	-514	1.446	455
-6	-59	-513	1.445	456
-6	-58	-514	1.446	457
-6	-60	-513	1.447	458
-4	-60	-514	1.445	459
-6	-59	-514	1.447	460
-6	-60	-514	1.447	461
-7	-60	-513	1.445	462
-6	-60	-513	1.446	463
-5	-60	-514	1.447	464
-8	-59	-514	1.446	465
-7	-60	-513	1.447	466
-6	-59	-514	1.446	467
-7	-60	-513	1.447	468
-6	-60	-514	1.447	469
-6	-61	-513	1.447	470
-6	-60	-514	1.447	471
-6	-61	-513	1.447	472
-6	-59	-514	1.448	473
-7	-60	-513	1.447	474
-7	-60	-513	1.448	475
-6	-59	-514	1.447	476
-6	-60	-513	1.447	477
-5	-59	-514	1.446	478
-7	-61	-514	1.446	479
-7	-59	-514	1.447	480
-6	-60	-514	1.447	481
-7	-59	-514	1.446	482
-7	-60	-514	1.448	483
-7	-60	-513	1.447	484
-6	-60	-514	1.446	485
-6	-60	-513	1.447	486
-6	-60	-513	1.447	487
-6	-60	-514	1.447	488
-6	-57	-514	1.445	489
-6	-61	-514	1.447	490
-5	-60	-514	1.447	491
-6	-61	-513	1.445	492
-7	-61	-513	1.445	493
-6	-60	-514	1.446	494
-6	-62	-513	1.446	495
-7	-62	-514	1.444	496
-7	-58	-514	1.444	497
-8	-62	-513	1.445	498
-6	-59	-514	1.444	499
-7	-59	-514	1.442	500
-8	-60	-513	1.444	501
-7	-59	-513	1.445	502
-7	-59	-513	1.441	503
-7	-59	-514	1.442	504
-6	-61	-513	1.441	505
-6	-59	-514	1.442	506
-6	-61	-513	1.441	507
-6	-60	-513	1.440	508
-6	-61	-514	1.440	509
-7	-62	-513	1.440	510
-7	-60	-514	1.441	511
-5	-62	-512	1.438	512
-6	-61	-514	1.439	513
-6	-61	-514	1.438	514
-7	-64	-511	1.438	515
-6	-62	-514	1.436	516
-7	-65	-511	1.438	517
-5	-63	-515	1.436	518
-8	-62	-513	1.435	519
-7	-61	-514	1.434	520
-6	-62	-513	1.435	521
-6	-61	-515	1.434	522
-7	-61	-513	1.433	523
-7	-61	-513	1.432	524
-6	-60	-514	1.431	525
-6	-60	-515	1.433	526
-7	-61	-513	1.431	527
-7	-63	-513	1.430	528
-6	-63	-513	1.429	529
-8	-63	-512	1.429	530
-8	-63	-514	1.430	531
-8	-65	-512	1.428	532
-6	-64	-514	1.427	533
-6	-65	-513	1.427	534
-7	-65	-514	1.427	535
-7	-65	-513	1.425	536
-7	-64	-513	1.425	537
-7	-65	-513	1.425	538
-7	-67	-511	1.425	539
-7	-64	-513	1.425	540
-8	-67	-510	1.424	541
-6	-63	-516	1.422	542
-7	-63	-514	1.423	543
-7	-64	-513	1.422	544
-7	-64	-514	1.421	545
-7	-63	-514	1.422	546
-5	-63	-515	1.420	547
-9	-64	-513	1.420	548
-8	-64	-513	1.419	549
-6	-64	-514	1.418	550
-6	-63	-514	1.419	551
-7	-63	-514	1.418	552
-7	-64	-512	1.416	553
-7	-63	-515	1.416	554
-6	-63	-514	1.416	555
-7	-64	-514	1.416	556
-7	-65	-514	1.416	557
-6	-64	-514	1.414	558
-7	-64	-513	1.414	559
-7	-64	-514	1.413	560
-7	-66	-511	1.413	561
-7	-63	-514	1.413	562
-7	-65	-512	1.413	563
-6	-64	-513	1.412	564
-7	-65	-512	1.412	565
-8	-64	-512	1.411	566
-7	-64	-512	1.412	567
-6	-61	-514	1.411	568
-6	-63	-513	1.411	569
-6	-64	-514	1.410	570
-7	-64	-513	1.410	571
-6	-64	-513	1.410	572
-6	-65	-513	1.409	573
-7	-63	-514	1.409	574
-7	-64	-514	1.409	575
-6	-65	-513	1.409	576
-6	-65	-513	1.407	577
-7	-65	-513	1.406	578
-7	-65	-513	1.407	579
-7	-64	-513	1.407	580
-5	-63	-514	1.405	581
-6	-64	-513	1.405	582
-7	-62	-513	1.405	583
-8	-62	-514	1.405	584
-6	-62	-514	1.404	585
-7	-60	-514	1.405	586
-6	-62	-514	1.402	587
-6	-62	-514	1.402	588
-6	-62	-514	1.402	589
-7	-62	-513	1.402	590
-6	-63	-514	1.401	591
-7	-61	-514	1.402	592
-6	-62	-514	1.402	593
-8	-63	-513	1.401	594
-7	-61	-514	1.401	595
-7	-62	-513	1.401	596
-5	-61	-514	1.400	597
-7	-61	-513	1.401	598
-7	-59	-514	1.401	599
0.000000 0.000000 0.000000 0.000000 0.000000