0.000000 0.000000 0.000000 0.000000 0.000000
-68	-19	-502	0.318	5
-80	-64	-504	0.319	6
-92	-62	-503	0.318	7
-106	-66	-503	0.318	8
-88	-100	-486	0.318	9
-44	-76	-495	0.319	10
-54	-59	-506	0.319	11
-45	-87	-502	0.327	12
-65	-60	-524	0.338	13
-36	-76	-510	0.349	14
-33	-64	-515	0.362	15
-34	-55	-513	0.376	16
-31	-70	-508	0.393	17
-23	-61	-521	0.409	18
-21	-62	-503	0.427	19
-7	-69	-511	0.444	20
-13	-55	-513	0.459	21
-14	-62	-514	0.475	22
-11	-57	-514	0.490	23
-11	-53	-514	0.504	24
-14	-55	-513	0.516	25
-11	-56	-513	0.528	26
-10	-58	-515	0.538	27
-9	-60	-515	0.546	28
-10	-55	-515	0.554	29
-9	-56	-514	0.562	30
-11	-62	-514	0.567	31
-10	-61	-513	0.575	32
-10	-59	-514	0.580	33
-9	-63	-514	0.584	34
-10	-62	-513	0.590	35
-10	-62	-513	0.594	36
-9	-62	-514	0.599	37
-9	-62	-514	0.605	38
-9	-62	-514	0.608	39
-10	-62	-514	0.612	40
-10	-61	-515	0.616	41
-10	-63	-514	0.617	42
-9	-63	-514	0.622	43
-9	-63	-514	0.624	44
-9	-63	-514	0.629	45
-8	-64	-514	0.631	46
-10	-64	-515	0.633	47
-10	-66	-514	0.636	48
-11	-68	-512	0.637	49
-11	-68	-513	0.640	50
-11	-66	-513	0.642	51
-10	-65	-514	0.643	52
-10	-67	-514	0.647	53
-9	-66	-514	0.648	54
-10	-67	-514	0.650	55
-10	-67	-513	0.651	56
-11	-65	-514	0.654	57
-11	-67	-514	0.654	58
-11	-68	-513	0.656	59
-10	-68	-514	0.656	60
-11	-69	-513	0.657	61
-11	-71	-512	0.659	62
-11	-69	-513	0.661	63
-10	-69	-514	0.662	64
-9	-71	-513	0.664	65
-10	-70	-514	0.663	66
-10	-71	-513	0.664	67
-11	-73	-511	0.665	68
-11	-70	-514	0.666	69
-10	-71	-513	0.668	70
-10	-71	-514	0.667	71
-10	-71	-513	0.669	72
-10	-72	-513	0.669	73
-10	-73	-513	0.670	74
-10	-73	-513	0.672	75
-9	-71	-514	0.671	76
-9	-73	-514	0.672	77
-10	-73	-513	0.672	78
-10	-74	-514	0.673	79
-11	-74	-513	0.674	80
-11	-73	-514	0.675	81
-10	-73	-514	0.675	82
-10	-74	-513	0.675	83
-10	-73	-514	0.676	84
-10	-75	-513	0.675	85
-9	-73	-514	0.676	86
-10	-76	-512	0.675	87
-9	-73	-515	0.678	88
-11	-73	-514	0.679	89
-11	-74	-514	0.678	90
-10	-76	-513	0.677	91
-10	-75	-513	0.679	92
-9	-75	-514	0.679	93
-10	-75	-514	0.679	94
-10	-76	-514	0.680	95
-10	-75	-514	0.679	96
-10	-76	-513	0.679	97
-11	-77	-513	0.679	98
-10	-77	-514	0.680	99
-10	-77	-513	0.679	100
-10	-77	-512	0.681	101
-11	-78	-511	0.680	102
-10	-78	-511	0.680	103
-10	-77	-513	0.682	104
-9	-76	-514	0.680	105
-10	-77	-514	0.680	106
-10	-77	-513	0.682	107
-11	-77	-513	0.681	108
-11	-77	-513	0.683	109
-10	-77	-512	0.683	110
-10	-78	-513	0.683	111
-10	-76	-514	0.685	112
-11	-76	-513	0.685	113
-11	-77	-513	0.684	114
-11	-78	-512	0.685	115
-10	-76	-513	0.687	116
-11	-77	-513	0.687	117
-10	-76	-513	0.685	118
-10	-77	-513	0.687	119
-11	-78	-512	0.685	120
-10	-77	-513	0.686	121
-10	-78	-513	0.685	122
-10	-77	-513	0.686	123
-9	-76	-513	0.687	124
-10	-77	-514	0.687	125
-10	-76	-514	0.687	126
-10	-75	-514	0.685	127
-10	-76	-514	0.687	128
-10	-75	-514	0.687	129
-10	-76	-514	0.685	130
-10	-76	-513	0.687	131
-11	-77	-511	0.687	132
-10	-77	-512	0.687	133
-11	-76	-512	0.687	134
-10	-76	-513	0.687	135
-10	-77	-513	0.687	136
-10	-76	-513	0.688	137
-10	-77	-514	0.688	138
-9	-76	-514	0.687	139
-10	-77	-513	0.687	140
-10	-78	-512	0.687	141
-10	-78	-512	0.688	142
-9	-76	-513	0.687	143
-9	-76	-514	0.687	144
-9	-77	-513	0.687	145
-9	-78	-513	0.687	146
-9	-77	-513	0.687	147
-10	-79	-513	0.687	148
-9	-77	-514	0.687	149
-10	-81	-510	0.688	150
-10	-78	-513	0.687	151
-11	-78	-513	0.688	152
-11	-78	-513	0.687	153
-9	-76	-513	0.687	154
-10	-77	-513	0.686	155
-10	-78	-514	0.687	156
-11	-82	-510	0.685	157
-10	-78	-514	0.686	158
-10	-77	-514	0.687	159
-11	-77	-513	0.687	160
-10	-77	-513	0.686	161
-9	-75	-513	0.685	162
-10	-76	-513	0.685	163
-9	-76	-513	0.685	164
-11	-77	-512	0.685	165
-10	-75	-513	0.687	166
-10	-77	-511	0.685	167
-10	-77	-512	0.685	168
-10	-77	-512	0.685	169
-10	-77	-512	0.685	170
-10	-76	-512	0.687	171
-10	-77	-512	0.686	172
-9	-76	-513	0.685	173
-10	-75	-514	0.687	174
-10	-76	-513	0.687	175
-9	-76	-513	0.687	176
-10	-78	-512	0.687	177
-9	-74	-514	0.687	178
-10	-74	-514	0.688	179
-10	-72	-513	0.684	180
-10	-72	-513	0.686	181
-8	-72	-514	0.685	182
-9	-73	-512	0.686	183
-9	-74	-513	0.685	184
-9	-73	-512	0.687	185
-8	-71	-514	0.687	186
-10	-74	-512	0.685	187
-10	-72	-513	0.687	188
-10	-73	-513	0.685	189
-9	-74	-512	0.686	190
-10	-73	-514	0.687	191
-10	-74	-513	0.687	192
-9	-74	-513	0.687	193
-9	-73	-513	0.687	194
-9	-73	-513	0.687	195
-9	-74	-513	0.687	196
-9	-73	-513	0.685	197
-9	-74	-512	0.687	198
-9	-72	-514	0.685	199
-9	-74	-513	0.687	200
-9	-74	-514	0.688	201
-9	-74	-513	0.686	202
-9	-74	-514	0.687	203
-9	-74	-513	0.685	204
-10	-75	-512	0.685	205
-10	-75	-512	0.686	206
-9	-75	-513	0.685	207
-9	-75	-512	0.685	208
-9	-75	-513	0.686	209
-10	-75	-513	0.686	210
-10	-74	-513	0.686	211
-9	-74	-513	0.685	212
-10	-76	-513	0.687	213
-10	-76	-512	0.685	214
-9	-76	-513	0.685	215
-10	-76	-513	0.687	216
-9	-74	-514	0.684	217
-10	-74	-513	0.684	218
-10	-75	-513	0.686	219
-10	-73	-514	0.685	220
-10	-74	-514	0.685	221
-10	-74	-513	0.685	222
-10	-75	-513	0.685	223
-10	-75	-513	0.683	224
-10	-75	-512	0.684	225
-10	-75	-513	0.683	226
-10	-74	-513	0.683	227
-9	-74	-513	0.682	228
-9	-74	-513	0.682	229
-10	-74	-513	0.680	230
-9	-75	-513	0.678	231
-9	-74	-513	0.679	232
-9	-74	-513	0.679	233
-9	-74	-513	0.679	234
-10	-74	-513	0.679	235
-9	-74	-512	0.679	236
-9	-75	-512	0.679	237
-9	-74	-512	0.679	238
-9	-76	-512	0.682	239
-8	-76	-513	0.681	240
-8	-74	-513	0.683	241
-9	-74	-513	0.682	242
-9	-74	-513	0.683	243
-9	-74	-513	0.684	244
-9	-73	-513	0.683	245
-9	-75	-511	0.683	246
-9	-73	-514	0.682	247
-9	-74	-513	0.683	248
-9	-73	-513	0.681	249
-9	-73	-514	0.681	250
-9	-72	-514	0.683	251
-9	-73	-513	0.683	252
-9	-72	-513	0.681	253
-9	-73	-513	0.681	254
-8	-73	-513	0.682	255
-9	-71	-514	0.681	256
-9	-73	-513	0.680	257
-9	-73	-512	0.680	258
-9	-73	-513	0.679	259
-8	-73	-512	0.677	260
-8	-73	-513	0.677	261
-8	-72	-513	0.677	262
-9	-71	-514	0.676	263
-10	-72	-512	0.674	264
-9	-70	-513	0.675	265
-9	-72	-513	0.674	266
-9	-73	-513	0.671	267
-9	-73	-513	0.674	268
-9	-73	-512	0.672	269
-9	-72	-513	0.671	270
-9	-71	-514	0.670	271
-9	-72	-513	0.672	272
-10	-71	-515	0.671	273
-10	-74	-513	0.670	274
-9	-72	-512	0.670	275
-9	-71	-512	0.670	276
-9	-72	-513	0.670	277
-9	-72	-513	0.672	278
-8	-71	-513	0.670	279
-9	-71	-513	0.670	280
-9	-71	-512	0.670	281
-9	-70	-513	0.670	282
-9	-71	-512	0.670	283
-8	-70	-514	0.671	284
-9	-71	-513	0.670	285
-9	-71	-514	0.671	286
-9	-70	-514	0.671	287
-9	-71	-513	0.674	288
-9	-70	-514	0.674	289
-10	-71	-513	0.674	290
-9	-70	-513	0.675	291
-10	-70	-514	0.675	292
-9	-71	-514	0.675	293
-9	-71	-513	0.675	294
-8	-71	-513	0.675	295
-9	-71	-513	0.675	296
-9	-71	-513	0.676	297
-9	-72	-512	0.675	298
-10	-72	-513	0.675	299
-9	-72	-514	0.674	300
-9	-72	-513	0.675	301
-8	-73	-513	0.675	302
-10	-74	-511	0.675	303
-8	-72	-513	0.675	304
-8	-72	-514	0.675	305
-9	-73	-513	0.674	306
-9	-72	-513	0.674	307
-8	-72	-514	0.674	308
-8	-74	-513	0.675	309
-9	-74	-512	0.673	310
-9	-72	-514	0.675	311
-9	-73	-512	0.675	312
-8	-72	-513	0.675	313
-10	-71	-513	0.674	314
-9	-71	-514	0.675	315
-10	-71	-513	0.675	316
-9	-71	-513	0.674	317
-9	-73	-513	0.675	318
-8	-71	-514	0.675	319
-8	-71	-514	0.675	320
-7	-70	-514	0.675	321
-9	-70	-514	0.675	322
-8	-70	-513	0.675	323
-8	-69	-514	0.675	324
-9	-70	-514	0.675	325
-9	-70	-514	0.677	326
-7	-71	-514	0.677	327
-8	-72	-513	0.677	328
-8	-71	-513	0.676	329
-8	-71	-513	0.676	330
-8	-71	-513	0.678	331
-9	-70	-514	0.677	332
-8	-70	-513	0.678	333
-9	-71	-513	0.678	334
-8	-71	-513	0.678	335
-8	-70	-514	0.679	336
-8	-72	-513	0.678	337
-8	-71	-514	0.679	338
-8	-71	-513	0.678	339
-8	-72	-513	0.679	340
-8	-71	-513	0.681	341
-7	-70	-514	0.679	342
-7	-70	-513	0.679	343
-7	-70	-514	0.679	344
-7	-71	-513	0.679	345
-8	-71	-513	0.678	346
-8	-72	-513	0.680	347
-8	-72	-513	0.679	348
-7	-71	-513	0.679	349
-8	-71	-513	0.679	350
-8	-71	-513	0.679	351
-7	-70	-514	0.680	352
-8	-71	-513	0.679	353
-7	-69	-514	0.680	354
-8	-70	-514	0.679	355
-7	-70	-513	0.680	356
-7	-70	-514	0.679	357
-7	-70	-514	0.679	358
-9	-71	-513	0.681	359
-8	-70	-513	0.679	360
-8	-71	-513	0.680	361
-7	-69	-514	0.680	362
-8	-70	-514	0.679	363
-8	-71	-513	0.680	364
-8	-70	-513	0.679	365
-8	-70	-513	0.680	366
-8	-68	-514	0.680	367
-8	-70	-512	0.679	368
-8	-68	-514	0.679	369
-8	-69	-514	0.682	370
-8	-68	-514	0.680	371
-8	-68	-514	0.680	372
-8	-69	-513	0.681	373
-8	-70	-513	0.681	374
-7	-68	-514	0.679	375
-7	-70	-512	0.681	376
-7	-68	-514	0.680	377
-7	-69	-513	0.680	378
-8	-69	-513	0.681	379
-8	-69	-512	0.681	380
-7	-69	-514	0.682	381
-7	-70	-513	0.681	382
-7	-68	-514	0.679	383
-7	-69	-513	0.681	384
-8	-71	-513	0.681	385
-8	-70	-513	0.681	386
-7	-70	-513	0.680	387
-7	-70	-513	0.682	388
-7	-69	-514	0.682	389
-8	-70	-512	0.682	390
-7	-69	-514	0.680	391
-7	-69	-513	0.680	392
-7	-69	-514	0.680	393
-7	-69	-514	0.679	394
-8	-70	-513	0.681	395
-6	-70	-513	0.682	396
-8	-71	-514	0.681	397
-7	-70	-514	0.682	398
-7	-69	-513	0.682	399
-7	-69	-514	0.682	400
-7	-70	-514	0.682	401
-7	-69	-514	0.682	402
-8	-70	-513	0.682	403
-7	-69	-513	0.682	404
-8	-69	-514	0.682	405
-8	-69	-514	0.682	406
-7	-69	-513	0.680	407
-7	-69	-514	0.682	408
-6	-68	-515	0.682	409
-6	-70	-514	0.680	410
-7	-71	-513	0.681	411
-7	-72	-512	0.683	412
-7	-72	-513	0.680	413
-8	-72	-514	0.680	414
-8	-71	-514	0.683	415
-7	-71	-514	0.680	416
-7	-72	-513	0.682	417
-7	-71	-514	0.681	418
-7	-73	-513	0.682	419
-7	-72	-513	0.680	420
-7	-73	-514	0.682	421
-6	-72	-514	0.682	422
-7	-72	-514	0.681	423
-7	-71	-514	0.681	424
-8	-72	-513	0.682	425
-8	-71	-514	0.682	426
-9	-73	-512	0.682	427
-7	-72	-513	0.682	428
-7	-72	-513	0.682	429
-7	-71	-514	0.682	430
-7	-71	-513	0.683	431
-8	-71	-514	0.683	432
-10	-72	-513	0.682	433
-8	-71	-514	0.683	434
-7	-70	-514	0.683	435
-7	-71	-514	0.683	436
-8	-73	-513	0.682	437
-8	-74	-513	0.684	438
-8	-74	-513	0.684	439
-8	-73	-514	0.683	440
-8	-74	-513	0.684	441
-8	-74	-513	0.685	442
-9	-73	-513	0.684	443
-8	-74	-513	0.683	444
-7	-72	-514	0.684	445
-9	-74	-512	0.684	446
-8	-73	-514	0.683	447
-8	-73	-513	0.684	448
-7	-73	-513	0.683	449
-8	-73	-513	0.685	450
-7	-73	-513	0.686	451
-7	-73	-513	0.685	452
-7	-72	-514	0.686	453
-7	-72	-514	0.685	454
-7	-74	-513	0.686	455
-7	-72	-514	0.683	456
-9	-73	-514	0.686	457
-8	-73	-514	0.684	458
-8	-72	-513	0.685	459
-8	-72	-514	0.685	460
-8	-73	-514	0.685	461
-8	-73	-513	0.685	462
-7	-72	-514	0.684	463
-9	-74	-512	0.685	464
-8	-72	-514	0.684	465
-8	-73	-513	0.684	466
-8	-74	-513	0.684	467
-8	-74	-513	0.687	468
-8	-73	-514	0.685	469
-8	-73	-513	0.686	470
-7	-73	-513	0.685	471
-7	-73	-513	0.685	472
-7	-72	-513	0.686	473
-7	-72	-513	0.685	474
-7	-71	-514	0.687	475
-8	-72	-513	0.685	476
-7	-71	-514	0.687	477
-8	-71	-514	0.687	478
-8	-71	-513	0.687	479
-7	-71	-513	0.687	480
-7	-71	-513	0.687	481
-6	-72	-513	0.687	482
-7	-71	-513	0.687	483
-7	-70	-514	0.687	484
-7	-71	-514	0.686	485
-7	-71	-513	0.688	486
-6	-71	-513	0.687	487
-6	-71	-514	0.688	488
-7	-71	-514	0.689	489
-7	-71	-514	0.688	490
-8	-71	-513	0.690	491
-8	-72	-512	0.689	492
-9	-73	-513	0.689	493
-7	-74	-512	0.690	494
-7	-73	-513	0.691	495
-7	-74	-512	0.690	496
-8	-73	-513	0.691	497
-8	-73	-514	0.690	498
-8	-73	-514	0.691	499
-7	-73	-513	0.690	500
-6	-71	-513	0.690	501
-7	-72	-513	0.690	502
-7	-72	-514	0.690	503
-8	-73	-513	0.691	504
-7	-73	-513	0.688	505
-8	-73	-513	0.689	506
-7	-72	-513	0.690	507
-7	-72	-514	0.690	508
-8	-73	-513	0.690	509
-8	-73	-514	0.689	510
-8	-76	-512	0.688	511
-7	-75	-514	0.691	512
-8	-75	-513	0.688	513
-7	-72	-513	0.689	514
-9	-74	-512	0.689	515
-8	-74	-513	0.687	516
-8	-78	-512	0.690	517
-8	-76	-513	0.689	518
-8	-75	-513	0.690	519
-7	-77	-512	0.690	520
-8	-77	-513	0.690	521
-7	-76	-514	0.687	522
-8	-76	-513	0.688	523
-8	-75	-513	0.688	524
-8	-77	-513	0.688	525
-8	-77	-513	0.688	526
-8	-76	-513	0.687	527
-7	-76	-514	0.689	528
-7	-76	-513	0.688	529
-7	-77	-512	0.688	530
-7	-77	-514	0.689	531
-7	-77	-513	0.687	532
-8	-77	-512	0.687	533
-7	-77	-513	0.686	534
-7	-78	-512	0.688	535
-8	-78	-513	0.686	536
-6	-80	-513	0.686	537
-6	-79	-513	0.686	538
-7	-77	-512	0.687	539
-7	-76	-513	0.687	540
-8	-77	-513	0.687	541
-8	-78	-512	0.687	542
-7	-78	-513	0.685	543
-7	-78	-513	0.685	544
-9	-77	-514	0.685	545
-9	-78	-513	0.687	546
-7	-77	-513	0.687	547
-8	-77	-512	0.685	548
-8	-77	-513	0.685	549
-8	-78	-513	0.687	550
-7	-76	-514	0.687	551
-8	-76	-513	0.687	552
-7	-77	-513	0.684	553
-8	-75	-513	0.685	554
-7	-75	-513	0.687	555
-8	-76	-512	0.687	556
-8	-75	-513	0.685	557
-8	-76	-513	0.685	558
-8	-76	-514	0.684	559
-8	-76	-513	0.685	560
-7	-75	-513	0.687	561
-7	-75	-513	0.685	562
-6	-75	-514	0.687	563
-8	-75	-513	0.687	564
-7	-75	-513	0.685	565
-8	-76	-513	0.687	566
-7	-74	-514	0.685	567
-7	-75	-513	0.686	568
-7	-75	-513	0.685	569
-7	-75	-513	0.685	570
-7	-75	-513	0.684	571
-7	-75	-513	0.687	572
-7	-76	-513	0.687	573
-7	-75	-514	0.686	574
-8	-75	-514	0.687	575
-8	-75	-513	0.686	576
-8	-76	-513	0.685	577
-7	-75	-512	0.685	578
-7	-75	-512	0.687	579
-7	-74	-513	0.687	580
-7	-77	-512	0.687	581
-7	-75	-513	0.687	582
-8	-76	-513	0.687	583
-7	-77	-513	0.687	584
-7	-76	-512	0.687	585
-6	-74	-515	0.687	586
-7	-76	-513	0.687	587
-8	-75	-513	0.688	588
-7	-76	-513	0.687	589
-7	-76	-513	0.686	590
-8	-76	-514	0.687	591
-8	-77	-513	0.687	592
-5	-81	-513	0.685	593
-7	-81	-513	0.687	594
-8	-81	-513	0.685	595
-7	-80	-513	0.685	596
-7	-80	-513	0.686	597
-8	-81	-513	0.686	598
-7	-82	-512	0.687	599
0.000000 0.000000 0.000000 0.000000 0.000000
-50	5	-517	0.318	5
-30	-41	-503	0.319	6
-30	-34	-525	0.321	7
-30	-40	-525	0.337	8
-33	-48	-509	0.394	9
-11	-51	-502	0.469	10
-5	-31	-518	0.547	11
-16	-57	-514	0.608	12
-18	-47	-509	0.658	13
-8	-72	-514	0.699	14
-4	-53	-515	0.735	15
-11	-60	-516	0.770	16
13	-47	-510	0.806	17
-10	-64	-513	0.835	18
-8	-63	-513	0.857	19
-10	-57	-515	0.882	20
-9	-60	-513	0.900	21
-8	-59	-515	0.919	22
-9	-61	-513	0.932	23
-7	-60	-515	0.945	24
-8	-62	-514	0.957	25
-9	-62	-514	0.969	26
-9	-63	-514	0.978	27
-9	-62	-514	0.986	28
-11	-61	-513	0.995	29
-10	-63	-514	1.003	30
-12	-65	-513	1.011	31
-11	-63	-515	1.018	32
-11	-64	-513	1.023	33
-10	-67	-512	1.028	34
-11	-66	-513	1.035	35
-11	-66	-514	1.040	36
-10	-66	-514	1.044	37
-9	-65	-514	1.048	38
-10	-66	-513	1.054	39
-9	-67	-514	1.056	40
-10	-68	-514	1.061	41
-9	-67	-514	1.065	42
-12	-68	-512	1.070	43
-8	-67	-514	1.073	44
-7	-67	-515	1.077	45
-11	-67	-514	1.078	46
-11	-68	-513	1.082	47
-9	-68	-514	1.085	48
-10	-71	-513	1.088	49
-11	-70	-514	1.093	50
-12	-69	-513	1.094	51
-12	-70	-513	1.098	52
-10	-70	-513	1.099	53
-9	-71	-513	1.102	54
-12	-70	-514	1.102	55
-8	-70	-514	1.107	56
-10	-73	-513	1.110	57
-8	-74	-512	1.111	58
-11	-72	-514	1.113	59
-11	-75	-513	1.114	60
-11	-77	-513	1.115	61
-11	-76	-513	1.116	62
-11	-74	-514	1.118	63
-12	-73	-513	1.122	64
-9	-73	-514	1.120	65
-12	-76	-513	1.122	66
-11	-77	-514	1.123	67
-11	-78	-513	1.123	68
-10	-79	-512	1.125	69
-8	-79	-513	1.125	70
-11	-79	-513	1.126	71
-11	-80	-513	1.126	72
-12	-81	-511	1.127	73
-10	-79	-513	1.127	74
-12	-78	-513	1.127	75
-11	-79	-512	1.128	76
-10	-80	-513	1.128	77
-8	-81	-514	1.129	78
-11	-83	-512	1.129	79
-13	-82	-512	1.127	80
-11	-82	-513	1.128	81
-11	-84	-511	1.129	82
-10	-83	-513	1.129	83
-11	-82	-514	1.127	84
-15	-83	-512	1.127	85
-11	-83	-512	1.126	86
-12	-84	-512	1.127	87
-10	-84	-513	1.127	88
-11	-84	-513	1.126	89
-11	-84	-513	1.124	90
-12	-84	-512	1.124	91
-12	-84	-512	1.125	92
-11	-83	-512	1.126	93
-11	-81	-513	1.126	94
-11	-82	-513	1.125	95
-11	-82	-513	1.125	96
-11	-83	-512	1.124	97
-10	-81	-514	1.126	98
-10	-83	-513	1.125	99
-10	-83	-513	1.127	100
-10	-82	-513	1.127	101
-8	-82	-513	1.127	102
-12	-81	-512	1.127	103
-12	-80	-513	1.127	104
-11	-81	-513	1.127	105
-11	-80	-513	1.127	106
-12	-80	-512	1.127	107
-11	-80	-513	1.129	108
-12	-82	-512	1.129	109
-10	-82	-513	1.129	110
-11	-82	-513	1.128	111
-12	-82	-513	1.128	112
-9	-81	-514	1.130	113
-12	-82	-512	1.130	114
-12	-83	-513	1.130	115
-10	-83	-513	1.129	116
-12	-82	-513	1.127	117
-9	-82	-513	1.127	118
-12	-81	-512	1.127	119
-12	-83	-512	1.128	120
-12	-84	-511	1.127	121
-8	-83	-513	1.125	122
-12	-83	-512	1.126	123
-9	-83	-513	1.125	124
-12	-83	-512	1.124	125
-12	-84	-512	1.123	126
-13	-85	-512	1.123	127
-11	-85	-512	1.123	128
-8	-84	-513	1.123	129
-12	-83	-512	1.120	130
-12	-84	-512	1.120	131
-10	-82	-513	1.119	132
-9	-82	-514	1.119	133
-10	-84	-512	1.117	134
-13	-82	-513	1.117	135
-10	-83	-512	1.115	136
-11	-83	-512	1.117	137
-12	-84	-512	1.116	138
-11	-85	-512	1.115	139
-10	-84	-513	1.115	140
-12	-85	-512	1.115	141
-10	-82	-513	1.112	142
-12	-83	-512	1.113	143
-10	-83	-513	1.113	144
-12	-83	-513	1.112	145
-8	-82	-514	1.110	146
-11	-82	-513	1.111	147
-15	-81	-512	1.110	148
-12	-82	-513	1.110	149
-11	-83	-512	1.109	150
-11	-83	-513	1.107	151
-13	-84	-511	1.106	152
-10	-82	-513	1.107	153
-13	-83	-512	1.104	154
-12	-83	-512	1.106	155
-14	-84	-514	1.105	156
-13	-85	-512	1.106	157
-9	-85	-513	1.104	158
-11	-85	-512	1.103	159
-11	-84	-513	1.104	160
-11	-83	-513	1.103	161
-12	-84	-513	1.103	162
-12	-84	-512	1.102	163
-12	-86	-511	1.102	164
-11	-85	-513	1.099	165
-10	-86	-513	1.100	166
-12	-86	-513	1.099	167
-13	-86	-512	1.100	168
-11	-84	-513	1.099	169
-10	-85	-513	1.099	170
-12	-84	-512	1.098	171
-12	-82	-512	1.098	172
-11	-83	-513	1.098	173
-13	-84	-512	1.097	174
-13	-82	-513	1.098	175
-13	-82	-513	1.097	176
-12	-83	-513	1.097	177
-12	-83	-513	1.097	178
-9	-83	-513	1.097	179
-10	-84	-511	1.098	180
-11	-83	-513	1.098	181
-12	-82	-512	1.099	182
-13	-82	-512	1.098	183
-12	-82	-512	1.099	184
-11	-83	-513	1.101	185
-12	-81	-513	1.100	186
-11	-82	-512	1.100	187
-11	-83	-512	1.101	188
-9	-82	-513	1.102	189
-10	-81	-513	1.102	190
-11	-80	-513	1.102	191
-10	-80	-514	1.102	192
-11	-83	-511	1.102	193
-9	-81	-513	1.103	194
-10	-81	-513	1.104	195
-10	-80	-514	1.104	196
-10	-80	-513	1.105	197
-10	-80	-512	1.104	198
-10	-80	-513	1.105	199
-12	-80	-513	1.105	200
-11	-79	-513	1.106	201
-11	-79	-512	1.107	202
-9	-78	-513	1.109	203
-11	-77	-514	1.107	204
-12	-79	-513	1.110	205
-11	-80	-511	1.110	206
-11	-77	-513	1.112	207
-10	-75	-514	1.110	208
-9	-80	-512	1.112	209
-9	-78	-513	1.115	210
-10	-78	-512	1.115	211
-9	-77	-514	1.116	212
-10	-77	-513	1.115	213
-10	-80	-511	1.117	214
-10	-80	-512	1.119	215
-9	-80	-514	1.120	216
-9	-80	-513	1.119	217
-10	-77	-514	1.119	218
-9	-79	-513	1.119	219
-9	-79	-513	1.121	220
-9	-79	-513	1.123	221
-9	-82	-511	1.123	222
-9	-80	-513	1.123	223
-9	-80	-513	1.123	224
-10	-80	-513	1.124	225
-9	-80	-513	1.123	226
-10	-80	-513	1.125	227
-10	-80	-512	1.126	228
-9	-78	-512	1.126	229
-9	-79	-512	1.125	230
-9	-78	-513	1.126	231
-10	-77	-513	1.127	232
-9	-78	-513	1.127	233
-10	-78	-512	1.128	234
-10	-78	-513	1.127	235
-10	-79	-512	1.127	236
-9	-79	-512	1.128	237
-9	-78	-513	1.129	238
-7	-79	-513	1.129	239
-10	-76	-515	1.128	240
-11	-78	-513	1.129	241
-11	-77	-511	1.131	242
-6	-77	-512	1.131	243
-12	-78	-511	1.130	244
-11	-77	-513	1.130	245
-10	-77	-513	1.131	246
-11	-79	-513	1.131	247
-10	-79	-512	1.132	248
-9	-76	-513	1.132	249
-9	-75	-514	1.132	250
-10	-76	-513	1.132	251
-10	-76	-512	1.133	252
-9	-75	-514	1.133	253
-10	-74	-513	1.133	254
-10	-75	-513	1.135	255
-11	-76	-512	1.135	256
-10	-76	-513	1.135	257
-9	-76	-513	1.137	258
-8	-75	-514	1.135	259
-9	-76	-513	1.135	260
-9	-76	-512	1.138	261
-9	-74	-515	1.138	262
-10	-76	-512	1.136	263
-9	-75	-513	1.139	264
-11	-77	-512	1.138	265
-10	-77	-513	1.139	266
-10	-77	-513	1.139	267
-10	-77	-513	1.140	268
-10	-77	-513	1.141	269
-8	-77	-514	1.140	270
-9	-77	-513	1.142	271
-9	-76	-514	1.141	272
-9	-76	-514	1.141	273
-7	-79	-513	1.142	274
-9	-79	-513	1.142	275
-10	-81	-511	1.141	276
-9	-82	-512	1.143	277
-11	-82	-512	1.143	278
-11	-82	-513	1.141	279
-11	-81	-512	1.143	280
-11	-81	-513	1.142	281
-10	-81	-513	1.142	282
-10	-82	-512	1.143	283
-10	-81	-513	1.142	284
-10	-81	-512	1.143	285
-9	-80	-513	1.144	286
-10	-82	-513	1.144	287
-10	-82	-513	1.144	288
-10	-82	-513	1.144	289
-9	-83	-513	1.144	290
-10	-84	-513	1.144	291
-10	-84	-513	1.145	292
-10	-84	-511	1.144	293
-9	-81	-513	1.144	294
-10	-81	-513	1.144	295
-10	-81	-513	1.143	296
-11	-82	-512	1.144	297
-12	-84	-511	1.143	298
-10	-84	-513	1.143	299
-12	-83	-514	1.142	300
-11	-86	-511	1.143	301
-10	-84	-512	1.142	302
-9	-82	-514	1.142	303
-10	-83	-513	1.141	304
-11	-83	-513	1.141	305
-10	-84	-513	1.142	306
-8	-89	-511	1.142	307
-8	-86	-513	1.141	308
-10	-88	-512	1.142	309
-10	-84	-514	1.140	310
-10	-84	-513	1.141	311
-11	-84	-513	1.141	312
-9	-86	-513	1.140	313
-8	-88	-513	1.139	314
-8	-85	-513	1.141	315
-10	-84	-513	1.139	316
-12	-84	-512	1.138	317
-11	-85	-513	1.138	318
-10	-84	-513	1.141	319
-10	-86	-511	1.136	320
-9	-84	-513	1.136	321
-10	-85	-512	1.137	322
-10	-85	-511	1.137	323
-10	-85	-512	1.135	324
-10	-84	-511	1.136	325
-9	-82	-513	1.136	326
-9	-80	-513	1.135	327
-9	-80	-511	1.135	328
-8	-78	-512	1.135	329
-7	-77	-514	1.134	330
-9	-76	-513	1.132	331
-6	-77	-514	1.131	332
-8	-76	-513	1.132	333
-8	-72	-515	1.134	334
-8	-71	-515	1.136	335
-8	-72	-513	1.135	336
-8	-73	-513	1.135	337
-10	-75	-512	1.135	338
-10	-74	-512	1.136	339
-8	-74	-513	1.137	340
-8	-74	-513	1.136	341
-8	-73	-514	1.137	342
-8	-74	-513	1.136	343
-9	-76	-513	1.139	344
-7	-76	-514	1.139	345
-9	-74	-513	1.140	346
-9	-72	-513	1.139	347
-9	-74	-513	1.140	348
-6	-74	-515	1.142	349
-10	-74	-513	1.141	350
-8	-74	-513	1.142	351
-7	-77	-513	1.143	352
-7	-76	-514	1.143	353
-10	-74	-513	1.145	354
-9	-73	-513	1.144	355
-8	-74	-513	1.145	356
-8	-74	-513	1.146	357
-8	-76	-512	1.147	358
-9	-72	-514	1.147	359
-10	-75	-513	1.146	360
-9	-73	-515	1.145	361
-8	-76	-513	1.147	362
-8	-75	-514	1.148	363
-10	-73	-513	1.148	364
-8	-74	-514	1.148	365
-10	-72	-514	1.149	366
-9	-73	-513	1.148	367
-9	-70	-514	1.149	368
-9	-69	-513	1.151	369
-8	-72	-513	1.149	370
-10	-71	-513	1.148	371
-7	-70	-515	1.152	372
-8	-73	-513	1.149	373
-9	-73	-513	1.150	374
-8	-72	-512	1.150	375
-8	-69	-514	1.152	376
-7	-68	-515	1.151	377
-9	-69	-513	1.152	378
-7	-69	-513	1.152	379
-9	-70	-512	1.151	380
-9	-70	-513	1.152	381
-8	-69	-513	1.152	382
-8	-69	-513	1.154	383
-9	-69	-514	1.155	384
-9	-69	-514	1.156	385
-8	-69	-514	1.156	386
-8	-69	-513	1.154	387
-8	-71	-512	1.155	388
-8	-67	-516	1.156	389
-9	-70	-513	1.156	390
-8	-71	-512	1.156	391
-9	-69	-514	1.158	392
-9	-71	-512	1.157	393
-9	-70	-514	1.159	394
-9	-70	-513	1.158	395
-9	-69	-514	1.158	396
-8	-71	-513	1.159	397
-9	-68	-515	1.161	398
-9	-71	-513	1.160	399
-9	-69	-515	1.161	400
-9	-73	-512	1.160	401
-9	-72	-513	1.161	402
-9	-72	-513	1.161	403
-8	-73	-512	1.160	404
-8	-72	-513	1.161	405
-9	-72	-513	1.161	406
-9	-72	-514	1.162	407
-8	-71	-514	1.162	408
-8	-71	-514	1.162	409
-9	-71	-513	1.162	410
-8	-71	-512	1.161	411
-7	-70	-513	1.160	412
-7	-69	-515	1.162	413
-8	-72	-512	1.163	414
-7	-70	-514	1.161	415
-8	-71	-513	1.162	416
-8	-69	-514	1.163	417
-8	-70	-514	1.162	418
-9	-69	-513	1.162	419
-9	-71	-512	1.162	420
-7	-66	-514	1.164	421
-8	-68	-513	1.164	422
-8	-67	-515	1.162	423
-10	-69	-513	1.162	424
-10	-68	-512	1.164	425
-7	-67	-514	1.164	426
-10	-63	-514	1.165	427
-9	-66	-512	1.164	428
-7	-67	-514	1.164	429
-7	-66	-514	1.166	430
-8	-65	-513	1.164	431
-8	-65	-514	1.166	432
-8	-66	-515	1.167	433
-8	-65	-514	1.166	434
-8	-67	-513	1.165	435
-9	-65	-515	1.168	436
-7	-68	-514	1.167	437
-7	-67	-514	1.167	438
-10	-65	-513	1.168	439
-8	-67	-514	1.169	440
-8	-70	-512	1.168	441
-7	-71	-513	1.169	442
-7	-72	-511	1.168	443
-7	-71	-514	1.170	444
-8	-73	-511	1.170	445
-7	-73	-513	1.172	446
-6	-72	-512	1.172	447
-8	-70	-513	1.170	448
-9	-70	-512	1.172	449
-7	-70	-513	1.172	450
-8	-70	-513	1.172	451
-7	-70	-514	1.169	452
-7	-70	-513	1.172	453
-10	-67	-513	1.170	454
-8	-67	-514	1.170	455
-8	-67	-514	1.171	456
-7	-68	-513	1.172	457
-8	-67	-513	1.172	458
-7	-68	-514	1.171	459
-7	-69	-513	1.170	460
-8	-68	-513	1.170	461
-7	-69	-512	1.170	462
-8	-66	-514	1.170	463
-9	-66	-514	1.171	464
-8	-67	-514	1.172	465
-9	-66	-513	1.172	466
-7	-66	-514	1.173	467
-7	-67	-513	1.172	468
-8	-65	-515	1.173	469
-8	-65	-514	1.173	470
-10	-63	-514	1.173	471
-7	-67	-513	1.173	472
-6	-63	-514	1.173	473
-8	-63	-513	1.173	474
-7	-64	-513	1.175	475
-8	-67	-512	1.173	476
-7	-67	-513	1.175	477
-7	-66	-514	1.176	478
-7	-64	-514	1.175	479
-6	-63	-514	1.175	480
-4	-64	-513	1.177	481
-7	-61	-514	1.177	482
-9	-60	-515	1.177	483
-9	-65	-513	1.177	484
-10	-63	-514	1.177	485
-8	-65	-514	1.178	486
-11	-65	-512	1.178	487
-8	-66	-513	1.180	488
-7	-67	-515	1.180	489
-5	-70	-514	1.178	490
-6	-69	-514	1.180	491
-7	-66	-514	1.180	492
-8	-65	-515	1.181	493
-12	-63	-514	1.180	494
-9	-66	-514	1.181	495
-6	-69	-514	1.181	496
-6	-68	-514	1.180	497
-7	-67	-514	1.180	498
-7	-68	-514	1.182	499
-7	-66	-515	1.183	500
-8	-65	-515	1.181	501
-11	-66	-514	1.180	502
-8	-67	-515	1.181	503
-7	-69	-513	1.180	504
-6	-71	-514	1.181	505
-10	-70	-513	1.181	506
-9	-71	-513	1.179	507
-9	-74	-511	1.181	508
-6	-72	-514	1.179	509
-6	-74	-512	1.180	510
-8	-72	-512	1.180	511
-9	-69	-515	1.180	512
-7	-74	-513	1.181	513
-8	-72	-513	1.179	514
-9	-72	-513	1.180	515
-7	-74	-513	1.179	516
-7	-73	-513	1.177	517
-7	-73	-513	1.179	518
-8	-71	-514	1.177	519
-6	-71	-513	1.178	520
-7	-70	-514	1.177	521
-8	-71	-513	1.177	522
-8	-71	-512	1.177	523
-8	-71	-513	1.177	524
-7	-70	-513	1.177	525
-9	-67	-514	1.177	526
-10	-69	-512	1.175	527
-8	-71	-512	1.176	528
-7	-70	-514	1.177	529
-7	-71	-513	1.175	530
-7	-70	-514	1.175	531
-8	-69	-514	1.175	532
-7	-69	-514	1.175	533
-8	-70	-513	1.177	534
-8	-68	-514	1.175	535
-7	-69	-514	1.175	536
-6	-74	-513	1.177	537
-5	-72	-514	1.176	538
-5	-70	-513	1.175	539
-6	-70	-515	1.177	540
-8	-68	-513	1.175	541
-7	-70	-514	1.177	542
-7	-68	-515	1.175	543
-6	-69	-515	1.176	544
-9	-70	-512	1.174	545
-7	-70	-513	1.175	546
-7	-68	-514	1.177	547
-6	-68	-514	1.175	548
-8	-68	-514	1.177	549
-6	-69	-514	1.176	550
-8	-69	-514	1.177	551
-9	-71	-512	1.177	552
-8	-70	-512	1.177	553
-8	-69	-514	1.177	554
-10	-66	-515	1.177	555
-7	-68	-514	1.177	556
-8	-69	-514	1.177	557
-7	-71	-513	1.177	558
-8	-71	-513	1.177	559
-6	-71	-514	1.177	560
-8	-70	-513	1.178	561
-9	-69	-513	1.177	562
-9	-69	-513	1.176	563
-9	-67	-514	1.175	564
-9	-68	-513	1.176	565
-7	-70	-513	1.175	566
-7	-70	-513	1.178	567
-6	-69	-514	1.177	568
-6	-69	-513	1.177	569
-6	-69	-514	1.176	570
-6	-70	-513	1.178	571
-7	-70	-514	1.177	572
-7	-72	-512	1.177	573
-7	-68	-515	1.176	574
-10	-67	-513	1.177	575
-9	-66	-514	1.177	576
-7	-69	-513	1.177	577
-4	-66	-515	1.177	578
-8	-69	-512	1.177	579
-7	-69	-513	1.177	580
-8	-66	-514	1.177	581
-7	-64	-515	1.178	582
-6	-68	-513	1.177	583
-6	-67	-513	1.178	584
-7	-67	-513	1.177	585
-7	-67	-513	1.177	586
-7	-66	-513	1.177	587
-9	-65	-512	1.178	588
-7	-64	-514	1.180	589
-7	-65	-513	1.180	590
-8	-67	-512	1.177	591
-8	-65	-513	1.178	592
-7	-66	-514	1.180	593
-7	-63	-515	1.180	594
-7	-63	-514	1.180	595
-7	-63	-514	1.180	596
-7	-63	-514	1.181	597
-7	-63	-514	1.181	598
-8	-63	-513	1.180	599
0.000000 0.000000 0.000000 0.000000 0.000000
6	58	-531	0.318	5
-27	22	-524	0.318	6
-21	2	-557	0.318	7
-17	0	-519	0.317	8
-7	0	-497	0.318	9
-16	-37	-511	0.328	10
-39	-45	-541	0.350	11
-6	-53	-501	0.389	12
-20	-50	-518	0.436	13
-16	-53	-522	0.486	14
-14	-45	-522	0.534	15
-4	-46	-519	0.585	16
0	-66	-516	0.632	17
-25	-67	-513	0.675	18
-39	-44	-526	0.719	19
34	-71	-516	0.761	20
-29	-46	-513	0.793	21
10	-54	-519	0.822	22
-8	-60	-514	0.854	23
-7	-64	-514	0.874	24
-9	-67	-513	0.899	25
-8	-68	-511	0.926	26
-7	-65	-514	0.944	27
-10	-69	-513	0.969	28
-7	-71	-513	0.991	29
-8	-72	-513	1.008	30
-8	-70	-513	1.029	31
-6	-69	-516	1.047	32
-8	-71	-513	1.064	33
-7	-69	-514	1.083	34
-6	-70	-514	1.097	35
-7	-71	-512	1.112	36
-7	-70	-514	1.127	37
-6	-71	-514	1.140	38
-6	-72	-513	1.153	39
-7	-71	-513	1.167	40
-10	-76	-511	1.177	41
-10	-74	-512	1.189	42
-6	-75	-513	1.198	43
-7	-74	-513	1.208	44
-8	-75	-514	1.220	45
-8	-79	-514	1.228	46
-7	-80	-513	1.239	47
-7	-79	-512	1.247	48
-8	-80	-512	1.256	49
-7	-80	-512	1.264	50
-6	-78	-514	1.270	51
-7	-80	-512	1.275	52
-7	-80	-512	1.282	53
-6	-79	-513	1.289	54
-6	-78	-513	1.297	55
-7	-78	-514	1.300	56
-9	-83	-510	1.307	57
-3	-76	-514	1.312	58
-4	-78	-514	1.317	59
-7	-77	-514	1.321	60
-7	-81	-512	1.328	61
-5	-79	-514	1.333	62
-6	-79	-513	1.337	63
-7	-80	-513	1.343	64
-5	-80	-514	1.347	65
-6	-80	-514	1.351	66
-6	-84	-512	1.355	67
-6	-81	-513	1.359	68
-6	-81	-513	1.362	69
-5	-80	-513	1.365	70
-6	-81	-514	1.370	71
-5	-81	-513	1.373	72
-6	-83	-512	1.376	73
-6	-83	-513	1.378	74
-7	-83	-513	1.383	75
-7	-86	-511	1.385	76
-5	-83	-513	1.386	77
-6	-86	-513	1.386	78
-4	-84	-513	1.391	79
-7	-86	-513	1.391	80
-7	-87	-511	1.393	81
-3	-85	-513	1.393	82
-7	-87	-512	1.393	83
-6	-87	-512	1.393	84
-4	-87	-512	1.391	85
-5	-86	-513	1.389	86
-6	-89	-512	1.386	87
-5	-88	-513	1.381	88
-6	-89	-512	1.376	89
-5	-89	-513	1.369	90
-4	-89	-513	1.364	91
-5	-92	-512	1.357	92
-4	-92	-511	1.347	93
-5	-91	-512	1.341	94
-5	-92	-512	1.330	95
-5	-93	-511	1.318	96
-5	-92	-512	1.307	97
-5	-92	-512	1.290	98
-5	-93	-512	1.268	99
-6	-93	-512	1.247	100
-5	-92	-512	1.222	101
-5	-93	-512	1.199	102
-5	-93	-512	1.175	103
-4	-94	-513	1.149	104
-5	-94	-512	1.124	105
-4	-93	-512	1.096	106
-5	-94	-512	1.069	107
-4	-94	-512	1.047	108
-3	-94	-512	1.025	109
-5	-94	-512	1.006	110
-4	-93	-513	0.987	111
-5	-95	-512	0.972	112
-5	-96	-511	0.959	113
-5	-95	-512	0.949	114
-5	-95	-512	0.943	115
-4	-96	-512	0.938	116
-5	-95	-511	0.937	117
-5	-96	-512	0.940	118
-7	-97	-510	0.944	119
-6	-94	-511	0.952	120
-5	-94	-512	0.964	121
-4	-93	-513	0.978	122
-5	-95	-512	0.994	123
-4	-94	-512	1.011	124
-5	-95	-511	1.027	125
-5	-95	-511	1.045	126
-3	-94	-513	1.062	127
-6	-94	-512	1.078	128
-7	-94	-512	1.094	129
-5	-97	-512	1.109	130
-6	-97	-510	1.123	131
-7	-97	-510	1.137	132
-3	-98	-511	1.152	133
-1	-95	-513	1.163	134
-6	-96	-512	1.177	135
-4	-98	-512	1.189	136
-4	-96	-512	1.201	137
-5	-96	-512	1.212	138
-6	-96	-511	1.222	139
-5	-96	-512	1.230	140
-3	-96	-512	1.239	141
-4	-97	-511	1.249	142
-3	-95	-513	1.257	143
-5	-95	-512	1.264	144
-5	-96	-512	1.272	145
-5	-98	-510	1.278	146
-4	-96	-511	1.287	147
-5	-96	-511	1.291	148
-4	-96	-512	1.299	149
-3	-95	-513	1.304	150
-5	-97	-511	1.308	151
-5	-97	-511	1.313	152
-4	-97	-511	1.319	153
-4	-95	-512	1.323	154
-4	-96	-512	1.327	155
-4	-96	-512	1.330	156
-4	-96	-511	1.333	157
-4	-97	-512	1.335	158
-4	-97	-512	1.339	159
-3	-97	-512	1.341	160
-6	-96	-511	1.344	161
-6	-98	-510	1.347	162
-4	-96	-512	1.347	163
-5	-96	-512	1.347	164
-6	-97	-512	1.351	165
-5	-97	-511	1.351	166
-5	-99	-511	1.351	167
-5	-98	-511	1.353	168
-6	-99	-510	1.355	169
-4	-97	-512	1.357	170
-4	-96	-511	1.358	171
-4	-97	-512	1.359	172
-4	-97	-511	1.362	173
-4	-95	-512	1.362	174
-6	-97	-511	1.365	175
-5	-96	-511	1.366	176
-5	-96	-511	1.370	177
-5	-95	-512	1.370	178
-4	-95	-512	1.373	179
-4	-95	-511	1.374	180
-5	-95	-512	1.376	181
-6	-96	-511	1.380	182
-6	-96	-511	1.383	183
-5	-97	-510	1.383	184
-5	-96	-512	1.386	185
-6	-97	-511	1.386	186
-4	-96	-512	1.389	187
-4	-95	-513	1.390	188
-4	-96	-512	1.396	189
-5	-97	-511	1.397	190
-5	-97	-511	1.399	191
-4	-96	-513	1.401	192
-5	-98	-511	1.403	193
-3	-96	-512	1.404	194
-5	-97	-511	1.406	195
-3	-97	-510	1.408	196
-4	-96	-512	1.409	197
-5	-97	-511	1.411	198
-7	-97	-510	1.412	199
-4	-95	-512	1.413	200
-4	-96	-512	1.415	201
-5	-97	-512	1.415	202
-4	-97	-511	1.418	203
-6	-96	-510	1.418	204
-4	-96	-512	1.421	205
-5	-95	-512	1.421	206
-5	-96	-511	1.422	207
-5	-95	-512	1.423	208
-2	-94	-513	1.423	209
-4	-96	-512	1.426	210
-5	-97	-511	1.426	211
-6	-98	-510	1.427	212
-4	-95	-512	1.427	213
-4	-96	-512	1.429	214
-3	-95	-512	1.428	215
-4	-96	-512	1.430	216
-4	-96	-512	1.430	217
-4	-97	-511	1.431	218
-5	-97	-511	1.430	219
-3	-96	-512	1.430	220
-5	-95	-512	1.431	221
-5	-96	-512	1.430	222
-5	-96	-511	1.428	223
-3	-95	-512	1.429	224
-2	-93	-514	1.428	225
-6	-96	-511	1.426	226
-3	-94	-513	1.427	227
-5	-98	-510	1.430	228
-3	-94	-513	1.431	229
-5	-96	-512	1.437	230
-5	-95	-512	1.438	231
-4	-95	-512	1.442	232
-3	-94	-512	1.445	233
-6	-94	-512	1.444	234
-6	-94	-512	1.449	235
-4	-94	-512	1.451	236
-4	-95	-512	1.450	237
-4	-95	-511	1.451	238
-5	-96	-512	1.452	239
-5	-95	-512	1.452	240
-6	-97	-511	1.452	241
-5	-96	-512	1.453	242
-5	-94	-512	1.452	243
-4	-95	-512	1.453	244
-5	-94	-513	1.452	245
-5	-95	-511	1.453	246
-5	-93	-513	1.453	247
-3	-94	-513	1.452	248
-4	-94	-512	1.451	249
-5	-95	-512	1.451	250
-5	-95	-511	1.451	251
-5	-95	-511	1.451	252
-5	-96	-512	1.452	253
-4	-94	-512	1.451	254
-4	-95	-512	1.451	255
-5	-95	-512	1.451	256
-6	-97	-510	1.451	257
-5	-96	-511	1.451	258
-4	-95	-512	1.451	259
-2	-94	-513	1.451	260
-4	-95	-513	1.451	261
-5	-96	-512	1.452	262
-5	-94	-511	1.452	263
-4	-95	-512	1.454	264
-5	-95	-512	1.455	265
-4	-95	-513	1.455	266
-4	-96	-512	1.455	267
-5	-97	-512	1.455	268
-5	-95	-512	1.455	269
-5	-96	-510	1.457	270
-5	-96	-511	1.459	271
-4	-93	-513	1.459	272
-5	-92	-513	1.459	273
-6	-98	-510	1.460	274
-5	-94	-512	1.463	275
-4	-95	-513	1.463	276
-4	-94	-513	1.464	277
-4	-93	-511	1.463	278
-5	-89	-513	1.466	279
-7	-90	-512	1.467	280
-6	-88	-513	1.467	281
-4	-88	-514	1.467	282
-5	-89	-512	1.467	283
-5	-89	-513	1.468	284
-6	-89	-512	1.471	285
-5	-88	-512	1.471	286
-4	-84	-514	1.472	287
-7	-88	-510	1.472	288
-6	-88	-512	1.473	289
-3	-86	-513	1.474	290
-5	-87	-513	1.475	291
-6	-89	-512	1.476	292
-4	-90	-512	1.476	293
-3	-89	-514	1.478	294
-6	-92	-512	1.478	295
-5	-92	-514	1.479	296
-5	-95	-512	1.482	297
-6	-94	-512	1.481	298
-6	-96	-510	1.481	299
-2	-93	-513	1.484	300
-3	-93	-512	1.484	301
-5	-94	-513	1.485	302
-5	-96	-512	1.484	303
-4	-96	-510	1.484	304
-3	-94	-512	1.484	305
-6	-95	-511	1.486	306
-5	-96	-512	1.487	307
-5	-94	-512	1.486	308
-3	-95	-511	1.484	309
-6	-91	-513	1.484	310
-6	-94	-511	1.483	311
-4	-95	-512	1.481	312
-5	-95	-512	1.480	313
-5	-95	-511	1.480	314
-4	-96	-511	1.480	315
-4	-96	-512	1.480	316
-5	-96	-511	1.481	317
-3	-95	-513	1.480	318
-5	-95	-512	1.480	319
-5	-96	-511	1.480	320
-3	-96	-513	1.480	321
-3	-96	-512	1.480	322
-4	-95	-512	1.480	323
-4	-96	-513	1.480	324
-6	-96	-511	1.480	325
-4	-95	-512	1.480	326
-3	-97	-511	1.481	327
-3	-97	-511	1.480	328
-5	-98	-511	1.483	329
-4	-96	-512	1.482	330
-3	-96	-512	1.482	331
-4	-97	-511	1.483	332
-3	-96	-512	1.485	333
-3	-96	-512	1.483	334
-2	-97	-512	1.485	335
-3	-96	-513	1.485	336
-3	-96	-513	1.484	337
-5	-96	-511	1.484	338
-4	-96	-511	1.484	339
-4	-94	-512	1.483	340
-4	-96	-511	1.484	341
-3	-95	-512	1.483	342
-4	-94	-512	1.483	343
-3	-95	-512	1.484	344
-4	-95	-512	1.483	345
-4	-95	-512	1.481	346
-3	-96	-512	1.484	347
-3	-96	-511	1.480	348
-3	-93	-512	1.483	349
-5	-93	-512	1.483	350
-2	-91	-513	1.481	351
-3	-90	-513	1.482	352
-5	-90	-513	1.481	353
-6	-90	-512	1.483	354
-4	-91	-513	1.483	355
-3	-90	-513	1.483	356
-6	-93	-512	1.484	357
-5	-92	-513	1.485	358
-4	-92	-511	1.486	359
-4	-91	-512	1.487	360
-2	-90	-513	1.487	361
-4	-92	-512	1.488	362
-4	-93	-511	1.487	363
-4	-92	-512	1.488	364
-4	-93	-511	1.489	365
-4	-92	-512	1.488	366
-5	-93	-512	1.488	367
-4	-91	-512	1.489	368
-4	-91	-512	1.491	369
-4	-90	-513	1.489	370
-5	-92	-512	1.489	371
-4	-90	-512	1.489	372
-4	-90	-512	1.489	373
-3	-89	-512	1.488	374
-4	-89	-512	1.487	375
-3	-89	-512	1.488	376
-4	-89	-512	1.488	377
-4	-89	-513	1.486	378
-4	-90	-512	1.486	379
-7	-90	-510	1.484	380
-4	-89	-513	1.485	381
-3	-88	-512	1.483	382
-4	-89	-512	1.483	383
-3	-88	-513	1.482	384
-4	-89	-513	1.483	385
-5	-91	-511	1.483	386
-5	-91	-511	1.483	387
-4	-90	-512	1.480	388
-4	-92	-513	1.480	389
-7	-93	-512	1.480	390
-5	-90	-513	1.478	391
-4	-90	-512	1.478	392
-5	-91	-510	1.479	393
-5	-89	-512	1.477	394
-5	-89	-511	1.478	395
-5	-88	-513	1.476	396
-4	-89	-512	1.476	397
-4	-89	-513	1.474	398
-5	-90	-512	1.473	399
-4	-91	-512	1.472	400
-5	-91	-512	1.470	401
-5	-92	-512	1.467	402
-4	-90	-513	1.467	403
-5	-94	-510	1.467	404
-4	-93	-512	1.464	405
-4	-91	-512	1.462	406
-3	-90	-513	1.461	407
-5	-91	-512	1.458	408
-5	-91	-512	1.455	409
-5	-91	-511	1.453	410
-4	-91	-512	1.452	411
-3	-90	-513	1.449	412
-4	-91	-512	1.448	413
-5	-92	-511	1.446	414
-5	-91	-512	1.446	415
-4	-90	-512	1.442	416
-4	-91	-513	1.442	417
-5	-91	-512	1.441	418
-4	-91	-512	1.440	419
-4	-92	-512	1.440	420
-4	-93	-513	1.438	421
-4	-95	-511	1.436	422
-3	-94	-512	1.436	423
-4	-93	-512	1.436	424
-4	-95	-512	1.433	425
-5	-93	-512	1.434	426
-4	-94	-512	1.432	427
-3	-93	-513	1.428	428
-4	-93	-512	1.428	429
-3	-93	-513	1.424	430
-3	-93	-511	1.421	431
-4	-92	-512	1.419	432
-4	-92	-512	1.413	433
-3	-92	-512	1.410	434
-4	-92	-512	1.406	435
-4	-91	-512	1.405	436
-3	-90	-513	1.401	437
-3	-90	-513	1.397	438
-4	-91	-512	1.393	439
-4	-91	-513	1.389	440
-5	-92	-511	1.386	441
-4	-91	-512	1.381	442
-3	-91	-513	1.378	443
-4	-92	-512	1.375	444
-4	-92	-511	1.372	445
-3	-91	-513	1.369	446
-5	-94	-512	1.366	447
-4	-94	-512	1.363	448
-3	-93	-512	1.362	449
-3	-92	-512	1.360	450
-4	-93	-511	1.357	451
-4	-93	-512	1.355	452
-3	-92	-513	1.351	453
-4	-93	-512	1.351	454
-5	-93	-512	1.347	455
-5	-92	-512	1.343	456
-4	-93	-511	1.340	457
-4	-92	-512	1.335	458
-3	-92	-512	1.331	459
-3	-93	-512	1.327	460
-4	-93	-511	1.323	461
-3	-91	-513	1.322	462
-4	-92	-512	1.318	463
-4	-93	-511	1.314	464
-3	-92	-512	1.311	465
-4	-92	-512	1.312	466
-4	-91	-512	1.310	467
-4	-93	-511	1.310	468
-4	-96	-511	1.312	469
-4	-97	-510	1.312	470
-5	-95	-511	1.314	471
-5	-96	-510	1.315	472
-3	-96	-511	1.318	473
-4	-94	-513	1.318	474
-5	-95	-511	1.322	475
-5	-96	-511	1.324	476
-4	-94	-512	1.325	477
-4	-97	-511	1.328	478
-3	-96	-512	1.328	479
-5	-97	-510	1.330	480
-5	-96	-511	1.332	481
-4	-95	-511	1.331	482
-4	-94	-512	1.335	483
-4	-96	-512	1.336	484
-4	-96	-511	1.335	485
-4	-96	-512	1.336	486
-3	-96	-512	1.337	487
-4	-96	-512	1.337	488
-4	-96	-512	1.338	489
-3	-95	-513	1.338	490
-4	-95	-512	1.336	491
-5	-95	-512	1.336	492
-3	-94	-512	1.335	493
-4	-94	-512	1.330	494
-5	-93	-512	1.330	495
-5	-96	-511	1.326	496
-3	-95	-512	1.323	497
-4	-95	-511	1.321	498
-5	-95	-511	1.318	499
-3	-93	-512	1.315	500
-4	-92	-512	1.312	501
-4	-92	-511	1.312	502
-4	-91	-513	1.309	503
-5	-94	-511	1.309	504
-4	-93	-512	1.309	505
-4	-94	-512	1.311	506
-4	-93	-512	1.310	507
-5	-93	-511	1.312	508
-5	-93	-511	1.313	509
-4	-93	-512	1.312	510
-5	-94	-511	1.316	511
-4	-93	-512	1.317	512
-4	-93	-512	1.318	513
-5	-94	-512	1.320	514
-5	-94	-511	1.322	515
-5	-92	-512	1.321	516
-5	-92	-512	1.325	517
-3	-93	-511	1.326	518
-4	-92	-512	1.327	519
-4	-93	-511	1.330	520
-4	-93	-511	1.330	521
-4	-92	-511	1.331	522
-4	-91	-512	1.334	523
-4	-91	-512	1.335	524
-5	-91	-511	1.336	525
-4	-92	-512	1.338	526
-3	-90	-513	1.342	527
-4	-91	-512	1.343	528
-3	-89	-513	1.346	529
-5	-90	-512	1.345	530
-4	-90	-512	1.349	531
-5	-91	-512	1.348	532
-4	-91	-512	1.351	533
-4	-92	-512	1.351	534
-3	-92	-512	1.351	535
-4	-92	-512	1.353	536
-4	-92	-512	1.354	537
-5	-94	-511	1.355	538
-5	-93	-512	1.354	539
-4	-94	-511	1.354	540
-4	-92	-512	1.355	541
-5	-95	-511	1.356	542
-4	-94	-511	1.355	543
-3	-94	-511	1.355	544
-3	-92	-512	1.356	545
-3	-92	-512	1.355	546
-4	-92	-513	1.356	547
-6	-93	-511	1.359	548
-5	-92	-512	1.359	549
-4	-92	-512	1.359	550
-5	-93	-511	1.363	551
-4	-92	-512	1.363	552
-3	-92	-512	1.367	553
-3	-91	-512	1.369	554
-4	-92	-512	1.369	555
-4	-91	-512	1.372	556
-4	-91	-512	1.374	557
-4	-92	-512	1.374	558
-4	-91	-512	1.376	559
-4	-91	-512	1.377	560
-4	-91	-513	1.380	561
-4	-91	-513	1.380	562
-4	-91	-512	1.380	563
-3	-90	-512	1.384	564
-5	-91	-512	1.384	565
-3	-89	-513	1.384	566
-3	-89	-513	1.385	567
-3	-90	-512	1.387	568
-4	-89	-513	1.388	569
-4	-89	-512	1.388	570
-4	-89	-513	1.391	571
-4	-90	-512	1.393	572
-4	-91	-512	1.393	573
-5	-92	-511	1.395	574
-5	-91	-511	1.397	575
-4	-90	-512	1.398	576
-4	-91	-512	1.404	577
-4	-91	-513	1.403	578
-3	-92	-512	1.406	579
-5	-92	-512	1.406	580
-5	-90	-512	1.409	581
-4	-88	-513	1.410	582
-4	-89	-511	1.409	583
-2	-88	-513	1.413	584
-4	-89	-512	1.412	585
-5	-89	-512	1.414	586
-5	-88	-512	1.415	587
-4	-86	-513	1.416	588
-3	-85	-514	1.416	589
-4	-88	-512	1.418	590
-4	-88	-512	1.422	591
-3	-87	-513	1.422	592
-4	-87	-512	1.422	593
-4	-87	-513	1.425	594
-4	-87	-513	1.424	595
-4	-87	-512	1.426	596
-4	-86	-513	1.427	597
-4	-86	-513	1.428	598
-5	-86	-512	1.427	599
0.000000 0.000000 0.000000 0.000000 0.000000