0.000000 0.000000 0.000000 0.000000 0.000000
14	8	-512	0.315	5
-12	-35	-501	0.317	6
-4	-60	-492	0.317	7
-27	-65	-501	0.322	8
-7	-69	-516	0.330	9
-9	-69	-506	0.347	10
-10	-56	-514	0.366	11
-6	-67	-515	0.388	12
-9	-62	-515	0.406	13
-12	-61	-513	0.425	14
-8	-60	-515	0.443	15
-9	-60	-516	0.459	16
-11	-61	-514	0.473	17
-5	-74	-510	0.487	18
-8	-66	-515	0.501	19
-10	-69	-513	0.512	20
-11	-67	-514	0.524	21
-10	-69	-512	0.535	22
-10	-65	-514	0.545	23
-12	-71	-513	0.551	24
-11	-69	-514	0.560	25
-10	-69	-513	0.569	26
-10	-67	-514	0.575	27
-11	-69	-514	0.580	28
-12	-70	-513	0.587	29
-11	-73	-512	0.593	30
-10	-72	-514	0.598	31
-11	-74	-513	0.602	32
-10	-75	-514	0.609	33
-10	-74	-514	0.612	34
-10	-76	-513	0.615	35
-11	-76	-513	0.620	36
-11	-77	-513	0.624	37
-12	-76	-513	0.627	38
-11	-77	-513	0.630	39
-11	-78	-513	0.634	40
-10	-79	-513	0.637	41
-12	-78	-512	0.641	42
-11	-78	-513	0.643	43
-12	-79	-513	0.646	44
-13	-79	-510	0.650	45
-12	-80	-513	0.650	46
-13	-79	-513	0.652	47
-12	-78	-514	0.655	48
-12	-80	-513	0.658	49
-12	-80	-514	0.659	50
-11	-84	-512	0.661	51
-11	-85	-512	0.664	52
-13	-86	-512	0.664	53
-13	-85	-512	0.666	54
-13	-86	-511	0.667	55
-12	-87	-512	0.669	56
-11	-87	-512	0.670	57
-13	-86	-513	0.672	58
-13	-87	-511	0.675	59
-12	-89	-510	0.675	60
-12	-87	-513	0.678	61
-12	-87	-513	0.679	62
-12	-89	-512	0.680	63
-12	-89	-513	0.682	64
-12	-89	-512	0.683	65
-12	-89	-513	0.683	66
-12	-89	-513	0.685	67
-12	-89	-513	0.685	68
-12	-89	-513	0.687	69
-14	-92	-510	0.687	70
-13	-91	-511	0.688	71
-13	-89	-513	0.688	72
-14	-91	-510	0.688	73
-12	-88	-514	0.691	74
-13	-89	-512	0.691	75
-13	-90	-512	0.693	76
-12	-91	-512	0.694	77
-12	-90	-514	0.693	78
-12	-93	-512	0.694	79
-13	-93	-511	0.695	80
-12	-93	-511	0.696	81
-13	-93	-511	0.696	82
-14	-94	-512	0.697	83
-13	-95	-512	0.699	84
-13	-93	-513	0.699	85
-12	-93	-513	0.700	86
-12	-94	-512	0.700	87
-12	-94	-513	0.702	88
-13	-95	-512	0.701	89
-13	-95	-512	0.703	90
-13	-95	-513	0.703	91
-12	-94	-513	0.704	92
-12	-95	-512	0.704	93
-13	-95	-512	0.704	94
-13	-96	-513	0.704	95
-12	-96	-513	0.706	96
-13	-97	-511	0.707	97
-12	-97	-512	0.706	98
-13	-98	-510	0.706	99
-12	-96	-511	0.706	100
-11	-94	-514	0.706	101
-12	-97	-511	0.708	102
-14	-98	-510	0.706	103
-13	-97	-511	0.708	104
-13	-96	-512	0.708	105
-12	-96	-513	0.708	106
-12	-96	-512	0.708	107
-13	-97	-512	0.709	108
-13	-98	-510	0.708	109
-14	-98	-511	0.707	110
-14	-99	-510	0.709	111
-14	-99	-510	0.707	112
-12	-98	-512	0.707	113
-12	-98	-512	0.707	114
-12	-98	-512	0.707	115
-14	-99	-511	0.708	116
-14	-100	-509	0.708	117
-14	-101	-510	0.706	118
-14	-101	-511	0.707	119
-13	-100	-511	0.706	120
-13	-99	-513	0.708	121
-14	-99	-511	0.707	122
-13	-100	-511	0.706	123
-13	-100	-511	0.706	124
-14	-100	-511	0.706	125
-13	-100	-512	0.708	126
-13	-98	-513	0.707	127
-13	-98	-512	0.705	128
-13	-99	-511	0.707	129
-13	-99	-512	0.706	130
-13	-100	-510	0.704	131
-12	-98	-512	0.704	132
-13	-99	-511	0.706	133
-12	-99	-511	0.704	134
-13	-99	-512	0.704	135
-13	-100	-512	0.705	136
-13	-100	-511	0.704	137
-13	-99	-511	0.703	138
-13	-100	-510	0.706	139
-13	-99	-511	0.704	140
-12	-99	-511	0.704	141
-13	-100	-511	0.704	142
-13	-101	-509	0.705	143
-13	-99	-511	0.703	144
-13	-99	-510	0.704	145
-14	-100	-510	0.702	146
-12	-100	-511	0.704	147
-12	-100	-511	0.703	148
-13	-100	-511	0.703	149
-13	-101	-511	0.703	150
-13	-100	-512	0.703	151
-13	-99	-512	0.701	152
-13	-100	-512	0.702	153
-14	-100	-511	0.701	154
-12	-100	-512	0.701	155
-13	-100	-512	0.701	156
-13	-98	-513	0.701	157
-13	-98	-511	0.700	158
-13	-99	-511	0.700	159
-14	-99	-511	0.700	160
-13	-97	-512	0.699	161
-13	-99	-512	0.699	162
-14	-99	-511	0.699	163
-13	-99	-510	0.700	164
-14	-98	-512	0.700	165
-13	-98	-512	0.699	166
-14	-98	-512	0.698	167
-13	-98	-512	0.699	168
-12	-99	-511	0.699	169
-13	-99	-510	0.699	170
-13	-99	-512	0.699	171
-13	-98	-512	0.698	172
-13	-99	-511	0.700	173
-13	-98	-512	0.701	174
-13	-98	-511	0.700	175
-13	-98	-512	0.699	176
-13	-100	-510	0.699	177
-12	-98	-512	0.699	178
-13	-99	-511	0.699	179
-12	-99	-511	0.701	180
-12	-99	-511	0.699	181
-13	-97	-512	0.699	182
-13	-98	-511	0.699	183
-13	-98	-512	0.699	184
-13	-99	-511	0.699	185
-13	-99	-511	0.697	186
-13	-99	-511	0.697	187
-13	-97	-512	0.697	188
-13	-97	-513	0.698	189
-14	-98	-512	0.698	190
-14	-96	-512	0.698	191
-14	-99	-511	0.697	192
-13	-100	-512	0.696	193
-14	-102	-511	0.695	194
-13	-103	-512	0.698	195
-15	-104	-510	0.698	196
-14	-104	-510	0.698	197
-15	-104	-510	0.696	198
-14	-103	-512	0.698	199
-13	-102	-512	0.697	200
-13	-103	-510	0.697	201
-13	-101	-513	0.698	202
-13	-103	-510	0.699	203
-14	-105	-510	0.698	204
-13	-104	-511	0.698	205
-13	-104	-510	0.696	206
-13	-103	-510	0.697	207
-13	-102	-510	0.696	208
-13	-103	-510	0.698	209
-13	-102	-512	0.698	210
-14	-104	-511	0.696	211
-14	-103	-510	0.697	212
-14	-102	-511	0.698	213
-14	-102	-511	0.696	214
-13	-102	-512	0.696	215
-13	-104	-510	0.696	216
-13	-103	-511	0.695	217
-12	-102	-511	0.694	218
-13	-102	-511	0.695	219
-13	-101	-512	0.693	220
-13	-102	-511	0.691	221
-13	-102	-511	0.691	222
-13	-102	-511	0.690	223
-12	-101	-510	0.689	224
-12	-99	-512	0.688	225
-13	-100	-512	0.687	226
-13	-101	-510	0.688	227
-13	-102	-510	0.687	228
-12	-101	-511	0.687	229
-13	-102	-511	0.687	230
-13	-102	-511	0.683	231
-14	-103	-511	0.684	232
-13	-103	-510	0.685	233
-14	-102	-511	0.684	234
-14	-103	-510	0.683	235
-13	-102	-511	0.682	236
-12	-102	-512	0.682	237
-12	-103	-511	0.680	238
-13	-101	-511	0.681	239
-13	-102	-511	0.680	240
-12	-102	-511	0.679	241
-13	-102	-511	0.679	242
-13	-101	-512	0.679	243
-14	-101	-512	0.679	244
-14	-101	-511	0.679	245
-14	-102	-510	0.678	246
-13	-103	-510	0.675	247
-13	-101	-512	0.677	248
-13	-102	-510	0.675	249
-13	-102	-511	0.676	250
-13	-102	-510	0.675	251
-13	-102	-511	0.675	252
-13	-102	-510	0.675	253
-12	-102	-510	0.673	254
-13	-101	-511	0.674	255
-13	-102	-512	0.672	256
-13	-101	-513	0.672	257
-12	-102	-511	0.672	258
-13	-102	-511	0.671	259
-13	-103	-512	0.671	260
-13	-102	-511	0.672	261
-13	-102	-512	0.671	262
-12	-102	-512	0.670	263
-14	-102	-511	0.670	264
-13	-103	-510	0.671	265
-13	-104	-511	0.673	266
-12	-103	-512	0.671	267
-13	-104	-511	0.670	268
-13	-104	-511	0.670	269
-13	-103	-511	0.671	270
-14	-104	-510	0.669	271
-13	-103	-511	0.670	272
-13	-103	-511	0.670	273
-13	-102	-513	0.671	274
-13	-103	-511	0.670	275
-13	-102	-512	0.670	276
-14	-104	-510	0.668	277
-13	-103	-511	0.670	278
-13	-102	-512	0.669	279
-13	-102	-512	0.669	280
-13	-103	-510	0.668	281
-13	-103	-511	0.669	282
-13	-103	-511	0.668	283
-13	-102	-511	0.667	284
-13	-102	-511	0.670	285
-13	-102	-511	0.668	286
-13	-101	-512	0.667	287
-12	-101	-511	0.669	288
-13	-102	-511	0.669	289
-13	-103	-510	0.667	290
-13	-103	-511	0.668	291
-12	-105	-510	0.669	292
-14	-103	-511	0.667	293
-13	-103	-512	0.669	294
-14	-104	-511	0.667	295
-13	-104	-511	0.668	296
-14	-105	-510	0.669	297
-14	-104	-511	0.668	298
-14	-105	-511	0.667	299
-14	-105	-511	0.667	300
-13	-104	-512	0.667	301
-14	-104	-511	0.668	302
-14	-104	-510	0.667	303
-14	-103	-511	0.669	304
-13	-102	-512	0.669	305
-14	-103	-511	0.667	306
-14	-104	-511	0.667	307
-14	-103	-510	0.667	308
-14	-104	-511	0.667	309
-14	-104	-511	0.667	310
-14	-103	-511	0.668	311
-13	-102	-511	0.666	312
-13	-103	-512	0.668	313
-13	-102	-512	0.668	314
-13	-102	-511	0.668	315
-13	-101	-511	0.666	316
-13	-102	-512	0.666	317
-14	-102	-512	0.667	318
-14	-102	-512	0.668	319
-13	-103	-512	0.667	320
-14	-103	-511	0.667	321
-13	-102	-513	0.666	322
-15	-104	-511	0.667	323
-14	-104	-512	0.666	324
-15	-104	-512	0.666	325
-13	-105	-511	0.666	326
-15	-105	-511	0.667	327
-14	-106	-511	0.666	328
-14	-105	-512	0.666	329
-15	-107	-510	0.665	330
-15	-105	-511	0.666	331
-14	-106	-511	0.666	332
-15	-105	-510	0.665	333
-14	-105	-510	0.666	334
-14	-105	-511	0.665	335
-14	-105	-510	0.666	336
-14	-105	-511	0.664	337
-15	-105	-511	0.666	338
-14	-104	-511	0.664	339
-15	-105	-510	0.666	340
-15	-104	-510	0.664	341
-15	-104	-510	0.665	342
-15	-104	-510	0.664	343
-14	-105	-510	0.663	344
-14	-105	-510	0.664	345
-14	-104	-510	0.664	346
-15	-104	-510	0.662	347
-15	-104	-510	0.662	348
-15	-103	-511	0.662	349
-14	-103	-511	0.663	350
-15	-104	-511	0.664	351
-14	-104	-512	0.662	352
-14	-105	-510	0.662	353
-15	-105	-511	0.662	354
-14	-104	-511	0.662	355
-14	-103	-512	0.662	356
-13	-104	-511	0.662	357
-14	-105	-510	0.662	358
-14	-105	-511	0.663	359
-15	-104	-511	0.662	360
-14	-103	-512	0.663	361
-14	-103	-511	0.662	362
-14	-105	-510	0.662	363
-14	-102	-513	0.662	364
-13	-102	-512	0.663	365
-13	-103	-512	0.662	366
-14	-102	-511	0.662	367
-13	-102	-511	0.662	368
-14	-105	-508	0.662	369
-13	-103	-511	0.664	370
-13	-102	-511	0.662	371
-14	-103	-511	0.663	372
-15	-102	-511	0.665	373
-14	-102	-512	0.664	374
-14	-103	-511	0.665	375
-14	-103	-512	0.664	376
-15	-103	-511	0.665	377
-15	-102	-511	0.666	378
-15	-104	-511	0.667	379
-13	-103	-512	0.667	380
-13	-103	-511	0.668	381
-14	-103	-512	0.668	382
-15	-103	-510	0.667	383
-14	-103	-511	0.669	384
-14	-103	-511	0.668	385
-15	-104	-511	0.670	386
-14	-103	-511	0.670	387
-14	-103	-511	0.669	388
-14	-103	-512	0.670	389
-14	-103	-511	0.671	390
-15	-103	-510	0.671	391
-14	-103	-511	0.670	392
-14	-102	-512	0.670	393
-14	-102	-510	0.671	394
-14	-102	-510	0.671	395
-14	-101	-510	0.671	396
-13	-101	-512	0.670	397
-13	-102	-510	0.670	398
-14	-102	-509	0.670	399
-14	-102	-511	0.671	400
-14	-102	-509	0.669	401
-14	-101	-510	0.670	402
-14	-101	-511	0.672	403
-13	-102	-510	0.670	404
-14	-102	-511	0.670	405
-14	-101	-511	0.671	406
-13	-101	-512	0.670	407
-13	-101	-511	0.671	408
-14	-102	-512	0.669	409
-14	-102	-511	0.669	410
-13	-102	-511	0.669	411
-14	-102	-511	0.670	412
-14	-103	-512	0.670	413
-14	-103	-512	0.670	414
-14	-105	-511	0.668	415
-12	-105	-512	0.669	416
-13	-103	-511	0.668	417
-13	-102	-512	0.669	418
-14	-103	-510	0.667	419
-13	-103	-511	0.666	420
-13	-103	-511	0.667	421
-13	-103	-511	0.668	422
-14	-102	-511	0.666	423
-14	-102	-510	0.668	424
-14	-102	-511	0.666	425
-14	-101	-512	0.665	426
-13	-101	-512	0.666	427
-14	-102	-510	0.665	428
-13	-101	-512	0.666	429
-13	-101	-512	0.663	430
-13	-101	-511	0.664	431
-14	-101	-512	0.663	432
-14	-100	-512	0.662	433
-14	-100	-512	0.662	434
-13	-100	-512	0.662	435
-13	-101	-512	0.662	436
-13	-100	-512	0.662	437
-14	-101	-511	0.661	438
-14	-100	-512	0.660	439
-14	-102	-510	0.661	440
-13	-101	-512	0.660	441
-14	-102	-511	0.661	442
-14	-103	-511	0.659	443
-14	-103	-511	0.659	444
-14	-103	-511	0.658	445
-14	-104	-510	0.659	446
-13	-103	-511	0.659	447
-13	-102	-511	0.658	448
-14	-102	-512	0.658	449
-15	-103	-511	0.660	450
-13	-102	-512	0.658	451
-14	-101	-512	0.659	452
-14	-102	-510	0.658	453
-14	-102	-512	0.658	454
-13	-101	-511	0.658	455
-14	-103	-510	0.658	456
-13	-102	-511	0.658	457
-14	-103	-512	0.659	458
-14	-103	-511	0.657	459
-14	-104	-511	0.659	460
-14	-104	-510	0.658	461
-14	-103	-511	0.658	462
-15	-103	-510	0.659	463
-14	-103	-511	0.658	464
-14	-103	-510	0.657	465
-13	-103	-511	0.657	466
-13	-104	-511	0.656	467
-13	-103	-511	0.658	468
-14	-102	-512	0.657	469
-13	-102	-512	0.658	470
-13	-102	-512	0.658	471
-13	-103	-511	0.659	472
-14	-104	-510	0.657	473
-13	-105	-511	0.658	474
-13	-104	-512	0.659	475
-14	-104	-511	0.659	476
-14	-104	-511	0.659	477
-15	-104	-510	0.660	478
-14	-104	-511	0.659	479
-14	-103	-511	0.659	480
-14	-104	-511	0.660	481
-14	-104	-511	0.661	482
-14	-103	-511	0.661	483
-13	-103	-511	0.661	484
-14	-103	-511	0.659	485
-13	-101	-512	0.661	486
-14	-102	-511	0.661	487
-14	-102	-511	0.661	488
-14	-103	-510	0.662	489
-14	-102	-511	0.662	490
-15	-103	-511	0.660	491
-15	-103	-510	0.662	492
-14	-102	-511	0.662	493
-14	-102	-512	0.662	494
-14	-102	-511	0.662	495
-14	-103	-510	0.662	496
-13	-102	-511	0.662	497
-13	-102	-511	0.662	498
-13	-101	-512	0.662	499
-14	-102	-511	0.662	500
-14	-103	-512	0.664	501
-14	-104	-511	0.662	502
-14	-104	-511	0.663	503
-14	-104	-512	0.663	504
-14	-105	-510	0.662	505
-14	-105	-510	0.663	506
-13	-104	-511	0.665	507
-13	-103	-511	0.663	508
-13	-104	-511	0.663	509
-14	-103	-511	0.663	510
-13	-103	-511	0.662	511
-13	-103	-511	0.665	512
-14	-102	-511	0.664	513
-14	-101	-511	0.663	514
-14	-101	-511	0.664	515
-14	-102	-511	0.664	516
-13	-101	-512	0.666	517
-13	-101	-512	0.663	518
-13	-101	-511	0.665	519
-13	-100	-512	0.665	520
-13	-100	-512	0.665	521
-13	-100	-512	0.666	522
-13	-100	-511	0.666	523
-13	-100	-512	0.666	524
-13	-100	-512	0.666	525
-13	-101	-511	0.666	526
-13	-99	-512	0.666	527
-13	-100	-511	0.666	528
-13	-100	-511	0.666	529
-14	-101	-511	0.666	530
-14	-101	-510	0.667	531
-14	-102	-510	0.669	532
-13	-102	-511	0.666	533
-14	-100	-512	0.666	534
-14	-101	-512	0.666	535
-14	-100	-512	0.666	536
-14	-101	-512	0.666	537
-13	-101	-512	0.667	538
-13	-99	-512	0.669	539
-12	-101	-511	0.667	540
-13	-100	-511	0.668	541
-13	-100	-511	0.669	542
-14	-101	-510	0.669	543
-13	-100	-510	0.668	544
-13	-100	-511	0.668	545
-14	-99	-512	0.670	546
-12	-100	-512	0.668	547
-12	-99	-513	0.670	548
-13	-100	-511	0.668	549
-13	-100	-512	0.670	550
-13	-100	-511	0.669	551
-12	-100	-512	0.670	552
-12	-99	-512	0.671	553
-13	-100	-511	0.671	554
-13	-100	-512	0.670	555
-13	-100	-512	0.671	556
-13	-100	-511	0.671	557
-13	-101	-511	0.671	558
-14	-103	-510	0.672	559
-14	-101	-512	0.670	560
-13	-102	-511	0.671	561
-10	-103	-513	0.671	562
-13	-102	-512	0.671	563
-14	-102	-512	0.672	564
-14	-102	-511	0.672	565
-14	-102	-511	0.672	566
-14	-102	-511	0.671	567
-13	-101	-511	0.672	568
-13	-101	-511	0.670	569
-14	-101	-510	0.669	570
-13	-100	-511	0.672	571
-13	-100	-510	0.672	572
-13	-100	-510	0.670	573
-12	-99	-513	0.671	574
-13	-100	-512	0.671	575
-13	-99	-511	0.671	576
-13	-99	-512	0.670	577
-13	-99	-512	0.670	578
-13	-100	-511	0.671	579
-14	-100	-511	0.670	580
-14	-98	-512	0.672	581
-13	-99	-511	0.670	582
-13	-100	-511	0.671	583
-14	-100	-511	0.669	584
-13	-99	-511	0.671	585
-14	-100	-511	0.669	586
-14	-100	-512	0.671	587
-12	-101	-511	0.670	588
-13	-100	-512	0.670	589
-14	-102	-512	0.670	590
-12	-102	-512	0.671	591
-12	-102	-511	0.671	592
-14	-102	-510	0.670	593
-13	-101	-511	0.670	594
-12	-100	-511	0.670	595
-13	-101	-511	0.672	596
-14	-100	-510	0.672	597
-13	-100	-511	0.670	598
-12	-98	-512	0.672	599
0.000000 0.000000 0.000000 0.000000 0.000000
1	-13	-508	0.358	5
-43	-37	-478	0.400	6
-41	-51	-543	0.430	7
-73	-57	-499	0.456	8
-14	-41	-537	0.488	9
-5	-31	-506	0.521	10
-6	-47	-513	0.551	11
-8	-31	-516	0.578	12
-10	-35	-515	0.605	13
-5	-43	-514	0.633	14
-8	-35	-515	0.665	15
-10	-39	-512	0.691	16
-6	-37	-517	0.720	17
-9	-35	-516	0.746	18
-8	-39	-515	0.774	19
-10	-40	-513	0.797	20
-8	-42	-514	0.820	21
-8	-40	-515	0.845	22
-9	-43	-514	0.864	23
-8	-42	-515	0.882	24
-7	-42	-515	0.900	25
-8	-44	-514	0.915	26
-7	-46	-514	0.932	27
-13	-45	-513	0.946	28
-7	-48	-516	0.958	29
-8	-45	-515	0.972	30
-8	-47	-514	0.984	31
-8	-49	-514	0.992	32
-6	-50	-515	1.003	33
-7	-48	-515	1.011	34
-7	-49	-514	1.019	35
-9	-50	-514	1.029	36
-7	-52	-514	1.036	37
-7	-52	-514	1.043	38
-6	-52	-515	1.050	39
-6	-55	-514	1.055	40
-7	-54	-514	1.061	41
-7	-56	-514	1.067	42
-8	-57	-514	1.072	43
-8	-58	-514	1.078	44
-6	-57	-514	1.083	45
-7	-60	-514	1.087	46
-7	-59	-514	1.093	47
-7	-59	-514	1.097	48
-7	-61	-514	1.100	49
-7	-59	-514	1.105	50
-7	-60	-514	1.109	51
-6	-60	-514	1.113	52
-7	-60	-514	1.116	53
-7	-62	-513	1.120	54
-6	-62	-514	1.123	55
-10	-62	-514	1.127	56
-7	-62	-514	1.128	57
-8	-61	-514	1.133	58
-8	-63	-514	1.135	59
-8	-64	-514	1.138	60
-8	-63	-515	1.141	61
-7	-65	-514	1.144	62
-8	-65	-514	1.145	63
-7	-66	-513	1.147	64
-7	-66	-514	1.150	65
-7	-67	-514	1.152	66
-8	-66	-514	1.153	67
-9	-69	-513	1.156	68
-7	-67	-515	1.159	69
-7	-69	-513	1.159	70
-8	-71	-513	1.161	71
-7	-68	-515	1.164	72
-7	-67	-515	1.165	73
-8	-70	-513	1.167	74
-8	-69	-513	1.168	75
-8	-68	-514	1.169	76
-9	-70	-513	1.169	77
-8	-70	-513	1.171	78
-7	-72	-513	1.173	79
-8	-73	-513	1.173	80
-9	-73	-513	1.176	81
-9	-72	-513	1.177	82
-7	-70	-514	1.178	83
-7	-71	-514	1.179	84
-8	-70	-514	1.178	85
-8	-70	-513	1.180	86
-8	-69	-514	1.181	87
-8	-71	-514	1.182	88
-8	-72	-513	1.181	89
-8	-71	-513	1.183	90
-8	-71	-514	1.182	91
-8	-72	-513	1.185	92
-8	-73	-513	1.184	93
-7	-74	-514	1.186	94
-8	-74	-513	1.186	95
-7	-73	-515	1.188	96
-8	-73	-514	1.188	97
-8	-75	-513	1.187	98
-8	-75	-513	1.189	99
-8	-73	-514	1.189	100
-8	-72	-514	1.189	101
-9	-71	-513	1.191	102
-6	-71	-513	1.189	103
-8	-70	-514	1.192	104
-8	-71	-514	1.190	105
-7	-71	-514	1.192	106
-8	-72	-513	1.193	107
-7	-71	-514	1.193	108
-8	-72	-513	1.193	109
-7	-71	-515	1.194	110
-8	-72	-514	1.194	111
-8	-72	-513	1.193	112
-8	-72	-514	1.194	113
-9	-74	-513	1.193	114
-8	-74	-513	1.194	115
-8	-73	-514	1.194	116
-9	-76	-513	1.196	117
-9	-76	-512	1.196	118
-9	-75	-513	1.198	119
-9	-75	-512	1.198	120
-8	-73	-514	1.198	121
-7	-75	-513	1.196	122
-7	-75	-514	1.197	123
-9	-76	-512	1.196	124
-9	-75	-514	1.196	125
-10	-77	-513	1.199	126
-9	-79	-511	1.199	127
-8	-75	-515	1.199	128
-9	-77	-514	1.199	129
-9	-79	-513	1.197	130
-9	-78	-514	1.199	131
-10	-80	-512	1.198	132
-9	-79	-513	1.197	133
-9	-78	-513	1.198	134
-9	-80	-513	1.198	135
-8	-82	-512	1.198	136
-9	-79	-513	1.198	137
-9	-81	-513	1.198	138
-9	-81	-512	1.198	139
-9	-82	-512	1.199	140
-8	-80	-513	1.199	141
-8	-79	-513	1.200	142
-8	-79	-514	1.198	143
-9	-80	-515	1.198	144
-11	-82	-511	1.198	145
-9	-79	-514	1.198	146
-9	-82	-512	1.199	147
-10	-82	-511	1.198	148
-11	-81	-513	1.198	149
-10	-82	-512	1.197	150
-9	-83	-512	1.198	151
-9	-81	-514	1.198	152
-10	-82	-512	1.198	153
-8	-82	-513	1.198	154
-9	-82	-513	1.198	155
-9	-85	-512	1.199	156
-9	-81	-514	1.198	157
-9	-80	-512	1.196	158
-10	-82	-512	1.198	159
-8	-84	-512	1.198	160
-7	-83	-515	1.198	161
-7	-83	-514	1.198	162
-9	-81	-513	1.198	163
-10	-82	-512	1.198	164
-10	-81	-513	1.197	165
-9	-81	-513	1.197	166
-9	-82	-514	1.197	167
-11	-84	-513	1.197	168
-9	-82	-513	1.196	169
-9	-84	-512	1.197	170
-9	-83	-512	1.195	171
-9	-81	-514	1.197	172
-9	-85	-511	1.196	173
-9	-83	-512	1.194	174
-8	-83	-514	1.194	175
-8	-85	-512	1.196	176
-7	-83	-514	1.194	177
-10	-85	-512	1.193	178
-9	-82	-513	1.194	179
-9	-84	-513	1.193	180
-10	-84	-512	1.194	181
-10	-84	-513	1.195	182
-9	-84	-512	1.194	183
-9	-84	-513	1.194	184
-9	-83	-513	1.194	185
-9	-83	-513	1.195	186
-10	-83	-512	1.193	187
-9	-82	-512	1.194	188
-11	-82	-512	1.193	189
-9	-82	-513	1.193	190
-8	-81	-514	1.192	191
-9	-83	-513	1.192	192
-9	-82	-513	1.193	193
-9	-82	-513	1.193	194
-9	-81	-513	1.193	195
-9	-82	-513	1.193	196
-9	-83	-512	1.191	197
-10	-83	-513	1.193	198
-10	-83	-512	1.193	199
-9	-82	-513	1.191	200
-9	-83	-513	1.192	201
-10	-83	-512	1.191	202
-9	-83	-513	1.192	203
-9	-83	-512	1.192	204
-8	-83	-513	1.192	205
-8	-83	-513	1.190	206
-8	-81	-513	1.189	207
-8	-80	-514	1.189	208
-9	-80	-514	1.189	209
-9	-82	-513	1.189	210
-9	-79	-514	1.190	211
-9	-82	-512	1.188	212
-7	-79	-515	1.189	213
-11	-79	-514	1.188	214
-13	-83	-511	1.187	215
-8	-80	-513	1.189	216
-6	-82	-512	1.188	217
-8	-79	-514	1.188	218
-8	-81	-514	1.189	219
-9	-80	-514	1.187	220
-10	-81	-511	1.188	221
-8	-80	-513	1.189	222
-9	-79	-515	1.186	223
-10	-82	-512	1.186	224
-9	-82	-513	1.186	225
-9	-82	-511	1.187	226
-9	-82	-512	1.185	227
-9	-80	-514	1.187	228
-8	-80	-513	1.188	229
-9	-80	-512	1.186	230
-7	-81	-513	1.187	231
-8	-81	-513	1.185	232
-8	-81	-513	1.186	233
-8	-80	-513	1.186	234
-9	-80	-513	1.186	235
-8	-79	-513	1.187	236
-8	-80	-513	1.188	237
-8	-79	-512	1.189	238
-8	-79	-513	1.188	239
-8	-80	-513	1.188	240
-8	-80	-513	1.189	241
-8	-78	-514	1.189	242
-8	-78	-514	1.188	243
-9	-81	-512	1.189	244
-8	-80	-513	1.189	245
-8	-79	-514	1.190	246
-8	-81	-513	1.190	247
-8	-81	-514	1.190	248
-9	-81	-513	1.191	249
-11	-80	-512	1.189	250
-8	-78	-513	1.190	251
-9	-80	-513	1.192	252
-8	-80	-514	1.191	253
-8	-81	-513	1.191	254
-9	-82	-513	1.190	255
-9	-82	-512	1.190	256
-8	-82	-513	1.189	257
-8	-81	-513	1.190	258
-8	-83	-512	1.192	259
-8	-81	-513	1.191	260
-9	-81	-513	1.191	261
-9	-82	-513	1.191	262
-7	-81	-514	1.193	263
-9	-81	-513	1.192	264
-8	-80	-514	1.191	265
-9	-80	-512	1.191	266
-7	-78	-515	1.193	267
-9	-82	-512	1.191	268
-9	-81	-513	1.193	269
-8	-80	-514	1.191	270
-9	-81	-513	1.193	271
-9	-81	-513	1.193	272
-7	-79	-514	1.193	273
-8	-80	-513	1.191	274
-8	-81	-514	1.190	275
-8	-81	-513	1.191	276
-7	-81	-513	1.190	277
-9	-82	-513	1.192	278
-8	-81	-513	1.190	279
-10	-82	-512	1.192	280
-9	-81	-512	1.189	281
-9	-81	-512	1.189	282
-9	-79	-513	1.191	283
-9	-81	-513	1.190	284
-8	-82	-512	1.188	285
-8	-80	-513	1.190	286
-8	-81	-513	1.189	287
-8	-78	-514	1.188	288
-8	-81	-513	1.189	289
-7	-81	-513	1.188	290
-7	-81	-512	1.188	291
-7	-80	-513	1.189	292
-7	-81	-513	1.189	293
-8	-78	-514	1.189	294
-9	-78	-513	1.188	295
-8	-78	-512	1.188	296
-9	-77	-512	1.188	297
-8	-76	-512	1.187	298
-8	-74	-513	1.187	299
-8	-73	-514	1.189	300
-8	-73	-513	1.188	301
-8	-73	-514	1.188	302
-7	-72	-514	1.188	303
-7	-72	-513	1.187	304
-9	-73	-512	1.187	305
-7	-70	-515	1.188	306
-7	-69	-514	1.189	307
-8	-72	-512	1.189	308
-8	-71	-514	1.188	309
-8	-72	-514	1.190	310
-8	-71	-514	1.188	311
-8	-72	-514	1.190	312
-7	-71	-514	1.191	313
-8	-71	-514	1.192	314
-8	-72	-513	1.191	315
-8	-72	-513	1.191	316
-8	-71	-514	1.190	317
-8	-72	-513	1.191	318
-8	-72	-514	1.192	319
-7	-73	-513	1.193	320
-7	-73	-514	1.193	321
-7	-74	-512	1.193	322
-7	-73	-514	1.194	323
-7	-72	-514	1.195	324
-7	-72	-513	1.195	325
-7	-72	-513	1.194	326
-7	-72	-514	1.193	327
-7	-72	-513	1.196	328
-7	-72	-513	1.195	329
-7	-71	-514	1.194	330
-7	-71	-514	1.196	331
-8	-73	-512	1.196	332
-7	-71	-513	1.195	333
-7	-72	-513	1.197	334
-7	-71	-513	1.198	335
-6	-71	-514	1.198	336
-7	-71	-514	1.197	337
-7	-72	-514	1.198	338
-7	-72	-514	1.197	339
-8	-73	-513	1.199	340
-7	-73	-514	1.199	341
-7	-73	-513	1.198	342
-7	-73	-514	1.199	343
-7	-73	-514	1.198	344
-7	-73	-514	1.199	345
-8	-72	-514	1.200	346
-8	-72	-514	1.199	347
-7	-72	-514	1.200	348
-7	-72	-514	1.198	349
-7	-72	-514	1.199	350
-8	-74	-512	1.200	351
-7	-73	-513	1.200	352
-8	-73	-513	1.201	353
-7	-72	-514	1.200	354
-7	-72	-513	1.199	355
-7	-73	-514	1.200	356
-7	-72	-514	1.201	357
-8	-73	-513	1.199	358
-7	-73	-513	1.202	359
-7	-74	-513	1.199	360
-6	-74	-513	1.202	361
-8	-73	-513	1.202	362
-8	-72	-514	1.200	363
-7	-72	-514	1.201	364
-7	-71	-514	1.200	365
-6	-71	-514	1.200	366
-7	-72	-513	1.202	367
-7	-72	-513	1.200	368
-7	-72	-514	1.201	369
-7	-72	-513	1.201	370
-7	-71	-514	1.202	371
-7	-73	-513	1.202	372
-7	-72	-514	1.202	373
-6	-74	-513	1.202	374
-7	-72	-514	1.202	375
-7	-73	-513	1.202	376
-7	-73	-513	1.202	377
-7	-73	-513	1.202	378
-7	-71	-514	1.202	379
-7	-72	-514	1.202	380
-7	-74	-512	1.201	381
-7	-73	-514	1.201	382
-7	-73	-514	1.202	383
-7	-72	-514	1.202	384
-7	-74	-512	1.203	385
-7	-73	-514	1.203	386
-7	-74	-514	1.202	387
-7	-74	-514	1.202	388
-8	-75	-513	1.202	389
-8	-75	-513	1.202	390
-9	-76	-513	1.202	391
-8	-73	-513	1.204	392
-8	-75	-513	1.204	393
-7	-74	-513	1.204	394
-7	-74	-513	1.202	395
-7	-74	-514	1.204	396
-7	-74	-514	1.202	397
-7	-73	-514	1.204	398
-8	-74	-513	1.205	399
-7	-74	-513	1.204	400
-8	-74	-512	1.202	401
-7	-74	-513	1.203	402
-7	-73	-513	1.204	403
-7	-73	-514	1.202	404
-8	-73	-512	1.204	405
-8	-73	-514	1.202	406
-7	-73	-513	1.202	407
-8	-73	-513	1.204	408
-7	-73	-513	1.202	409
-7	-73	-513	1.204	410
-7	-72	-514	1.203	411
-9	-73	-513	1.204	412
-7	-72	-513	1.203	413
-8	-73	-513	1.202	414
-8	-71	-514	1.204	415
-9	-70	-513	1.204	416
-8	-70	-513	1.204	417
-7	-72	-514	1.202	418
-7	-71	-514	1.204	419
-8	-73	-513	1.204	420
-5	-76	-512	1.205	421
-5	-73	-514	1.204	422
-7	-73	-514	1.204	423
-9	-73	-514	1.205	424
-7	-74	-514	1.206	425
-6	-74	-514	1.204	426
-7	-72	-515	1.203	427
-8	-73	-513	1.202	428
-8	-72	-514	1.204	429
-7	-75	-513	1.204	430
-6	-75	-513	1.206	431
-7	-72	-514	1.203	432
-9	-73	-512	1.205	433
-9	-72	-513	1.204	434
-7	-73	-513	1.204	435
-7	-74	-512	1.205	436
-9	-74	-512	1.205	437
-6	-73	-513	1.204	438
-7	-73	-514	1.205	439
-7	-72	-513	1.203	440
-8	-70	-514	1.204	441
-8	-71	-513	1.205	442
-5	-74	-513	1.205	443
-5	-75	-513	1.205	444
-5	-73	-513	1.203	445
-7	-73	-513	1.205	446
-7	-71	-514	1.205	447
-6	-71	-514	1.203	448
-7	-71	-514	1.204	449
-8	-73	-512	1.206	450
-7	-71	-513	1.206	451
-6	-72	-514	1.206	452
-4	-73	-513	1.203	453
-5	-73	-513	1.203	454
-7	-70	-514	1.204	455
-5	-72	-513	1.206	456
-6	-73	-513	1.205	457
-5	-74	-512	1.206	458
-6	-72	-514	1.204	459
-7	-70	-514	1.205	460
-5	-72	-514	1.204	461
-5	-70	-514	1.205	462
-6	-71	-513	1.205	463
-4	-72	-514	1.204	464
-5	-72	-513	1.206	465
-6	-72	-513	1.206	466
-6	-71	-513	1.206	467
-6	-70	-513	1.206	468
-5	-69	-514	1.204	469
-6	-69	-513	1.206	470
-7	-68	-514	1.205	471
-7	-69	-513	1.204	472
-6	-68	-514	1.206	473
-6	-71	-514	1.204	474
-7	-71	-513	1.206	475
-6	-71	-513	1.206	476
-4	-69	-514	1.206	477
-6	-69	-514	1.205	478
-6	-69	-514	1.207	479
-7	-69	-514	1.206	480
-7	-69	-513	1.206	481
-6	-69	-513	1.206	482
-7	-69	-513	1.207	483
-7	-69	-513	1.207	484
-6	-70	-513	1.207	485
-7	-67	-514	1.207	486
-8	-67	-513	1.206	487
-6	-70	-513	1.206	488
-6	-68	-514	1.206	489
-8	-68	-513	1.207	490
-7	-67	-514	1.208	491
-6	-69	-513	1.209	492
-5	-69	-513	1.207	493
-6	-67	-513	1.206	494
-6	-69	-513	1.207	495
-7	-68	-513	1.208	496
-5	-70	-513	1.209	497
-4	-69	-513	1.207	498
-5	-69	-513	1.210	499
-5	-66	-514	1.208	500
-6	-68	-513	1.207	501
-6	-68	-513	1.208	502
-5	-67	-514	1.209	503
-4	-66	-514	1.212	504
-6	-67	-513	1.208	505
-5	-67	-513	1.208	506
-6	-65	-514	1.209	507
-6	-67	-514	1.210	508
-7	-66	-514	1.209	509
-7	-66	-514	1.209	510
-6	-68	-513	1.209	511
-5	-69	-513	1.209	512
-5	-68	-514	1.209	513
-5	-69	-514	1.210	514
-7	-68	-513	1.210	515
-8	-65	-515	1.210	516
-6	-66	-514	1.210	517
-6	-66	-514	1.211	518
-6	-67	-514	1.210	519
-6	-66	-513	1.211	520
-7	-67	-513	1.210	521
-6	-67	-514	1.213	522
-5	-68	-513	1.211	523
-5	-68	-513	1.212	524
-6	-68	-513	1.213	525
-6	-70	-513	1.210	526
-7	-69	-514	1.212	527
-5	-69	-514	1.212	528
-6	-70	-513	1.212	529
-6	-68	-514	1.214	530
-6	-68	-514	1.214	531
-6	-66	-514	1.214	532
-7	-66	-513	1.212	533
-6	-65	-514	1.213	534
-6	-64	-514	1.212	535
-6	-64	-514	1.213	536
-5	-66	-513	1.214	537
-5	-65	-514	1.214	538
-5	-66	-513	1.214	539
-5	-65	-514	1.212	540
-5	-65	-514	1.214	541
-6	-66	-514	1.215	542
-6	-66	-514	1.213	543
-6	-68	-513	1.213	544
-6	-65	-514	1.214	545
-6	-66	-514	1.214	546
-6	-66	-513	1.213	547
-6	-65	-513	1.214	548
-5	-67	-513	1.212	549
-6	-65	-514	1.213	550
-7	-64	-514	1.213	551
-6	-67	-514	1.214	552
-7	-65	-514	1.214	553
-6	-66	-514	1.213	554
-7	-68	-513	1.214	555
-7	-67	-514	1.213	556
-7	-68	-513	1.214	557
-7	-68	-514	1.214	558
-7	-68	-514	1.214	559
-7	-67	-514	1.215	560
-6	-68	-514	1.215	561
-7	-67	-513	1.215	562
-7	-68	-513	1.214	563
-6	-68	-514	1.215	564
-6	-67	-514	1.214	565
-6	-68	-513	1.216	566
-6	-67	-514	1.216	567
-6	-67	-514	1.214	568
-6	-67	-514	1.212	569
-7	-68	-513	1.214	570
-6	-69	-514	1.215	571
-6	-67	-514	1.215	572
-6	-66	-514	1.215	573
-7	-67	-514	1.214	574
-7	-66	-514	1.215	575
-7	-67	-513	1.216	576
-6	-67	-514	1.215	577
-6	-67	-515	1.214	578
-7	-67	-514	1.216	579
-5	-68	-514	1.215	580
-5	-72	-512	1.215	581
-7	-69	-515	1.215	582
-6	-73	-513	1.214	583
-7	-70	-513	1.215	584
-8	-69	-513	1.214	585
-8	-69	-513	1.217	586
-8	-70	-513	1.215	587
-6	-69	-514	1.216	588
-7	-70	-513	1.214	589
-6	-68	-514	1.215	590
-6	-68	-514	1.214	591
-6	-69	-514	1.214	592
-6	-68	-514	1.215	593
-7	-67	-514	1.214	594
-6	-68	-513	1.215	595
-6	-68	-514	1.215	596
-5	-67	-514	1.213	597
-7	-67	-513	1.214	598
-7	-67	-514	1.215	599
0.000000 0.000000 0.000000 0.000000 0.000000
16	-56	-486	0.330	5
-23	-43	-519	0.332	6
-9	-70	-485	0.333	7
-3	-51	-517	0.338	8
7	-35	-513	0.351	9
-23	-60	-515	0.365	10
-9	-48	-515	0.382	11
-11	-47	-515	0.400	12
-5	-60	-515	0.422	13
-1	-58	-514	0.446	14
6	-35	-517	0.475	15
-6	-48	-516	0.500	16
-19	-61	-514	0.530	17
-9	-54	-515	0.559	18
-10	-53	-515	0.591	19
-9	-57	-514	0.622	20
-11	-55	-515	0.651	21
-11	-59	-513	0.678	22
-9	-58	-514	0.706	23
-10	-59	-514	0.732	24
-10	-64	-512	0.756	25
-12	-60	-514	0.780	26
-10	-59	-514	0.803	27
-10	-58	-515	0.825	28
-14	-59	-513	0.849	29
-12	-61	-513	0.870	30
-11	-56	-515	0.890	31
-11	-61	-512	0.909	32
-11	-59	-514	0.928	33
-12	-59	-514	0.946	34
-9	-59	-514	0.966	35
-15	-60	-513	0.984	36
-9	-60	-514	1.001	37
-12	-59	-513	1.017	38
-11	-60	-514	1.032	39
-11	-62	-514	1.049	40
-10	-60	-515	1.065	41
-8	-64	-514	1.081	42
-10	-59	-517	1.095	43
-11	-61	-514	1.109	44
-10	-64	-513	1.123	45
-10	-63	-513	1.138	46
-9	-69	-512	1.152	47
-9	-66	-513	1.165	48
-9	-64	-513	1.176	49
-9	-66	-513	1.186	50
-9	-64	-514	1.198	51
-10	-63	-514	1.210	52
-9	-62	-514	1.218	53
-9	-63	-514	1.231	54
-9	-62	-514	1.239	55
-9	-62	-514	1.249	56
-10	-64	-513	1.256	57
-10	-63	-514	1.265	58
-11	-62	-514	1.272	59
-10	-63	-514	1.281	60
-10	-63	-514	1.288	61
-9	-62	-514	1.296	62
-9	-62	-514	1.303	63
-10	-62	-514	1.309	64
-10	-62	-514	1.314	65
-10	-61	-514	1.323	66
-9	-62	-515	1.326	67
-9	-63	-514	1.335	68
-11	-61	-514	1.339	69
-11	-62	-514	1.347	70
-9	-64	-513	1.349	71
-8	-64	-513	1.355	72
-9	-63	-514	1.359	73
-10	-62	-514	1.367	74
-11	-62	-514	1.370	75
-10	-62	-514	1.376	76
-10	-63	-513	1.381	77
-9	-63	-513	1.385	78
-9	-63	-514	1.388	79
-10	-62	-514	1.393	80
-9	-63	-513	1.397	81
-11	-65	-514	1.399	82
-9	-64	-514	1.405	83
-10	-62	-514	1.407	84
-10	-61	-515	1.412	85
-10	-63	-514	1.415	86
-9	-63	-514	1.418	87
-9	-63	-513	1.422	88
-10	-62	-514	1.425	89
-9	-62	-514	1.428	90
-9	-62	-514	1.430	91
-11	-63	-513	1.434	92
-10	-62	-514	1.436	93
-10	-62	-514	1.438	94
-10	-62	-514	1.442	95
-8	-61	-515	1.445	96
-8	-63	-514	1.446	97
-9	-63	-514	1.448	98
-11	-60	-514	1.450	99
-10	-62	-514	1.453	100
-7	-64	-514	1.454	101
-9	-63	-514	1.457	102
-9	-64	-514	1.459	103
-9	-64	-513	1.462	104
-8	-63	-514	1.463	105
-9	-64	-513	1.464	106
-8	-63	-514	1.467	107
-9	-63	-514	1.470	108
-9	-64	-514	1.472	109
-11	-63	-513	1.472	110
-10	-62	-514	1.475	111
-9	-63	-514	1.475	112
-9	-64	-514	1.479	113
-8	-63	-514	1.478	114
-10	-61	-514	1.481	115
-11	-62	-514	1.481	116
-11	-62	-514	1.482	117
-11	-63	-514	1.485	118
-10	-62	-514	1.487	119
-10	-63	-514	1.485	120
-10	-62	-514	1.489	121
-9	-63	-514	1.490	122
-8	-63	-515	1.489	123
-9	-63	-513	1.491	124
-9	-65	-513	1.492	125
-10	-64	-513	1.493	126
-9	-63	-514	1.493	127
-10	-64	-514	1.494	128
-8	-64	-514	1.496	129
-10	-63	-514	1.496	130
-10	-63	-514	1.497	131
-9	-63	-514	1.500	132
-10	-62	-514	1.501	133
-12	-62	-514	1.501	134
-9	-63	-514	1.501	135
-10	-61	-514	1.502	136
-8	-63	-514	1.503	137
-10	-64	-514	1.503	138
-8	-64	-514	1.504	139
-9	-64	-514	1.505	140
-9	-61	-515	1.505	141
-10	-62	-514	1.505	142
-9	-62	-514	1.505	143
-10	-63	-513	1.506	144
-10	-64	-514	1.508	145
-9	-64	-514	1.509	146
-9	-64	-514	1.509	147
-10	-63	-515	1.509	148
-10	-63	-515	1.509	149
-10	-65	-514	1.510	150
-10	-66	-513	1.510	151
-8	-65	-514	1.512	152
-9	-65	-514	1.513	153
-10	-64	-513	1.513	154
-11	-64	-513	1.512	155
-11	-64	-514	1.513	156
-9	-65	-514	1.512	157
-9	-63	-514	1.513	158
-10	-61	-515	1.513	159
-9	-63	-514	1.514	160
-6	-65	-514	1.516	161
-11	-63	-514	1.514	162
-9	-64	-513	1.514	163
-10	-64	-515	1.515	164
-8	-65	-513	1.515	165
-8	-65	-514	1.517	166
-10	-67	-513	1.515	167
-8	-65	-514	1.516	168
-9	-67	-513	1.517	169
-10	-66	-512	1.517	170
-9	-64	-514	1.516	171
-10	-62	-514	1.516	172
-10	-62	-514	1.518	173
-10	-63	-513	1.519	174
-9	-61	-514	1.518	175
-10	-63	-514	1.517	176
-8	-62	-514	1.517	177
-9	-63	-514	1.520	178
-9	-63	-514	1.518	179
-10	-62	-514	1.518	180
-9	-64	-514	1.518	181
-9	-64	-514	1.518	182
-9	-64	-514	1.521	183
-10	-65	-513	1.520	184
-9	-64	-514	1.521	185
-11	-64	-514	1.521	186
-8	-64	-514	1.521	187
-9	-65	-513	1.520	188
-10	-63	-514	1.520	189
-10	-63	-514	1.523	190
-7	-63	-514	1.518	191
-9	-63	-514	1.520	192
-9	-62	-514	1.521	193
-9	-63	-514	1.522	194
-9	-63	-513	1.521	195
-9	-62	-514	1.523	196
-9	-63	-514	1.523	197
-8	-64	-514	1.521	198
-7	-64	-514	1.523	199
-9	-63	-514	1.524	200
-10	-62	-514	1.523	201
-9	-63	-514	1.523	202
-9	-61	-514	1.525	203
-9	-62	-514	1.523	204
-8	-62	-514	1.523	205
-8	-62	-514	1.525	206
-7	-62	-514	1.525	207
-9	-62	-514	1.525	208
-9	-60	-515	1.525	209
-11	-60	-515	1.525	210
-8	-63	-514	1.525	211
-7	-63	-514	1.526	212
-10	-62	-514	1.526	213
-10	-62	-514	1.527	214
-10	-62	-513	1.525	215
-9	-62	-514	1.525	216
-9	-63	-514	1.526	217
-7	-63	-514	1.527	218
-9	-61	-515	1.525	219
-8	-63	-514	1.525	220
-9	-61	-514	1.527	221
-9	-61	-514	1.528	222
-8	-62	-514	1.528	223
-8	-62	-514	1.528	224
-10	-60	-514	1.527	225
-7	-61	-514	1.526	226
-8	-61	-514	1.527	227
-10	-61	-513	1.528	228
-9	-60	-514	1.527	229
-8	-62	-514	1.528	230
-9	-61	-514	1.528	231
-9	-61	-514	1.529	232
-9	-61	-514	1.528	233
-9	-61	-514	1.528	234
-8	-60	-514	1.528	235
-9	-59	-514	1.530	236
-9	-60	-514	1.531	237
-9	-60	-514	1.528	238
-9	-61	-514	1.530	239
-10	-61	-514	1.530	240
-8	-61	-514	1.531	241
-9	-60	-514	1.530	242
-10	-59	-514	1.531	243
-8	-60	-514	1.531	244
-8	-62	-514	1.531	245
-10	-58	-514	1.530	246
-9	-61	-514	1.531	247
-7	-61	-514	1.530	248
-8	-61	-514	1.530	249
-10	-59	-514	1.532	250
-9	-60	-514	1.530	251
-9	-61	-514	1.531	252
-8	-60	-514	1.530	253
-8	-61	-514	1.530	254
-8	-59	-515	1.530	255
-7	-60	-514	1.530	256
-10	-60	-514	1.529	257
-7	-61	-514	1.528	258
-8	-62	-513	1.530	259
-8	-61	-514	1.529	260
-10	-60	-514	1.527	261
-9	-60	-514	1.530	262
-10	-60	-514	1.529	263
-9	-61	-514	1.527	264
-8	-60	-514	1.528	265
-10	-61	-514	1.528	266
-11	-58	-514	1.528	267
-8	-61	-514	1.527	268
-8	-61	-514	1.528	269
-9	-61	-514	1.526	270
-8	-60	-515	1.526	271
-8	-61	-514	1.528	272
-8	-60	-514	1.528	273
-10	-60	-514	1.526	274
-9	-59	-514	1.525	275
-9	-61	-514	1.529	276
-7	-57	-515	1.527	277
-10	-59	-514	1.526	278
-8	-60	-514	1.528	279
-9	-59	-514	1.530	280
-9	-60	-514	1.528	281
-9	-59	-515	1.527	282
-10	-60	-514	1.525	283
-11	-60	-513	1.528	284
-9	-60	-513	1.528	285
-9	-59	-515	1.526	286
-9	-60	-513	1.528	287
-9	-59	-514	1.527	288
-10	-60	-514	1.526	289
-9	-61	-513	1.525	290
-9	-61	-514	1.525	291
-9	-60	-514	1.526	292
-10	-59	-514	1.525	293
-8	-62	-514	1.523	294
-9	-59	-514	1.523	295
-8	-61	-514	1.524	296
-8	-60	-514	1.522	297
-8	-60	-514	1.520	298
-9	-59	-514	1.519	299
-8	-60	-514	1.523	300
-9	-60	-514	1.521	301
-9	-59	-514	1.521	302
-9	-60	-514	1.519	303
-9	-60	-515	1.519	304
-9	-60	-514	1.518	305
-10	-61	-514	1.520	306
-9	-60	-514	1.519	307
-9	-60	-514	1.519	308
-9	-62	-514	1.520	309
-8	-60	-514	1.521	310
-10	-60	-514	1.521	311
-9	-61	-514	1.520	312
-10	-61	-514	1.519	313
-10	-61	-514	1.520	314
-9	-61	-514	1.521	315
-10	-61	-514	1.518	316
-9	-60	-515	1.518	317
-8	-61	-515	1.517	318
-10	-61	-514	1.518	319
-9	-62	-514	1.517	320
-9	-60	-514	1.517	321
-10	-61	-514	1.517	322
-10	-61	-514	1.516	323
-9	-60	-514	1.512	324
-8	-60	-514	1.511	325
-9	-59	-514	1.510	326
-10	-60	-514	1.511	327
-9	-60	-515	1.509	328
-9	-59	-515	1.509	329
-9	-61	-514	1.508	330
-9	-60	-514	1.506	331
-9	-61	-514	1.506	332
-10	-62	-515	1.505	333
-10	-62	-514	1.505	334
-9	-62	-514	1.505	335
-8	-61	-514	1.505	336
-10	-62	-514	1.503	337
-10	-62	-514	1.501	338
-10	-61	-514	1.502	339
-10	-60	-514	1.502	340
-10	-60	-514	1.502	341
-10	-61	-514	1.500	342
-9	-62	-514	1.499	343
-10	-61	-514	1.500	344
-10	-62	-514	1.499	345
-9	-61	-514	1.496	346
-9	-62	-514	1.494	347
-8	-62	-514	1.496	348
-10	-62	-514	1.494	349
-10	-62	-514	1.493	350
-10	-61	-514	1.492	351
-9	-62	-514	1.492	352
-8	-62	-514	1.492	353
-8	-62	-514	1.491	354
-10	-62	-514	1.489	355
-10	-60	-514	1.490	356
-10	-62	-514	1.488	357
-9	-61	-514	1.488	358
-8	-62	-514	1.488	359
-7	-62	-514	1.488	360
-11	-61	-513	1.486	361
-8	-63	-514	1.486	362
-9	-63	-514	1.485	363
-9	-61	-514	1.484	364
-11	-61	-514	1.484	365
-9	-62	-514	1.483	366
-7	-63	-514	1.482	367
-9	-62	-514	1.483	368
-10	-62	-514	1.480	369
-9	-62	-514	1.480	370
-7	-63	-514	1.480	371
-9	-62	-514	1.480	372
-9	-63	-514	1.479	373
-8	-63	-514	1.478	374
-7	-64	-513	1.477	375
-8	-62	-514	1.478	376
-10	-63	-514	1.475	377
-7	-64	-514	1.476	378
-7	-61	-514	1.474	379
-9	-62	-514	1.475	380
-10	-63	-513	1.473	381
-9	-61	-514	1.475	382
-12	-63	-513	1.473	383
-11	-65	-513	1.472	384
-8	-65	-514	1.472	385
-11	-64	-514	1.472	386
-12	-63	-514	1.472	387
-9	-67	-514	1.471	388
-10	-66	-514	1.470	389
-11	-66	-514	1.468	390
-11	-64	-514	1.471	391
-11	-66	-514	1.468	392
-9	-64	-514	1.467	393
-9	-64	-514	1.467	394
-9	-67	-513	1.465	395
-10	-66	-513	1.463	396
-9	-65	-514	1.462	397
-9	-66	-513	1.461	398
-10	-65	-514	1.462	399
-11	-65	-514	1.460	400
-10	-64	-514	1.459	401
-10	-64	-514	1.457	402
-9	-65	-514	1.457	403
-8	-66	-514	1.455	404
-10	-64	-514	1.453	405
-9	-64	-514	1.453	406
-10	-63	-514	1.451	407
-9	-63	-514	1.448	408
-8	-64	-514	1.450	409
-9	-64	-514	1.448	410
-10	-62	-515	1.447	411
-10	-62	-514	1.444	412
-8	-63	-514	1.444	413
-8	-63	-513	1.444	414
-9	-63	-514	1.444	415
-8	-63	-514	1.440	416
-8	-62	-514	1.441	417
-10	-61	-514	1.439	418
-9	-62	-514	1.438	419
-7	-63	-513	1.436	420
-8	-62	-514	1.437	421
-10	-61	-514	1.435	422
-10	-61	-514	1.435	423
-9	-60	-514	1.433	424
-8	-63	-513	1.432	425
-8	-62	-514	1.431	426
-7	-62	-514	1.432	427
-8	-61	-514	1.431	428
-10	-62	-514	1.430	429
-8	-62	-514	1.430	430
-10	-60	-514	1.430	431
-10	-59	-514	1.430	432
-7	-62	-514	1.428	433
-7	-63	-513	1.429	434
-9	-61	-514	1.428	435
-10	-61	-514	1.429	436
-9	-62	-514	1.427	437
-9	-60	-514	1.428	438
-8	-61	-514	1.429	439
-8	-62	-514	1.428	440
-8	-62	-513	1.427	441
-10	-62	-514	1.429	442
-9	-62	-513	1.427	443
-10	-62	-514	1.427	444
-9	-62	-514	1.428	445
-8	-62	-514	1.430	446
-9	-62	-514	1.430	447
-9	-60	-514	1.430	448
-9	-61	-514	1.430	449
-10	-62	-514	1.431	450
-8	-62	-514	1.431	451
-9	-61	-514	1.432	452
-9	-61	-514	1.433	453
-9	-61	-514	1.433	454
-9	-61	-514	1.433	455
-9	-62	-514	1.433	456
-9	-61	-514	1.434	457
-9	-63	-514	1.434	458
-9	-61	-514	1.435	459
-8	-62	-514	1.435	460
-8	-61	-514	1.438	461
-8	-62	-514	1.438	462
-9	-62	-514	1.439	463
-9	-61	-514	1.438	464
-9	-61	-514	1.441	465
-9	-61	-513	1.441	466
-8	-63	-514	1.442	467
-7	-63	-514	1.444	468
-9	-62	-514	1.442	469
-10	-61	-514	1.444	470
-9	-63	-514	1.446	471
-8	-62	-514	1.446	472
-9	-62	-514	1.446	473
-10	-61	-514	1.447	474
-9	-61	-514	1.447	475
-8	-61	-514	1.450	476
-8	-62	-514	1.449	477
-9	-61	-514	1.451	478
-9	-62	-514	1.451	479
-8	-62	-514	1.451	480
-9	-61	-514	1.453	481
-10	-61	-514	1.453	482
-8	-62	-514	1.454	483
-8	-61	-514	1.455	484
-10	-61	-514	1.456	485
-9	-62	-514	1.458	486
-8	-62	-514	1.458	487
-8	-61	-514	1.459	488
-8	-61	-514	1.460	489
-9	-60	-514	1.459	490
-9	-60	-514	1.460	491
-9	-61	-514	1.463	492
-8	-62	-514	1.463	493
-8	-61	-514	1.463	494
-8	-62	-514	1.463	495
-8	-62	-514	1.465	496
-9	-62	-514	1.465	497
-9	-60	-514	1.465	498
-10	-61	-514	1.467	499
-9	-62	-514	1.467	500
-8	-63	-514	1.467	501
-9	-60	-514	1.470	502
-9	-62	-513	1.471	503
-9	-61	-514	1.472	504
-8	-62	-514	1.472	505
-8	-63	-514	1.472	506
-7	-61	-514	1.472	507
-8	-62	-514	1.473	508
-9	-62	-513	1.473	509
-8	-60	-514	1.476	510
-9	-61	-514	1.475	511
-8	-60	-514	1.478	512
-8	-62	-514	1.478	513
-8	-61	-514	1.478	514
-9	-60	-514	1.478	515
-9	-60	-514	1.480	516
-9	-61	-514	1.479	517
-9	-60	-514	1.481	518
-9	-60	-514	1.482	519
-8	-59	-514	1.483	520
-9	-60	-514	1.482	521
-8	-61	-514	1.484	522
-7	-60	-514	1.485	523
-8	-60	-514	1.484	524
-10	-60	-514	1.486	525
-8	-61	-514	1.487	526
-9	-61	-514	1.486	527
-10	-60	-514	1.487	528
-8	-61	-514	1.489	529
-9	-61	-513	1.490	530
-10	-60	-514	1.490	531
-9	-60	-514	1.489	532
-8	-61	-514	1.492	533
-8	-61	-514	1.492	534
-10	-59	-515	1.492	535
-9	-61	-514	1.492	536
-9	-61	-514	1.494	537
-9	-61	-514	1.493	538
-9	-61	-514	1.496	539
-9	-62	-514	1.497	540
-8	-61	-514	1.497	541
-9	-61	-514	1.496	542
-8	-61	-514	1.497	543
-9	-61	-514	1.498	544
-9	-62	-514	1.499	545
-8	-62	-514	1.500	546
-8	-62	-514	1.499	547
-9	-61	-514	1.501	548
-10	-62	-514	1.501	549
-7	-63	-514	1.503	550
-9	-63	-514	1.504	551
-9	-63	-513	1.502	552
-8	-63	-514	1.505	553
-9	-62	-514	1.505	554
-10	-62	-514	1.506	555
-9	-64	-514	1.506	556
-8	-62	-514	1.509	557
-9	-57	-514	1.507	558
-7	-65	-513	1.507	559
-8	-62	-514	1.510	560
-8	-62	-513	1.509	561
-9	-61	-514	1.510	562
-11	-62	-514	1.511	563
-8	-63	-514	1.513	564
-8	-64	-514	1.512	565
-7	-62	-514	1.513	566
-8	-63	-514	1.513	567
-9	-62	-515	1.513	568
-8	-62	-514	1.514	569
-7	-63	-514	1.515	570
-10	-64	-514	1.515	571
-9	-64	-514	1.517	572
-10	-69	-511	1.517	573
-9	-64	-514	1.517	574
-10	-64	-514	1.519	575
-10	-64	-513	1.519	576
-9	-64	-514	1.518	577
-9	-63	-514	1.519	578
-9	-64	-514	1.520	579
-8	-63	-515	1.521	580
-9	-62	-514	1.520	581
-10	-61	-514	1.522	582
-11	-61	-514	1.521	583
-10	-62	-514	1.522	584
-8	-62	-514	1.522	585
-8	-62	-514	1.523	586
-8	-61	-514	1.523	587
-8	-62	-514	1.525	588
-8	-62	-514	1.525	589
-8	-61	-514	1.525	590
-8	-61	-514	1.527	591
-9	-61	-514	1.525	592
-8	-62	-514	1.525	593
-8	-63	-514	1.525	594
-8	-62	-514	1.526	595
-8	-62	-514	1.529	596
-8	-62	-514	1.526	597
-8	-62	-514	1.528	598
-8	-62	-514	1.528	599
0.000000 0.000000 0.000000 0.000000 0.000000
4	55	-520	0.326	5
14	15	-512	0.331	6
3	-4	-519	0.339	7
-3	-23	-518	0.359	8
-6	-43	-516	0.384	9
0	-53	-517	0.414	10
-13	-63	-512	0.441	11
-8	-51	-515	0.468	12
-10	-60	-511	0.492	13
1	-54	-517	0.517	14
-11	-63	-513	0.538	15
-8	-59	-515	0.558	16
-9	-58	-514	0.577	17
-9	-58	-515	0.596	18
-5	-61	-515	0.615	19
-8	-56	-515	0.633	20
-7	-61	-515	0.650	21
-12	-66	-512	0.667	22
-11	-64	-513	0.684	23
-8	-61	-515	0.702	24
-7	-58	-516	0.716	25
-10	-58	-515	0.731	26
-8	-60	-515	0.746	27
-10	-65	-513	0.760	28
-7	-63	-515	0.775	29
-7	-62	-515	0.788	30
-8	-63	-514	0.800	31
-10	-65	-514	0.812	32
-9	-64	-514	0.823	33
-8	-63	-517	0.835	34
-12	-65	-512	0.845	35
-10	-63	-514	0.856	36
-10	-63	-514	0.866	37
-11	-63	-513	0.875	38
-7	-62	-516	0.883	39
-9	-64	-513	0.893	40
-11	-64	-514	0.901	41
-8	-67	-511	0.908	42
-7	-58	-517	0.917	43
-7	-58	-516	0.924	44
-11	-62	-513	0.933	45
-9	-61	-514	0.940	46
-6	-60	-514	0.948	47
-10	-60	-513	0.955	48
-13	-64	-512	0.961	49
-10	-63	-513	0.967	50
-9	-62	-514	0.973	51
-9	-63	-513	0.981	52
-8	-63	-513	0.987	53
-7	-62	-517	0.992	54
-6	-69	-515	0.998	55
-7	-61	-517	1.006	56
-12	-68	-513	1.012	57
-10	-64	-515	1.017	58
-10	-67	-513	1.022	59
-10	-63	-514	1.028	60
-9	-63	-514	1.033	61
-8	-66	-514	1.039	62
-13	-64	-513	1.043	63
-8	-63	-516	1.048	64
-5	-64	-515	1.053	65
-9	-61	-518	1.058	66
-9	-63	-516	1.061	67
-9	-67	-513	1.069	68
-8	-67	-514	1.072	69
-9	-68	-514	1.075	70
-10	-68	-514	1.080	71
-10	-67	-514	1.085	72
-8	-66	-515	1.090	73
-8	-66	-515	1.093	74
-8	-67	-514	1.097	75
-9	-67	-513	1.099	76
-7	-66	-514	1.103	77
-9	-68	-514	1.107	78
-9	-64	-514	1.111	79
-10	-58	-514	1.115	80
-10	-68	-513	1.120	81
-10	-69	-512	1.123	82
-9	-69	-514	1.130	83
-9	-69	-513	1.136	84
-9	-68	-513	1.144	85
-8	-70	-514	1.153	86
-9	-67	-514	1.162	87
-10	-71	-513	1.171	88
-8	-69	-515	1.177	89
-10	-70	-514	1.186	90
-8	-69	-515	1.195	91
-10	-70	-514	1.200	92
-9	-71	-514	1.206	93
-10	-70	-514	1.207	94
-9	-67	-516	1.209	95
-10	-68	-514	1.210	96
-10	-71	-513	1.210	97
-10	-70	-513	1.206	98
-10	-71	-513	1.203	99
-10	-70	-513	1.202	100
-10	-70	-514	1.199	101
-10	-71	-513	1.194	102
-10	-70	-513	1.192	103
-10	-70	-514	1.192	104
-10	-70	-514	1.187	105
-10	-70	-514	1.188	106
-10	-71	-514	1.186	107
-11	-70	-514	1.185	108
-9	-69	-515	1.186	109
-11	-71	-513	1.187	110
-12	-71	-513	1.186	111
-10	-71	-514	1.189	112
-10	-71	-513	1.188	113
-11	-72	-513	1.189	114
-9	-71	-515	1.192	115
-9	-72	-514	1.193	116
-11	-72	-513	1.196	117
-11	-73	-514	1.196	118
-9	-72	-514	1.199	119
-10	-73	-513	1.199	120
-12	-73	-513	1.203	121
-10	-74	-514	1.206	122
-11	-74	-513	1.206	123
-11	-73	-513	1.210	124
-11	-74	-513	1.210	125
-10	-74	-513	1.215	126
-11	-75	-514	1.217	127
-12	-75	-514	1.217	128
-12	-77	-513	1.220	129
-10	-78	-513	1.222	130
-8	-76	-515	1.224	131
-10	-77	-513	1.227	132
-9	-72	-516	1.230	133
-9	-67	-515	1.231	134
-10	-70	-513	1.233	135
-12	-72	-513	1.238	136
-6	-70	-512	1.238	137
3	-64	-514	1.239	138
6	-64	-512	1.242	139
-11	-68	-513	1.247	140
-10	-67	-513	1.251	141
-7	-67	-514	1.251	142
-7	-66	-513	1.256	143
-9	-68	-513	1.257	144
-9	-65	-514	1.260	145
-11	-71	-512	1.262	146
-9	-68	-513	1.266	147
-7	-68	-513	1.268	148
-8	-69	-513	1.273	149
-8	-68	-514	1.275	150
-10	-70	-513	1.280	151
-8	-68	-514	1.284	152
-8	-69	-513	1.285	153
-7	-67	-514	1.287	154
-7	-67	-514	1.291	155
-9	-69	-513	1.296	156
-10	-69	-513	1.297	157
-10	-69	-513	1.301	158
-8	-69	-513	1.305	159
-8	-71	-513	1.308	160
-9	-72	-513	1.309	161
-9	-71	-513	1.314	162
-9	-71	-514	1.317	163
-8	-70	-514	1.318	164
-8	-69	-514	1.322	165
-8	-69	-514	1.323	166
-8	-70	-514	1.326	167
-7	-70	-514	1.328	168
-9	-72	-513	1.331	169
-8	-71	-514	1.333	170
-9	-71	-513	1.336	171
-9	-70	-514	1.339	172
-7	-69	-514	1.342	173
-9	-69	-514	1.343	174
-8	-69	-514	1.346	175
-9	-69	-514	1.347	176
-7	-70	-515	1.351	177
-10	-72	-513	1.351	178
-9	-71	-514	1.354	179
-9	-71	-513	1.355	180
-8	-68	-514	1.359	181
-9	-69	-513	1.360	182
-8	-67	-513	1.362	183
-9	-68	-515	1.364	184
-10	-72	-512	1.364	185
-8	-69	-514	1.368	186
-7	-70	-513	1.371	187
-9	-69	-515	1.372	188
-10	-71	-513	1.376	189
-8	-70	-513	1.375	190
-7	-70	-513	1.377	191
-7	-70	-514	1.378	192
-8	-71	-514	1.380	193
-9	-71	-513	1.383	194
-7	-70	-513	1.384	195
-8	-71	-513	1.387	196
-9	-70	-514	1.388	197
-9	-72	-514	1.388	198
-8	-72	-513	1.393	199
-8	-69	-515	1.393	200
-7	-69	-514	1.394	201
-7	-69	-514	1.397	202
-8	-70	-513	1.400	203
-8	-69	-514	1.401	204
-8	-70	-514	1.403	205
-7	-72	-514	1.402	206
-7	-70	-514	1.405	207
-9	-69	-514	1.408	208
-8	-68	-515	1.407	209
-8	-70	-513	1.409	210
-7	-69	-514	1.409	211
-8	-69	-515	1.412	212
-8	-70	-514	1.414	213
-8	-69	-514	1.415	214
-8	-71	-514	1.414	215
-8	-69	-514	1.415	216
-9	-71	-513	1.417	217
-11	-71	-513	1.418	218
-8	-70	-514	1.420	219
-7	-71	-514	1.422	220
-10	-74	-513	1.421	221
-9	-72	-513	1.421	222
-7	-69	-515	1.422	223
-7	-71	-514	1.423	224
-9	-71	-514	1.423	225
-7	-70	-514	1.423	226
-9	-70	-514	1.424	227
-11	-72	-513	1.424	228
-10	-72	-513	1.425	229
-9	-72	-512	1.425	230
-8	-73	-514	1.426	231
-8	-73	-513	1.425	232
-8	-72	-514	1.426	233
-8	-72	-514	1.428	234
-8	-72	-514	1.428	235
-9	-72	-513	1.428	236
-9	-71	-514	1.426	237
-8	-74	-513	1.430	238
-8	-71	-514	1.430	239
-8	-74	-513	1.430	240
-9	-72	-513	1.430	241
-9	-72	-513	1.431	242
-7	-72	-514	1.432	243
-8	-71	-514	1.433	244
-9	-73	-512	1.432	245
-9	-72	-513	1.433	246
-7	-71	-513	1.433	247
-8	-72	-514	1.432	248
-7	-70	-514	1.433	249
-8	-71	-513	1.434	250
-10	-70	-513	1.435	251
-9	-70	-514	1.435	252
-9	-71	-512	1.434	253
-8	-72	-514	1.436	254
-8	-70	-514	1.437	255
-9	-72	-513	1.437	256
-8	-71	-514	1.438	257
-9	-70	-513	1.438	258
-9	-67	-514	1.438	259
-7	-71	-513	1.440	260
-9	-71	-514	1.438	261
-7	-71	-514	1.442	262
-11	-69	-514	1.442	263
-8	-71	-514	1.442	264
-9	-69	-514	1.442	265
-8	-68	-515	1.444	266
-15	-79	-509	1.446	267
-10	-76	-511	1.446	268
-7	-68	-514	1.448	269
-9	-67	-515	1.447	270
-8	-68	-515	1.447	271
-7	-69	-514	1.448	272
-7	-67	-514	1.451	273
-5	-69	-514	1.451	274
-7	-68	-514	1.451	275
-7	-66	-515	1.451	276
-7	-70	-514	1.452	277
-7	-69	-515	1.454	278
-7	-71	-514	1.452	279
-7	-71	-514	1.452	280
-8	-70	-515	1.452	281
-7	-71	-514	1.455	282
-7	-70	-514	1.455	283
-9	-71	-513	1.455	284
-9	-72	-513	1.455	285
-7	-71	-514	1.457	286
-8	-72	-515	1.458	287
-8	-73	-514	1.456	288
-7	-75	-513	1.457	289
-9	-74	-513	1.459	290
-8	-72	-514	1.459	291
-9	-73	-512	1.460	292
-8	-69	-515	1.458	293
-9	-71	-514	1.459	294
-8	-74	-513	1.460	295
-8	-71	-515	1.459	296
-8	-72	-514	1.459	297
-8	-72	-514	1.460	298
-9	-72	-514	1.460	299
-8	-71	-514	1.460	300
-9	-72	-513	1.459	301
-9	-72	-514	1.462	302
-7	-72	-514	1.462	303
-8	-72	-514	1.461	304
-8	-72	-514	1.463	305
-8	-72	-514	1.463	306
-9	-72	-514	1.462	307
-8	-70	-515	1.461	308
-8	-71	-514	1.463	309
-9	-71	-514	1.462	310
-8	-70	-515	1.462	311
-8	-72	-513	1.462	312
-8	-72	-513	1.462	313
-8	-71	-513	1.463	314
-8	-69	-514	1.464	315
-7	-70	-514	1.463	316
-8	-68	-514	1.464	317
-7	-69	-514	1.465	318
-7	-69	-513	1.465	319
-7	-70	-514	1.465	320
-6	-70	-514	1.465	321
-7	-69	-514	1.465	322
-8	-69	-514	1.467	323
-7	-70	-514	1.467	324
-7	-69	-514	1.466	325
-7	-69	-514	1.467	326
-8	-70	-514	1.467	327
-7	-69	-514	1.467	328
-7	-71	-513	1.467	329
-7	-70	-514	1.468	330
-8	-70	-513	1.467	331
-8	-70	-514	1.470	332
-7	-70	-514	1.467	333
-7	-70	-513	1.470	334
-7	-70	-513	1.468	335
-7	-69	-513	1.470	336
-7	-69	-513	1.470	337
-7	-69	-514	1.470	338
-7	-66	-516	1.468	339
-7	-68	-514	1.470	340
-7	-67	-513	1.470	341
-8	-68	-514	1.470	342
-7	-68	-513	1.468	343
-9	-67	-513	1.471	344
-8	-68	-513	1.472	345
-7	-70	-514	1.472	346
-7	-70	-514	1.471	347
-8	-71	-514	1.472	348
-7	-71	-515	1.472	349
-8	-73	-514	1.472	350
-8	-73	-514	1.472	351
-8	-73	-513	1.472	352
-8	-72	-513	1.468	353
-7	-73	-513	1.471	354
-7	-73	-513	1.471	355
-8	-72	-514	1.471	356
-8	-71	-514	1.472	357
-7	-71	-514	1.471	358
-7	-72	-514	1.472	359
-8	-71	-514	1.472	360
-7	-70	-514	1.470	361
-6	-69	-514	1.472	362
-7	-70	-514	1.471	363
-8	-70	-513	1.470	364
-7	-70	-513	1.472	365
-7	-70	-514	1.468	366
-6	-70	-514	1.470	367
-7	-70	-513	1.470	368
-8	-70	-513	1.471	369
-8	-70	-513	1.470	370
-8	-70	-514	1.472	371
-7	-71	-513	1.471	372
-7	-71	-513	1.470	373
-7	-70	-514	1.472	374
-7	-70	-514	1.471	375
-8	-70	-514	1.472	376
-8	-71	-513	1.470	377
-7	-70	-514	1.472	378
-7	-70	-514	1.471	379
-7	-69	-514	1.472	380
-7	-71	-514	1.471	381
-6	-70	-514	1.472	382
-7	-71	-514	1.472	383
-7	-71	-514	1.472	384
-8	-73	-513	1.474	385
-7	-71	-514	1.472	386
-8	-71	-513	1.472	387
-7	-71	-514	1.473	388
-8	-71	-514	1.473	389
-8	-71	-514	1.474	390
-8	-72	-513	1.475	391
-8	-72	-514	1.474	392
-8	-72	-513	1.473	393
-8	-70	-515	1.473	394
-8	-72	-513	1.474	395
-7	-71	-514	1.474	396
-7	-70	-514	1.476	397
-8	-70	-514	1.476	398
-7	-71	-513	1.474	399
-8	-71	-514	1.473	400
-8	-70	-514	1.475	401
-8	-70	-514	1.475	402
-7	-70	-514	1.475	403
-7	-70	-514	1.475	404
-7	-70	-513	1.474	405
-8	-71	-513	1.475	406
-7	-70	-514	1.474	407
-8	-71	-514	1.475	408
-7	-71	-514	1.474	409
-7	-72	-514	1.476	410
-7	-71	-514	1.475	411
-7	-72	-514	1.476	412
-8	-73	-513	1.476	413
-8	-73	-513	1.477	414
-7	-72	-513	1.476	415
-7	-72	-513	1.476	416
-7	-71	-514	1.477	417
-7	-72	-513	1.476	418
-6	-70	-515	1.477	419
-7	-72	-514	1.478	420
-8	-71	-513	1.476	421
-8	-70	-513	1.476	422
-8	-71	-513	1.478	423
-7	-70	-513	1.477	424
-7	-71	-513	1.478	425
-7	-70	-514	1.477	426
-6	-70	-514	1.478	427
-7	-70	-514	1.478	428
-8	-71	-514	1.480	429
-8	-72	-514	1.479	430
-8	-71	-514	1.477	431
-7	-73	-513	1.480	432
-6	-73	-513	1.478	433
-7	-71	-514	1.478	434
-6	-71	-514	1.480	435
-7	-70	-514	1.481	436
-7	-71	-513	1.480	437
-7	-70	-514	1.480	438
-7	-71	-513	1.482	439
-7	-71	-514	1.480	440
-6	-70	-514	1.483	441
-7	-70	-514	1.481	442
-7	-70	-514	1.484	443
-7	-71	-514	1.484	444
-7	-71	-514	1.482	445
-7	-71	-514	1.483	446
-7	-72	-513	1.483	447
-7	-71	-512	1.484	448
-7	-70	-514	1.483	449
-8	-72	-513	1.485	450
-7	-72	-514	1.484	451
-8	-71	-513	1.486	452
-7	-72	-514	1.486	453
-7	-72	-514	1.488	454
-8	-72	-513	1.488	455
-7	-72	-513	1.487	456
-7	-71	-514	1.488	457
-8	-72	-513	1.487	458
-8	-72	-513	1.489	459
-7	-71	-514	1.489	460
-7	-69	-514	1.488	461
-7	-70	-514	1.490	462
-8	-70	-513	1.491	463
-8	-70	-514	1.491	464
-8	-70	-514	1.491	465
-7	-69	-513	1.492	466
-7	-70	-514	1.492	467
-7	-70	-514	1.491	468
-7	-70	-514	1.493	469
-7	-70	-514	1.493	470
-8	-71	-513	1.496	471
-8	-72	-513	1.494	472
-7	-70	-514	1.497	473
-8	-70	-514	1.496	474
-7	-70	-514	1.496	475
-8	-70	-514	1.497	476
-7	-70	-514	1.498	477
-7	-70	-514	1.499	478
-8	-71	-513	1.500	479
-7	-70	-514	1.501	480
-7	-70	-513	1.499	481
-7	-70	-514	1.502	482
-7	-70	-513	1.502	483
-7	-67	-515	1.502	484
-7	-68	-514	1.503	485
-8	-69	-514	1.505	486
-8	-68	-513	1.504	487
-7	-67	-514	1.505	488
-7	-68	-514	1.507	489
-7	-68	-514	1.506	490
-7	-68	-514	1.507	491
-7	-68	-514	1.507	492
-8	-68	-513	1.510	493
-7	-66	-514	1.509	494
-7	-67	-514	1.512	495
-7	-67	-513	1.513	496
-7	-67	-514	1.513	497
-7	-67	-514	1.515	498
-7	-67	-514	1.512	499
-7	-67	-514	1.515	500
-7	-67	-514	1.515	501
-7	-67	-514	1.515	502
-7	-67	-513	1.517	503
-7	-67	-514	1.517	504
-7	-68	-513	1.517	505
-7	-67	-514	1.520	506
-6	-67	-514	1.518	507
-6	-67	-514	1.519	508
-7	-68	-513	1.520	509
-6	-65	-516	1.522	510
-7	-68	-514	1.523	511
-7	-66	-514	1.522	512
-7	-67	-514	1.524	513
-8	-68	-513	1.525	514
-6	-66	-514	1.526	515
-8	-67	-513	1.525	516
-7	-67	-514	1.525	517
-7	-66	-514	1.528	518
-6	-67	-514	1.527	519
-7	-67	-514	1.526	520
-7	-66	-514	1.527	521
-6	-66	-514	1.529	522
-7	-67	-513	1.530	523
-7	-67	-514	1.530	524
-7	-67	-514	1.530	525
-7	-67	-513	1.530	526
-7	-67	-514	1.533	527
-7	-67	-514	1.533	528
-6	-67	-514	1.533	529
-7	-68	-513	1.533	530
-7	-66	-514	1.532	531
-7	-67	-514	1.534	532
-7	-67	-514	1.534	533
-7	-66	-514	1.536	534
-6	-66	-514	1.536	535
-6	-66	-514	1.536	536
-6	-67	-514	1.538	537
-6	-67	-513	1.538	538
-7	-66	-514	1.538	539
-7	-65	-514	1.538	540
-7	-65	-514	1.538	541
-7	-66	-514	1.539	542
-7	-66	-514	1.538	543
-7	-66	-514	1.540	544
-7	-66	-514	1.541	545
-7	-66	-514	1.539	546
-7	-66	-514	1.543	547
-7	-65	-514	1.542	548
-7	-64	-515	1.541	549
-7	-65	-513	1.542	550
-7	-65	-514	1.541	551
-7	-64	-514	1.544	552
-7	-64	-514	1.544	553
-7	-64	-514	1.544	554
-6	-64	-514	1.546	555
-7	-64	-514	1.545	556
-7	-65	-514	1.544	557
-6	-65	-514	1.545	558
-7	-64	-514	1.546	559
-7	-65	-514	1.546	560
-7	-65	-514	1.546	561
-5	-65	-514	1.546	562
-7	-65	-514	1.548	563
-6	-64	-514	1.546	564
-6	-64	-514	1.547	565
-6	-64	-514	1.549	566
-7	-63	-514	1.548	567
-7	-64	-514	1.549	568
-7	-64	-514	1.549	569
-6	-64	-514	1.550	570
-7	-64	-514	1.550	571
-7	-64	-514	1.553	572
-7	-63	-514	1.554	573
-7	-65	-514	1.554	574
-6	-64	-514	1.554	575
-6	-64	-514	1.554	576
-6	-64	-514	1.554	577
-6	-63	-515	1.555	578
-7	-64	-514	1.555	579
-7	-64	-514	1.556	580
-7	-64	-514	1.555	581
-6	-65	-514	1.557	582
-7	-65	-513	1.557	583
-6	-64	-514	1.556	584
-7	-63	-514	1.559	585
-7	-63	-514	1.559	586
-7	-64	-514	1.558	587
-7	-64	-514	1.559	588
-6	-64	-514	1.560	589
-6	-64	-514	1.557	590
-7	-63	-514	1.559	591
-7	-63	-514	1.558	592
-6	-63	-514	1.557	593
-7	-62	-514	1.559	594
-6	-62	-514	1.559	595
-7	-63	-514	1.557	596
-7	-63	-513	1.559	597
-7	-62	-514	1.559	598
-7	-63	-514	1.559	599
0.000000 0.000000 0.000000 0.000000 0.000000