0.000000 0.000000 0.000000 0.000000 0.000000
-50	-54	-518	0.318	5
-24	-56	-522	0.318	6
-45	-69	-493	0.319	7
-52	-59	-515	0.322	8
-42	-52	-521	0.323	9
-40	-51	-510	0.330	10
-36	-36	-533	0.341	11
-29	-34	-512	0.359	12
-15	-63	-520	0.385	13
-12	-63	-505	0.413	14
-8	-59	-517	0.442	15
-13	-56	-515	0.470	16
4	-52	-496	0.495	17
-9	-60	-519	0.511	18
-8	-60	-516	0.529	19
-8	-63	-515	0.542	20
-8	-58	-515	0.558	21
-10	-62	-513	0.575	22
-5	-55	-516	0.589	23
-11	-59	-513	0.606	24
-7	-57	-514	0.621	25
-8	-59	-514	0.633	26
-10	-61	-512	0.646	27
-9	-60	-514	0.657	28
-7	-61	-515	0.666	29
-8	-59	-515	0.677	30
-8	-60	-515	0.684	31
-9	-59	-514	0.691	32
-7	-61	-514	0.698	33
-8	-60	-515	0.703	34
-9	-63	-513	0.708	35
-8	-62	-514	0.713	36
-8	-62	-515	0.716	37
-8	-63	-514	0.720	38
-8	-61	-515	0.724	39
-9	-63	-514	0.726	40
-8	-64	-514	0.730	41
-9	-65	-514	0.733	42
-9	-66	-514	0.733	43
-10	-66	-514	0.737	44
-9	-67	-514	0.737	45
-10	-66	-514	0.739	46
-9	-67	-514	0.741	47
-9	-68	-514	0.742	48
-8	-66	-514	0.745	49
-9	-65	-514	0.745	50
-10	-67	-513	0.747	51
-10	-67	-513	0.748	52
-10	-67	-514	0.749	53
-8	-68	-514	0.749	54
-9	-69	-514	0.751	55
-10	-69	-514	0.751	56
-8	-66	-516	0.753	57
-9	-68	-515	0.753	58
-11	-70	-512	0.754	59
-8	-68	-515	0.755	60
-9	-70	-514	0.756	61
-9	-70	-514	0.755	62
-8	-69	-514	0.758	63
-9	-68	-515	0.757	64
-10	-71	-514	0.758	65
-10	-70	-514	0.759	66
-9	-69	-514	0.758	67
-11	-72	-513	0.760	68
-11	-74	-513	0.760	69
-11	-72	-514	0.761	70
-9	-72	-515	0.760	71
-10	-73	-514	0.761	72
-11	-74	-514	0.761	73
-10	-75	-514	0.762	74
-12	-72	-514	0.762	75
-12	-75	-512	0.762	76
-9	-72	-514	0.762	77
-9	-71	-514	0.762	78
-11	-73	-514	0.762	79
-11	-72	-514	0.762	80
-10	-73	-514	0.762	81
-10	-73	-514	0.762	82
-10	-75	-513	0.762	83
-11	-76	-514	0.764	84
-11	-74	-514	0.762	85
-10	-76	-514	0.762	86
-10	-76	-514	0.763	87
-10	-76	-515	0.762	88
-11	-76	-514	0.762	89
-11	-77	-513	0.763	90
-11	-75	-514	0.762	91
-11	-78	-512	0.762	92
-10	-77	-514	0.762	93
-9	-75	-516	0.762	94
-10	-76	-515	0.762	95
-11	-78	-514	0.761	96
-11	-80	-513	0.761	97
-11	-80	-513	0.760	98
-10	-80	-513	0.761	99
-11	-81	-513	0.761	100
-12	-80	-513	0.761	101
-11	-79	-514	0.761	102
-12	-82	-513	0.762	103
-11	-81	-513	0.759	104
-11	-81	-513	0.759	105
-13	-82	-513	0.759	106
-12	-83	-514	0.759	107
-12	-83	-513	0.759	108
-12	-82	-513	0.758	109
-14	-84	-512	0.758	110
-11	-83	-513	0.758	111
-11	-84	-513	0.758	112
-11	-85	-513	0.756	113
-11	-84	-513	0.756	114
-11	-85	-514	0.755	115
-12	-84	-514	0.754	116
-12	-85	-513	0.754	117
-13	-85	-513	0.755	118
-13	-85	-513	0.754	119
-12	-85	-512	0.754	120
-12	-83	-513	0.753	121
-12	-85	-513	0.752	122
-11	-84	-514	0.752	123
-11	-84	-514	0.751	124
-12	-85	-513	0.751	125
-13	-85	-513	0.751	126
-13	-86	-513	0.749	127
-12	-85	-513	0.750	128
-11	-85	-513	0.749	129
-12	-86	-513	0.748	130
-12	-86	-513	0.748	131
-12	-84	-515	0.748	132
-13	-88	-513	0.746	133
-13	-91	-513	0.747	134
-15	-94	-511	0.745	135
-12	-88	-515	0.745	136
-13	-90	-514	0.745	137
-14	-90	-512	0.745	138
-14	-90	-512	0.743	139
-13	-88	-513	0.743	140
-12	-88	-514	0.742	141
-12	-90	-513	0.742	142
-13	-89	-514	0.741	143
-12	-90	-513	0.740	144
-14	-90	-512	0.738	145
-12	-90	-513	0.739	146
-11	-88	-514	0.738	147
-13	-90	-512	0.738	148
-12	-90	-513	0.737	149
-11	-89	-514	0.736	150
-13	-90	-512	0.736	151
-12	-90	-513	0.735	152
-10	-89	-515	0.734	153
-14	-92	-512	0.733	154
-14	-90	-513	0.732	155
-16	-91	-511	0.730	156
-12	-90	-514	0.730	157
-15	-91	-511	0.730	158
-13	-88	-513	0.729	159
-10	-88	-515	0.727	160
-14	-90	-511	0.728	161
-17	-88	-512	0.727	162
-11	-90	-511	0.726	163
-14	-92	-511	0.725	164
-12	-90	-513	0.725	165
-13	-90	-512	0.723	166
-10	-87	-516	0.722	167
-12	-87	-513	0.722	168
-11	-86	-514	0.722	169
-12	-88	-513	0.720	170
-12	-87	-513	0.720	171
-13	-88	-512	0.718	172
-12	-89	-512	0.719	173
-15	-88	-512	0.717	174
-10	-88	-515	0.718	175
-14	-89	-512	0.717	176
-12	-88	-513	0.716	177
-13	-90	-512	0.716	178
-11	-89	-513	0.715	179
-10	-90	-513	0.715	180
-12	-90	-512	0.716	181
-15	-91	-512	0.715	182
-15	-92	-513	0.713	183
-15	-88	-512	0.712	184
-13	-88	-513	0.712	185
-12	-91	-513	0.712	186
-13	-88	-513	0.711	187
-13	-90	-512	0.710	188
-10	-88	-513	0.708	189
-11	-86	-514	0.708	190
-12	-87	-513	0.708	191
-11	-87	-513	0.708	192
-11	-87	-514	0.706	193
-11	-87	-514	0.704	194
-12	-88	-513	0.705	195
-12	-87	-514	0.704	196
-12	-88	-513	0.701	197
-12	-89	-513	0.703	198
-11	-89	-513	0.702	199
-12	-89	-513	0.700	200
-12	-89	-513	0.700	201
-12	-89	-513	0.699	202
-12	-89	-513	0.700	203
-12	-90	-512	0.699	204
-12	-89	-513	0.699	205
-12	-90	-513	0.699	206
-12	-90	-513	0.699	207
-12	-89	-513	0.699	208
-12	-89	-513	0.698	209
-12	-89	-513	0.698	210
-11	-89	-513	0.696	211
-12	-90	-512	0.697	212
-12	-89	-513	0.697	213
-12	-89	-513	0.695	214
-12	-88	-514	0.696	215
-12	-89	-513	0.696	216
-13	-89	-512	0.696	217
-12	-89	-513	0.694	218
-12	-90	-513	0.694	219
-11	-89	-513	0.693	220
-11	-89	-513	0.693	221
-11	-88	-513	0.693	222
-11	-88	-513	0.692	223
-11	-89	-513	0.693	224
-12	-89	-513	0.691	225
-12	-90	-512	0.691	226
-11	-87	-514	0.691	227
-12	-88	-513	0.691	228
-15	-90	-511	0.690	229
-12	-90	-514	0.691	230
-12	-94	-511	0.691	231
-11	-89	-515	0.690	232
-12	-92	-513	0.689	233
-15	-91	-513	0.688	234
-12	-92	-512	0.691	235
-12	-92	-512	0.688	236
-11	-90	-513	0.687	237
-11	-90	-514	0.687	238
-11	-90	-513	0.688	239
-12	-85	-514	0.686	240
-12	-88	-512	0.687	241
-12	-87	-512	0.687	242
-11	-85	-513	0.686	243
-9	-83	-514	0.685	244
-11	-83	-513	0.686	245
-11	-80	-514	0.686	246
-9	-78	-513	0.685	247
-10	-80	-513	0.685	248
-9	-76	-514	0.685	249
-8	-80	-513	0.684	250
-9	-78	-513	0.685	251
-9	-78	-513	0.684	252
-9	-75	-514	0.683	253
-10	-76	-514	0.684	254
-9	-75	-514	0.687	255
-9	-77	-514	0.691	256
-9	-75	-514	0.695	257
-8	-73	-515	0.698	258
-8	-72	-514	0.698	259
-9	-73	-513	0.700	260
-8	-70	-514	0.701	261
-8	-72	-513	0.700	262
-7	-70	-514	0.699	263
-8	-71	-514	0.695	264
-8	-72	-513	0.692	265
-8	-71	-515	0.687	266
-7	-71	-514	0.684	267
-8	-70	-514	0.678	268
-7	-69	-514	0.676	269
-8	-70	-514	0.672	270
-7	-71	-514	0.670	271
-7	-72	-514	0.669	272
-8	-71	-514	0.669	273
-8	-69	-514	0.668	274
-7	-70	-514	0.667	275
-8	-70	-514	0.669	276
-7	-70	-514	0.670	277
-8	-70	-514	0.671	278
-7	-69	-514	0.671	279
-7	-67	-514	0.672	280
-7	-68	-514	0.675	281
-7	-69	-514	0.675	282
-7	-68	-514	0.676	283
-7	-67	-514	0.677	284
-7	-67	-514	0.679	285
-7	-66	-514	0.679	286
-7	-67	-514	0.679	287
-7	-67	-514	0.681	288
-9	-67	-512	0.682	289
-5	-59	-518	0.682	290
-3	-65	-514	0.683	291
-9	-67	-514	0.683	292
-8	-67	-514	0.685	293
-7	-69	-514	0.686	294
-5	-71	-514	0.686	295
-7	-69	-514	0.688	296
-8	-68	-514	0.688	297
-8	-68	-514	0.689	298
-7	-69	-513	0.688	299
-7	-70	-513	0.689	300
-6	-68	-514	0.690	301
-7	-68	-514	0.691	302
-7	-67	-515	0.692	303
-7	-67	-514	0.691	304
-7	-68	-514	0.692	305
-7	-67	-514	0.693	306
-8	-68	-514	0.695	307
-9	-68	-514	0.696	308
-8	-69	-514	0.696	309
-8	-68	-513	0.698	310
-8	-68	-514	0.698	311
-7	-72	-513	0.696	312
-7	-68	-515	0.698	313
-6	-67	-515	0.699	314
-6	-68	-514	0.699	315
-6	-68	-514	0.698	316
-3	-73	-513	0.699	317
-11	-63	-513	0.700	318
-7	-66	-514	0.700	319
-7	-69	-514	0.700	320
-7	-68	-515	0.701	321
-8	-70	-513	0.701	322
-8	-68	-514	0.701	323
-8	-71	-514	0.702	324
-7	-68	-514	0.703	325
-7	-68	-514	0.702	326
-7	-68	-514	0.703	327
-8	-68	-514	0.704	328
-6	-68	-515	0.702	329
-7	-69	-515	0.703	330
-7	-69	-514	0.703	331
-9	-72	-514	0.704	332
-8	-71	-514	0.704	333
-8	-71	-514	0.704	334
-8	-69	-515	0.704	335
-7	-71	-514	0.704	336
-7	-68	-516	0.704	337
-7	-74	-513	0.705	338
-7	-71	-514	0.704	339
-8	-71	-514	0.704	340
-7	-69	-514	0.705	341
-7	-70	-514	0.706	342
-7	-70	-514	0.706	343
-7	-70	-514	0.704	344
-7	-70	-514	0.706	345
-7	-71	-514	0.707	346
-6	-72	-514	0.705	347
-7	-72	-514	0.705	348
-7	-71	-514	0.706	349
-8	-71	-513	0.707	350
-8	-72	-513	0.706	351
-7	-70	-514	0.708	352
-9	-70	-513	0.709	353
-7	-70	-514	0.708	354
-7	-70	-514	0.708	355
-8	-71	-514	0.708	356
-6	-71	-513	0.709	357
-6	-69	-514	0.708	358
-7	-70	-513	0.708	359
-7	-69	-514	0.708	360
-6	-70	-514	0.708	361
-7	-70	-514	0.706	362
-6	-69	-514	0.706	363
-6	-68	-514	0.707	364
-7	-68	-513	0.707	365
-7	-68	-514	0.706	366
-7	-67	-514	0.708	367
-7	-66	-514	0.706	368
-6	-64	-515	0.705	369
-4	-67	-515	0.707	370
-7	-67	-513	0.707	371
-7	-68	-513	0.705	372
-6	-66	-515	0.706	373
-7	-68	-514	0.705	374
-7	-67	-514	0.706	375
-6	-66	-514	0.706	376
-6	-68	-514	0.704	377
-6	-67	-514	0.704	378
-4	-65	-515	0.704	379
-7	-66	-514	0.704	380
-6	-65	-515	0.704	381
-6	-67	-514	0.704	382
-6	-66	-514	0.703	383
-6	-65	-514	0.703	384
-6	-65	-515	0.703	385
-6	-65	-514	0.703	386
-6	-65	-514	0.703	387
-7	-64	-514	0.702	388
-6	-66	-514	0.702	389
-6	-66	-514	0.701	390
-6	-65	-514	0.702	391
-7	-66	-514	0.703	392
-6	-65	-514	0.702	393
-7	-66	-514	0.701	394
-6	-66	-514	0.700	395
-6	-66	-515	0.701	396
-6	-66	-514	0.702	397
-6	-64	-515	0.699	398
-6	-65	-514	0.701	399
-6	-65	-514	0.700	400
-5	-66	-515	0.701	401
-6	-66	-514	0.700	402
-5	-67	-514	0.699	403
-5	-63	-515	0.699	404
-6	-66	-514	0.698	405
-6	-64	-515	0.697	406
-6	-65	-514	0.698	407
-6	-64	-514	0.697	408
-6	-66	-513	0.697	409
-6	-65	-514	0.698	410
-6	-66	-514	0.697	411
-5	-65	-515	0.696	412
-6	-66	-514	0.695	413
-6	-65	-514	0.695	414
-6	-65	-514	0.696	415
-6	-65	-514	0.696	416
-6	-65	-514	0.694	417
-6	-65	-514	0.693	418
-6	-64	-514	0.694	419
-6	-65	-514	0.691	420
-6	-66	-514	0.691	421
-6	-67	-514	0.691	422
-6	-65	-514	0.690	423
-6	-67	-514	0.691	424
-6	-65	-515	0.691	425
-6	-68	-513	0.690	426
-7	-67	-514	0.690	427
-6	-67	-514	0.688	428
-6	-67	-514	0.689	429
-6	-66	-514	0.687	430
-7	-67	-514	0.687	431
-7	-67	-514	0.687	432
-6	-66	-514	0.685	433
-6	-65	-515	0.686	434
-6	-66	-514	0.685	435
-6	-65	-515	0.683	436
-5	-65	-515	0.683	437
-6	-66	-514	0.683	438
-6	-65	-514	0.682	439
-6	-67	-514	0.681	440
-6	-65	-514	0.681	441
-7	-66	-514	0.680	442
-6	-66	-514	0.680	443
-7	-66	-514	0.680	444
-6	-65	-514	0.679	445
-6	-64	-514	0.679	446
-6	-66	-514	0.678	447
-5	-65	-514	0.676	448
-6	-65	-515	0.676	449
-6	-67	-514	0.677	450
-8	-65	-514	0.675	451
-5	-69	-514	0.675	452
-8	-67	-514	0.674	453
-7	-67	-514	0.672	454
-7	-66	-514	0.671	455
-6	-67	-514	0.669	456
-6	-66	-514	0.670	457
-4	-66	-515	0.668	458
-6	-65	-514	0.667	459
-11	-67	-514	0.666	460
-7	-69	-515	0.665	461
-8	-70	-514	0.665	462
-4	-72	-514	0.662	463
-4	-71	-514	0.663	464
-7	-69	-514	0.661	465
-9	-69	-514	0.659	466
-7	-66	-515	0.658	467
-7	-68	-514	0.658	468
-7	-68	-514	0.655	469
-7	-69	-514	0.654	470
-6	-68	-515	0.654	471
-7	-68	-514	0.653	472
-7	-66	-514	0.651	473
-7	-68	-514	0.650	474
-6	-66	-514	0.650	475
-7	-67	-514	0.650	476
-7	-67	-514	0.650	477
-7	-67	-514	0.648	478
-7	-67	-514	0.649	479
-6	-66	-514	0.646	480
-6	-67	-514	0.646	481
-7	-67	-513	0.645	482
-7	-68	-514	0.645	483
-7	-67	-514	0.642	484
-7	-68	-514	0.641	485
-7	-69	-514	0.641	486
-6	-68	-514	0.640	487
-7	-69	-514	0.639	488
-6	-67	-514	0.638	489
-7	-67	-515	0.637	490
-7	-67	-513	0.638	491
-6	-67	-513	0.636	492
-6	-67	-514	0.636	493
-6	-68	-514	0.637	494
-6	-67	-513	0.637	495
-6	-66	-515	0.634	496
-6	-66	-515	0.635	497
-6	-66	-514	0.635	498
-6	-67	-514	0.636	499
-6	-66	-514	0.634	500
-6	-65	-514	0.636	501
-6	-67	-514	0.635	502
-6	-65	-514	0.635	503
-6	-65	-513	0.635	504
-5	-65	-514	0.636	505
-6	-66	-514	0.635	506
-6	-65	-514	0.636	507
-6	-65	-514	0.635	508
-3	-62	-515	0.636	509
-5	-63	-514	0.637	510
-5	-63	-514	0.637	511
-6	-63	-515	0.637	512
-6	-63	-515	0.637	513
-6	-63	-514	0.637	514
-5	-63	-515	0.638	515
-6	-65	-514	0.638	516
-6	-62	-515	0.639	517
-2	-66	-514	0.639	518
-7	-57	-516	0.639	519
-6	-62	-514	0.641	520
-5	-62	-514	0.640	521
-5	-61	-515	0.641	522
-5	-61	-514	0.642	523
-5	-61	-514	0.642	524
-5	-61	-514	0.642	525
-5	-63	-514	0.644	526
-7	-63	-513	0.644	527
-6	-62	-514	0.645	528
-5	-62	-514	0.646	529
-5	-62	-514	0.648	530
-5	-63	-514	0.648	531
-5	-61	-514	0.647	532
-5	-61	-514	0.647	533
-6	-61	-514	0.650	534
-5	-62	-514	0.650	535
-5	-61	-514	0.650	536
-6	-61	-514	0.651	537
-6	-61	-515	0.652	538
-5	-62	-514	0.652	539
-5	-60	-515	0.653	540
-6	-61	-514	0.654	541
-6	-61	-514	0.654	542
-6	-61	-514	0.655	543
-5	-61	-514	0.655	544
-5	-61	-514	0.656	545
-5	-60	-514	0.657	546
-5	-60	-513	0.658	547
-4	-61	-514	0.657	548
-5	-59	-514	0.658	549
-5	-61	-514	0.657	550
-5	-59	-514	0.658	551
-4	-62	-514	0.658	552
-7	-59	-514	0.659	553
-6	-59	-514	0.660	554
-5	-59	-514	0.660	555
-6	-61	-514	0.662	556
-4	-62	-514	0.662	557
-5	-61	-514	0.662	558
-6	-61	-514	0.663	559
-5	-61	-514	0.663	560
-5	-60	-515	0.663	561
-6	-60	-514	0.665	562
-6	-61	-515	0.664	563
-5	-60	-514	0.666	564
-5	-61	-514	0.666	565
-6	-60	-514	0.666	566
-5	-61	-514	0.666	567
-5	-61	-514	0.666	568
-4	-62	-514	0.667	569
-6	-59	-514	0.668	570
-5	-61	-514	0.669	571
-4	-59	-514	0.667	572
-6	-58	-514	0.667	573
-5	-58	-514	0.669	574
-5	-60	-514	0.669	575
-4	-59	-515	0.669	576
-5	-58	-514	0.671	577
-5	-58	-514	0.671	578
-4	-58	-514	0.671	579
-3	-59	-515	0.670	580
-5	-57	-514	0.672	581
-4	-61	-514	0.670	582
-5	-60	-514	0.672	583
-5	-62	-514	0.671	584
-5	-61	-514	0.673	585
-4	-63	-514	0.672	586
-1	-64	-514	0.674	587
-5	-61	-515	0.674	588
-6	-62	-513	0.675	589
-6	-60	-514	0.674	590
-5	-59	-514	0.674	591
-5	-59	-514	0.675	592
-6	-62	-514	0.675	593
-5	-59	-514	0.675	594
-6	-60	-514	0.675	595
-6	-58	-514	0.675	596
-6	-59	-514	0.675	597
-5	-61	-514	0.677	598
-5	-60	-514	0.676	599
0.000000 0.000000 0.000000 0.000000 0.000000
-24	-30	-499	0.319	5
-19	-44	-524	0.321	6
-14	-36	-538	0.323	7
-5	-60	-498	0.334	8
-7	-72	-518	0.355	9
-8	-62	-512	0.381	10
-8	-65	-514	0.415	11
-10	-65	-514	0.455	12
-10	-68	-515	0.496	13
-10	-72	-514	0.535	14
-12	-73	-512	0.577	15
-6	-72	-515	0.614	16
-10	-71	-515	0.651	17
-9	-73	-515	0.685	18
-15	-71	-513	0.716	19
-11	-69	-514	0.745	20
-12	-69	-514	0.769	21
-11	-70	-515	0.793	22
-11	-71	-513	0.815	23
-11	-71	-514	0.836	24
-11	-72	-514	0.853	25
-10	-76	-514	0.871	26
-14	-73	-514	0.886	27
-15	-77	-513	0.901	28
-13	-71	-515	0.915	29
-10	-73	-514	0.928	30
-12	-78	-514	0.940	31
-13	-77	-514	0.951	32
-13	-77	-513	0.962	33
-14	-78	-513	0.972	34
-12	-78	-513	0.982	35
-11	-74	-515	0.990	36
-11	-75	-514	0.998	37
-12	-75	-514	1.007	38
-13	-74	-514	1.013	39
-9	-77	-513	1.020	40
-13	-77	-513	1.027	41
-11	-77	-514	1.032	42
-13	-79	-513	1.040	43
-12	-80	-514	1.043	44
-12	-78	-514	1.050	45
-11	-77	-515	1.055	46
-13	-82	-512	1.060	47
-14	-79	-515	1.065	48
-11	-81	-513	1.069	49
-11	-82	-513	1.073	50
-12	-81	-512	1.076	51
-14	-79	-513	1.080	52
-11	-82	-513	1.084	53
-15	-81	-513	1.086	54
-12	-83	-513	1.090	55
-10	-82	-514	1.092	56
-11	-82	-514	1.093	57
-12	-80	-514	1.096	58
-11	-85	-512	1.098	59
-15	-85	-512	1.100	60
-10	-84	-514	1.100	61
-12	-85	-513	1.102	62
-12	-83	-514	1.103	63
-11	-84	-513	1.106	64
-14	-85	-513	1.106	65
-12	-85	-513	1.106	66
-13	-85	-513	1.107	67
-11	-84	-514	1.107	68
-12	-84	-514	1.110	69
-12	-83	-514	1.110	70
-12	-86	-512	1.113	71
-12	-86	-513	1.114	72
-12	-86	-513	1.117	73
-13	-86	-513	1.120	74
-14	-85	-514	1.122	75
-12	-89	-512	1.125	76
-11	-90	-513	1.125	77
-13	-92	-511	1.130	78
-12	-91	-512	1.132	79
-15	-91	-512	1.136	80
-13	-89	-514	1.139	81
-14	-90	-511	1.142	82
-12	-88	-513	1.144	83
-13	-89	-513	1.147	84
-13	-87	-512	1.148	85
-12	-86	-513	1.151	86
-12	-84	-513	1.152	87
-12	-83	-515	1.154	88
-13	-86	-513	1.156	89
-13	-88	-512	1.157	90
-11	-92	-512	1.160	91
-13	-93	-511	1.160	92
-15	-94	-512	1.164	93
-12	-93	-513	1.164	94
-17	-92	-513	1.165	95
-11	-95	-513	1.167	96
-15	-94	-511	1.168	97
-15	-94	-511	1.169	98
-15	-92	-512	1.171	99
-14	-90	-513	1.172	100
-11	-91	-513	1.171	101
-13	-89	-513	1.172	102
-13	-91	-512	1.173	103
-15	-89	-512	1.174	104
-12	-87	-514	1.173	105
-13	-91	-512	1.174	106
-12	-91	-513	1.173	107
-16	-89	-513	1.173	108
-14	-91	-511	1.175	109
-13	-93	-512	1.173	110
-13	-93	-512	1.174	111
-13	-92	-513	1.173	112
-14	-95	-510	1.173	113
-13	-95	-512	1.173	114
-13	-95	-513	1.173	115
-12	-96	-512	1.172	116
-14	-94	-512	1.172	117
-13	-95	-512	1.172	118
-13	-93	-513	1.170	119
-13	-94	-512	1.170	120
-13	-94	-513	1.169	121
-12	-91	-513	1.168	122
-11	-91	-514	1.168	123
-16	-95	-510	1.168	124
-13	-97	-513	1.168	125
-13	-99	-511	1.167	126
-13	-99	-512	1.167	127
-13	-100	-513	1.168	128
-14	-98	-513	1.167	129
-13	-97	-512	1.167	130
-12	-97	-514	1.166	131
-13	-101	-510	1.165	132
-11	-96	-514	1.164	133
-12	-101	-510	1.164	134
-14	-100	-510	1.164	135
-12	-97	-513	1.162	136
-13	-99	-512	1.161	137
-14	-99	-511	1.162	138
-14	-97	-512	1.160	139
-14	-98	-512	1.158	140
-12	-98	-513	1.158	141
-13	-101	-511	1.157	142
-13	-99	-512	1.156	143
-13	-99	-513	1.156	144
-17	-102	-511	1.155	145
-13	-102	-511	1.155	146
-13	-99	-512	1.152	147
-13	-100	-511	1.152	148
-13	-99	-512	1.151	149
-13	-98	-511	1.151	150
-13	-98	-511	1.150	151
-12	-97	-512	1.150	152
-12	-96	-512	1.149	153
-13	-97	-511	1.149	154
-12	-96	-513	1.148	155
-12	-97	-511	1.147	156
-12	-98	-511	1.147	157
-13	-99	-511	1.146	158
-12	-97	-512	1.145	159
-12	-96	-513	1.144	160
-13	-98	-510	1.145	161
-12	-96	-512	1.144	162
-13	-96	-512	1.143	163
-13	-95	-512	1.143	164
-14	-96	-512	1.143	165
-12	-99	-511	1.141	166
-9	-102	-510	1.140	167
-12	-95	-514	1.139	168
-14	-98	-510	1.138	169
-12	-98	-512	1.137	170
-13	-97	-511	1.137	171
-13	-97	-513	1.137	172
-14	-99	-510	1.135	173
-13	-96	-513	1.136	174
-11	-99	-512	1.135	175
-15	-99	-510	1.133	176
-12	-96	-513	1.131	177
-11	-97	-513	1.132	178
-12	-99	-511	1.131	179
-13	-97	-512	1.131	180
-12	-97	-514	1.131	181
-15	-100	-510	1.130	182
-13	-97	-512	1.129	183
-12	-96	-514	1.129	184
-16	-95	-513	1.127	185
-16	-97	-510	1.127	186
-8	-99	-513	1.124	187
-13	-99	-513	1.123	188
-13	-101	-509	1.123	189
-10	-99	-512	1.119	190
-12	-99	-511	1.118	191
-14	-100	-511	1.115	192
-14	-101	-511	1.112	193
-13	-99	-513	1.107	194
-13	-102	-511	1.101	195
-12	-99	-513	1.095	196
-12	-98	-513	1.085	197
-16	-94	-513	1.072	198
-11	-104	-508	1.057	199
-11	-97	-514	1.041	200
-11	-99	-511	1.015	201
-11	-95	-514	0.987	202
-15	-96	-510	0.955	203
-13	-96	-514	0.924	204
-13	-100	-509	0.898	205
-12	-98	-513	0.873	206
-13	-99	-512	0.853	207
-13	-100	-512	0.834	208
-11	-101	-511	0.822	209
-13	-102	-510	0.816	210
-13	-103	-512	0.814	211
-15	-104	-510	0.816	212
-14	-104	-512	0.819	213
-12	-106	-510	0.820	214
-15	-103	-510	0.825	215
-12	-101	-512	0.828	216
-12	-102	-511	0.830	217
-12	-98	-513	0.834	218
-15	-97	-512	0.836	219
-14	-101	-510	0.841	220
-13	-100	-511	0.844	221
-13	-99	-512	0.849	222
-13	-99	-511	0.854	223
-11	-98	-513	0.860	224
-12	-97	-513	0.868	225
-15	-100	-510	0.875	226
-12	-95	-513	0.885	227
-12	-96	-512	0.895	228
-12	-96	-512	0.904	229
-12	-96	-512	0.914	230
-12	-97	-512	0.924	231
-12	-97	-512	0.932	232
-12	-96	-512	0.943	233
-13	-96	-512	0.952	234
-12	-97	-512	0.963	235
-13	-97	-513	0.971	236
-13	-97	-512	0.980	237
-12	-96	-511	0.988	238
-12	-94	-512	0.996	239
-12	-93	-513	1.002	240
-12	-93	-512	1.008	241
-12	-94	-512	1.014	242
-11	-94	-513	1.020	243
-11	-93	-512	1.027	244
-12	-94	-511	1.032	245
-12	-92	-512	1.036	246
-12	-93	-513	1.039	247
-10	-94	-512	1.044	248
-12	-94	-512	1.048	249
-13	-93	-513	1.051	250
-12	-94	-512	1.056	251
-10	-93	-513	1.059	252
-11	-92	-513	1.062	253
-11	-92	-513	1.065	254
-12	-94	-512	1.069	255
-12	-96	-511	1.073	256
-12	-95	-512	1.077	257
-12	-93	-513	1.079	258
-12	-89	-514	1.081	259
-11	-91	-512	1.085	260
-12	-92	-512	1.088	261
-12	-91	-513	1.092	262
-11	-91	-513	1.093	263
-12	-93	-512	1.095	264
-12	-93	-513	1.098	265
-12	-94	-513	1.100	266
-12	-94	-513	1.102	267
-13	-96	-512	1.104	268
-12	-94	-513	1.106	269
-11	-95	-512	1.106	270
-11	-92	-513	1.106	271
-13	-93	-512	1.107	272
-12	-93	-512	1.109	273
-12	-92	-513	1.110	274
-11	-94	-513	1.110	275
-12	-93	-513	1.110	276
-12	-93	-512	1.112	277
-12	-94	-512	1.112	278
-12	-93	-513	1.113	279
-11	-92	-512	1.113	280
-12	-92	-511	1.113	281
-11	-90	-513	1.114	282
-11	-91	-513	1.115	283
-10	-91	-514	1.115	284
-12	-90	-513	1.115	285
-13	-88	-514	1.117	286
-9	-93	-512	1.116	287
-10	-90	-513	1.116	288
-11	-90	-512	1.117	289
-8	-90	-513	1.118	290
-9	-92	-513	1.116	291
-10	-88	-514	1.117	292
-11	-88	-513	1.119	293
-11	-88	-512	1.118	294
-9	-88	-513	1.119	295
-9	-90	-512	1.118	296
-11	-89	-513	1.117	297
-10	-89	-512	1.119	298
-11	-87	-513	1.119	299
-10	-87	-513	1.118	300
-10	-87	-513	1.116	301
-11	-85	-513	1.118	302
-12	-86	-513	1.115	303
-8	-87	-513	1.117	304
-11	-87	-513	1.115	305
-10	-88	-513	1.115	306
-10	-89	-512	1.114	307
-10	-89	-513	1.115	308
-9	-89	-513	1.113	309
-8	-91	-512	1.113	310
-10	-88	-513	1.110	311
-9	-88	-513	1.107	312
-11	-86	-513	1.106	313
-9	-88	-512	1.103	314
-12	-86	-513	1.101	315
-9	-87	-512	1.097	316
-7	-87	-512	1.093	317
-7	-87	-513	1.090	318
-9	-87	-513	1.085	319
-10	-86	-514	1.081	320
-11	-86	-513	1.078	321
-10	-87	-514	1.077	322
-9	-86	-514	1.075	323
-12	-86	-514	1.073	324
-11	-89	-511	1.074	325
-9	-88	-513	1.074	326
-12	-85	-514	1.074	327
-11	-87	-513	1.073	328
-11	-87	-513	1.076	329
-10	-85	-514	1.077	330
-12	-88	-511	1.077	331
-10	-87	-513	1.078	332
-12	-84	-513	1.080	333
-10	-86	-513	1.081	334
-10	-84	-514	1.084	335
-9	-88	-512	1.085	336
-9	-87	-513	1.088	337
-10	-88	-513	1.089	338
-12	-86	-513	1.092	339
-9	-90	-512	1.094	340
-9	-89	-513	1.096	341
-9	-89	-512	1.097	342
-10	-88	-512	1.098	343
-11	-88	-513	1.099	344
-11	-91	-512	1.101	345
-11	-91	-512	1.102	346
-9	-89	-513	1.101	347
-7	-91	-513	1.102	348
-9	-91	-512	1.102	349
-10	-89	-513	1.102	350
-10	-89	-513	1.101	351
-11	-88	-513	1.099	352
-11	-87	-513	1.100	353
-11	-87	-513	1.097	354
-9	-87	-513	1.097	355
-10	-87	-512	1.094	356
-10	-88	-514	1.094	357
-12	-91	-512	1.094	358
-11	-89	-514	1.094	359
-11	-88	-513	1.093	360
-11	-90	-512	1.093	361
-10	-89	-513	1.093	362
-9	-89	-514	1.092	363
-11	-88	-513	1.089	364
-11	-89	-513	1.086	365
-11	-87	-513	1.083	366
-11	-88	-513	1.079	367
-10	-88	-512	1.074	368
-10	-86	-514	1.066	369
-9	-87	-513	1.061	370
-11	-84	-513	1.055	371
-8	-87	-512	1.048	372
-9	-84	-514	1.043	373
-9	-85	-513	1.036	374
-9	-85	-514	1.032	375
-8	-87	-511	1.027	376
-10	-84	-514	1.022	377
-9	-86	-513	1.019	378
-10	-87	-512	1.015	379
-10	-87	-513	1.011	380
-9	-90	-511	1.007	381
-10	-87	-514	0.999	382
-10	-88	-513	0.994	383
-8	-89	-515	0.989	384
-12	-89	-512	0.984	385
-11	-87	-514	0.978	386
-10	-91	-512	0.969	387
-11	-90	-512	0.962	388
-9	-90	-513	0.954	389
-8	-92	-511	0.946	390
-11	-91	-512	0.940	391
-10	-90	-512	0.935	392
-11	-89	-513	0.930	393
-10	-89	-513	0.927	394
-12	-89	-512	0.924	395
-12	-88	-513	0.921	396
-10	-91	-513	0.919	397
-11	-90	-514	0.918	398
-10	-90	-514	0.918	399
-10	-90	-513	0.915	400
-12	-91	-512	0.915	401
-11	-90	-512	0.915	402
-9	-90	-513	0.915	403
-10	-89	-513	0.913	404
-11	-88	-513	0.911	405
-9	-91	-511	0.911	406
-9	-91	-513	0.907	407
-8	-88	-512	0.907	408
-11	-82	-514	0.905	409
-9	-85	-513	0.899	410
-8	-86	-513	0.896	411
-11	-86	-513	0.894	412
-10	-87	-513	0.890	413
-7	-88	-514	0.888	414
-9	-90	-513	0.885	415
-10	-86	-514	0.880	416
-10	-91	-512	0.874	417
-11	-87	-514	0.862	418
-9	-90	-511	0.851	419
-9	-88	-512	0.838	420
-10	-87	-512	0.828	421
-8	-86	-513	0.816	422
-9	-86	-513	0.807	423
-9	-83	-513	0.807	424
-9	-87	-511	0.804	425
-8	-82	-516	0.805	426
-10	-86	-511	0.812	427
-10	-87	-513	0.817	428
-10	-84	-514	0.828	429
-9	-86	-513	0.838	430
-6	-88	-512	0.851	431
-8	-83	-513	0.864	432
-8	-84	-513	0.875	433
-11	-82	-514	0.886	434
-9	-86	-511	0.896	435
-7	-85	-514	0.908	436
-9	-84	-513	0.915	437
-8	-86	-514	0.924	438
-8	-86	-513	0.931	439
-8	-85	-513	0.938	440
-8	-86	-512	0.947	441
-7	-87	-513	0.953	442
-9	-83	-512	0.959	443
-11	-79	-513	0.964	444
-9	-79	-514	0.970	445
-7	-80	-512	0.975	446
-8	-77	-514	0.979	447
-8	-80	-513	0.985	448
-9	-79	-514	0.988	449
-9	-81	-513	0.994	450
-10	-80	-513	0.999	451
-11	-82	-513	1.003	452
-9	-83	-513	1.007	453
-10	-81	-513	1.011	454
-10	-82	-514	1.015	455
-8	-85	-512	1.019	456
-10	-80	-514	1.023	457
-11	-84	-512	1.027	458
-10	-83	-514	1.029	459
-9	-84	-513	1.032	460
-8	-83	-513	1.036	461
-10	-83	-513	1.039	462
-9	-84	-513	1.041	463
-10	-81	-514	1.044	464
-8	-87	-512	1.048	465
-7	-84	-512	1.049	466
-8	-83	-514	1.052	467
-7	-83	-514	1.055	468
-9	-81	-514	1.057	469
-10	-80	-514	1.059	470
-8	-81	-513	1.061	471
-8	-81	-513	1.065	472
-9	-80	-514	1.065	473
-9	-82	-513	1.068	474
-9	-82	-513	1.071	475
-9	-81	-513	1.071	476
-8	-83	-514	1.073	477
-8	-82	-514	1.077	478
-7	-83	-513	1.078	479
-8	-81	-514	1.080	480
-8	-82	-513	1.081	481
-8	-82	-513	1.081	482
-9	-81	-514	1.084	483
-9	-81	-514	1.086	484
-9	-80	-513	1.088	485
-8	-80	-513	1.090	486
-7	-81	-514	1.090	487
-8	-81	-513	1.091	488
-8	-80	-514	1.094	489
-8	-82	-513	1.096	490
-7	-82	-513	1.097	491
-10	-80	-513	1.098	492
-9	-78	-514	1.100	493
-8	-78	-514	1.100	494
-8	-79	-512	1.100	495
-6	-77	-515	1.102	496
-8	-79	-513	1.102	497
-8	-81	-512	1.104	498
-8	-80	-514	1.104	499
-8	-79	-514	1.106	500
-9	-81	-512	1.106	501
-8	-80	-513	1.107	502
-8	-78	-514	1.110	503
-7	-80	-513	1.109	504
-8	-79	-513	1.110	505
-8	-78	-514	1.110	506
-8	-78	-513	1.112	507
-7	-79	-513	1.111	508
-8	-78	-513	1.112	509
-8	-78	-513	1.112	510
-7	-79	-513	1.112	511
-7	-78	-513	1.113	512
-7	-76	-514	1.114	513
-7	-77	-514	1.114	514
-7	-79	-513	1.115	515
-8	-77	-513	1.114	516
-9	-76	-514	1.114	517
-7	-77	-514	1.115	518
-7	-75	-514	1.116	519
-7	-75	-513	1.116	520
-7	-77	-514	1.116	521
-7	-76	-514	1.116	522
-7	-76	-514	1.116	523
-8	-76	-514	1.116	524
-8	-78	-513	1.118	525
-7	-76	-513	1.119	526
-7	-75	-514	1.119	527
-8	-75	-514	1.119	528
-6	-78	-513	1.120	529
-6	-75	-514	1.120	530
-9	-77	-513	1.122	531
-8	-77	-514	1.121	532
-9	-77	-513	1.122	533
-7	-78	-513	1.122	534
-7	-78	-513	1.124	535
-7	-76	-515	1.124	536
-7	-77	-514	1.127	537
-9	-75	-514	1.125	538
-7	-78	-513	1.126	539
-7	-78	-514	1.126	540
-7	-79	-513	1.127	541
-8	-78	-513	1.128	542
-8	-77	-513	1.128	543
-7	-78	-513	1.128	544
-8	-76	-514	1.129	545
-10	-73	-514	1.130	546
-7	-75	-515	1.131	547
-8	-77	-513	1.131	548
-8	-76	-514	1.130	549
-9	-74	-515	1.131	550
-6	-78	-514	1.131	551
-8	-76	-514	1.133	552
-8	-77	-514	1.135	553
-9	-76	-514	1.133	554
-9	-77	-514	1.135	555
-8	-78	-513	1.136	556
-7	-76	-514	1.136	557
-9	-77	-513	1.135	558
-8	-77	-513	1.136	559
-8	-77	-513	1.136	560
-8	-78	-513	1.136	561
-9	-75	-514	1.139	562
-8	-77	-514	1.138	563
-9	-75	-514	1.139	564
-8	-76	-514	1.139	565
-7	-74	-514	1.138	566
-8	-73	-514	1.139	567
-8	-75	-514	1.139	568
-9	-74	-514	1.140	569
-9	-74	-514	1.140	570
-8	-75	-514	1.140	571
-8	-74	-513	1.141	572
-7	-74	-513	1.143	573
-7	-73	-515	1.143	574
-8	-73	-513	1.141	575
-7	-71	-514	1.142	576
-8	-72	-514	1.143	577
-9	-73	-513	1.143	578
-8	-75	-513	1.144	579
-8	-75	-514	1.144	580
-9	-74	-514	1.145	581
-8	-74	-513	1.144	582
-9	-74	-514	1.146	583
-8	-75	-513	1.147	584
-7	-77	-513	1.146	585
-9	-75	-514	1.147	586
-9	-75	-514	1.147	587
-8	-77	-514	1.148	588
-7	-78	-513	1.149	589
-6	-79	-513	1.150	590
-9	-75	-514	1.148	591
-8	-76	-514	1.150	592
-10	-75	-513	1.149	593
-8	-75	-514	1.150	594
-8	-75	-514	1.151	595
-10	-74	-514	1.152	596
-9	-74	-514	1.152	597
-9	-75	-513	1.152	598
-8	-75	-514	1.152	599
0.000000 0.000000 0.000000 0.000000 0.000000
-9	3	-520	0.351	5
4	-22	-522	0.368	6
-21	-14	-540	0.417	7
16	-46	-513	0.449	8
4	-45	-514	0.456	9
8	-56	-514	0.453	10
-6	-41	-514	0.454	11
-7	-51	-514	0.456	12
-12	-46	-513	0.466	13
-14	-52	-514	0.472	14
-11	-56	-515	0.480	15
-12	-58	-514	0.488	16
-10	-59	-515	0.495	17
-11	-61	-513	0.502	18
-11	-61	-514	0.509	19
-10	-57	-516	0.514	20
-8	-67	-512	0.520	21
-11	-63	-514	0.525	22
-12	-69	-512	0.529	23
-11	-64	-518	0.534	24
-11	-69	-509	0.538	25
-23	-48	-512	0.545	26
-28	-51	-511	0.550	27
-18	-67	-520	0.555	28
-15	-60	-516	0.562	29
-16	-57	-517	0.571	30
-15	-58	-515	0.579	31
-15	-60	-514	0.590	32
-12	-57	-516	0.600	33
-15	-62	-513	0.609	34
-14	-60	-514	0.621	35
-14	-61	-514	0.633	36
-15	-61	-514	0.645	37
-14	-62	-514	0.658	38
-13	-61	-515	0.670	39
-16	-69	-512	0.682	40
-13	-65	-514	0.694	41
-14	-63	-515	0.708	42
-14	-64	-514	0.721	43
-15	-66	-513	0.734	44
-14	-64	-514	0.747	45
-14	-63	-514	0.760	46
-15	-64	-514	0.772	47
-11	-65	-514	0.786	48
-14	-65	-514	0.797	49
-15	-66	-514	0.812	50
-14	-64	-515	0.824	51
-15	-68	-513	0.835	52
-15	-67	-514	0.847	53
-15	-67	-513	0.858	54
-15	-66	-513	0.869	55
-15	-67	-514	0.879	56
-15	-66	-513	0.891	57
-15	-65	-515	0.899	58
-15	-65	-514	0.911	59
-16	-65	-514	0.922	60
-17	-66	-513	0.931	61
-17	-65	-514	0.940	62
-17	-67	-513	0.947	63
-18	-66	-513	0.957	64
-16	-67	-514	0.965	65
-14	-64	-514	0.975	66
-16	-66	-513	0.984	67
-14	-65	-515	0.993	68
-14	-64	-515	1.001	69
-16	-66	-513	1.011	70
-16	-64	-513	1.019	71
-14	-61	-515	1.027	72
-16	-62	-513	1.036	73
-16	-59	-513	1.043	74
-14	-59	-515	1.051	75
-15	-59	-514	1.059	76
-13	-60	-515	1.067	77
-15	-60	-514	1.073	78
-16	-61	-513	1.081	79
-16	-61	-514	1.088	80
-14	-62	-514	1.094	81
-15	-61	-514	1.102	82
-15	-61	-514	1.109	83
-16	-60	-514	1.115	84
-13	-58	-514	1.120	85
-14	-60	-514	1.127	86
-14	-61	-514	1.131	87
-14	-62	-514	1.139	88
-14	-63	-514	1.145	89
-13	-64	-514	1.151	90
-13	-64	-513	1.154	91
-14	-63	-513	1.159	92
-13	-63	-514	1.165	93
-12	-63	-514	1.169	94
-13	-64	-513	1.175	95
-12	-63	-515	1.178	96
-13	-64	-514	1.184	97
-12	-63	-514	1.188	98
-12	-63	-514	1.191	99
-11	-63	-514	1.198	100
-12	-64	-514	1.201	101
-12	-62	-514	1.204	102
-12	-63	-514	1.209	103
-11	-62	-514	1.214	104
-11	-61	-515	1.218	105
-11	-63	-514	1.221	106
-12	-62	-514	1.224	107
-11	-62	-514	1.228	108
-11	-62	-514	1.233	109
-12	-63	-514	1.235	110
-12	-63	-514	1.239	111
-11	-61	-514	1.243	112
-12	-62	-514	1.246	113
-11	-62	-514	1.251	114
-12	-63	-514	1.254	115
-11	-61	-514	1.257	116
-12	-62	-514	1.260	117
-11	-62	-514	1.264	118
-11	-61	-514	1.267	119
-12	-62	-514	1.269	120
-12	-63	-514	1.273	121
-12	-63	-514	1.275	122
-12	-62	-515	1.279	123
-12	-61	-514	1.281	124
-11	-62	-514	1.285	125
-11	-64	-514	1.288	126
-11	-62	-514	1.289	127
-11	-62	-515	1.293	128
-11	-62	-514	1.295	129
-12	-62	-513	1.300	130
-11	-61	-515	1.301	131
-12	-62	-514	1.305	132
-12	-63	-513	1.308	133
-11	-61	-514	1.309	134
-11	-61	-514	1.312	135
-12	-62	-514	1.316	136
-12	-61	-514	1.318	137
-12	-62	-514	1.320	138
-11	-60	-514	1.322	139
-11	-61	-514	1.326	140
-12	-61	-514	1.329	141
-11	-60	-514	1.330	142
-13	-62	-514	1.332	143
-11	-59	-514	1.335	144
-11	-61	-514	1.336	145
-11	-60	-514	1.340	146
-11	-61	-514	1.342	147
-11	-60	-515	1.344	148
-11	-60	-514	1.347	149
-11	-61	-514	1.347	150
-11	-61	-514	1.351	151
-11	-61	-514	1.352	152
-11	-60	-514	1.355	153
-11	-60	-514	1.356	154
-11	-61	-514	1.358	155
-12	-62	-514	1.359	156
-11	-61	-514	1.361	157
-11	-62	-514	1.364	158
-11	-62	-515	1.365	159
-11	-62	-514	1.368	160
-11	-61	-514	1.368	161
-12	-62	-514	1.368	162
-12	-63	-514	1.372	163
-11	-62	-515	1.372	164
-11	-63	-514	1.375	165
-11	-63	-514	1.376	166
-11	-63	-514	1.376	167
-11	-62	-514	1.379	168
-11	-63	-514	1.379	169
-11	-62	-514	1.382	170
-11	-61	-514	1.383	171
-12	-62	-514	1.384	172
-12	-63	-514	1.384	173
-12	-62	-514	1.387	174
-11	-61	-515	1.388	175
-11	-61	-515	1.390	176
-11	-62	-514	1.391	177
-11	-62	-515	1.393	178
-11	-62	-514	1.394	179
-11	-63	-514	1.394	180
-11	-62	-514	1.395	181
-11	-63	-514	1.396	182
-12	-63	-514	1.397	183
-11	-62	-514	1.399	184
-11	-62	-514	1.399	185
-11	-63	-514	1.401	186
-11	-62	-514	1.402	187
-11	-63	-514	1.401	188
-11	-62	-515	1.404	189
-11	-63	-515	1.405	190
-10	-63	-514	1.407	191
-11	-63	-514	1.408	192
-11	-64	-514	1.408	193
-11	-64	-514	1.409	194
-11	-62	-514	1.410	195
-11	-63	-514	1.410	196
-11	-63	-514	1.412	197
-12	-64	-514	1.413	198
-12	-64	-514	1.413	199
-11	-64	-514	1.415	200
-11	-64	-514	1.415	201
-11	-64	-514	1.416	202
-11	-64	-514	1.416	203
-11	-64	-515	1.418	204
-10	-63	-514	1.418	205
-11	-64	-514	1.421	206
-11	-63	-515	1.422	207
-11	-63	-514	1.422	208
-12	-64	-514	1.422	209
-11	-63	-514	1.423	210
-11	-65	-514	1.424	211
-10	-63	-515	1.425	212
-11	-64	-514	1.426	213
-11	-65	-514	1.426	214
-11	-64	-514	1.426	215
-11	-64	-514	1.428	216
-9	-63	-515	1.429	217
-11	-64	-514	1.431	218
-11	-63	-514	1.430	219
-10	-64	-514	1.431	220
-11	-63	-514	1.432	221
-11	-63	-514	1.433	222
-11	-64	-514	1.434	223
-10	-62	-515	1.434	224
-12	-64	-514	1.436	225
-11	-62	-514	1.434	226
-10	-63	-515	1.437	227
-11	-63	-515	1.437	228
-11	-64	-514	1.439	229
-11	-63	-514	1.439	230
-10	-64	-515	1.439	231
-11	-65	-514	1.441	232
-11	-65	-515	1.444	233
-12	-65	-514	1.443	234
-11	-65	-514	1.442	235
-10	-64	-514	1.446	236
-11	-64	-514	1.447	237
-11	-64	-515	1.447	238
-11	-63	-514	1.445	239
-11	-63	-514	1.448	240
-11	-64	-514	1.448	241
-11	-64	-514	1.451	242
-11	-64	-514	1.449	243
-11	-64	-514	1.451	244
-11	-64	-514	1.452	245
-12	-65	-514	1.452	246
-11	-64	-514	1.452	247
-11	-64	-514	1.455	248
-12	-63	-514	1.455	249
-12	-65	-514	1.456	250
-11	-64	-514	1.455	251
-11	-65	-514	1.458	252
-11	-63	-514	1.457	253
-11	-64	-514	1.458	254
-11	-64	-514	1.461	255
-10	-63	-515	1.460	256
-10	-62	-514	1.459	257
-11	-63	-515	1.462	258
-11	-63	-514	1.462	259
-10	-63	-514	1.462	260
-11	-63	-514	1.463	261
-11	-63	-515	1.463	262
-11	-63	-514	1.464	263
-11	-63	-514	1.465	264
-11	-64	-514	1.467	265
-11	-63	-514	1.466	266
-10	-63	-514	1.465	267
-10	-63	-514	1.467	268
-11	-63	-514	1.470	269
-11	-63	-514	1.470	270
-11	-63	-514	1.472	271
-11	-63	-514	1.470	272
-11	-62	-515	1.472	273
-10	-62	-515	1.472	274
-11	-62	-514	1.472	275
-10	-63	-515	1.473	276
-10	-63	-514	1.475	277
-10	-62	-514	1.475	278
-11	-62	-514	1.476	279
-10	-63	-515	1.476	280
-10	-64	-514	1.477	281
-10	-63	-514	1.476	282
-10	-63	-514	1.477	283
-10	-63	-515	1.479	284
-11	-62	-514	1.478	285
-11	-64	-514	1.480	286
-10	-64	-514	1.481	287
-11	-64	-514	1.480	288
-11	-63	-514	1.481	289
-11	-64	-515	1.483	290
-11	-63	-514	1.483	291
-10	-63	-514	1.484	292
-11	-62	-515	1.483	293
-11	-62	-514	1.484	294
-10	-63	-515	1.484	295
-10	-63	-514	1.484	296
-10	-63	-514	1.485	297
-10	-63	-515	1.486	298
-10	-63	-514	1.487	299
-10	-63	-514	1.488	300
-10	-64	-514	1.488	301
-10	-63	-514	1.488	302
-11	-63	-514	1.489	303
-10	-63	-514	1.491	304
-11	-64	-514	1.491	305
-10	-63	-514	1.492	306
-10	-63	-514	1.492	307
-10	-63	-514	1.494	308
-10	-63	-515	1.494	309
-10	-61	-515	1.494	310
-11	-63	-514	1.494	311
-10	-62	-514	1.496	312
-10	-65	-514	1.496	313
-10	-63	-514	1.497	314
-10	-63	-515	1.496	315
-11	-63	-514	1.498	316
-11	-63	-514	1.496	317
-11	-63	-514	1.499	318
-10	-63	-515	1.499	319
-11	-64	-515	1.496	320
-11	-64	-514	1.499	321
-10	-63	-514	1.499	322
-11	-64	-514	1.497	323
-10	-63	-514	1.499	324
-10	-64	-514	1.499	325
-11	-63	-514	1.497	326
-10	-64	-515	1.499	327
-10	-62	-515	1.497	328
-10	-62	-515	1.496	329
-10	-64	-514	1.494	330
-10	-63	-514	1.493	331
-10	-62	-515	1.492	332
-10	-62	-515	1.492	333
-11	-64	-515	1.490	334
-11	-65	-514	1.488	335
-11	-64	-514	1.487	336
-11	-64	-514	1.484	337
-11	-64	-514	1.481	338
-11	-65	-514	1.480	339
-10	-64	-515	1.476	340
-10	-64	-514	1.472	341
-10	-64	-514	1.468	342
-11	-63	-515	1.463	343
-10	-64	-514	1.458	344
-10	-64	-514	1.451	345
-10	-64	-515	1.446	346
-10	-64	-515	1.439	347
-10	-64	-515	1.434	348
-10	-64	-514	1.430	349
-11	-65	-514	1.426	350
-11	-63	-515	1.420	351
-10	-63	-514	1.417	352
-11	-64	-514	1.413	353
-10	-63	-514	1.409	354
-10	-63	-514	1.407	355
-10	-63	-514	1.405	356
-9	-63	-515	1.405	357
-10	-63	-515	1.402	358
-10	-63	-515	1.401	359
-10	-62	-514	1.401	360
-10	-63	-515	1.401	361
-9	-63	-514	1.401	362
-10	-63	-515	1.401	363
-10	-62	-514	1.401	364
-10	-63	-514	1.399	365
-10	-63	-514	1.401	366
-11	-65	-513	1.400	367
-10	-63	-514	1.401	368
-11	-64	-514	1.402	369
-10	-62	-515	1.402	370
-11	-63	-514	1.404	371
-10	-62	-514	1.405	372
-10	-63	-514	1.405	373
-10	-63	-514	1.405	374
-9	-64	-514	1.406	375
-9	-63	-514	1.408	376
-10	-64	-514	1.409	377
-10	-63	-515	1.409	378
-10	-63	-514	1.411	379
-10	-61	-515	1.413	380
-10	-62	-515	1.413	381
-11	-64	-514	1.415	382
-11	-61	-514	1.415	383
-10	-62	-514	1.417	384
-11	-64	-514	1.418	385
-10	-65	-514	1.419	386
-10	-63	-514	1.421	387
-10	-63	-515	1.420	388
-11	-63	-514	1.422	389
-10	-64	-514	1.423	390
-11	-64	-514	1.425	391
-11	-64	-514	1.425	392
-10	-64	-514	1.426	393
-10	-64	-514	1.426	394
-10	-64	-515	1.427	395
-10	-63	-515	1.426	396
-10	-64	-514	1.427	397
-10	-63	-514	1.428	398
-10	-63	-514	1.427	399
-10	-63	-515	1.426	400
-9	-63	-514	1.426	401
-10	-64	-514	1.425	402
-9	-63	-514	1.425	403
-11	-66	-513	1.422	404
-11	-63	-514	1.422	405
-10	-63	-514	1.422	406
-10	-63	-514	1.417	407
-12	-63	-514	1.419	408
-9	-64	-514	1.414	409
-9	-63	-514	1.413	410
-9	-64	-514	1.413	411
-10	-64	-514	1.410	412
-11	-64	-514	1.409	413
-11	-63	-514	1.409	414
-10	-64	-514	1.407	415
-9	-63	-514	1.405	416
-10	-62	-514	1.403	417
-9	-62	-515	1.403	418
-9	-63	-515	1.402	419
-10	-64	-514	1.401	420
-9	-63	-514	1.400	421
-10	-62	-514	1.399	422
-9	-62	-514	1.397	423
-10	-64	-514	1.397	424
-10	-63	-513	1.396	425
-10	-62	-514	1.397	426
-10	-62	-514	1.396	427
-10	-60	-515	1.395	428
-10	-63	-514	1.396	429
-10	-61	-514	1.396	430
-9	-64	-514	1.396	431
-10	-64	-514	1.396	432
-10	-63	-515	1.396	433
-10	-63	-514	1.396	434
-10	-64	-514	1.397	435
-10	-62	-514	1.396	436
-10	-61	-514	1.396	437
-11	-64	-513	1.397	438
-11	-63	-514	1.397	439
-10	-63	-514	1.397	440
-10	-62	-514	1.398	441
-10	-62	-514	1.399	442
-9	-60	-515	1.399	443
-10	-61	-515	1.399	444
-9	-61	-515	1.399	445
-11	-63	-514	1.401	446
-9	-60	-516	1.399	447
-10	-62	-515	1.400	448
-10	-66	-513	1.401	449
-9	-62	-514	1.401	450
-8	-65	-514	1.402	451
-9	-64	-515	1.402	452
-11	-65	-514	1.402	453
-10	-62	-515	1.403	454
-10	-64	-514	1.405	455
-11	-64	-514	1.403	456
-10	-64	-514	1.404	457
-9	-63	-515	1.405	458
-11	-65	-514	1.405	459
-10	-64	-514	1.405	460
-10	-63	-515	1.407	461
-10	-63	-514	1.406	462
-11	-64	-514	1.407	463
-10	-62	-514	1.407	464
-9	-61	-515	1.409	465
-9	-60	-515	1.409	466
-10	-63	-514	1.410	467
-10	-64	-513	1.409	468
-11	-61	-515	1.409	469
-10	-62	-514	1.410	470
-10	-61	-515	1.410	471
-10	-63	-515	1.411	472
-11	-64	-514	1.410	473
-10	-63	-514	1.410	474
-10	-63	-514	1.413	475
-10	-64	-514	1.413	476
-9	-60	-515	1.413	477
-10	-60	-515	1.413	478
-11	-61	-514	1.415	479
-10	-64	-514	1.416	480
-9	-62	-514	1.417	481
-10	-62	-514	1.418	482
-10	-62	-514	1.419	483
-10	-63	-514	1.418	484
-9	-62	-514	1.418	485
-10	-63	-514	1.419	486
-10	-65	-513	1.419	487
-9	-61	-514	1.421	488
-9	-60	-515	1.422	489
-9	-64	-514	1.422	490
-9	-64	-515	1.422	491
-11	-64	-513	1.424	492
-10	-62	-515	1.424	493
-9	-62	-515	1.423	494
-9	-63	-515	1.426	495
-11	-63	-514	1.426	496
-9	-60	-515	1.426	497
-10	-61	-514	1.428	498
-10	-64	-513	1.428	499
-10	-65	-514	1.429	500
-10	-66	-513	1.428	501
-10	-62	-515	1.429	502
-10	-64	-513	1.431	503
-11	-67	-513	1.431	504
-10	-63	-515	1.431	505
-10	-61	-514	1.431	506
-11	-62	-514	1.433	507
-10	-62	-515	1.433	508
-10	-61	-515	1.434	509
-10	-62	-514	1.434	510
-10	-62	-514	1.436	511
-10	-62	-514	1.435	512
-9	-62	-514	1.438	513
-10	-61	-515	1.438	514
-9	-61	-515	1.438	515
-11	-63	-514	1.438	516
-11	-62	-515	1.438	517
-10	-62	-514	1.440	518
-11	-63	-514	1.441	519
-11	-63	-514	1.441	520
-11	-65	-514	1.442	521
-9	-62	-515	1.442	522
-10	-62	-515	1.442	523
-10	-63	-515	1.444	524
-11	-63	-514	1.442	525
-10	-64	-515	1.447	526
-10	-65	-514	1.446	527
-10	-66	-514	1.446	528
-10	-67	-513	1.448	529
-10	-66	-514	1.448	530
-10	-64	-515	1.449	531
-11	-64	-514	1.449	532
-11	-63	-514	1.450	533
-11	-65	-514	1.450	534
-10	-64	-514	1.451	535
-10	-63	-514	1.451	536
-11	-62	-515	1.454	537
-11	-64	-514	1.454	538
-11	-65	-514	1.453	539
-10	-63	-515	1.455	540
-11	-62	-516	1.455	541
-11	-65	-514	1.456	542
-10	-65	-514	1.454	543
-11	-64	-514	1.455	544
-9	-64	-515	1.455	545
-10	-65	-514	1.458	546
-9	-65	-515	1.457	547
-10	-65	-514	1.457	548
-10	-64	-514	1.459	549
-12	-66	-513	1.459	550
-11	-63	-514	1.459	551
-14	-66	-513	1.460	552
-11	-67	-513	1.460	553
-10	-61	-516	1.461	554
-11	-64	-514	1.461	555
-10	-66	-514	1.459	556
-10	-65	-514	1.460	557
-9	-60	-517	1.462	558
-10	-64	-514	1.462	559
-11	-67	-513	1.464	560
-9	-61	-515	1.463	561
-10	-63	-514	1.464	562
-10	-62	-515	1.464	563
-10	-63	-514	1.464	564
-11	-64	-514	1.465	565
-11	-66	-513	1.465	566
-9	-61	-515	1.467	567
-10	-64	-514	1.467	568
-11	-65	-514	1.467	569
-11	-64	-514	1.467	570
-10	-62	-515	1.469	571
-10	-61	-515	1.467	572
-10	-63	-514	1.470	573
-10	-62	-515	1.468	574
-10	-63	-514	1.470	575
-10	-61	-515	1.470	576
-10	-66	-514	1.472	577
-11	-67	-513	1.472	578
-11	-65	-514	1.472	579
-11	-62	-514	1.472	580
-11	-61	-514	1.473	581
-11	-61	-515	1.474	582
-11	-63	-514	1.472	583
-10	-63	-514	1.474	584
-11	-66	-513	1.474	585
-10	-61	-515	1.476	586
-10	-63	-514	1.476	587
-11	-64	-514	1.477	588
-11	-63	-514	1.476	589
-10	-64	-514	1.476	590
-11	-62	-514	1.476	591
-10	-61	-515	1.479	592
-11	-61	-515	1.478	593
-11	-62	-514	1.478	594
-11	-64	-514	1.480	595
-10	-64	-514	1.479	596
-10	-62	-514	1.480	597
-10	-62	-515	1.480	598
-11	-65	-514	1.480	599
0.000000 0.000000 0.000000 0.000000 0.000000