0.332821
0.357802
0.333626
0.332015
0.332821
0.330403
0.332821
0.336850
0.343297
0.352967
0.376337
0.413407
0.459341
0.523810
0.618901
0.770403
0.992821
1.289377
1.643956
2.012234
2.352308
2.617436
2.814066
2.946227
3.029231
3.075165
3.093700
3.096117
3.088865
3.068718
3.040513
3.009890
2.972015
2.935751
2.892235
2.847912
2.803590
2.762491
2.722198
2.681905
2.639194
2.598095
2.556996
2.516703
2.479634
2.443370
2.407912
2.375678
2.343443
2.316044
2.285421
2.258022
2.232234
2.209670
2.187106
2.166154
2.149231
2.133114
2.120220
2.104103
2.093626
2.082344
2.071062
2.059780
2.050110
2.039634
2.030769
2.022711
2.014652
2.006593
1.997729
1.990476
1.981612
1.974359
1.967912
1.959854
1.951795
1.945348
1.938095
1.931648
1.924396
1.918755
1.913114
1.906667
1.898608
1.894579
1.888132
1.881685
1.873626
1.870403
1.863956
1.858315
1.851868
1.847839
1.838974
1.834139
1.826081
1.822051
1.815604
1.809963
1.802711
1.797876
1.792235
1.784176
1.780952
1.772894
1.767253
1.761612
1.756777
1.751941
1.747106
1.739854
1.734212
1.729377
1.725348
1.719707
1.714872
1.710843
1.704396
1.702784
1.696337
1.692308
1.686667
1.682637
1.680220
1.673773
1.670549
1.667326
1.664103
1.658462
1.656850
1.652821
1.646374
1.643956
1.639927
1.635897
1.632674
1.628645
1.626227
1.622198
1.618168
1.613333
1.613333
1.608498
1.606886
1.602051
1.599634
1.595604
1.593993
1.589963
1.585128
1.582711
1.580293
1.577070
1.576264
1.570623
1.568205
1.564176
1.561758
1.559341
1.554505
1.553700
1.548864
1.545641
1.544835
1.540806
1.539194
1.535971
1.533553
1.529524
1.528718
1.524689
1.523077
1.521465
1.518242
1.515018
1.512601
1.509377
1.506960
1.506154
1.502930
1.501319
1.498901
1.495678
1.494066
1.492454
1.490037
1.489231
1.487619
1.483590
1.482784
1.482784
1.480366
1.477949
1.475531
1.473919
1.471502
1.471502
1.467473
1.468278
1.466667
1.463443
1.461832
1.461832
1.458608
1.457802
1.457802
1.456996
1.454579
1.451355
1.452161
1.451355
1.447326
1.447326
1.446520
1.444908
1.442491
1.442491
1.439267
1.439267
1.436850
1.436850
1.434432
1.432821
1.431209
1.432015
1.429597
1.428791
1.426374
1.423956
1.425568
1.424762
1.423150
1.420733
1.419927
1.418315
1.417509
1.416703
1.415092
1.413480
1.412674
1.411062
1.411868
1.409451
1.409451
1.407033
1.407033
1.407033
1.405421
1.404615
1.402198
1.403004
1.399780
1.399780
1.399780
1.399780
1.399780
1.398974
1.395751
1.396557
1.395751
1.394945
1.394139
1.395751
1.392527
1.392527
1.393333
1.391722
1.390110
1.390110
1.389304
1.389304
1.388498
1.387692
1.385275
1.385275
1.386081
1.385275
1.384469
1.384469
1.384469
1.382857
1.384469
1.382051
1.382051
1.381245
1.380439
1.379634
1.380439
1.379634
1.378828
1.378828
1.379634
1.378022
1.377216
1.377216
1.374799
1.374799
1.373187
1.374799
1.373187
1.373993
1.372381
1.370769
1.371575
1.371575
1.370769
1.370769
1.370769
1.370769
1.369963
1.368352
1.367546
1.367546
1.365934
1.365128
1.365128
1.364322
1.364322
1.363516
1.363516
1.361905
1.361099
1.362711
1.359487
1.359487
1.358681
1.358681
1.359487
1.358681
1.357875
1.357070
1.355458
1.355458
1.357070
1.355458
1.355458
1.353846
1.353846
1.354652
1.351429
1.351429
1.351429
1.352234
1.349817
1.349817
1.351429
1.352234
1.350623
1.349011
1.350623
1.350623
1.348205
1.349011
1.347399
1.346593
1.346593
1.346593
1.346593
1.346593
1.345788
1.346593
1.344982
1.344176
1.343370
1.344982
1.343370
1.342564
1.342564
1.342564
1.340952
1.344176
1.342564
1.341758
1.340952
1.340952
1.340952
1.340147
1.341758
1.339341
1.340952
1.339341
1.338535
1.338535
1.337729
1.338535
1.337729
1.337729
1.335311
1.334506
1.334506
1.337729
1.333700
1.333700
1.332088
1.333700
1.332088
1.331282
1.331282
1.329670
1.329670
1.329670
1.328864
1.329670
1.329670
1.328864
1.328059
1.328059
1.326447
1.325641
1.326447
1.326447
1.326447
1.324835
1.324835
1.324835
1.324835
1.323223
1.324835
1.324029
1.324029
1.324029
1.324835
1.322418
1.324835
1.323223
1.323223
1.324835
1.324029
1.323223
1.324029
1.323223
1.323223
1.323223
1.324029
1.322418
1.323223
1.323223
1.321612
1.321612
1.324029
1.322418
1.321612
1.323223
1.321612
1.321612
1.322418
1.321612
1.319194
1.318388
1.318388
1.318388
1.318388
1.316777
1.316777
1.315971
1.315971
1.312747
1.313553
1.313553
1.311941
1.312747
1.310330
1.312747
1.310330
1.311136
1.309524
1.308718
1.309524
1.308718
1.308718
1.309524
1.309524
1.310330
1.311136
1.310330
1.311136
1.309524
1.310330
1.311941
1.310330
1.310330
1.310330
1.312747
1.311941
1.311941
1.312747
1.309524
1.312747
1.311941
1.311136
1.313553
1.311941
1.311941
1.311941
1.311136
1.311941
1.311941
1.312747
1.313553
1.313553
1.312747
1.312747
1.311136
1.312747
1.312747
1.312747
1.313553
1.315165
1.313553
1.312747
1.312747
1.313553
1.313553
1.313553
1.312747
1.315165
1.315165
1.315165
1.315971
1.315971
1.315165
1.315971
1.316777
1.315165
1.317582
1.316777
1.317582
1.314359
1.315971
1.318388
1.316777
1.317582
1.317582
1.317582
1.316777
1.316777
1.318388
1.317582
1.316777
1.316777
1.316777
1.318388
1.318388
1.315165
1.318388
1.316777
1.316777
1.316777
1.316777
1.315971
1.315165
1.315971
1.315165
1.315165
1.315165
1.312747
1.313553
1.313553
1.311941
1.311941
1.311941
1.311941
1.312747
1.305495
1.265201
1.216850
1.195897
0.000000
0.655165
1.328059
2.353114
3.123517
3.300000
3.300000
3.300000
3.300000
3.300000
3.250843
3.008278
2.725421
2.435311
2.166154
1.943736
1.772894
1.643150
1.550476
1.486007
1.442491
1.408645
1.387692
1.373187
1.365128
1.358681
1.357875
1.358681
1.360293
1.361905
1.367546
1.369963
1.374799
1.379634
1.382857
1.387692
1.390916
1.393333
1.395751
1.399780
1.403004
1.404615
1.408645
1.413480
1.416703
1.419927
1.426374
1.431209
1.439267
1.447326
1.456996
1.464249
1.474725
1.487619
1.497289
1.510183
1.524689
1.536777
1.552894
1.564982
1.579487
1.593187
1.609304
1.623004
1.638315
1.653626
1.668132
1.682637
1.695531
1.708425
1.722125
1.735018
1.748718
1.760806
1.772894
1.784982
1.795458
1.805128
1.816410
1.828498
1.838169
1.848645
1.857509
1.867180
1.876044
1.883297
1.892161
1.900220
1.910696
1.915531
1.924396
1.930842
1.939707
1.948572
1.954213
1.959854
1.967106
1.972747
1.977582
1.985641
1.991282
1.997729
2.004176
2.006593
2.014652
2.019487
2.025934
2.030769
2.035604
2.041245
2.043663
2.051722
2.054139
2.058974
2.063004
2.068645
2.071868
2.076703
2.080733
2.086374
2.087985
2.092015
2.096044
2.100073
2.104908
2.108132
2.112967
2.116190
2.118608
2.123443
2.123443
2.127473
2.131502
2.137143
2.139560
2.141172
2.145201
2.146813
2.150037
2.152454
2.154872
2.157289
2.160513
2.162930
2.167766
2.168571
2.172601
2.174212
2.178242
2.179853
2.182271
2.184689
2.186300
2.188718
2.190330
2.194359
2.195165
2.199194
2.200806
2.201612
2.204835
2.205641
2.208059
2.210476
2.212894
2.214506
2.216117
2.219341
2.221758
2.223370
2.225788
2.228205
2.228205
2.230623
2.231429
2.233846
2.235458
2.237070
2.240293
2.241099
2.243516
2.245128
2.246740
2.248352
2.249963
2.253187
2.253187
2.254799
2.256410
2.258022
2.259634
2.261245
2.262857
2.265275
2.266886
2.269304
2.270110
2.269304
2.271722
2.272527
2.274139
2.277363
2.276557
2.278169
2.280586
2.280586
2.281392
2.282198
2.285421
2.286227
2.287839
2.288645
2.289451
2.289451
2.291062
2.295092
2.295092
2.295897
2.297509
2.297509
2.299121
2.299927
2.299927
2.303150
2.303150
2.305568
2.305568
2.306374
2.307985
2.308791
2.309597
2.309597
2.312821
2.312821
2.313627
2.316850
2.315238
2.317656
2.317656
2.319267
2.318462
2.320879
2.322491
2.323297
2.323297
2.322491
2.323297
2.326520
2.326520
2.327326
2.327326
2.328132
2.329744
2.330549
2.330549
2.330549
2.332161
2.332161
2.332161
2.332161
2.333773
2.334579
2.333773
2.336190
2.336996
2.337802
2.336996
2.338608
2.341026
2.338608
2.340220
2.341831
2.341831
2.341026
2.343443
2.342638
2.345055
2.345055
2.344249
2.347473
2.345055
2.347473
2.346667
2.349890
2.349084
2.349890
2.349084
2.349084
2.351502
2.350696
2.353919
2.353114
2.352308
2.354725
2.353114
2.353114
2.353114
2.355531
2.355531
2.356337
2.357949
2.357143
2.357143
2.358755
2.358755
2.358755
2.359560
2.360366
2.360366
2.361172
2.362784
2.362784
2.361978
2.364396
2.364396
2.364396
2.366007
2.365201
2.366007
2.366007
2.367619
2.367619
2.366813
2.367619
2.367619
2.369231
2.367619
2.368425
2.369231
2.368425
2.369231
2.369231
2.370842
2.369231
2.370037
2.372454
2.372454
2.373260
2.372454
2.372454
2.370842
2.373260
2.373260
2.373260
2.374066
2.374066
2.374066
2.375678
2.374872
2.375678
2.374872
2.375678
2.376484
2.375678
2.375678
2.377290
2.376484
2.375678
2.378901
2.377290
2.378901
2.378901
2.378901
2.378095
2.377290
2.378901
2.380513
2.379707
2.379707
2.381319
2.381319
2.382125
2.381319
2.381319
2.382125
2.382930
2.382930
2.382125
2.382125
2.381319
2.382930
2.382930
2.384542
2.383736
2.382125
2.384542
2.385348
2.384542
2.385348
2.382930
2.384542
2.384542
2.384542
2.385348
2.385348
2.385348
2.386154
2.385348
2.386960
2.386154
2.385348
2.385348
2.386960
2.388571
2.386154
2.387766
2.386154
2.386154
2.388571
2.388571
2.389377
2.388571
2.389377
2.388571
2.390183
2.389377
2.390183
2.390183
2.390183
2.389377
2.390183
2.391795
2.392601
2.390183
2.390989
2.391795
2.392601
2.391795
2.392601
2.393407
2.393407
2.394212
2.392601
2.393407
2.393407
2.392601
2.394212
2.392601
2.393407
2.394212
2.393407
2.393407
2.394212
2.395824
2.395018
2.396630
2.396630
2.394212
2.395018
2.396630
2.395824
2.395018
2.395824
2.394212
2.396630
2.395018
2.395824
2.395824
2.395824
2.398242
2.398242
2.399048
2.397436
2.396630
2.395824
2.398242
2.398242
2.396630
2.398242
2.398242
2.396630
2.399048
2.396630
2.399853
2.399048
2.399853
2.399853
2.399853
2.399048
2.398242
2.398242
2.400659
2.399048
2.399048
2.398242
2.401465
2.401465
2.402271
2.399853
2.400659
2.401465
2.400659
2.401465
2.399853
2.401465
2.401465
2.400659
2.400659
2.403077
2.400659
2.403077
2.401465
2.401465
2.403077
2.403077
2.402271
2.401465
2.402271
2.400659
2.403077
2.404689
2.402271
2.401465
2.402271
2.403077
2.402271
2.401465
2.403077
2.403077
2.403883
2.403883
2.403077
2.403077
2.404689
2.404689
2.404689
2.402271
2.403077
2.405494
2.403077
2.404689
2.405494
2.404689
2.404689
2.403883
2.404689
2.403077
2.405494
2.405494
2.405494
2.404689
2.404689
2.407106
2.406300
2.404689
2.406300
2.407106
2.406300
2.406300
2.406300
2.407106
2.405494
2.406300
2.406300
2.406300
2.408718
2.408718
2.407912
2.408718
2.406300
2.407106
2.407912
2.408718
2.407106
2.408718
2.408718
2.408718
2.409524
2.409524
2.411136
2.408718
2.407912
2.408718
2.410330
2.409524
2.410330
2.410330
2.411136
2.411136
2.410330
2.411136
2.410330
2.411942
2.411942
2.411942
2.411942
2.411942
2.411136
2.411136
2.411942
2.412747
2.411136
2.411942
2.412747
2.412747
2.284615
1.552894
0.981538
0.705128
0.000000
2.249963
3.228278
3.300000
3.300000
3.300000
3.300000
3.300000
3.300000
3.300000
3.300000
3.300000
3.300000
3.300000
3.300000
3.300000
3.300000
3.300000
3.300000
3.300000
3.300000
3.300000
3.300000
3.300000
3.300000
3.300000
3.300000
3.300000
3.300000
3.300000
3.300000
3.300000
3.300000
3.300000
3.300000
3.300000
3.300000
3.300000
3.300000
3.300000
3.300000
3.300000
3.300000
3.300000
3.300000
3.300000
3.300000
3.300000
3.300000
3.300000
3.300000
3.300000
3.300000
3.300000
3.300000
3.300000
3.300000
3.300000
3.300000
3.300000
3.300000
3.300000
3.300000
3.300000
3.300000
3.300000
3.300000
3.300000
3.300000
3.300000
3.300000
3.300000
3.300000
3.300000
3.300000
3.300000
3.300000
3.300000
3.300000
3.300000
3.300000
3.300000
3.300000
3.300000
3.300000
3.300000
3.300000
3.300000
3.300000
3.300000
3.300000
3.300000
3.300000
3.300000
3.300000
3.300000
3.300000
3.300000
3.300000
3.300000
3.300000
3.300000
3.300000
3.300000
3.300000
3.300000
3.300000
3.300000
3.300000
3.300000
3.300000
3.300000
3.300000
3.300000
3.300000
3.300000
3.300000
3.300000
3.300000
3.300000
3.300000
3.300000
3.300000
3.300000
3.300000
3.300000
3.300000
3.300000
3.300000
3.300000
3.300000
3.300000
3.300000
3.300000
3.300000
3.300000
3.300000
3.300000
3.300000
3.300000
3.300000
3.300000
3.300000
3.300000
3.300000
3.300000
3.300000
3.300000
3.300000
3.300000
3.300000
3.300000
3.300000
3.300000
3.300000
3.300000
3.300000
3.300000
3.300000
3.300000
3.300000
3.300000
3.300000
3.300000
3.300000
3.300000
3.300000
3.300000
3.300000
3.300000
3.300000
3.300000
3.300000
3.300000
3.300000
3.300000
3.300000
3.300000
3.300000
3.300000
3.300000
3.300000
3.300000
3.300000
3.300000
3.300000
3.300000
3.300000
3.300000
3.300000
3.300000
3.300000
3.300000
3.300000
3.300000
3.300000
3.300000
3.300000
3.300000
3.300000
3.300000
3.300000
3.300000
3.300000
3.300000
3.300000
3.300000
3.300000
3.300000
3.300000
3.300000
3.300000
3.300000
3.300000
3.300000
3.300000
3.300000
3.300000
3.300000
3.300000
3.300000
3.300000
3.300000
3.300000
3.300000
3.300000
3.300000
3.300000
3.300000
3.300000
3.300000
3.300000
3.300000
3.300000
3.300000
3.300000
3.300000
3.300000
3.300000
3.300000
3.300000
3.300000
3.300000
3.300000
3.300000
3.300000
3.300000
3.300000
3.300000
3.300000
3.300000
3.300000
3.300000
3.300000
3.300000
3.300000
3.300000
3.300000
3.300000
3.300000
3.300000
3.300000
3.300000
3.300000
3.300000
3.300000
3.300000
3.300000
3.300000
3.300000
3.300000
3.300000
3.300000
3.300000
3.300000
3.300000
3.300000
3.300000
3.300000
3.300000
3.300000
3.300000
3.300000
3.300000
3.300000
3.300000
3.300000
3.300000
3.300000
3.300000
3.300000
3.300000
3.300000
3.300000
3.300000
3.300000
3.300000
3.300000
3.300000
3.300000
3.300000
3.300000
3.300000
3.300000
3.300000
3.300000
3.300000
3.300000
3.300000
3.300000
3.300000
3.300000
3.300000
3.300000
3.300000
3.300000
3.300000
3.300000
3.300000
3.300000
3.300000
3.300000
3.300000
3.300000
3.300000
3.300000
3.300000
3.300000
3.300000
3.300000
3.300000
3.300000
3.300000
3.300000
3.300000
3.300000
3.300000
3.300000
3.300000
3.300000
3.300000
3.300000
3.300000
3.300000
3.300000
3.300000
3.300000
3.300000
3.300000
3.300000
3.300000
3.300000
3.300000
3.300000
3.300000
3.300000
3.300000
3.300000
3.300000
3.300000
3.300000
3.300000
3.300000
3.300000
3.300000
3.300000
3.300000
3.300000
3.300000
3.300000
3.300000
3.300000
3.300000
3.300000
3.300000
3.300000
3.300000
3.300000
3.300000
3.300000
3.300000
3.300000
3.300000
3.300000
3.300000
3.300000
3.300000
3.300000
3.300000
3.300000
3.300000
3.300000
3.300000
3.300000
3.300000
3.300000
3.300000
3.300000
3.300000
3.300000
3.300000
3.300000
3.300000
3.300000
3.300000
3.300000
3.300000
3.300000
3.300000
3.300000
3.300000
3.300000
3.300000
3.300000
3.300000
3.300000
3.300000
3.300000
3.300000
3.300000
3.300000
3.300000
3.300000
3.300000
3.300000
3.300000
3.300000
3.300000
3.300000
3.300000
3.300000
3.300000
3.300000
3.300000
3.300000
3.300000
3.300000
3.300000
3.300000
3.300000
3.300000
3.300000
3.300000
3.300000
3.300000
3.300000
3.300000
3.300000
3.300000
3.300000
3.300000
3.300000
3.300000
3.300000
3.300000
3.300000
3.300000
3.300000
3.300000
3.300000
3.300000
3.300000
3.300000
3.300000
3.300000
3.300000
3.300000
3.300000
3.300000
3.300000
3.300000
3.300000
3.300000
3.300000
3.300000
3.300000
3.300000
3.300000
3.300000
3.300000
3.300000
3.300000
3.300000
3.300000
3.300000
3.300000
3.300000
3.300000
3.300000
3.300000
3.300000
3.300000
3.300000
3.300000
3.300000
3.300000
3.300000
3.300000
3.300000
3.300000
3.300000
3.300000
3.300000
3.300000
3.300000
3.300000
3.300000
3.300000
3.300000
3.300000
3.300000
3.300000
3.300000
3.300000
3.300000
3.300000
3.300000
3.300000
3.300000
3.300000
3.300000
3.300000
3.300000
3.300000
3.300000
3.300000
3.300000
3.300000
3.300000
3.300000
3.300000
3.300000
3.300000
3.300000
3.300000
3.300000
3.300000
3.300000
3.300000
3.300000
3.300000
3.300000
3.300000
3.300000
3.300000
3.300000
3.300000
3.300000
3.300000
3.300000
3.300000
3.300000
3.300000
3.300000
3.300000
3.300000
3.300000
3.300000
3.300000
3.300000
3.300000
3.300000
3.300000
3.300000
3.300000
3.300000
3.300000
3.300000
3.300000
3.300000
3.300000
3.300000
3.300000
3.300000
3.300000
3.300000
3.300000
3.300000
3.300000
3.300000
3.300000
2.427253
1.863150
1.609304
0.000000
0.330403
0.409377
0.457729
0.503663
0.568938
0.624542
0.665641
0.702711
0.725275
0.738168
0.746227
0.746227
0.743004
0.738974
0.734139
0.729304
0.726886
0.723663
0.717216
0.713187
0.710769
0.705934
0.701905
0.699487
0.693040
0.692234
0.690623
0.684982
0.684176
0.681758
0.678535
0.677729
0.676117
0.676923
0.675311
0.675311
0.676923
0.678535
0.682564
0.684982
0.688205
0.690623
0.693846
0.699487
0.703516
0.708352
0.713993
0.718828
0.726886
0.731722
0.738168
0.743004
0.749451
0.755092
0.759121
0.765568
0.772015
0.778461
0.784103
0.788132
0.793773
0.801831
0.805055
0.809890
0.813919
0.817949
0.823590
0.828425
0.832454
0.836484
0.840513
0.845348
0.849377
0.851795
0.855824
0.861465
0.864689
0.866300
0.871136
0.872747
0.876777
0.880000
0.884835
0.885641
0.889670
0.891282
0.896117
0.899341
0.898535
0.902564
0.906593
0.909011
0.912234
0.912234
0.913846
0.917070
0.917876
0.921905
0.922711
0.923516
0.925934
0.926740
0.930769
0.931575
0.933187
0.933187
0.938022
0.938828
0.939634
0.940440
0.942857
0.944469
0.943663
0.944469
0.946886
0.947692
0.949304
0.950110
0.951722
0.954945
0.954139
0.955751
0.956557
0.958974
0.958169
0.959780
0.961392
0.963810
0.965421
0.965421
0.967033
0.967033
0.968645
0.969451
0.971062
0.971868
0.971868
0.973480
0.974286
0.974286
0.975092
0.975092
0.976703
0.979927
0.977509
0.980733
0.981538
0.983956
0.981538
0.983956
0.984762
0.984762
0.984762
0.984762
0.988791
0.986374
0.987179
0.986374
0.987985
0.987985
0.986374
0.985568
0.985568
0.985568
0.983150
0.983150
0.980733
0.983150
0.983150
0.982344
0.981538
0.981538
0.983150
0.983150
0.983956
0.983150
0.983956
0.983150
0.983150
0.986374
0.985568
0.985568
0.984762
0.987179
0.987985
0.987985
0.987985
0.989597
0.991209
0.992821
0.993626
0.994432
0.996044
0.996850
0.997656
0.997656
1.000073
1.000879
0.999267
1.002491
1.002491
1.004103
1.004103
1.006520
1.006520
1.006520
1.007326
1.007326
1.007326
1.008132
1.009744
1.012161
1.012161
1.012161
1.012161
1.015385
1.016191
1.016996
1.016191
1.016996
1.018608
1.020220
1.021026
1.021831
1.021831
1.021831
1.020220
1.023443
1.021831
1.023443
1.025861
1.025055
1.026667
1.026667
1.028278
1.027473
1.027473
1.027473
1.027473
1.029084
1.028278
1.029890
1.029890
1.029890
1.031502
1.033114
1.033919
1.033114
1.034725
1.035531
1.033919
1.035531
1.035531
1.037143
1.037143
1.037949
1.037949
1.039560
1.038755
1.041978
1.040366
1.041172
1.040366
1.041978
1.041172
1.041978
1.041172
1.042784
1.043590
1.045202
1.043590
1.049231
1.047619
1.049231
1.048425
1.048425
1.048425
1.050037
1.049231
1.051648
1.052454
1.052454
1.052454
1.052454
1.053260
1.052454
1.055678
1.055678
1.053260
1.054066
1.054872
1.054066
1.054872
1.055678
1.057289
1.057289
1.058095
1.058901
1.059707
1.058095
1.058095
1.058901
1.058901
1.060513
1.058901
1.060513
1.062125
1.062930
1.063736
1.064542
1.063736
1.064542
1.064542
1.066960
1.066960
1.066154
1.067766
1.067766
1.068571
1.070183
1.070989
1.070989
1.071795
1.070183
1.070183
1.070989
1.070183
1.069377
1.070183
1.070183
1.070183
1.070183
1.070183
1.068571
1.070183
1.068571
1.070183
1.070989
1.068571
1.069377
1.070183
1.071795
1.070989
1.070183
1.070183
1.071795
1.070989
1.070989
1.070989
1.072601
1.072601
1.070989
1.070989
1.073407
1.073407
1.073407
1.076630
1.075824
1.075018
1.075824
1.076630
1.077436
1.079048
1.078242
1.079048
1.081465
1.080659
1.079854
1.084689
1.084689
1.083883
1.086300
1.084689
1.086300
1.087106
1.088718
1.089524
1.091136
1.089524
1.090330
1.091136
1.093553
1.092747
1.092747
1.095165
1.095971
1.095971
1.098388
1.096777
1.099194
1.098388
1.099194
1.097582
1.099194
1.099194
1.099194
1.098388
1.099194
1.100000
1.099194
1.099194
1.100806
1.100806
1.100806
1.100000
1.100000
1.100806
1.100806
1.102418
1.101612
1.102418
1.100806
1.102418
1.100806
1.102418
1.100806
1.102418
1.100806
1.101612
1.101612
1.100806
1.100806
1.100806
1.102418
1.100806
1.100000
1.100806
1.102418
1.100806
1.103223
1.103223
1.102418
1.102418
1.102418
1.100000
1.101612
1.102418
1.100806
1.100000
1.100806
1.099194
1.100806
1.100806
1.100000
1.100806
1.100806
1.100806
1.101612
1.101612
1.100806
1.102418
1.102418
1.102418
1.102418
1.103223
1.104835
1.104029
1.104835
1.105641
1.105641
1.106447
1.105641
1.105641
1.104029
1.107253
1.107253
1.107253
1.108865
1.108865
1.108865
1.108865
1.108865
1.108865
1.110476
1.110476
1.109670
1.110476
1.111282
1.112088
1.109670
1.109670
1.111282
1.113700
1.113700
1.111282
1.112894
1.112088
1.113700
1.112894
1.115311
1.114506
1.113700
1.114506
1.116117
1.116117
1.116117
1.115311
1.115311
1.116117
1.116923
1.117729
1.116923
1.116117
1.115311
1.118535
1.118535
1.119341
1.118535
1.120146
1.119341
1.118535
1.121758
1.120952
1.120146
1.119341
1.120146
1.120952
1.120952
1.118535
1.121758
1.121758
1.121758
1.121758
1.121758
1.120146
1.121758
1.120952
1.122564
1.122564
1.120952
1.120952
1.122564
1.122564
1.120952
1.122564
1.120952
1.122564
1.123370
1.121758
1.122564
1.120146
1.121758
1.121758
1.122564
1.121758
1.123370
1.123370
1.123370
1.120146
1.123370
1.122564
1.124176
1.123370
1.122564
1.122564
1.123370
1.124982
1.125788
1.124982
1.124982
1.126593
1.125788
1.127399
1.125788
1.127399
1.126593
1.126593
1.126593
1.124982
1.124982
1.124982
1.124982
1.127399
1.128205
1.126593
1.126593
1.126593
1.125788
1.128205
1.128205
1.128205
1.129011
1.130623
1.129817
1.131429
1.129817
1.131429
1.130623
1.131429
1.131429
1.129817
1.131429
1.129817
1.129817
1.129817
1.129011
1.129817
1.130623
1.130623
1.129011
0.000000
0.438388
0.672894
0.888059
1.075824
1.206374
1.285348
1.336923
1.369158
1.381245
1.386886
1.385275
1.377216
1.372381
1.361905
1.356264
1.350623
1.343370
1.337729
1.334506
1.329670
1.324029
1.321612
1.312747
1.309524
1.303077
1.296630
1.286960
1.281319
1.271648
1.265201
1.258755
1.250696
1.245861
1.239414
1.234579
1.231355
1.226520
1.223297
1.222491
1.219267
1.216044
1.215238
1.213626
1.216044
1.214432
1.216850
1.218461
1.218461
1.220073
1.221685
1.224103
1.227326
1.229744
1.233773
1.235385
1.241026
1.244249
1.250696
1.255531
1.257143
1.263590
1.270037
1.273260
1.278095
1.285348
1.289377
1.294212
1.300659
1.307106
1.312747
1.319194
1.324835
1.328059
1.335311
1.340147
1.345788
1.353846
1.357070
1.365128
1.369963
1.375604
1.381245
1.386886
1.392527
1.397363
1.404615
1.410256
1.415897
1.423150
1.427179
1.432015
1.435238
1.441685
1.446520
1.451355
1.458608
1.463443
1.467473
1.473919
1.476337
1.482784
1.487619
1.492454
1.498095
1.500513
1.506960
1.510183
1.516630
1.519853
1.524689
1.529524
1.535165
1.539194
1.542418
1.546447
1.552088
1.555311
1.558535
1.563370
1.566593
1.569817
1.574652
1.577070
1.581905
1.585128
1.587546
1.593187
1.594799
1.598022
1.600440
1.603663
1.606886
1.610110
1.613333
1.616557
1.619780
1.620586
1.623004
1.626227
1.631062
1.631062
1.633480
1.637509
1.639121
1.642344
1.643956
1.647985
1.647985
1.652015
1.653626
1.658462
1.658462
1.661685
1.664909
1.666520
1.669744
1.672161
1.674579
1.676996
1.679414
1.682637
1.685861
1.688278
1.690696
1.692308
1.695531
1.697143
1.703590
1.706007
1.708425
1.710037
1.713260
1.718095
1.718901
1.721319
1.726154
1.728572
1.730183
1.734212
1.734212
1.740659
1.741465
1.742271
1.743077
1.747106
1.748718
1.751136
1.754359
1.757583
1.758388
1.763224
1.764029
1.767253
1.770476
1.772894
1.776117
1.776117
1.779341
1.781758
1.784176
1.784176
1.784176
1.785788
1.787399
1.787399
1.790623
1.789817
1.791429
1.793040
1.795458
1.796264
1.797070
1.800293
1.800293
1.800293
1.801099
1.802711
1.805128
1.805128
1.808352
1.807546
1.809158
1.812381
1.813187
1.813993
1.813993
1.816410
1.817216
1.818828
1.819634
1.822857
1.821246
1.823663
1.825275
1.826081
1.826081
1.829304
1.830916
1.832527
1.831722
1.835751
1.834945
1.837363
1.838169
1.838974
1.841392
1.841392
1.844615
1.844615
1.845421
1.847839
1.849451
1.849451
1.851062
1.851868
1.853480
1.853480
1.856703
1.858315
1.858315
1.859927
1.860733
1.863150
1.863150
1.863956
1.865568
1.865568
1.869597
1.867985
1.869597
1.872821
1.872821
1.874432
1.875238
1.876044
1.877656
1.876850
1.880073
1.880879
1.882491
1.882491
1.882491
1.884103
1.884909
1.887326
1.887326
1.888938
1.889744
1.889744
1.890550
1.893773
1.892967
1.893773
1.896996
1.898608
1.896996
1.898608
1.900220
1.900220
1.901026
1.903443
1.903443
1.904249
1.905055
1.905055
1.908278
1.909084
1.910696
1.909084
1.910696
1.910696
1.914725
1.916337
1.914725
1.916337
1.918755
1.917949
1.918755
1.918755
1.921172
1.921978
1.923590
1.922784
1.926007
1.926007
1.926007
1.926007
1.927619
1.929231
1.930037
1.929231
1.932454
1.932454
1.934066
1.934066
1.934872
1.937289
1.937289
1.938901
1.938901
1.938901
1.942930
1.940513
1.942125
1.942930
1.942930
1.943736
1.944542
1.944542
1.946154
1.948572
1.946154
1.948572
1.949377
1.950989
1.951795
1.953407
1.951795
1.954213
1.955018
1.955824
1.955018
1.958242
1.957436
1.957436
1.959854
1.960659
1.959854
1.963077
1.963883
1.963077
1.964689
1.964689
1.965495
1.965495
1.966300
1.967912
1.967106
1.968718
1.969524
1.970330
1.971941
1.971136
1.972747
1.975165
1.973553
1.975971
1.975165
1.975971
1.977582
1.975971
1.977582
1.977582
1.979194
1.980000
1.980806
1.981612
1.981612
1.980000
1.985641
1.986447
1.984029
1.984029
1.987253
1.988059
1.988059
1.988059
1.987253
1.988865
1.990476
1.989670
1.990476
1.990476
1.989670
1.992088
1.992088
1.992088
1.992894
1.992894
1.994506
1.994506
1.996117
1.996923
1.997729
1.995311
1.996923
1.998535
1.998535
2.000147
2.000147
2.000952
2.001758
2.003370
2.004176
2.001758
2.004176
2.004982
2.004982
2.006593
2.008205
2.008205
2.008205
2.009817
2.009817
2.009817
2.012234
2.010623
2.011429
2.013040
2.014652
2.014652
2.015458
2.015458
2.015458
2.017070
2.017070
2.017875
2.016264
2.019487
2.020293
2.019487
2.019487
2.019487
2.021099
2.022711
2.021905
2.022711
2.024322
2.021905
2.022711
2.025128
2.026740
2.024322
2.025128
2.026740
2.026740
2.026740
2.026740
2.029158
2.029158
2.029158
2.030769
2.030769
2.030769
2.032381
2.033187
2.033993
2.034799
2.034799
2.035604
2.037216
2.038022
2.037216
2.038022
2.039634
2.038828
2.038828
2.041245
2.041245
2.041245
2.042051
2.042857
2.044469
2.044469
2.045275
2.046886
2.046886
2.045275
2.046081
2.048498
2.046886
2.047692
2.047692
2.050110
2.050110
2.050110
2.051722
2.050916
2.051722
2.050916
2.051722
2.053333
2.053333
2.053333
2.054945
2.054139
2.055751
2.056557
2.054945
2.055751
2.057363
2.058169
2.056557
2.058169
2.059780
2.058169
2.057363
2.058974
2.061392
2.059780
2.059780
2.063004
2.063004
2.059780
2.063004
2.063004
2.063004
2.063004
2.063810
2.063004
2.064615
2.063810
2.064615
2.065421
2.064615
2.065421
2.064615
2.063810
2.066227
2.066227
2.064615
2.065421
2.066227
2.064615
2.067033
2.067033
2.067839
2.066227
2.067839
2.066227
2.069451
2.066227
2.067839
2.069451
2.066227
2.069451
2.069451
2.067033
2.068645
2.070256
2.069451
2.068645
2.071062
2.071062
2.070256
2.069451
2.070256
2.070256
2.072674
2.071868
2.072674
2.072674
2.072674
2.073480
2.071062
2.071868
1.932454
1.273260
0.869524
0.677729
0.557656
0.000000
0.320733
0.359414
0.423883
0.461758
0.484322
0.506081
0.525421
0.543150
0.547985
0.549597
0.548791
0.543150
0.536703
0.532674
0.528645
0.527839
0.525421
0.527033
0.530256
0.533480
0.531062
0.531062
0.530256
0.531062
0.530256
0.525421
0.526227
0.524615
0.523810
0.522198
0.523004
0.523810
0.523810
0.523810
0.525421
0.526227
0.525421
0.526227
0.524615
0.527033
0.527839
0.528645
0.528645
0.530256
0.530256
0.531868
0.532674
0.532674
0.532674
0.533480
0.534286
0.535092
0.535897
0.536703
0.536703
0.539121
0.538315
0.538315
0.541538
0.539121
0.539121
0.541538
0.541538
0.543956
0.544762
0.543150
0.545568
0.543956
0.547179
0.547985
0.548791
0.547985
0.552015
0.552015
0.550403
0.553626
0.552820
0.554432
0.555238
0.557656
0.557656
0.558462
0.560879
0.559267
0.562491
0.563297
0.564103
0.564908
0.567326
0.568132
0.567326
0.570549
0.568938
0.569744
0.571355
0.571355
0.574579
0.575385
0.577802
0.576996
0.576996
0.578608
0.579414
0.581831
0.581831
0.583443
0.585055
0.584249
0.586667
0.587473
0.586667
0.587473
0.588278
0.590696
0.591502
0.593919
0.593114
0.593919
0.596337
0.597143
0.598755
0.600366
0.599560
0.600366
0.601978
0.601172
0.602784
0.604396
0.602784
0.604396
0.607619
0.606007
0.607619
0.610037
0.609231
0.610843
0.610843
0.612454
0.613260
0.614066
0.614066
0.615678
0.617289
0.615678
0.618901
0.618901
0.618901
0.620513
0.622125
0.622125
0.620513
0.622930
0.623736
0.625348
0.623736
0.626154
0.626960
0.628571
0.628571
0.630183
0.628571
0.630183
0.631795
0.632601
0.632601
0.635018
0.633407
0.632601
0.635018
0.635018
0.636630
0.635824
0.638242
0.638242
0.639048
0.639048
0.641465
0.639853
0.639853
0.642271
0.642271
0.643077
0.643077
0.644689
0.644689
0.645494
0.646300
0.645494
0.647106
0.644689
0.646300
0.647912
0.648718
0.648718
0.649524
0.650330
0.649524
0.651941
0.651136
0.651941
0.654359
0.653553
0.652747
0.653553
0.655971
0.656777
0.655971
0.656777
0.655971
0.655971
0.659194
0.660806
0.658388
0.660000
0.660000
0.659194
0.660000
0.660806
0.661612
0.661612
0.660806
0.663223
0.664029
0.664835
0.665641
0.664835
0.665641
0.666447
0.664835
0.666447
0.668059
0.667253
0.668864
0.668864
0.670476
0.668864
0.668864
0.670476
0.670476
0.671282
0.670476
0.671282
0.671282
0.672088
0.673700
0.672088
0.673700
0.674506
0.673700
0.675311
0.675311
0.674506
0.674506
0.675311
0.675311
0.676923
0.676117
0.676923
0.676117
0.677729
0.676923
0.678535
0.677729
0.678535
0.677729
0.680146
0.677729
0.677729
0.679341
0.680146
0.680952
0.680146
0.680146
0.680952
0.680952
0.681758
0.681758
0.680952
0.681758
0.683370
0.684176
0.681758
0.681758
0.684176
0.682564
0.684176
0.683370
0.684176
0.684176
0.683370
0.685788
0.684176
0.684176
0.684982
0.685788
0.684982
0.686593
0.684982
0.684982
0.684982
0.685788
0.685788
0.687399
0.686593
0.686593
0.687399
0.686593
0.688205
0.689011
0.688205
0.687399
0.688205
0.688205
0.689011
0.688205
0.687399
0.687399
0.689817
0.689817
0.689817
0.689817
0.689817
0.689011
0.689817
0.690623
0.692234
0.689817
0.689817
0.689817
0.690623
0.690623
0.692234
0.691429
0.689817
0.692234
0.693040
0.693846
0.691429
0.693040
0.692234
0.691429
0.693846
0.691429
0.693846
0.693846
0.693040
0.693040
0.694652
0.693040
0.693846
0.694652
0.694652
0.694652
0.694652
0.693040
0.693040
0.693040
0.696264
0.693846
0.694652
0.694652
0.696264
0.694652
0.694652
0.694652
0.696264
0.696264
0.696264
0.694652
0.695458
0.697070
0.695458
0.693846
0.696264
0.696264
0.694652
0.694652
0.694652
0.697070
0.697875
0.697875
0.697070
0.698681
0.697070
0.700293
0.698681
0.697875
0.697875
0.697070
0.697875
0.698681
0.697070
0.697070
0.699487
0.699487
0.697070
0.699487
0.697875
0.697875
0.699487
0.697875
0.697875
0.698681
0.698681
0.698681
0.700293
0.701099
0.700293
0.700293
0.700293
0.698681
0.699487
0.699487
0.698681
0.699487
0.697875
0.699487
0.701099
0.699487
0.698681
0.699487
0.697875
0.699487
0.700293
0.700293
0.699487
0.701099
0.701099
0.699487
0.700293
0.699487
0.699487
0.700293
0.701099
0.701099
0.699487
0.700293
0.701099
0.700293
0.700293
0.701099
0.701905
0.701099
0.700293
0.701905
0.702711
0.702711
0.699487
0.702711
0.701099
0.701905
0.699487
0.702711
0.701905
0.701099
0.700293
0.701099
0.702711
0.701099
0.700293
0.702711
0.701099
0.701099
0.701905
0.701099
0.702711
0.701905
0.703516
0.701905
0.701099
0.701905
0.702711
0.702711
0.703516
0.703516
0.701905
0.701099
0.702711
0.701099
0.701099
0.702711
0.701099
0.702711
0.701905
0.701905
0.701099
0.701099
0.702711
0.701099
0.703516
0.703516
0.703516
0.703516
0.702711
0.701099
0.702711
0.704322
0.701905
0.704322
0.704322
0.703516
0.703516
0.704322
0.702711
0.702711
0.702711
0.703516
0.701905
0.702711
0.701905
0.704322
0.704322
0.702711
0.701905
0.703516
0.702711
0.702711
0.704322
0.702711
0.704322
0.704322
0.702711
0.702711
0.705128
0.703516
0.703516
0.704322
0.703516
0.705128
0.701905
0.704322
0.704322
0.705128
0.703516
0.704322
0.705934
0.705934
0.704322
0.705934
0.704322
0.705934
0.705934
0.704322
0.703516
0.705128
0.703516
0.705128
0.705934
0.703516
0.704322
0.705934
0.704322
0.706740
0.704322
0.704322
0.705934
0.705128
0.704322
0.705934
0.705934
0.705934
0.704322
0.704322
0.705128
0.704322
0.705934
0.706740
0.706740
0.705934
0.704322
0.705934
0.705934
0.705934
0.704322
0.705934
0.707546
0.705934
0.705934
0.706740
0.706740
0.705934
0.706740
0.705128
0.705128
0.705128
0.705128
0.707546
0.706740
0.705934
0.707546
0.707546
0.707546
0.705128
0.705128
0.706740
0.705934
0.706740
0.705934
0.705934
0.705934
0.000000
0.580220
0.597949
0.647106
0.714799
0.742198
0.747839
0.751062
0.763956
0.793773
0.834872
0.871941
0.896117
0.907399
0.909817
0.904176
0.893700
0.880000
0.862271
0.844542
0.828425
0.809084
0.792967
0.775238
0.759121
0.749451
0.735751
0.726081
0.717216
0.710769
0.704322
0.698681
0.696264
0.696264
0.696264
0.697875
0.700293
0.704322
0.707546
0.710769
0.716410
0.719634
0.726081
0.730110
0.738974
0.744615
0.751062
0.755092
0.762344
0.769597
0.774432
0.784103
0.789744
0.794579
0.801831
0.809084
0.815531
0.821978
0.827619
0.833260
0.840513
0.846960
0.852601
0.857436
0.867106
0.871136
0.877582
0.884029
0.889670
0.896923
0.904176
0.909011
0.913846
0.917876
0.923516
0.928352
0.933187
0.938828
0.942857
0.949304
0.953333
0.958169
0.964615
0.966227
0.971062
0.973480
0.978315
0.981538
0.984762
0.988791
0.992821
0.997656
1.000073
1.004103
1.007326
1.009744
1.012967
1.017802
1.020220
1.022637
1.026667
1.027473
1.033114
1.034725
1.037949
1.038755
1.041978
1.045202
1.047619
1.049231
1.052454
1.054066
1.055678
1.058095
1.061319
1.062125
1.065348
1.066154
1.068571
1.072601
1.073407
1.074212
1.077436
1.079048
1.081465
1.081465
1.085494
1.084689
1.089524
1.091136
1.093553
1.092747
1.095165
1.097582
1.098388
1.100806
1.102418
1.104029
1.106447
1.106447
1.106447
1.111282
1.112088
1.112088
1.115311
1.115311
1.118535
1.119341
1.118535
1.122564
1.123370
1.124176
1.124982
1.128205
1.127399
1.129817
1.130623
1.131429
1.133040
1.135458
1.136264
1.137875
1.138681
1.140293
1.140293
1.141905
1.143517
1.145934
1.147546
1.148352
1.147546
1.149963
1.149158
1.153187
1.152381
1.154798
1.153993
1.157216
1.158022
1.158022
1.158828
1.160440
1.162051
1.163663
1.164469
1.166886
1.166886
1.168498
1.166886
1.169304
1.171722
1.170110
1.173333
1.173333
1.174139
1.174945
1.174945
1.177363
1.178974
1.179780
1.178974
1.179780
1.182198
1.183004
1.181392
1.184615
1.186227
1.186227
1.186227
1.187839
1.188645
1.191062
1.190256
1.191868
1.192674
1.192674
1.194286
1.195092
1.195897
1.194286
1.194286
1.197509
1.199121
1.198315
1.199927
1.199927
1.199927
1.200733
1.203150
1.203956
1.204762
1.203150
1.204762
1.205568
1.207180
1.209597
1.208791
1.210403
1.210403
1.210403
1.212821
1.211209
1.212821
1.215238
1.214432
1.216850
1.216850
1.216044
1.217656
1.218461
1.219267
1.219267
1.220879
1.221685
1.222491
1.220073
1.223297
1.223297
1.225714
1.224908
1.224908
1.225714
1.225714
1.227326
1.228132
1.228938
1.228938
1.229744
1.230549
1.230549
1.231355
1.232967
1.231355
1.232967
1.232161
1.232967
1.233773
1.232967
1.236191
1.234579
1.237802
1.235385
1.235385
1.235385
1.237802
1.237802
1.237802
1.238608
1.240220
1.241026
1.239414
1.241026
1.241832
1.241832
1.242637
1.242637
1.241832
1.241832
1.244249
1.244249
1.243443
1.244249
1.247473
1.245055
1.244249
1.244249
1.246667
1.244249
1.248278
1.248278
1.246667
1.249084
1.247473
1.248278
1.249084
1.249084
1.250696
1.250696
1.252308
1.251502
1.249890
1.250696
1.251502
1.252308
1.252308
1.251502
1.254725
1.252308
1.253919
1.253919
1.254725
1.252308
1.255531
1.254725
1.255531
1.257143
1.255531
1.255531
1.257143
1.257143
1.257949
1.257143
1.257143
1.258755
1.258755
1.257949
1.258755
1.259560
1.259560
1.258755
1.258755
1.258755
1.261172
1.260366
1.261978
1.261172
1.260366
1.261978
1.263590
1.263590
1.261978
1.261978
1.263590
1.263590
1.264396
1.265201
1.264396
1.263590
1.263590
1.265201
1.266007
1.265201
1.265201
1.265201
1.265201
1.265201
1.266813
1.266813
1.266813
1.265201
1.267619
1.266007
1.268425
1.267619
1.266813
1.268425
1.269231
1.268425
1.266813
1.268425
1.267619
1.268425
1.268425
1.270037
1.270037
1.267619
1.269231
1.269231
1.270843
1.271648
1.270037
1.271648
1.270843
1.273260
1.271648
1.272454
1.271648
1.270037
1.272454
1.273260
1.271648
1.272454
1.273260
1.273260
1.271648
1.274066
1.273260
1.273260
1.273260
1.273260
1.273260
1.274066
1.274066
1.274872
1.274066
1.274066
1.274066
1.273260
1.275678
1.276484
1.276484
1.276484
1.274066
1.274066
1.274872
1.275678
1.276484
1.278095
1.274872
1.274872
1.274872
1.277289
1.276484
1.277289
1.274872
1.276484
1.275678
1.276484
1.276484
1.278095
1.278095
1.278095
1.277289
1.278095
1.276484
1.277289
1.277289
1.278901
1.278095
1.277289
1.278095
1.278901
1.279707
1.279707
1.280513
1.279707
1.279707
1.279707
1.279707
1.278901
1.277289
1.281319
1.279707
1.279707
1.281319
1.278901
1.281319
1.279707
1.279707
1.280513
1.278901
1.281319
1.280513
1.280513
1.280513
1.281319
1.280513
1.281319
1.281319
1.282124
1.280513
1.281319
1.280513
1.280513
1.282930
1.279707
1.282124
1.281319
1.282124
1.282124
1.282930
1.282930
1.282930
1.283736
1.281319
1.283736
1.282930
1.282930
1.283736
1.284542
1.282930
1.285348
1.282930
1.283736
1.283736
1.285348
1.283736
1.282124
1.282930
1.283736
1.284542
1.286154
1.283736
1.284542
1.283736
1.284542
1.285348
1.283736
1.283736
1.284542
1.286154
1.286154
1.285348
1.285348
1.286154
1.286154
1.284542
1.286154
1.284542
1.286960
1.284542
1.284542
1.286154
1.284542
1.286154
1.286154
1.286154
1.286960
1.286960
1.285348
1.285348
1.286154
1.285348
1.283736
1.286154
1.286154
1.286154
1.286960
1.286154
1.286154
1.285348
1.287766
1.286960
1.286154
1.286154
1.287766
1.286154
1.286154
1.286960
1.287766
1.286154
1.287766
1.286154
1.286154
1.286960
1.286960
1.285348
1.286154
1.287766
1.286960
1.287766
1.286960
1.286960
1.286960
1.286154
1.287766
1.287766
1.286154
1.286154
1.287766
1.286960
1.286154
1.287766
1.286154
1.286960
1.282930
1.075018
0.766374
0.610037
0.573773
0.674506
0.748645
0.000000
0.315897
0.318315
0.317509
0.316703
0.315897
0.315897
0.316703
0.315897
0.315897
0.317509
0.317509
0.315897
0.316703
0.316703
0.316703
0.317509
0.316703
0.316703
0.317509
0.315897
0.317509
0.319121
0.317509
0.316703
0.316703
0.317509
0.317509
0.317509
0.317509
0.318315
0.318315
0.316703
0.317509
0.318315
0.318315
0.319927
0.316703
0.319121
0.317509
0.318315
0.316703
0.316703
0.319121
0.317509
0.319121
0.317509
0.317509
0.317509
0.319121
0.317509
0.319121
0.319121
0.317509
0.317509
0.319121
0.317509
0.319121
0.319121
0.319121
0.318315
0.317509
0.319121
0.319121
0.318315
0.318315
0.318315
0.317509
0.316703
0.317509
0.319121
0.319927
0.319121
0.319121
0.319121
0.319121
0.319927
0.319927
0.319121
0.318315
0.317509
0.319121
0.319927
0.319121
0.318315
0.317509
0.317509
0.317509
0.319121
0.318315
0.319121
0.319927
0.319121
0.319121
0.320733
0.319121
0.318315
0.319121
0.319927
0.319121
0.319927
0.319121
0.319121
0.322344
0.319121
0.319121
0.318315
0.318315
0.319121
0.319927
0.318315
0.319121
0.319927
0.320733
0.319927
0.319927
0.319121
0.319121
0.318315
0.319927
0.319927
0.319121
0.320733
0.319927
0.319927
0.319927
0.318315
0.318315
0.319121
0.319121
0.319121
0.318315
0.317509
0.319121
0.319927
0.319121
0.319121
0.319927
0.319121
0.319121
0.318315
0.319121
0.317509
0.319927
0.319927
0.318315
0.319121
0.321538
0.319121
0.319121
0.319927
0.319121
0.319121
0.318315
0.319121
0.318315
0.319927
0.318315
0.317509
0.319927
0.319121
0.319927
0.320733
0.319121
0.319927
0.320733
0.319927
0.319927
0.317509
0.319121
0.319121
0.318315
0.318315
0.319927
0.319927
0.320733
0.319121
0.319927
0.319927
0.319927
0.318315
0.320733
0.320733
0.320733
0.318315
0.319121
0.318315
0.317509
0.320733
0.319927
0.319121
0.320733
0.319121
0.319121
0.319121
0.319121
0.319121
0.318315
0.319927
0.319121
0.318315
0.319121
0.319121
0.319121
0.319121
0.318315
0.319121
0.319121
0.318315
0.319121
0.319121
0.320733
0.319121
0.318315
0.319927
0.319927
0.319927
0.319121
0.319121
0.319121
0.319121
0.318315
0.319121
0.318315
0.317509
0.319121
0.319121
0.318315
0.319121
0.319927
0.319121
0.319927
0.319927
0.319927
0.319927
0.318315
0.319121
0.319927
0.320733
0.319121
0.319121
0.320733
0.319121
0.317509
0.319121
0.319121
0.318315
0.319121
0.319121
0.317509
0.316703
0.318315
0.317509
0.319121
0.319927
0.319927
0.317509
0.319121
0.319121
0.318315
0.318315
0.319121
0.319121
0.319121
0.319121
0.319121
0.319927
0.319927
0.318315
0.318315
0.319927
0.318315
0.318315
0.319121
0.318315
0.319121
0.319927
0.318315
0.319927
0.319121
0.317509
0.319927
0.318315
0.319121
0.318315
0.318315
0.318315
0.320733
0.320733
0.319121
0.319927
0.319121
0.319121
0.319121
0.319927
0.319121
0.320733
0.319121
0.320733
0.319927
0.319927
0.318315
0.317509
0.319927
0.319927
0.319927
0.319927
0.319927
0.317509
0.319121
0.319121
0.319121
0.317509
0.318315
0.316703
0.319121
0.320733
0.320733
0.319121
0.318315
0.319121
0.317509
0.319927
0.319927
0.318315
0.319927
0.318315
0.318315
0.319927
0.317509
0.319121
0.319121
0.318315
0.319121
0.319927
0.319927
0.319121
0.319121
0.319121
0.319121
0.317509
0.319927
0.319121
0.319121
0.319121
0.319927
0.319121
0.318315
0.317509
0.320733
0.319927
0.319927
0.319121
0.319121
0.317509
0.319927
0.318315
0.318315
0.319121
0.319121
0.318315
0.317509
0.319121
0.319121
0.318315
0.319121
0.319121
0.317509
0.318315
0.319927
0.319121
0.318315
0.319121
0.319927
0.318315
0.318315
0.319121
0.318315
0.318315
0.319121
0.318315
0.319121
0.319121
0.319927
0.319121
0.319121
0.319121
0.317509
0.317509
0.317509
0.319927
0.319927
0.319927
0.319121
0.319927
0.319121
0.319121
0.319927
0.319927
0.319121
0.319121
0.319121
0.319121
0.319121
0.319121
0.317509
0.317509
0.317509
0.319121
0.319121
0.317509
0.319121
0.319121
0.317509
0.319121
0.319927
0.318315
0.318315
0.319927
0.319121
0.317509
0.319927
0.318315
0.319121
0.319121
0.319121
0.317509
0.319121
0.319927
0.319927
0.320733
0.318315
0.319121
0.319121
0.319121
0.319927
0.317509
0.319121
0.319121
0.319121
0.319121
0.317509
0.319927
0.319121
0.319121
0.318315
0.318315
0.317509
0.318315
0.319121
0.318315
0.315897
0.317509
0.317509
0.317509
0.318315
0.318315
0.318315
0.319927
0.318315
0.318315
0.319121
0.316703
0.319121
0.317509
0.318315
0.317509
0.319121
0.319927
0.319927
0.319927
0.319121
0.319927
0.319121
0.319121
0.318315
0.317509
0.318315
0.317509
0.317509
0.317509
0.319121
0.319121
0.319927
0.319121
0.319121
0.319121
0.319121
0.319121
0.319121
0.317509
0.317509
0.319927
0.317509
0.318315
0.317509
0.317509
0.319927
0.317509
0.317509
0.319121
0.317509
0.317509
0.316703
0.319121
0.316703
0.319121
0.318315
0.319121
0.319121
0.318315
0.319927
0.320733
0.317509
0.319121
0.319927
0.319121
0.319927
0.317509
0.317509
0.319121
0.319121
0.319121
0.317509
0.319927
0.318315
0.318315
0.319121
0.317509
0.317509
0.319121
0.319121
0.319121
0.317509
0.319121
0.318315
0.317509
0.317509
0.319121
0.319121
0.317509
0.319121
0.318315
0.317509
0.319121
0.318315
0.317509
0.317509
0.317509
0.319927
0.316703
0.319121
0.318315
0.317509
0.319927
0.319121
0.319121
0.318315
0.318315
0.317509
0.319121
0.318315
0.317509
0.317509
0.317509
0.318315
0.319121
0.319121
0.317509
0.318315
0.319121
0.317509
0.319927
0.318315
0.319121
0.316703
0.318315
0.318315
0.319121
0.319121
0.319121
0.317509
0.318315
0.319121
0.317509
0.319121
0.318315
0.318315
0.318315
0.319121
0.317509
0.318315
0.317509
0.318315
0.000000
0.319121
0.320733
0.336044
0.460147
0.722051
1.042784
1.329670
1.518242
1.615751
1.647985
1.644762
1.630256
1.604469
1.576264
1.547253
1.519853
1.492454
1.468278
1.447326
1.427179
1.407033
1.390110
1.377216
1.368352
1.357070
1.350623
1.341758
1.337729
1.332088
1.329670
1.327253
1.326447
1.325641
1.325641
1.326447
1.328864
1.330476
1.332894
1.336923
1.338535
1.340952
1.342564
1.347399
1.346593
1.349817
1.353040
1.354652
1.359487
1.361905
1.363516
1.366740
1.370769
1.373993
1.376410
1.379634
1.384469
1.388498
1.390916
1.395751
1.400586
1.405421
1.409451
1.412674
1.415897
1.422344
1.425568
1.432821
1.434432
1.437656
1.442491
1.447326
1.453773
1.457802
1.459414
1.464249
1.469890
1.472308
1.476337
1.479560
1.483590
1.488425
1.492454
1.495678
1.500513
1.505348
1.508571
1.510989
1.513407
1.519048
1.522271
1.524689
1.528718
1.531136
1.533553
1.535165
1.540806
1.542418
1.544835
1.547253
1.551282
1.552894
1.554505
1.556923
1.559341
1.561758
1.563370
1.566593
1.569817
1.572234
1.574652
1.577070
1.577070
1.579487
1.581099
1.585934
1.586740
1.587546
1.590769
1.593187
1.594799
1.597216
1.598828
1.601245
1.600440
1.605275
1.608498
1.606886
1.610110
1.613333
1.614945
1.616557
1.618168
1.618974
1.619780
1.624615
1.624615
1.627839
1.629451
1.631868
1.631868
1.633480
1.635897
1.635897
1.640733
1.639927
1.640733
1.643150
1.643956
1.645568
1.647179
1.650403
1.650403
1.652821
1.653626
1.654432
1.655238
1.657656
1.658462
1.660879
1.661685
1.663297
1.664103
1.664103
1.666520
1.668132
1.669744
1.672967
1.671355
1.672161
1.674579
1.674579
1.676996
1.677802
1.680220
1.681026
1.679414
1.682637
1.682637
1.684249
1.684249
1.685861
1.686667
1.689084
1.687473
1.689084
1.693114
1.690696
1.693114
1.692308
1.694725
1.697143
1.696337
1.696337
1.698755
1.700366
1.700366
1.701978
1.701978
1.704396
1.704396
1.705201
1.706007
1.707619
1.710037
1.707619
1.709231
1.710037
1.710843
1.711648
1.711648
1.714872
1.714066
1.716484
1.714872
1.718901
1.718095
1.719707
1.719707
1.719707
1.720513
1.721319
1.721319
1.722931
1.722931
1.725348
1.727766
1.725348
1.725348
1.725348
1.727766
1.726154
1.727766
1.728572
1.730183
1.728572
1.730989
1.729377
1.729377
1.731795
1.731795
1.732601
1.731795
1.734212
1.732601
1.735018
1.735018
1.734212
1.735018
1.734212
1.735018
1.735824
1.737436
1.736630
1.735824
1.736630
1.735018
1.736630
1.736630
1.736630
1.737436
1.739048
1.737436
1.737436
1.739048
1.738242
1.738242
1.739048
1.737436
1.739048
1.739048
1.740659
1.741465
1.739854
1.739048
1.740659
1.739048
1.739048
1.741465
1.740659
1.739854
1.740659
1.742271
1.741465
1.740659
1.740659
1.742271
1.740659
1.740659
1.741465
1.739854
1.742271
1.742271
1.740659
1.740659
1.741465
1.743077
1.741465
1.741465
1.741465
1.742271
1.740659
1.742271
1.741465
1.739048
1.741465
1.742271
1.739048
1.741465
1.740659
1.743077
1.742271
1.740659
1.740659
1.740659
1.741465
1.740659
1.740659
1.739854
1.740659
1.741465
1.741465
1.742271
1.741465
1.740659
1.741465
1.742271
1.742271
1.740659
1.741465
1.742271
1.741465
1.741465
1.742271
1.741465
1.741465
1.742271
1.741465
1.741465
1.743077
1.741465
1.742271
1.742271
1.741465
1.740659
1.742271
1.742271
1.741465
1.741465
1.743883
1.743077
1.742271
1.743883
1.741465
1.743077
1.742271
1.743077
1.743883
1.742271
1.743077
1.743883
1.744689
1.745495
1.742271
1.742271
1.743077
1.742271
1.743883
1.744689
1.742271
1.745495
1.744689
1.743883
1.745495
1.744689
1.744689
1.743883
1.745495
1.747106
1.747106
1.747106
1.744689
1.745495
1.744689
1.744689
1.745495
1.747106
1.747106
1.744689
1.746300
1.746300
1.747106
1.747106
1.745495
1.747106
1.746300
1.747106
1.746300
1.747106
1.747106
1.747912
1.748718
1.747106
1.747912
1.748718
1.747106
1.748718
1.748718
1.748718
1.750330
1.750330
1.748718
1.749524
1.748718
1.748718
1.751136
1.750330
1.750330
1.749524
1.748718
1.751136
1.749524
1.748718
1.751941
1.749524
1.751941
1.751136
1.751136
1.749524
1.750330
1.751941
1.748718
1.750330
1.751136
1.751136
1.751941
1.751136
1.751941
1.751941
1.749524
1.751136
1.750330
1.751136
1.749524
1.750330
1.750330
1.751136
1.749524
1.749524
1.750330
1.749524
1.749524
1.749524
1.749524
1.749524
1.749524
1.749524
1.750330
1.750330
1.750330
1.750330
1.750330
1.750330
1.750330
1.747912
1.746300
1.749524
1.747912
1.749524
1.749524
1.748718
1.748718
1.748718
1.747912
1.748718
1.748718
1.750330
1.747106
1.747912
1.748718
1.747912
1.747912
1.747106
1.747106
1.747106
1.747912
1.747106
1.747912
1.745495
1.745495
1.747912
1.745495
1.745495
1.745495
1.745495
1.747106
1.747106
1.745495
1.745495
1.743883
1.744689
1.747106
1.746300
1.745495
1.744689
1.744689
1.743883
1.743077
1.743077
1.745495
1.743883
1.743883
1.742271
1.742271
1.742271
1.743883
1.740659
1.742271
1.742271
1.740659
1.741465
1.740659
1.740659
1.741465
1.740659
1.739048
1.740659
1.739048
1.739048
1.740659
1.740659
1.740659
1.740659
1.739048
1.740659
1.739048
1.738242
1.736630
1.739854
1.739048
1.737436
1.739048
1.739048
1.738242
1.737436
1.738242
1.738242
1.739048
1.736630
1.736630
1.736630
1.735824
1.737436
1.739048
1.737436
1.735824
1.737436
1.735824
1.737436
1.738242
1.738242
1.737436
1.737436
1.738242
1.735824
1.735824
1.737436
1.737436
1.737436
1.735824
1.735018
1.737436
1.736630
1.737436
1.735824
1.735018
1.737436
1.735824
1.737436
1.737436
1.737436
1.734212
1.735018
1.735824
1.736630
1.737436
1.737436
1.735018
1.736630
1.735018
1.736630
1.735018
1.735018
1.736630
1.737436
1.736630
1.735824
1.735018
1.735018
1.737436
1.737436
0.000000
0.352967
0.524615
0.724469
0.867106
0.962198
1.022637
1.054872
1.071795
1.079048
1.085494
1.090330
1.100806
1.114506
1.135458
1.159634
1.191062
1.224103
1.258755
1.289377
1.319194
1.342564
1.361099
1.378828
1.392527
1.403810
1.412674
1.419121
1.424762
1.427179
1.429597
1.430403
1.431209
1.429597
1.431209
1.432015
1.431209
1.431209
1.431209
1.429597
1.428791
1.428791
1.426374
1.427985
1.423956
1.424762
1.423956
1.420733
1.420733
1.421538
1.419121
1.419927
1.418315
1.418315
1.418315
1.419927
1.419927
1.421538
1.421538
1.424762
1.424762
1.427179
1.429597
1.432821
1.433626
1.436044
1.437656
1.440879
1.444908
1.446520
1.448938
1.450549
1.455385
1.456996
1.460220
1.461832
1.464249
1.467473
1.470696
1.472308
1.477949
1.478755
1.482784
1.484396
1.486813
1.490842
1.492454
1.497289
1.498901
1.500513
1.502125
1.506154
1.508571
1.510183
1.512601
1.513407
1.516630
1.518242
1.520659
1.521465
1.523883
1.526300
1.527912
1.527912
1.531941
1.532747
1.536777
1.537582
1.539194
1.540000
1.544029
1.544835
1.547253
1.548864
1.548864
1.549670
1.550476
1.551282
1.554505
1.554505
1.553700
1.555311
1.556117
1.553700
1.555311
1.555311
1.556923
1.555311
1.554505
1.555311
1.556923
1.554505
1.554505
1.554505
1.553700
1.553700
1.552894
1.552894
1.552894
1.553700
1.552088
1.552088
1.551282
1.552088
1.552088
1.551282
1.552894
1.552088
1.550476
1.550476
1.551282
1.552894
1.550476
1.550476
1.550476
1.549670
1.552088
1.552088
1.552088
1.553700
1.553700
1.556117
1.555311
1.555311
1.556923
1.558535
1.560147
1.558535
1.560952
1.563370
1.562564
1.563370
1.565788
1.565788
1.566593
1.567399
1.568205
1.566593
1.569011
1.569817
1.573040
1.570623
1.571429
1.573040
1.573846
1.574652
1.574652
1.576264
1.576264
1.577070
1.577875
1.579487
1.578681
1.581905
1.582711
1.582711
1.585128
1.585128
1.585934
1.589157
1.589157
1.589963
1.591575
1.590769
1.592381
1.593187
1.596410
1.595604
1.598828
1.598828
1.599634
1.599634
1.599634
1.602051
1.601245
1.603663
1.606081
1.606886
1.607692
1.607692
1.608498
1.610110
1.610916
1.613333
1.612527
1.614139
1.615751
1.618168
1.618974
1.619780
1.621392
1.621392
1.622198
1.621392
1.623004
1.623004
1.623004
1.624615
1.624615
1.624615
1.624615
1.624615
1.623004
1.621392
1.623004
1.621392
1.621392
1.621392
1.622198
1.619780
1.620586
1.618974
1.618974
1.618168
1.618168
1.618974
1.618974
1.618168
1.618168
1.616557
1.618168
1.619780
1.619780
1.621392
1.621392
1.621392
1.619780
1.618168
1.616557
1.614945
1.611722
1.610916
1.608498
1.606886
1.606081
1.604469
1.601245
1.602051
1.601245
1.602051
1.602857
1.605275
1.602857
1.603663
1.602051
1.605275
1.606081
1.609304
1.613333
1.614945
1.618974
1.622198
1.624615
1.625421
1.627839
1.630256
1.629451
1.629451
1.634286
1.633480
1.635897
1.638315
1.637509
1.638315
1.639927
1.641538
1.639927
1.640733
1.640733
1.639121
1.641538
1.643150
1.644762
1.645568
1.648791
1.650403
1.650403
1.650403
1.652821
1.652015
1.653626
1.654432
1.656850
1.656044
1.656850
1.658462
1.656850
1.658462
1.658462
1.657656
1.660073
1.659268
1.660073
1.660073
1.660073
1.660879
1.660073
1.662491
1.663297
1.663297
1.663297
1.664103
1.666520
1.668132
1.668938
1.668938
1.671355
1.672161
1.671355
1.672967
1.672967
1.673773
1.676191
1.676996
1.677802
1.679414
1.681026
1.679414
1.680220
1.680220
1.681026
1.681026
1.681026
1.682637
1.682637
1.683443
1.685861
1.685861
1.686667
1.684249
1.686667
1.685055
1.685055
1.685055
1.683443
1.684249
1.683443
1.684249
1.681832
1.684249
1.684249
1.684249
1.684249
1.685055
1.687473
1.689084
1.690696
1.692308
1.692308
1.694725
1.696337
1.700366
1.700366
1.701978
1.705201
1.707619
1.710037
1.711648
1.710843
1.713260
1.715678
1.716484
1.717289
1.720513
1.722125
1.722931
1.726960
1.725348
1.725348
1.729377
1.728572
1.729377
1.730183
1.731795
1.730989
1.732601
1.732601
1.732601
1.732601
1.730989
1.731795
1.730989
1.731795
1.732601
1.731795
1.730183
1.730989
1.729377
1.729377
1.727766
1.728572
1.730183
1.728572
1.730183
1.727766
1.726154
1.723736
1.722931
1.721319
1.719707
1.718095
1.716484
1.716484
1.715678
1.717289
1.715678
1.716484
1.721319
1.719707
1.722931
1.725348
1.728572
1.730183
1.730183
1.734212
1.736630
1.739048
1.738242
1.740659
1.743077
1.744689
1.745495
1.745495
1.745495
1.746300
1.747106
1.746300
1.747912
1.750330
1.750330
1.753553
1.753553
1.755165
1.755165
1.757583
1.759194
1.758388
1.759194
1.759194
1.760806
1.760806
1.764835
1.762418
1.764835
1.765641
1.766447
1.766447
1.766447
1.767253
1.764835
1.766447
1.766447
1.768059
1.766447
1.766447
1.767253
1.768059
1.766447
1.766447
1.764029
1.764029
1.765641
1.763224
1.763224
1.763224
1.760806
1.762418
1.761612
1.760000
1.760000
1.760806
1.758388
1.756777
1.756777
1.754359
1.753553
1.753553
1.753553
1.751941
1.750330
1.751941
1.750330
1.748718
1.748718
1.748718
1.747912
1.747912
1.747106
1.747912
1.747106
1.745495
1.745495
1.744689
1.743883
1.744689
1.744689
1.744689
1.743883
1.743883
1.742271
1.742271
1.743077
1.743077
1.743883
1.747106
1.746300
1.748718
1.748718
1.748718
1.748718
1.751136
1.753553
1.755165
1.754359
1.754359
1.758388
1.759194
1.763224
1.764835
1.769670
1.772894
1.773700
1.776117
1.777729
1.777729
1.780952
1.782564
1.782564
1.782564
1.783370
1.783370
1.783370
1.784982
1.786593
1.785788
1.788205
1.789011
1.788205
1.788205
1.792235
1.794652
1.794652
1.794652
1.796264
1.794652
1.796264
1.796264
1.793846
1.795458
1.795458
1.795458
1.794652
1.795458
1.793040
1.793040
1.793040
1.789817
1.789011
1.789817
1.797070
1.714872
0.000000
0.318315
0.315897
0.319121
0.331209
0.356190
0.390037
0.415824
0.435971
0.461758
0.489963
0.518974
0.547179
0.572161
0.595531
0.617289
0.635018
0.648718
0.662418
0.681758
0.687399
0.697875
0.705934
0.715604
0.724469
0.734139
0.741392
0.749451
0.752674
0.759121
0.765568
0.770403
0.774432
0.779267
0.781685
0.787326
0.790549
0.793773
0.796190
0.800220
0.803443
0.808278
0.809890
0.813919
0.819560
0.819560
0.823590
0.827619
0.832454
0.834066
0.836484
0.838095
0.840513
0.843736
0.845348
0.849377
0.853407
0.855824
0.858242
0.863077
0.865495
0.868718
0.871136
0.874359
0.877582
0.880806
0.884835
0.888864
0.891282
0.895311
0.897729
0.902564
0.906593
0.909011
0.913040
0.917070
0.920293
0.922711
0.925128
0.931575
0.935604
0.939634
0.942857
0.945275
0.949304
0.954139
0.958169
0.958974
0.965421
0.969451
0.971868
0.976703
0.982344
0.984762
0.986374
0.992015
0.994432
0.999267
1.000073
1.004908
1.008132
1.012161
1.016996
1.020220
1.024249
1.026667
1.029890
1.033114
1.037949
1.041172
1.044396
1.046813
1.052454
1.054066
1.059707
1.062125
1.064542
1.068571
1.071795
1.075018
1.079854
1.083883
1.087106
1.088718
1.091941
1.097582
1.100806
1.103223
1.105641
1.110476
1.113700
1.115311
1.119341
1.121758
1.124982
1.131429
1.133040
1.136264
1.138681
1.141905
1.145934
1.149158
1.150769
1.155604
1.156410
1.160440
1.163663
1.167692
1.169304
1.173333
1.176557
1.179780
1.182198
1.183809
1.189451
1.191062
1.192674
1.197509
1.199927
1.202344
1.203956
1.208791
1.211209
1.214432
1.216850
1.218461
1.222491
1.224103
1.226520
1.229744
1.231355
1.235385
1.237802
1.240220
1.242637
1.244249
1.249084
1.252308
1.253919
1.255531
1.257949
1.259560
1.263590
1.266007
1.266813
1.270037
1.273260
1.274066
1.278095
1.279707
1.281319
1.283736
1.287766
1.288571
1.290989
1.294212
1.295824
1.299853
1.299048
1.303077
1.304689
1.306300
1.310330
1.312747
1.313553
1.317582
1.318388
1.320000
1.323223
1.324835
1.326447
1.328864
1.330476
1.333700
1.335311
1.337729
1.339341
1.342564
1.343370
1.344982
1.347399
1.349011
1.350623
1.351429
1.354652
1.355458
1.359487
1.359487
1.361905
1.363516
1.366740
1.367546
1.369963
1.369963
1.372381
1.374799
1.375604
1.378022
1.379634
1.382051
1.382051
1.383663
1.387692
1.387692
1.391722
1.390110
1.392527
1.394945
1.396557
1.395751
1.398974
1.400586
1.401392
1.403810
1.406227
1.407033
1.407839
1.411062
1.411868
1.412674
1.414286
1.415092
1.416703
1.419927
1.421538
1.423956
1.421538
1.426374
1.426374
1.429597
1.428791
1.429597
1.434432
1.435238
1.436044
1.435238
1.439267
1.440073
1.440879
1.442491
1.444103
1.444908
1.444908
1.446520
1.450549
1.450549
1.452161
1.452967
1.455385
1.455385
1.456190
1.457802
1.459414
1.460220
1.461832
1.461832
1.463443
1.465861
1.465055
1.467473
1.468278
1.468278
1.469890
1.471502
1.472308
1.473114
1.477949
1.477143
1.476337
1.480366
1.479560
1.481978
1.483590
1.482784
1.484396
1.485201
1.486007
1.486813
1.488425
1.489231
1.490842
1.492454
1.494066
1.495678
1.496484
1.495678
1.497289
1.498095
1.498901
1.500513
1.500513
1.503736
1.502930
1.504542
1.504542
1.505348
1.506960
1.506154
1.508571
1.508571
1.510183
1.514212
1.512601
1.513407
1.514212
1.515018
1.516630
1.517436
1.517436
1.518242
1.521465
1.522271
1.522271
1.523077
1.523077
1.523883
1.526300
1.526300
1.527912
1.528718
1.527912
1.528718
1.531136
1.531941
1.532747
1.532747
1.533553
1.534359
1.535165
1.537582
1.538388
1.538388
1.537582
1.539194
1.541612
1.542418
1.543223
1.542418
1.544835
1.544835
1.547253
1.548059
1.547253
1.548864
1.548864
1.550476
1.551282
1.550476
1.552088
1.553700
1.554505
1.554505
1.553700
1.556923
1.556923
1.556923
1.559341
1.558535
1.560147
1.560147
1.560952
1.562564
1.562564
1.564176
1.564176
1.563370
1.564176
1.564982
1.567399
1.567399
1.566593
1.566593
1.567399
1.569011
1.569817
1.568205
1.570623
1.573040
1.573040
1.571429
1.575458
1.573040
1.574652
1.576264
1.575458
1.574652
1.576264
1.577875
1.577070
1.577875
1.577875
1.578681
1.580293
1.580293
1.580293
1.579487
1.581099
1.582711
1.581905
1.584322
1.584322
1.585934
1.585128
1.585128
1.585128
1.587546
1.586740
1.587546
1.589157
1.587546
1.587546
1.589963
1.591575
1.592381
1.590769
1.590769
1.591575
1.595604
1.593187
1.593993
1.595604
1.594799
1.594799
1.595604
1.594799
1.598828
1.597216
1.596410
1.597216
1.599634
1.600440
1.600440
1.599634
1.602051
1.602857
1.603663
1.602051
1.603663
1.602857
1.605275
1.604469
1.606886
1.606081
1.605275
1.606081
1.607692
1.608498
1.606886
1.608498
1.608498
1.609304
1.608498
1.610110
1.609304
1.611722
1.611722
1.613333
1.611722
1.613333
1.611722
1.612527
1.614139
1.612527
1.614139
1.614945
1.616557
1.615751
1.615751
1.614945
1.618168
1.615751
1.617363
1.617363
1.618168
1.617363
1.618974
1.618168
1.618168
1.620586
1.619780
1.618974
1.620586
1.622198
1.621392
1.622198
1.620586
1.624615
1.624615
1.624615
1.624615
1.624615
1.623004
1.625421
1.624615
1.624615
1.626227
1.624615
1.626227
1.627839
1.627839
1.626227
1.627033
1.627839
1.627033
1.626227
1.627839
1.627839
1.627839
1.628645
1.629451
1.629451
1.629451
1.629451
1.631062
1.630256
1.630256
1.631062
1.631062
1.631062
1.631868
1.631062
1.632674
1.631868
1.631868
1.631868
1.631868
1.634286
1.631868
1.633480
1.635092
1.633480
1.634286
1.635897
1.633480
1.635092
1.635897
1.635092
1.635092
1.635092
1.635897
1.636703
1.635897
1.638315
1.636703
1.635897
1.635897
1.636703
1.637509
1.636703
1.639121
1.640733
1.636703
1.638315
1.638315
1.639121
1.639927
1.640733
1.638315
1.639927
1.639121
1.638315
0.000000
0.000000
