0.000000 0.000000 0.000000 0.000000 0.000000
-6	-29	-500	0.318	5
0	-22	-542	0.317	6
-18	-33	-496	0.318	7
-30	-48	-494	0.317	8
-40	-80	-546	0.318	9
-2	-54	-502	0.326	10
-10	-59	-512	0.368	11
-5	-55	-514	0.440	12
-9	-50	-513	0.525	13
-8	-56	-511	0.624	14
-10	-62	-509	0.720	15
-7	-59	-512	0.812	16
-9	-60	-511	0.895	17
-8	-61	-511	0.967	18
-9	-58	-511	1.028	19
-8	-63	-511	1.081	20
-7	-63	-513	1.122	21
-8	-62	-512	1.156	22
-7	-61	-513	1.186	23
-8	-61	-512	1.210	24
-7	-62	-512	1.233	25
-8	-63	-511	1.251	26
-9	-62	-512	1.266	27
-9	-63	-512	1.280	28
-9	-63	-511	1.291	29
-9	-68	-509	1.301	30
-9	-67	-511	1.308	31
-9	-70	-510	1.317	32
-9	-72	-507	1.322	33
-9	-70	-511	1.326	34
-9	-71	-511	1.332	35
-9	-74	-509	1.335	36
-9	-73	-512	1.340	37
-9	-73	-511	1.342	38
-9	-74	-510	1.345	39
-10	-74	-511	1.347	40
-10	-75	-510	1.348	41
-9	-76	-511	1.350	42
-9	-76	-511	1.351	43
-10	-77	-508	1.352	44
-10	-78	-509	1.352	45
-10	-78	-511	1.354	46
-8	-78	-512	1.352	47
-9	-79	-510	1.355	48
-9	-78	-511	1.353	49
-10	-79	-509	1.353	50
-11	-78	-510	1.354	51
-9	-77	-511	1.354	52
-10	-79	-510	1.353	53
-10	-78	-512	1.351	54
-11	-81	-509	1.352	55
-10	-80	-510	1.354	56
-10	-82	-510	1.354	57
-9	-80	-512	1.352	58
-9	-84	-510	1.352	59
-9	-82	-511	1.352	60
-9	-80	-511	1.352	61
-10	-83	-510	1.351	62
-10	-82	-512	1.351	63
-10	-81	-511	1.350	64
-11	-83	-509	1.351	65
-10	-84	-511	1.349	66
-9	-86	-510	1.350	67
-10	-86	-509	1.350	68
-10	-85	-509	1.348	69
-10	-86	-508	1.349	70
-9	-83	-511	1.348	71
-9	-84	-511	1.348	72
-10	-84	-510	1.347	73
-9	-86	-509	1.347	74
-10	-84	-511	1.347	75
-10	-84	-510	1.347	76
-11	-84	-510	1.347	77
-10	-84	-511	1.347	78
-11	-85	-507	1.344	79
-9	-83	-511	1.344	80
-10	-86	-509	1.346	81
-10	-85	-510	1.345	82
-9	-85	-510	1.344	83
-9	-85	-511	1.343	84
-9	-87	-509	1.344	85
-10	-86	-511	1.343	86
-11	-85	-509	1.343	87
-11	-88	-507	1.341	88
-9	-86	-509	1.341	89
-9	-84	-511	1.339	90
-9	-84	-512	1.339	91
-8	-84	-514	1.339	92
-10	-89	-510	1.339	93
-11	-89	-510	1.339	94
-10	-90	-509	1.339	95
-11	-89	-510	1.339	96
-10	-89	-510	1.336	97
-10	-89	-510	1.338	98
-9	-93	-507	1.339	99
-10	-92	-508	1.338	100
-9	-89	-511	1.336	101
-10	-89	-510	1.335	102
-10	-92	-510	1.338	103
-10	-92	-509	1.335	104
-10	-91	-510	1.335	105
-10	-89	-511	1.335	106
-11	-91	-509	1.332	107
-9	-91	-511	1.332	108
-11	-92	-511	1.332	109
-10	-93	-510	1.332	110
-10	-94	-508	1.331	111
-11	-94	-508	1.330	112
-10	-92	-511	1.330	113
-11	-93	-511	1.330	114
-10	-93	-512	1.328	115
-12	-98	-506	1.329	116
-11	-94	-509	1.329	117
-10	-94	-509	1.326	118
-11	-92	-511	1.328	119
-11	-94	-510	1.328	120
-10	-93	-510	1.326	121
-11	-96	-507	1.326	122
-10	-93	-509	1.326	123
-10	-91	-512	1.326	124
-11	-91	-512	1.325	125
-11	-94	-509	1.325	126
-12	-93	-506	1.324	127
-9	-88	-513	1.322	128
-10	-92	-509	1.322	129
-11	-92	-509	1.322	130
-11	-92	-509	1.322	131
-10	-94	-508	1.320	132
-11	-93	-509	1.320	133
-11	-91	-509	1.320	134
-11	-94	-507	1.320	135
-10	-92	-509	1.322	136
-11	-93	-507	1.320	137
-11	-90	-510	1.318	138
-11	-92	-509	1.318	139
-10	-92	-508	1.318	140
-10	-93	-508	1.317	141
-10	-92	-509	1.318	142
-10	-94	-508	1.316	143
-11	-93	-509	1.317	144
-10	-93	-508	1.316	145
-11	-93	-510	1.315	146
-10	-94	-510	1.315	147
-10	-92	-511	1.315	148
-10	-93	-510	1.315	149
-11	-93	-510	1.314	150
-9	-93	-508	1.314	151
-10	-93	-507	1.311	152
-10	-91	-508	1.313	153
-9	-89	-512	1.312	154
-10	-90	-511	1.311	155
-10	-90	-509	1.312	156
-10	-90	-509	1.311	157
-10	-88	-511	1.310	158
-10	-89	-511	1.309	159
-10	-92	-510	1.310	160
-10	-92	-508	1.309	161
-9	-91	-509	1.310	162
-9	-90	-510	1.308	163
-10	-90	-510	1.310	164
-9	-91	-510	1.309	165
-10	-92	-507	1.309	166
-11	-90	-509	1.307	167
-11	-90	-510	1.307	168
-10	-89	-512	1.309	169
-10	-91	-511	1.309	170
-10	-91	-509	1.309	171
-10	-91	-509	1.309	172
-10	-90	-508	1.307	173
-11	-91	-507	1.307	174
-10	-87	-510	1.305	175
-10	-88	-511	1.305	176
-9	-88	-509	1.306	177
-9	-87	-510	1.305	178
-9	-87	-509	1.306	179
-9	-87	-510	1.304	180
-11	-90	-509	1.304	181
-11	-90	-508	1.304	182
-10	-90	-510	1.304	183
-9	-87	-513	1.305	184
-9	-88	-512	1.305	185
-10	-88	-509	1.304	186
-9	-86	-511	1.304	187
-11	-85	-512	1.302	188
-11	-90	-510	1.303	189
-11	-84	-510	1.303	190
-6	-96	-509	1.304	191
-12	-99	-505	1.304	192
-11	-93	-509	1.303	193
-11	-92	-509	1.305	194
-10	-95	-507	1.305	195
-9	-91	-510	1.305	196
-11	-91	-510	1.304	197
-11	-93	-508	1.306	198
-11	-94	-508	1.307	199
-11	-94	-508	1.307	200
-11	-91	-510	1.308	201
-11	-93	-509	1.307	202
-11	-93	-510	1.308	203
-11	-94	-508	1.310	204
-10	-92	-509	1.309	205
-11	-92	-510	1.310	206
-11	-94	-508	1.310	207
-9	-92	-509	1.311	208
-11	-92	-509	1.309	209
-9	-93	-509	1.310	210
-8	-94	-510	1.310	211
-10	-91	-511	1.310	212
-10	-91	-509	1.312	213
-11	-89	-511	1.310	214
-11	-92	-509	1.312	215
-11	-92	-509	1.310	216
-10	-92	-509	1.311	217
-10	-92	-509	1.312	218
-9	-90	-511	1.311	219
-10	-89	-511	1.310	220
-11	-90	-509	1.310	221
-9	-91	-509	1.310	222
-9	-90	-510	1.310	223
-9	-89	-510	1.310	224
-8	-88	-510	1.310	225
-9	-89	-509	1.311	226
-10	-88	-510	1.309	227
-10	-89	-510	1.310	228
-10	-88	-511	1.309	229
-10	-89	-509	1.312	230
-10	-89	-510	1.310	231
-10	-90	-509	1.310	232
-9	-91	-508	1.310	233
-10	-88	-510	1.309	234
-10	-88	-510	1.310	235
-9	-88	-511	1.310	236
-11	-89	-510	1.310	237
-10	-90	-510	1.310	238
-9	-89	-510	1.310	239
-10	-90	-510	1.310	240
-10	-89	-510	1.310	241
-9	-89	-511	1.309	242
-9	-89	-510	1.309	243
-9	-89	-509	1.310	244
-9	-89	-511	1.308	245
-9	-89	-510	1.310	246
-9	-89	-510	1.310	247
-10	-87	-511	1.309	248
-10	-88	-510	1.309	249
-9	-90	-509	1.309	250
-10	-88	-511	1.309	251
-10	-89	-509	1.309	252
-9	-86	-511	1.310	253
-10	-87	-510	1.309	254
-10	-87	-511	1.309	255
-10	-86	-510	1.309	256
-10	-84	-511	1.310	257
-9	-87	-510	1.309	258
-9	-86	-510	1.310	259
-9	-86	-509	1.309	260
-9	-83	-512	1.310	261
-10	-84	-510	1.310	262
-9	-84	-510	1.310	263
-9	-86	-509	1.310	264
-9	-83	-510	1.310	265
-9	-83	-510	1.310	266
-8	-83	-511	1.309	267
-9	-84	-510	1.310	268
-9	-83	-510	1.311	269
-8	-83	-510	1.309	270
-9	-83	-510	1.310	271
-9	-83	-510	1.310	272
-9	-83	-511	1.310	273
-9	-82	-511	1.311	274
-9	-82	-509	1.310	275
-8	-80	-511	1.311	276
-9	-81	-511	1.311	277
-8	-80	-511	1.312	278
-8	-79	-512	1.310	279
-8	-79	-511	1.310	280
-8	-79	-511	1.312	281
-9	-78	-511	1.310	282
-8	-79	-511	1.313	283
-8	-78	-511	1.311	284
-9	-80	-510	1.313	285
-8	-79	-511	1.313	286
-9	-81	-510	1.313	287
-8	-79	-511	1.313	288
-8	-80	-510	1.311	289
-9	-78	-511	1.311	290
-9	-78	-510	1.311	291
-9	-79	-511	1.313	292
-9	-79	-511	1.313	293
-8	-80	-511	1.313	294
-8	-79	-510	1.311	295
-8	-80	-510	1.312	296
-8	-79	-511	1.314	297
-8	-79	-511	1.313	298
-9	-79	-510	1.313	299
-9	-78	-510	1.314	300
-8	-76	-512	1.314	301
-8	-77	-510	1.314	302
-8	-76	-511	1.312	303
-8	-76	-511	1.312	304
-8	-77	-511	1.313	305
-8	-77	-511	1.313	306
-9	-76	-510	1.313	307
-8	-77	-510	1.313	308
-7	-77	-511	1.314	309
-8	-76	-511	1.314	310
-7	-75	-512	1.315	311
-8	-77	-511	1.315	312
-7	-75	-511	1.314	313
-8	-76	-511	1.314	314
-8	-74	-512	1.315	315
-8	-76	-509	1.315	316
-8	-73	-510	1.315	317
-7	-75	-510	1.316	318
-7	-74	-511	1.314	319
-8	-74	-510	1.315	320
-8	-72	-512	1.315	321
-8	-73	-511	1.315	322
-8	-73	-511	1.316	323
-8	-74	-511	1.316	324
-8	-71	-512	1.316	325
-7	-72	-511	1.315	326
-8	-74	-511	1.316	327
-8	-74	-510	1.317	328
-8	-75	-510	1.316	329
-8	-75	-511	1.317	330
-7	-72	-512	1.317	331
-8	-73	-510	1.317	332
-8	-73	-511	1.318	333
-8	-73	-511	1.318	334
-7	-73	-510	1.318	335
-7	-73	-511	1.319	336
-7	-75	-510	1.317	337
-7	-72	-511	1.316	338
-7	-72	-511	1.318	339
-7	-74	-510	1.317	340
-8	-73	-511	1.318	341
-8	-77	-509	1.318	342
-8	-74	-512	1.320	343
-8	-76	-511	1.318	344
-7	-75	-511	1.319	345
-8	-73	-511	1.319	346
-8	-73	-511	1.318	347
-8	-73	-511	1.320	348
-9	-75	-511	1.318	349
-7	-73	-512	1.319	350
-8	-76	-509	1.320	351
-8	-75	-511	1.320	352
-8	-72	-511	1.321	353
-8	-72	-512	1.322	354
-8	-74	-510	1.319	355
-7	-74	-510	1.320	356
-8	-73	-510	1.319	357
-8	-74	-510	1.319	358
-8	-71	-512	1.319	359
-8	-73	-511	1.322	360
-9	-75	-509	1.321	361
-9	-74	-511	1.320	362
-8	-74	-511	1.322	363
-9	-75	-510	1.319	364
-9	-74	-509	1.319	365
-8	-72	-512	1.319	366
-7	-74	-512	1.322	367
-7	-75	-511	1.322	368
-7	-72	-513	1.320	369
-8	-72	-511	1.320	370
-8	-69	-513	1.319	371
-9	-72	-512	1.320	372
-7	-72	-512	1.320	373
-8	-73	-510	1.321	374
-7	-73	-510	1.322	375
-7	-72	-512	1.320	376
-8	-73	-509	1.321	377
-8	-71	-511	1.320	378
-8	-71	-512	1.322	379
-9	-73	-509	1.320	380
-8	-72	-511	1.320	381
-8	-72	-511	1.322	382
-8	-71	-511	1.319	383
-8	-72	-510	1.321	384
-9	-68	-512	1.321	385
-7	-71	-511	1.321	386
-7	-71	-509	1.320	387
-8	-70	-510	1.321	388
-8	-70	-509	1.321	389
-8	-73	-508	1.321	390
-8	-71	-511	1.320	391
-8	-73	-511	1.322	392
-9	-73	-510	1.320	393
-8	-72	-511	1.321	394
-8	-72	-511	1.321	395
-8	-70	-511	1.320	396
-8	-71	-510	1.322	397
-7	-70	-511	1.321	398
-8	-71	-512	1.319	399
-8	-71	-510	1.322	400
-7	-70	-512	1.320	401
-7	-74	-509	1.320	402
-7	-73	-511	1.319	403
-8	-73	-511	1.321	404
-7	-72	-511	1.321	405
-7	-70	-512	1.320	406
-8	-71	-511	1.319	407
-8	-72	-511	1.321	408
-8	-72	-510	1.320	409
-8	-71	-509	1.319	410
-7	-71	-512	1.320	411
-8	-71	-512	1.319	412
-8	-71	-512	1.320	413
-9	-72	-510	1.319	414
-8	-70	-511	1.321	415
-7	-69	-512	1.319	416
-8	-70	-511	1.320	417
-8	-68	-511	1.320	418
-7	-67	-512	1.320	419
-7	-68	-511	1.321	420
-8	-69	-511	1.320	421
-8	-68	-512	1.321	422
-8	-71	-510	1.319	423
-8	-72	-510	1.320	424
-7	-72	-511	1.321	425
-7	-71	-511	1.320	426
-8	-72	-510	1.320	427
-7	-71	-511	1.322	428
-8	-71	-511	1.322	429
-7	-72	-510	1.322	430
-6	-68	-513	1.322	431
-7	-69	-511	1.322	432
-7	-71	-509	1.322	433
-7	-71	-510	1.322	434
-7	-69	-510	1.322	435
-8	-68	-511	1.322	436
-7	-65	-514	1.320	437
-7	-70	-511	1.322	438
-7	-69	-512	1.321	439
-7	-71	-510	1.322	440
-7	-67	-511	1.322	441
-8	-69	-510	1.321	442
-7	-67	-512	1.321	443
-7	-69	-511	1.321	444
-7	-67	-510	1.322	445
-6	-68	-510	1.322	446
-6	-66	-513	1.323	447
-7	-68	-510	1.323	448
-6	-65	-512	1.323	449
-7	-65	-512	1.322	450
-7	-66	-511	1.322	451
-7	-63	-512	1.322	452
-6	-63	-512	1.322	453
-7	-64	-512	1.324	454
-6	-64	-512	1.322	455
-6	-64	-511	1.324	456
-6	-63	-512	1.323	457
-7	-64	-511	1.323	458
-7	-63	-511	1.324	459
-7	-62	-511	1.325	460
-7	-64	-511	1.324	461
-7	-62	-511	1.326	462
-6	-63	-512	1.326	463
-6	-62	-512	1.326	464
-6	-63	-511	1.327	465
-7	-62	-511	1.327	466
-6	-63	-511	1.327	467
-6	-63	-511	1.326	468
-6	-62	-512	1.328	469
-7	-63	-511	1.329	470
-6	-63	-511	1.330	471
-6	-62	-512	1.331	472
-6	-62	-512	1.331	473
-6	-61	-512	1.330	474
-7	-63	-511	1.330	475
-6	-62	-511	1.333	476
-6	-62	-512	1.332	477
-6	-62	-511	1.333	478
-6	-63	-511	1.333	479
-6	-62	-512	1.332	480
-6	-61	-511	1.333	481
-6	-61	-511	1.332	482
-6	-62	-511	1.333	483
-6	-62	-511	1.333	484
-6	-61	-511	1.335	485
-6	-61	-511	1.333	486
-6	-62	-511	1.335	487
-6	-61	-511	1.336	488
-6	-61	-512	1.336	489
-6	-62	-511	1.335	490
-6	-62	-512	1.338	491
-6	-62	-511	1.336	492
-6	-62	-511	1.338	493
-7	-62	-511	1.338	494
-5	-61	-512	1.339	495
-5	-62	-512	1.338	496
-5	-61	-512	1.339	497
-6	-62	-512	1.339	498
-6	-61	-512	1.339	499
-6	-62	-511	1.339	500
-6	-63	-511	1.339	501
-6	-62	-512	1.338	502
-6	-62	-511	1.339	503
-6	-61	-511	1.341	504
-5	-61	-512	1.341	505
-6	-62	-511	1.339	506
-6	-62	-511	1.342	507
-6	-61	-512	1.340	508
-6	-62	-511	1.342	509
-6	-61	-512	1.341	510
-7	-62	-511	1.341	511
-6	-60	-512	1.341	512
-7	-62	-512	1.342	513
-6	-61	-512	1.342	514
-6	-62	-511	1.343	515
-7	-60	-512	1.343	516
-6	-60	-511	1.344	517
-7	-61	-511	1.343	518
-7	-62	-512	1.343	519
-6	-61	-512	1.344	520
-6	-61	-512	1.343	521
-6	-62	-511	1.343	522
-6	-62	-511	1.344	523
-6	-61	-511	1.344	524
-6	-62	-512	1.343	525
-6	-60	-512	1.345	526
-7	-61	-512	1.345	527
-6	-61	-512	1.344	528
-7	-61	-511	1.345	529
-6	-62	-511	1.344	530
-7	-61	-511	1.346	531
-6	-62	-511	1.344	532
-7	-61	-511	1.343	533
-6	-60	-512	1.345	534
-6	-63	-511	1.344	535
-6	-62	-512	1.347	536
-6	-63	-512	1.344	537
-6	-64	-512	1.347	538
-6	-63	-511	1.344	539
-6	-63	-511	1.345	540
-7	-62	-511	1.344	541
-7	-62	-511	1.347	542
-6	-63	-511	1.346	543
-7	-62	-512	1.345	544
-7	-63	-511	1.345	545
-6	-62	-512	1.346	546
-7	-62	-511	1.347	547
-6	-61	-512	1.347	548
-6	-63	-512	1.346	549
-6	-63	-511	1.346	550
-6	-62	-512	1.346	551
-6	-61	-512	1.346	552
-6	-63	-512	1.347	553
-6	-62	-512	1.345	554
-6	-62	-512	1.344	555
-7	-62	-511	1.347	556
-6	-64	-511	1.345	557
-6	-61	-511	1.347	558
-6	-61	-512	1.346	559
-6	-63	-511	1.346	560
-6	-63	-511	1.347	561
-6	-62	-512	1.347	562
-6	-62	-512	1.346	563
-6	-63	-511	1.347	564
-6	-63	-511	1.346	565
-7	-63	-511	1.346	566
-6	-62	-512	1.346	567
-6	-64	-511	1.346	568
-5	-60	-512	1.347	569
-6	-62	-512	1.346	570
-6	-62	-511	1.346	571
-7	-61	-511	1.347	572
-7	-62	-511	1.346	573
-6	-62	-512	1.347	574
-6	-63	-511	1.347	575
-6	-63	-511	1.347	576
-6	-63	-512	1.345	577
-6	-62	-512	1.347	578
-7	-62	-512	1.346	579
-6	-62	-511	1.346	580
-6	-62	-512	1.346	581
-6	-62	-512	1.346	582
-6	-61	-512	1.346	583
-6	-62	-511	1.347	584
-6	-63	-511	1.347	585
-6	-63	-511	1.347	586
-6	-62	-512	1.347	587
-6	-63	-511	1.346	588
-6	-62	-512	1.347	589
-7	-63	-511	1.346	590
-6	-63	-511	1.346	591
-6	-62	-511	1.347	592
-6	-64	-511	1.347	593
-6	-63	-511	1.347	594
-6	-62	-511	1.346	595
-6	-63	-512	1.346	596
-6	-63	-511	1.347	597
-6	-62	-512	1.346	598
-6	-61	-512	1.347	599
0.000000 0.000000 0.000000 0.000000 0.000000
5	1	-516	0.331	5
8	10	-505	0.330	6
-19	15	-539	0.329	7
-9	15	-516	0.327	8
-1	4	-546	0.328	9
-9	-24	-486	0.330	10
-17	-34	-525	0.337	11
-40	-22	-559	0.395	12
-15	-36	-509	0.502	13
-15	-32	-511	0.628	14
-15	-32	-513	0.749	15
-18	-29	-514	0.860	16
-19	-30	-509	0.959	17
-21	-31	-516	1.044	18
-16	-32	-512	1.121	19
-19	-32	-514	1.187	20
-14	-34	-509	1.244	21
-16	-41	-511	1.293	22
-17	-35	-511	1.342	23
-12	-38	-515	1.384	24
-15	-37	-511	1.424	25
-18	-44	-509	1.459	26
-15	-43	-512	1.497	27
-14	-40	-512	1.534	28
-13	-44	-510	1.571	29
-13	-42	-511	1.601	30
-13	-41	-511	1.628	31
-13	-39	-512	1.653	32
-13	-39	-510	1.676	33
-11	-39	-512	1.695	34
-11	-39	-513	1.712	35
-11	-39	-513	1.730	36
-12	-41	-510	1.745	37
-11	-40	-510	1.761	38
-12	-38	-511	1.773	39
-12	-41	-511	1.784	40
-9	-39	-512	1.797	41
-8	-40	-513	1.808	42
-8	-40	-513	1.818	43
-10	-41	-512	1.828	44
-11	-42	-510	1.837	45
-9	-42	-510	1.845	46
-8	-42	-510	1.853	47
-7	-42	-512	1.860	48
-6	-38	-514	1.868	49
-7	-42	-511	1.876	50
-6	-41	-510	1.880	51
-5	-39	-514	1.888	52
-8	-42	-511	1.894	53
-6	-42	-510	1.900	54
-6	-42	-512	1.905	55
-7	-41	-511	1.912	56
-7	-41	-511	1.916	57
-6	-40	-511	1.921	58
-6	-40	-512	1.926	59
-5	-40	-512	1.930	60
-5	-38	-512	1.935	61
-5	-40	-512	1.938	62
-5	-40	-512	1.942	63
-5	-38	-513	1.947	64
-5	-40	-512	1.949	65
-4	-40	-512	1.953	66
-5	-40	-511	1.956	67
-5	-40	-511	1.961	68
-5	-39	-512	1.962	69
-4	-41	-512	1.966	70
-4	-40	-512	1.968	71
-5	-40	-511	1.971	72
-5	-41	-511	1.974	73
-4	-40	-512	1.974	74
-5	-39	-512	1.978	75
-5	-41	-511	1.979	76
-5	-42	-511	1.982	77
-4	-37	-512	1.982	78
-4	-39	-512	1.986	79
-4	-40	-513	1.986	80
-5	-40	-511	1.988	81
-5	-40	-512	1.989	82
-6	-43	-510	1.990	83
-6	-40	-512	1.992	84
-5	-39	-512	1.993	85
-5	-39	-512	1.993	86
-5	-41	-511	1.995	87
-3	-38	-512	1.996	88
-4	-38	-512	1.996	89
-4	-37	-512	1.996	90
-5	-36	-512	1.997	91
-5	-38	-511	1.998	92
-5	-37	-511	1.999	93
-5	-38	-511	2.000	94
-3	-37	-512	2.000	95
-4	-36	-511	1.999	96
-3	-35	-511	2.001	97
-3	-33	-512	2.001	98
-4	-33	-512	1.999	99
-4	-30	-512	2.003	100
-3	-37	-511	2.002	101
-4	-33	-511	2.001	102
-4	-31	-512	1.999	103
-4	-32	-512	2.001	104
-3	-28	-514	2.001	105
-7	-37	-510	2.002	106
-5	-36	-511	2.002	107
-5	-31	-513	2.002	108
-6	-34	-511	2.002	109
-6	-35	-511	2.003	110
-3	-31	-513	2.003	111
-4	-32	-512	2.003	112
-5	-35	-511	2.003	113
-5	-27	-512	2.001	114
-5	-27	-512	2.000	115
11	-18	-515	2.000	116
-4	-34	-512	1.998	117
-5	-38	-511	1.995	118
-5	-30	-512	1.995	119
-5	-38	-510	1.995	120
-4	-36	-512	1.999	121
-2	-35	-512	2.002	122
-13	-48	-510	2.003	123
-4	-35	-512	2.008	124
-5	-40	-512	2.007	125
-8	-41	-512	2.011	126
-5	-36	-512	2.010	127
-4	-35	-512	2.008	128
-4	-36	-512	2.006	129
-3	-34	-513	2.002	130
-2	-31	-512	1.996	131
-9	-39	-510	1.990	132
5	-30	-512	1.987	133
-5	-35	-511	1.987	134
-5	-38	-511	1.984	135
-8	-34	-511	1.988	136
-3	-34	-512	1.991	137
-4	-33	-512	1.996	138
-4	-34	-512	2.001	139
-4	-36	-512	2.004	140
-1	-33	-512	2.007	141
-4	-36	-511	2.011	142
-5	-34	-512	2.009	143
-5	-37	-511	2.006	144
-5	-35	-511	2.005	145
-4	-32	-512	2.002	146
-6	-36	-511	1.999	147
-5	-34	-511	1.996	148
-5	-32	-512	1.990	149
-4	-32	-512	1.987	150
-5	-38	-510	1.986	151
-4	-33	-512	1.981	152
-4	-32	-512	1.979	153
-4	-31	-512	1.976	154
-5	-33	-511	1.973	155
-5	-31	-511	1.973	156
-5	-31	-511	1.971	157
-4	-30	-511	1.968	158
-5	-30	-512	1.967	159
-4	-30	-511	1.966	160
-4	-32	-510	1.964	161
-5	-29	-511	1.965	162
-6	-28	-511	1.964	163
-4	-28	-512	1.964	164
-5	-31	-511	1.965	165
-5	-29	-512	1.963	166
-3	-26	-513	1.965	167
-4	-27	-512	1.963	168
-5	-29	-511	1.964	169
-5	-31	-511	1.964	170
-4	-29	-511	1.962	171
-4	-27	-512	1.963	172
-4	-25	-512	1.963	173
-6	-28	-511	1.963	174
-5	-27	-511	1.961	175
-4	-27	-511	1.963	176
-4	-26	-512	1.961	177
-5	-28	-511	1.961	178
-5	-28	-511	1.961	179
-4	-26	-511	1.961	180
-4	-26	-511	1.960	181
-6	-29	-509	1.962	182
-5	-27	-510	1.960	183
-3	-26	-512	1.961	184
-3	-26	-512	1.960	185
-5	-29	-511	1.958	186
-4	-27	-511	1.958	187
-4	-29	-511	1.955	188
-3	-26	-512	1.957	189
-5	-30	-511	1.957	190
-5	-28	-510	1.957	191
-5	-31	-511	1.955	192
-6	-31	-510	1.954	193
-5	-29	-511	1.955	194
-5	-28	-512	1.954	195
-5	-29	-511	1.954	196
-5	-29	-511	1.953	197
-5	-32	-510	1.950	198
-5	-28	-512	1.949	199
-5	-30	-511	1.949	200
-5	-28	-510	1.949	201
-4	-30	-512	1.949	202
-2	-28	-512	1.947	203
-4	-27	-512	1.946	204
-4	-26	-512	1.946	205
-3	-28	-512	1.945	206
-3	-28	-512	1.945	207
-5	-32	-510	1.942	208
-4	-29	-510	1.941	209
-3	-26	-511	1.941	210
-3	-28	-511	1.941	211
-3	-29	-512	1.941	212
-2	-27	-512	1.939	213
-3	-28	-512	1.939	214
-4	-33	-511	1.939	215
-4	-30	-511	1.938	216
-4	-29	-511	1.937	217
-3	-31	-512	1.937	218
-4	-33	-510	1.939	219
-3	-32	-512	1.937	220
-5	-34	-511	1.937	221
-4	-31	-511	1.936	222
-4	-28	-512	1.938	223
-4	-29	-511	1.937	224
-3	-29	-512	1.937	225
-2	-27	-513	1.935	226
-3	-30	-512	1.936	227
-4	-30	-511	1.937	228
-3	-29	-511	1.936	229
-4	-29	-511	1.937	230
-4	-29	-511	1.937	231
-3	-29	-511	1.936	232
-3	-30	-512	1.936	233
-3	-29	-512	1.936	234
-3	-28	-512	1.935	235
-3	-29	-511	1.938	236
-2	-29	-511	1.936	237
-3	-29	-511	1.936	238
-2	-30	-512	1.935	239
-2	-27	-513	1.935	240
-2	-26	-512	1.934	241
-3	-26	-512	1.935	242
-4	-29	-511	1.935	243
-3	-30	-512	1.932	244
-3	-29	-513	1.934	245
-4	-30	-511	1.932	246
-4	-29	-511	1.935	247
-3	-28	-512	1.932	248
-3	-30	-512	1.932	249
-2	-29	-512	1.932	250
-3	-30	-511	1.932	251
-3	-32	-511	1.929	252
-4	-34	-511	1.931	253
-2	-30	-512	1.931	254
-3	-29	-511	1.928	255
-3	-29	-511	1.929	256
-4	-28	-512	1.929	257
-2	-26	-512	1.927	258
-4	-32	-511	1.926	259
-2	-28	-512	1.924	260
-3	-33	-511	1.924	261
-2	-30	-512	1.925	262
-3	-31	-512	1.924	263
-3	-27	-512	1.923	264
-4	-30	-511	1.921	265
-2	-28	-512	1.920	266
-3	-30	-512	1.921	267
-3	-30	-511	1.920	268
-4	-31	-511	1.919	269
-3	-30	-512	1.920	270
-2	-28	-512	1.918	271
-2	-27	-512	1.917	272
-3	-30	-511	1.916	273
-2	-29	-511	1.917	274
-2	-31	-511	1.916	275
-2	-28	-511	1.916	276
-2	-30	-511	1.916	277
-2	-28	-511	1.916	278
-2	-28	-511	1.916	279
-2	-28	-512	1.915	280
-1	-24	-512	1.916	281
-4	-30	-511	1.916	282
-1	-27	-512	1.916	283
-2	-28	-512	1.916	284
-2	-26	-512	1.916	285
-2	-27	-512	1.916	286
-1	-26	-512	1.917	287
-2	-28	-512	1.916	288
-2	-28	-511	1.916	289
-2	-29	-511	1.916	290
-3	-31	-510	1.916	291
-3	-30	-510	1.916	292
-3	-28	-511	1.916	293
-3	-26	-512	1.915	294
-3	-28	-512	1.913	295
-3	-29	-511	1.916	296
-2	-26	-511	1.915	297
-4	-28	-510	1.914	298
-1	-27	-511	1.915	299
-2	-30	-511	1.913	300
-1	-29	-511	1.912	301
-1	-27	-511	1.914	302
-2	-28	-512	1.913	303
-2	-29	-512	1.913	304
-1	-27	-512	1.914	305
-2	-28	-512	1.913	306
-2	-27	-512	1.912	307
-1	-28	-512	1.912	308
-1	-30	-512	1.913	309
-1	-29	-511	1.913	310
0	-28	-512	1.913	311
-1	-28	-512	1.912	312
-1	-30	-512	1.910	313
-1	-31	-511	1.909	314
0	-30	-513	1.909	315
-1	-28	-512	1.909	316
-2	-27	-512	1.908	317
-2	-28	-512	1.907	318
-1	-27	-512	1.905	319
-2	-29	-511	1.905	320
-2	-28	-511	1.904	321
-2	-29	-511	1.903	322
0	-27	-511	1.902	323
-2	-29	-511	1.903	324
0	-29	-512	1.899	325
-1	-30	-512	1.901	326
-2	-30	-511	1.900	327
-2	-30	-511	1.899	328
-2	-32	-510	1.898	329
0	-28	-512	1.899	330
0	-26	-512	1.900	331
0	-29	-511	1.898	332
1	-25	-513	1.898	333
-1	-32	-511	1.898	334
0	-28	-511	1.898	335
0	-28	-512	1.897	336
0	-27	-511	1.897	337
-2	-27	-511	1.895	338
0	-25	-513	1.895	339
0	-27	-512	1.894	340
0	-27	-512	1.892	341
-1	-27	-511	1.893	342
-1	-28	-512	1.891	343
-1	-30	-511	1.891	344
0	-30	-512	1.891	345
-1	-31	-512	1.891	346
-1	-27	-512	1.891	347
-1	-29	-512	1.891	348
-1	-30	-511	1.891	349
-2	-34	-511	1.891	350
-1	-24	-512	1.889	351
-1	-28	-511	1.888	352
-1	-28	-511	1.889	353
-2	-30	-511	1.887	354
-2	-30	-512	1.888	355
-1	-30	-512	1.888	356
-2	-29	-512	1.890	357
-2	-28	-511	1.889	358
-1	-25	-512	1.889	359
-3	-29	-511	1.889	360
0	-28	-512	1.890	361
-3	-30	-512	1.889	362
-3	-29	-511	1.888	363
-3	-27	-511	1.886	364
-3	-29	-511	1.884	365
-3	-29	-511	1.885	366
-3	-27	-511	1.882	367
-1	-27	-512	1.883	368
-1	-30	-511	1.884	369
0	-26	-512	1.883	370
-2	-30	-512	1.884	371
-2	-29	-511	1.886	372
-3	-32	-511	1.888	373
-3	-31	-511	1.887	374
-2	-30	-512	1.889	375
-3	-31	-512	1.889	376
-1	-30	-512	1.888	377
-1	-30	-512	1.889	378
-2	-29	-511	1.887	379
-4	-29	-511	1.889	380
-2	-29	-511	1.887	381
0	-27	-512	1.887	382
-2	-29	-512	1.884	383
-1	-28	-512	1.884	384
-1	-29	-512	1.882	385
-1	-29	-512	1.882	386
-2	-29	-512	1.882	387
-3	-29	-511	1.882	388
-1	-27	-512	1.881	389
0	-27	-512	1.880	390
-4	-28	-511	1.880	391
2	-24	-512	1.879	392
-1	-25	-512	1.878	393
-1	-26	-512	1.878	394
-3	-29	-510	1.878	395
-2	-29	-511	1.878	396
-2	-26	-512	1.878	397
-2	-26	-512	1.877	398
-3	-30	-511	1.878	399
1	-27	-512	1.877	400
-3	-27	-512	1.877	401
-1	-26	-512	1.878	402
-2	-28	-512	1.877	403
-1	-27	-512	1.877	404
-2	-28	-512	1.878	405
-2	-29	-512	1.879	406
-1	-28	-512	1.880	407
-1	-26	-513	1.879	408
0	-26	-512	1.882	409
-1	-27	-512	1.881	410
-3	-30	-511	1.882	411
-3	-27	-511	1.882	412
-1	-26	-512	1.882	413
-2	-29	-512	1.882	414
-3	-28	-511	1.882	415
-2	-27	-511	1.882	416
-2	-29	-511	1.883	417
-1	-25	-512	1.882	418
-1	-24	-512	1.884	419
-2	-28	-512	1.886	420
-2	-28	-511	1.884	421
0	-25	-512	1.885	422
-3	-30	-511	1.885	423
0	-25	-512	1.884	424
-3	-27	-511	1.887	425
4	-23	-513	1.886	426
-3	-32	-511	1.884	427
-3	-31	-511	1.887	428
2	-23	-514	1.888	429
-3	-25	-512	1.888	430
-4	-32	-511	1.889	431
-3	-33	-511	1.888	432
-2	-29	-512	1.889	433
-5	-33	-510	1.890	434
-4	-32	-511	1.889	435
-1	-26	-512	1.892	436
0	-23	-512	1.891	437
-2	-27	-512	1.894	438
0	-31	-511	1.893	439
-2	-31	-511	1.893	440
-2	-28	-511	1.895	441
-2	-28	-512	1.894	442
1	-25	-512	1.895	443
-2	-32	-510	1.896	444
0	-28	-512	1.897	445
0	-26	-513	1.897	446
-1	-25	-513	1.897	447
-1	-27	-512	1.899	448
-1	-27	-512	1.897	449
-5	-31	-511	1.899	450
-2	-30	-512	1.900	451
0	-30	-512	1.899	452
-3	-30	-512	1.900	453
-1	-30	-512	1.900	454
-3	-29	-512	1.900	455
-3	-29	-511	1.900	456
-4	-30	-511	1.902	457
-4	-31	-511	1.903	458
-1	-27	-512	1.903	459
4	-28	-513	1.903	460
-2	-31	-511	1.903	461
-2	-30	-511	1.904	462
-1	-26	-512	1.905	463
-2	-27	-510	1.904	464
0	-25	-512	1.903	465
-2	-28	-512	1.906	466
-3	-29	-511	1.907	467
-2	-29	-511	1.906	468
-1	-29	-512	1.906	469
-2	-32	-511	1.906	470
0	-27	-512	1.907	471
-2	-28	-511	1.908	472
0	-24	-512	1.909	473
-2	-26	-512	1.908	474
0	-26	-512	1.910	475
-1	-27	-511	1.908	476
0	-26	-512	1.910	477
-1	-27	-512	1.909	478
1	-25	-512	1.909	479
-2	-27	-511	1.909	480
1	-25	-511	1.909	481
-2	-28	-510	1.911	482
1	-25	-512	1.910	483
-1	-28	-511	1.910	484
0	-25	-512	1.909	485
0	-27	-512	1.909	486
2	-23	-513	1.909	487
-1	-28	-511	1.910	488
0	-26	-512	1.909	489
1	-24	-513	1.910	490
-1	-26	-512	1.910	491
-1	-26	-511	1.908	492
-3	-30	-510	1.911	493
1	-27	-511	1.910	494
-1	-27	-512	1.909	495
0	-27	-512	1.910	496
-2	-31	-510	1.912	497
-2	-27	-511	1.910	498
0	-26	-512	1.910	499
0	-27	-511	1.909	500
-1	-29	-511	1.909	501
0	-29	-511	1.910	502
0	-27	-511	1.910	503
-2	-22	-510	1.908	504
0	-24	-511	1.910	505
-1	-26	-512	1.908	506
0	-22	-512	1.910	507
1	-25	-511	1.909	508
4	-19	-513	1.908	509
-2	-21	-511	1.908	510
-2	-27	-510	1.907	511
0	-25	-511	1.909	512
1	-22	-512	1.907	513
1	-23	-512	1.908	514
3	-21	-512	1.908	515
0	-24	-511	1.908	516
0	-23	-511	1.907	517
1	-24	-512	1.907	518
0	-24	-511	1.907	519
2	-24	-511	1.907	520
2	-23	-512	1.907	521
-1	-24	-511	1.907	522
1	-22	-512	1.907	523
-1	-24	-512	1.909	524
0	-25	-511	1.907	525
2	-24	-512	1.908	526
-1	-26	-511	1.907	527
-2	-27	-511	1.907	528
0	-23	-511	1.907	529
-1	-27	-510	1.906	530
2	-23	-512	1.907	531
0	-24	-511	1.907	532
0	-23	-512	1.907	533
1	-22	-512	1.907	534
-1	-22	-512	1.907	535
1	-23	-511	1.908	536
0	-24	-510	1.905	537
1	-22	-511	1.906	538
1	-23	-511	1.906	539
3	-20	-512	1.907	540
1	-21	-512	1.907	541
0	-24	-511	1.907	542
2	-22	-511	1.907	543
0	-24	-511	1.906	544
1	-22	-511	1.907	545
0	-22	-510	1.906	546
5	-19	-511	1.907	547
1	-21	-511	1.908	548
2	-21	-512	1.908	549
2	-22	-511	1.909	550
2	-21	-512	1.909	551
0	-24	-511	1.909	552
2	-22	-511	1.911	553
1	-22	-511	1.908	554
2	-22	-512	1.910	555
1	-23	-512	1.909	556
2	-24	-512	1.912	557
0	-24	-511	1.912	558
1	-25	-511	1.911	559
2	-25	-510	1.912	560
2	-24	-511	1.913	561
2	-23	-511	1.912	562
2	-22	-511	1.913	563
2	-22	-511	1.915	564
4	-21	-511	1.914	565
2	-23	-510	1.915	566
3	-21	-511	1.915	567
2	-23	-511	1.915	568
4	-21	-512	1.916	569
2	-23	-510	1.915	570
4	-19	-511	1.915	571
4	-20	-511	1.916	572
2	-20	-511	1.915	573
3	-20	-510	1.916	574
2	-23	-510	1.916	575
2	-23	-510	1.916	576
3	-23	-511	1.916	577
3	-21	-511	1.916	578
2	-22	-511	1.915	579
3	-23	-510	1.915	580
2	-22	-512	1.916	581
1	-23	-511	1.915	582
2	-21	-511	1.915	583
4	-19	-512	1.915	584
2	-20	-510	1.915	585
4	-21	-511	1.915	586
3	-22	-511	1.915	587
4	-21	-511	1.913	588
3	-21	-511	1.913	589
3	-20	-511	1.914	590
4	-21	-511	1.911	591
4	-20	-511	1.912	592
3	-21	-511	1.912	593
7	-19	-512	1.911	594
4	-21	-511	1.910	595
5	-21	-511	1.910	596
7	-17	-512	1.912	597
4	-20	-512	1.909	598
5	-19	-511	1.910	599
0.000000 0.000000 0.000000 0.000000 0.000000
-69	2	-521	0.330	5
-1	17	-520	0.330	6
-29	-1	-517	0.331	7
11	-1	-509	0.341	8
-8	-37	-477	0.365	9
-57	-33	-512	0.400	10
-22	-33	-517	0.449	11
-27	-36	-505	0.513	12
-7	-22	-513	0.593	13
-1	-14	-522	0.667	14
-10	-26	-499	0.735	15
-6	-35	-513	0.792	16
-15	-47	-509	0.843	17
-9	-38	-512	0.887	18
-10	-43	-511	0.929	19
-7	-44	-514	0.965	20
-8	-47	-513	0.998	21
-10	-49	-511	1.029	22
-10	-47	-512	1.056	23
-9	-47	-512	1.085	24
-10	-53	-510	1.110	25
-10	-53	-512	1.136	26
-10	-48	-513	1.162	27
-11	-54	-509	1.188	28
-10	-54	-512	1.209	29
-9	-51	-512	1.232	30
-10	-51	-512	1.254	31
-14	-53	-510	1.276	32
-11	-54	-510	1.300	33
-11	-53	-512	1.320	34
-11	-54	-512	1.343	35
-11	-53	-512	1.362	36
-11	-56	-511	1.382	37
-15	-59	-509	1.404	38
-11	-54	-512	1.423	39
-12	-54	-512	1.442	40
-12	-52	-512	1.459	41
-16	-57	-510	1.480	42
-12	-56	-511	1.497	43
-14	-58	-511	1.513	44
-11	-55	-513	1.533	45
-14	-53	-511	1.550	46
-12	-54	-512	1.566	47
-13	-55	-512	1.584	48
-13	-57	-510	1.600	49
-13	-56	-511	1.613	50
-14	-55	-512	1.629	51
-11	-57	-511	1.644	52
-11	-54	-513	1.660	53
-12	-55	-511	1.673	54
-13	-57	-511	1.688	55
-11	-54	-512	1.702	56
-16	-56	-510	1.715	57
-12	-55	-511	1.729	58
-12	-55	-512	1.741	59
-11	-54	-512	1.754	60
-12	-55	-511	1.766	61
-9	-54	-512	1.778	62
-13	-56	-512	1.789	63
-12	-55	-512	1.799	64
-12	-55	-512	1.813	65
-11	-55	-512	1.824	66
-11	-55	-512	1.833	67
-11	-55	-512	1.844	68
-11	-56	-511	1.853	69
-14	-56	-510	1.863	70
-11	-54	-512	1.874	71
-14	-56	-511	1.882	72
-9	-54	-513	1.891	73
-12	-55	-511	1.899	74
-11	-55	-512	1.907	75
-10	-55	-512	1.917	76
-12	-54	-511	1.925	77
-13	-54	-511	1.934	78
-15	-58	-510	1.942	79
-10	-54	-512	1.949	80
-10	-55	-512	1.956	81
-10	-55	-512	1.965	82
-12	-55	-511	1.973	83
-11	-54	-512	1.978	84
-11	-54	-512	1.985	85
-13	-54	-512	1.992	86
-14	-56	-511	1.997	87
-12	-55	-511	2.004	88
-12	-55	-512	2.009	89
-12	-56	-512	2.015	90
-13	-55	-512	2.020	91
-16	-56	-510	2.028	92
-11	-55	-512	2.032	93
-11	-53	-513	2.037	94
-12	-54	-511	2.044	95
-13	-55	-511	2.048	96
-10	-53	-513	2.053	97
-14	-56	-510	2.056	98
-13	-54	-511	2.061	99
-13	-55	-511	2.065	100
-9	-54	-512	2.071	101
-13	-57	-511	2.075	102
-13	-56	-511	2.079	103
-14	-57	-511	2.082	104
-12	-55	-512	2.086	105
-11	-56	-512	2.090	106
-9	-55	-513	2.093	107
-11	-54	-513	2.098	108
-13	-56	-512	2.100	109
-13	-55	-512	2.105	110
-14	-56	-511	2.107	111
-13	-55	-511	2.110	112
-11	-55	-512	2.113	113
-13	-57	-511	2.115	114
-12	-56	-511	2.118	115
-12	-56	-511	2.121	116
-11	-56	-511	2.123	117
-12	-58	-510	2.127	118
-12	-55	-512	2.128	119
-12	-58	-512	2.131	120
-14	-57	-511	2.133	121
-11	-57	-512	2.136	122
-12	-56	-513	2.139	123
-12	-56	-512	2.142	124
-11	-56	-511	2.143	125
-13	-56	-511	2.144	126
-13	-57	-512	2.147	127
-11	-55	-513	2.148	128
-12	-57	-512	2.149	129
-14	-57	-511	2.152	130
-12	-55	-512	2.152	131
-12	-56	-512	2.155	132
-12	-55	-512	2.156	133
-11	-56	-512	2.159	134
-13	-56	-512	2.161	135
-14	-55	-512	2.160	136
-14	-56	-511	2.161	137
-15	-55	-511	2.164	138
-13	-56	-511	2.166	139
-13	-56	-511	2.168	140
-13	-55	-511	2.169	141
-12	-54	-512	2.170	142
-14	-54	-511	2.172	143
-13	-54	-511	2.172	144
-13	-54	-512	2.175	145
-12	-52	-513	2.174	146
-12	-55	-512	2.176	147
-14	-56	-511	2.177	148
-14	-55	-511	2.178	149
-14	-55	-511	2.180	150
-11	-58	-512	2.180	151
-10	-55	-513	2.181	152
-12	-58	-512	2.181	153
-14	-58	-511	2.182	154
-12	-55	-512	2.183	155
-13	-54	-512	2.184	156
-15	-54	-511	2.185	157
-12	-56	-511	2.185	158
-12	-57	-512	2.186	159
-14	-58	-511	2.187	160
-12	-58	-511	2.187	161
-14	-57	-511	2.186	162
-12	-53	-512	2.189	163
-15	-56	-511	2.188	164
-12	-55	-512	2.190	165
-11	-54	-512	2.190	166
-13	-56	-512	2.192	167
-13	-57	-511	2.192	168
-12	-55	-512	2.193	169
-14	-56	-511	2.193	170
-14	-56	-511	2.194	171
-11	-56	-512	2.194	172
-14	-56	-511	2.195	173
-11	-55	-512	2.197	174
-14	-56	-511	2.197	175
-16	-54	-510	2.196	176
-12	-55	-512	2.198	177
-13	-55	-512	2.198	178
-12	-54	-513	2.198	179
-13	-56	-512	2.198	180
-14	-53	-511	2.198	181
-14	-54	-512	2.198	182
-13	-55	-512	2.200	183
-11	-52	-513	2.200	184
-15	-56	-510	2.199	185
-13	-55	-511	2.201	186
-14	-56	-510	2.202	187
-11	-58	-512	2.200	188
-12	-55	-513	2.202	189
-11	-54	-513	2.201	190
-12	-52	-513	2.202	191
-17	-54	-510	2.201	192
-13	-54	-512	2.203	193
-12	-52	-512	2.203	194
-13	-50	-512	2.202	195
-14	-55	-512	2.202	196
-12	-52	-512	2.202	197
-15	-51	-514	2.203	198
-19	-56	-509	2.202	199
-13	-51	-513	2.203	200
-15	-54	-513	2.203	201
-14	-52	-512	2.204	202
-12	-47	-513	2.203	203
-16	-49	-512	2.203	204
-13	-51	-513	2.203	205
-15	-56	-511	2.202	206
-14	-62	-509	2.202	207
-17	-52	-511	2.200	208
-11	-50	-513	2.200	209
-11	-56	-511	2.202	210
-12	-55	-512	2.202	211
-15	-56	-510	2.201	212
-12	-55	-512	2.202	213
-13	-56	-512	2.202	214
-13	-57	-511	2.202	215
-10	-53	-513	2.201	216
-13	-54	-511	2.201	217
-12	-52	-511	2.202	218
-10	-55	-512	2.202	219
-18	-59	-508	2.201	220
-9	-53	-512	2.202	221
-10	-51	-513	2.203	222
-13	-56	-509	2.202	223
-12	-51	-513	2.204	224
-11	-52	-511	2.202	225
-11	-53	-511	2.205	226
-10	-52	-512	2.206	227
-12	-51	-511	2.204	228
-15	-51	-510	2.204	229
-11	-53	-510	2.206	230
-9	-50	-513	2.207	231
-13	-54	-510	2.206	232
-10	-49	-513	2.207	233
-12	-51	-511	2.209	234
-13	-50	-511	2.208	235
-12	-50	-511	2.209	236
-8	-50	-514	2.209	237
-12	-53	-512	2.210	238
-12	-53	-511	2.210	239
-11	-50	-512	2.210	240
-15	-51	-510	2.210	241
-11	-50	-512	2.212	242
-11	-50	-513	2.210	243
-13	-53	-510	2.212	244
-12	-52	-511	2.210	245
-12	-51	-511	2.210	246
-11	-52	-512	2.211	247
-12	-52	-511	2.213	248
-11	-52	-512	2.211	249
-11	-53	-513	2.213	250
-10	-52	-513	2.213	251
-11	-52	-512	2.213	252
-11	-52	-512	2.215	253
-13	-51	-511	2.215	254
-12	-50	-512	2.214	255
-12	-52	-511	2.216	256
-11	-52	-512	2.215	257
-14	-56	-510	2.214	258
-11	-54	-512	2.215	259
-15	-58	-509	2.215	260
-12	-55	-511	2.215	261
-15	-54	-510	2.215	262
-13	-55	-511	2.216	263
-10	-53	-512	2.216	264
-12	-56	-511	2.216	265
-13	-58	-511	2.218	266
-9	-55	-512	2.215	267
-14	-57	-511	2.217	268
-12	-54	-512	2.218	269
-12	-54	-512	2.218	270
-12	-55	-511	2.216	271
-13	-57	-511	2.216	272
-12	-55	-512	2.216	273
-10	-54	-513	2.218	274
-10	-54	-512	2.215	275
-12	-54	-512	2.216	276
-11	-55	-512	2.215	277
-9	-53	-513	2.216	278
-11	-54	-512	2.216	279
-12	-53	-512	2.216	280
-11	-54	-512	2.218	281
-10	-52	-513	2.218	282
-10	-54	-512	2.219	283
-12	-54	-512	2.219	284
-12	-53	-511	2.218	285
-10	-53	-512	2.219	286
-12	-54	-511	2.219	287
-13	-54	-512	2.220	288
-11	-54	-512	2.220	289
-12	-54	-512	2.221	290
-13	-57	-510	2.219	291
-10	-55	-512	2.221	292
-12	-54	-512	2.221	293
-12	-56	-511	2.223	294
-8	-52	-513	2.221	295
-13	-55	-512	2.222	296
-13	-54	-510	2.223	297
-14	-55	-511	2.222	298
-11	-52	-511	2.221	299
-13	-55	-510	2.223	300
-13	-54	-511	2.223	301
-11	-53	-512	2.223	302
-13	-54	-512	2.223	303
-10	-53	-512	2.225	304
-10	-54	-512	2.223	305
-12	-55	-511	2.224	306
-13	-56	-510	2.223	307
-11	-55	-512	2.225	308
-13	-55	-510	2.223	309
-11	-54	-512	2.225	310
-15	-53	-511	2.224	311
-13	-52	-511	2.223	312
-14	-53	-511	2.226	313
-12	-54	-512	2.224	314
-11	-54	-512	2.226	315
-12	-55	-513	2.224	316
-14	-57	-511	2.226	317
-13	-53	-512	2.225	318
-13	-52	-513	2.226	319
-15	-55	-510	2.225	320
-14	-55	-511	2.224	321
-14	-57	-510	2.225	322
-10	-54	-512	2.224	323
-14	-56	-511	2.226	324
-13	-54	-512	2.226	325
-12	-55	-511	2.225	326
-11	-54	-512	2.224	327
-11	-55	-512	2.226	328
-12	-55	-512	2.226	329
-13	-55	-512	2.226	330
-15	-56	-511	2.225	331
-12	-55	-512	2.226	332
-11	-54	-513	2.227	333
-14	-55	-512	2.227	334
-12	-56	-511	2.227	335
-10	-55	-513	2.227	336
-13	-55	-512	2.225	337
-13	-55	-512	2.225	338
-13	-56	-512	2.225	339
-12	-55	-513	2.226	340
-10	-54	-513	2.226	341
-13	-55	-511	2.227	342
-12	-54	-512	2.227	343
-15	-55	-510	2.227	344
-12	-54	-512	2.226	345
-11	-54	-512	2.228	346
-12	-54	-512	2.227	347
-11	-54	-513	2.227	348
-14	-54	-512	2.227	349
-14	-54	-511	2.228	350
-13	-55	-511	2.227	351
-11	-55	-511	2.227	352
-13	-54	-512	2.227	353
-13	-54	-511	2.227	354
-9	-52	-514	2.228	355
-13	-53	-512	2.228	356
-12	-55	-512	2.229	357
-13	-51	-512	2.228	358
-14	-58	-509	2.229	359
-9	-55	-512	2.228	360
-11	-52	-513	2.228	361
-11	-55	-511	2.230	362
-12	-55	-512	2.230	363
-13	-56	-510	2.229	364
-12	-55	-511	2.231	365
-11	-52	-513	2.231	366
-14	-55	-510	2.233	367
-12	-53	-512	2.231	368
-12	-54	-511	2.232	369
-13	-55	-512	2.231	370
-10	-54	-512	2.232	371
-12	-56	-512	2.232	372
-13	-56	-511	2.233	373
-11	-53	-512	2.233	374
-13	-54	-512	2.233	375
-14	-56	-510	2.232	376
-8	-51	-514	2.232	377
-12	-55	-511	2.232	378
-9	-52	-513	2.233	379
-13	-55	-511	2.232	380
-10	-55	-511	2.234	381
-13	-55	-511	2.233	382
-12	-55	-512	2.231	383
-13	-56	-511	2.235	384
-11	-53	-512	2.232	385
-14	-56	-510	2.234	386
-10	-52	-513	2.235	387
-12	-51	-513	2.234	388
-13	-54	-511	2.234	389
-12	-53	-512	2.233	390
-11	-52	-512	2.235	391
-11	-54	-513	2.234	392
-12	-55	-511	2.233	393
-14	-55	-510	2.236	394
-11	-52	-513	2.237	395
-13	-56	-511	2.234	396
-12	-53	-512	2.234	397
-11	-54	-513	2.235	398
-12	-54	-513	2.235	399
-12	-55	-511	2.235	400
-11	-54	-512	2.235	401
-13	-55	-511	2.236	402
-12	-55	-511	2.235	403
-10	-53	-513	2.235	404
-11	-54	-512	2.234	405
-14	-54	-511	2.235	406
-11	-53	-512	2.236	407
-11	-53	-512	2.235	408
-13	-55	-510	2.235	409
-13	-55	-511	2.235	410
-10	-54	-512	2.236	411
-12	-54	-512	2.235	412
-12	-54	-512	2.235	413
-10	-54	-512	2.235	414
-12	-54	-512	2.235	415
-11	-54	-512	2.237	416
-13	-56	-510	2.237	417
-12	-54	-512	2.237	418
-12	-54	-511	2.235	419
-11	-52	-512	2.237	420
-14	-54	-510	2.236	421
-11	-54	-511	2.235	422
-11	-55	-511	2.237	423
-11	-52	-512	2.235	424
-11	-53	-512	2.237	425
-13	-53	-512	2.238	426
-13	-53	-512	2.237	427
-14	-54	-511	2.237	428
-15	-55	-511	2.235	429
-12	-55	-511	2.238	430
-10	-52	-512	2.237	431
-13	-53	-511	2.238	432
-11	-53	-512	2.238	433
-11	-54	-511	2.239	434
-10	-53	-512	2.239	435
-11	-55	-511	2.238	436
-12	-55	-511	2.239	437
-12	-54	-512	2.239	438
-11	-52	-512	2.240	439
-11	-55	-512	2.239	440
-10	-53	-512	2.240	441
-11	-52	-512	2.239	442
-11	-52	-512	2.239	443
-11	-52	-512	2.240	444
-11	-53	-512	2.239	445
-11	-53	-512	2.240	446
-12	-53	-512	2.241	447
-11	-52	-512	2.241	448
-12	-53	-512	2.241	449
-12	-54	-511	2.241	450
-13	-53	-511	2.240	451
-12	-52	-512	2.240	452
-11	-54	-511	2.240	453
-10	-52	-513	2.244	454
-12	-53	-512	2.244	455
-11	-52	-512	2.244	456
-10	-51	-513	2.242	457
-11	-52	-512	2.244	458
-10	-51	-513	2.244	459
-11	-53	-511	2.244	460
-12	-54	-511	2.244	461
-10	-52	-512	2.244	462
-12	-54	-510	2.245	463
-13	-53	-511	2.244	464
-12	-54	-511	2.245	465
-12	-52	-511	2.244	466
-11	-52	-511	2.244	467
-11	-51	-512	2.245	468
-11	-52	-511	2.244	469
-10	-51	-513	2.248	470
-11	-53	-512	2.247	471
-12	-55	-511	2.248	472
-10	-52	-512	2.248	473
-12	-53	-511	2.248	474
-14	-54	-510	2.248	475
-10	-52	-512	2.248	476
-10	-51	-513	2.248	477
-9	-51	-512	2.248	478
-10	-51	-512	2.248	479
-12	-54	-511	2.248	480
-10	-51	-512	2.248	481
-11	-52	-512	2.250	482
-12	-53	-512	2.250	483
-12	-53	-511	2.250	484
-10	-51	-512	2.249	485
-11	-52	-512	2.250	486
-11	-52	-512	2.252	487
-13	-52	-512	2.250	488
-11	-51	-512	2.252	489
-10	-54	-511	2.251	490
-10	-52	-512	2.252	491
-11	-52	-511	2.251	492
-9	-50	-512	2.252	493
-10	-50	-513	2.252	494
-11	-53	-512	2.252	495
-9	-51	-513	2.252	496
-11	-53	-512	2.253	497
-12	-54	-510	2.252	498
-11	-53	-511	2.252	499
-12	-51	-511	2.252	500
-13	-53	-511	2.253	501
-11	-51	-512	2.254	502
-11	-55	-512	2.254	503
-10	-53	-513	2.254	504
-12	-53	-512	2.253	505
-13	-51	-512	2.255	506
-12	-53	-511	2.253	507
-9	-51	-513	2.254	508
-12	-54	-511	2.254	509
-9	-51	-513	2.254	510
-12	-52	-511	2.255	511
-11	-54	-511	2.255	512
-10	-52	-512	2.254	513
-10	-51	-512	2.254	514
-10	-51	-513	2.256	515
-10	-53	-513	2.255	516
-12	-53	-512	2.256	517
-11	-54	-511	2.256	518
-11	-52	-513	2.254	519
-11	-53	-512	2.256	520
-10	-53	-512	2.256	521
-11	-53	-511	2.256	522
-12	-53	-512	2.256	523
-13	-54	-511	2.256	524
-11	-53	-512	2.256	525
-11	-53	-513	2.257	526
-12	-52	-512	2.256	527
-12	-53	-512	2.256	528
-11	-54	-511	2.257	529
-13	-53	-512	2.257	530
-10	-51	-513	2.258	531
-11	-53	-512	2.256	532
-12	-54	-511	2.257	533
-11	-53	-512	2.256	534
-12	-54	-512	2.256	535
-12	-54	-512	2.256	536
-12	-55	-511	2.256	537
-12	-53	-512	2.256	538
-13	-55	-511	2.256	539
-10	-53	-513	2.257	540
-12	-54	-512	2.256	541
-9	-54	-513	2.256	542
-10	-53	-513	2.257	543
-9	-51	-513	2.257	544
-12	-53	-512	2.256	545
-10	-52	-512	2.257	546
-13	-53	-511	2.256	547
-12	-55	-511	2.256	548
-10	-54	-513	2.256	549
-12	-54	-512	2.256	550
-14	-53	-512	2.257	551
-11	-53	-512	2.257	552
-13	-55	-511	2.256	553
-12	-54	-513	2.256	554
-12	-54	-513	2.256	555
-13	-56	-510	2.257	556
-11	-54	-512	2.256	557
-11	-53	-512	2.256	558
-13	-52	-512	2.256	559
-12	-54	-512	2.256	560
-12	-52	-512	2.257	561
-10	-51	-513	2.257	562
-11	-53	-512	2.256	563
-12	-53	-512	2.256	564
-13	-55	-511	2.257	565
-11	-55	-512	2.258	566
-9	-53	-512	2.256	567
-12	-54	-511	2.257	568
-14	-54	-512	2.257	569
-11	-54	-511	2.259	570
-12	-52	-513	2.258	571
-14	-54	-510	2.259	572
-12	-53	-512	2.258	573
-10	-53	-511	2.259	574
-13	-55	-511	2.259	575
-11	-53	-512	2.259	576
-14	-53	-511	2.258	577
-12	-53	-512	2.259	578
-12	-52	-513	2.260	579
-12	-53	-512	2.257	580
-11	-52	-513	2.257	581
-11	-53	-512	2.257	582
-13	-54	-512	2.259	583
-12	-55	-510	2.258	584
-9	-53	-512	2.258	585
-9	-52	-512	2.260	586
-10	-52	-512	2.258	587
-13	-52	-512	2.260	588
-13	-52	-512	2.260	589
-10	-52	-512	2.259	590
-10	-52	-513	2.259	591
-12	-53	-512	2.260	592
-9	-53	-512	2.260	593
-13	-54	-511	2.260	594
-13	-57	-510	2.260	595
-10	-54	-512	2.260	596
-13	-53	-511	2.260	597
-12	-52	-513	2.260	598
-11	-54	-511	2.260	599
0.000000 0.000000 0.000000 0.000000 0.000000
-3	-19	-506	0.332	5
-9	-19	-508	0.334	6
6	-41	-473	0.335	7
-57	-42	-529	0.334	8
-25	-55	-482	0.342	9
-5	-54	-513	0.390	10
-8	-45	-516	0.458	11
-11	-52	-510	0.525	12
-14	-49	-508	0.580	13
-12	-52	-511	0.628	14
-8	-53	-514	0.666	15
-11	-57	-510	0.701	16
-12	-53	-509	0.732	17
-11	-56	-511	0.759	18
-10	-60	-510	0.786	19
-9	-56	-512	0.807	20
-12	-55	-511	0.828	21
-14	-56	-509	0.846	22
-10	-57	-513	0.865	23
-8	-60	-512	0.882	24
-10	-59	-511	0.896	25
-10	-56	-511	0.912	26
-11	-52	-513	0.925	27
-10	-58	-511	0.938	28
-12	-57	-511	0.951	29
-10	-58	-510	0.963	30
-10	-54	-513	0.973	31
-11	-55	-513	0.985	32
-10	-54	-513	0.994	33
-10	-56	-512	1.003	34
-11	-59	-512	1.012	35
-10	-59	-512	1.022	36
-11	-58	-510	1.032	37
-10	-62	-510	1.039	38
-10	-61	-511	1.046	39
-8	-60	-511	1.052	40
-9	-63	-512	1.060	41
-10	-60	-512	1.065	42
-9	-61	-512	1.073	43
-10	-61	-511	1.080	44
-12	-59	-511	1.088	45
-9	-61	-511	1.093	46
-9	-61	-512	1.098	47
-8	-60	-513	1.103	48
-10	-59	-512	1.108	49
-10	-61	-511	1.115	50
-10	-61	-511	1.119	51
-8	-63	-511	1.124	52
-7	-64	-512	1.128	53
-7	-62	-512	1.132	54
-9	-63	-511	1.136	55
-10	-61	-511	1.141	56
-12	-60	-510	1.144	57
-11	-62	-510	1.149	58
-12	-57	-511	1.152	59
-9	-61	-511	1.157	60
-8	-59	-513	1.160	61
-9	-62	-512	1.164	62
-9	-62	-512	1.166	63
-10	-62	-511	1.171	64
-10	-60	-511	1.173	65
-9	-63	-511	1.176	66
-9	-61	-512	1.178	67
-9	-62	-512	1.181	68
-8	-60	-513	1.183	69
-11	-59	-511	1.187	70
-11	-60	-511	1.190	71
-10	-59	-512	1.193	72
-10	-61	-512	1.195	73
-10	-61	-512	1.196	74
-9	-60	-513	1.199	75
-9	-61	-513	1.201	76
-10	-60	-512	1.204	77
-10	-60	-512	1.205	78
-12	-59	-511	1.206	79
-10	-59	-513	1.208	80
-9	-62	-512	1.210	81
-9	-63	-511	1.214	82
-9	-62	-512	1.214	83
-9	-62	-511	1.217	84
-8	-60	-512	1.218	85
-9	-59	-512	1.221	86
-9	-59	-512	1.222	87
-9	-62	-512	1.224	88
-10	-59	-511	1.225	89
-11	-59	-510	1.228	90
-9	-60	-510	1.228	91
-8	-61	-513	1.230	92
-8	-60	-513	1.231	93
-8	-59	-512	1.233	94
-11	-62	-510	1.235	95
-10	-61	-511	1.236	96
-10	-64	-511	1.238	97
-8	-64	-512	1.239	98
-9	-64	-511	1.239	99
-8	-62	-512	1.241	100
-8	-63	-512	1.241	101
-8	-62	-512	1.244	102
-9	-63	-512	1.244	103
-8	-62	-513	1.246	104
-7	-62	-512	1.246	105
-9	-59	-512	1.248	106
-11	-61	-512	1.247	107
-11	-59	-511	1.249	108
-12	-61	-510	1.251	109
-11	-63	-511	1.252	110
-10	-64	-510	1.252	111
-9	-62	-511	1.254	112
-9	-64	-511	1.255	113
-9	-62	-512	1.256	114
-12	-63	-510	1.256	115
-9	-63	-511	1.256	116
-8	-66	-511	1.257	117
-10	-63	-511	1.258	118
-11	-64	-511	1.257	119
-10	-63	-511	1.260	120
-8	-63	-512	1.260	121
-9	-64	-512	1.259	122
-9	-63	-512	1.260	123
-10	-63	-512	1.262	124
-11	-63	-511	1.262	125
-10	-64	-510	1.262	126
-10	-63	-511	1.264	127
-10	-64	-509	1.264	128
-10	-63	-511	1.265	129
-9	-64	-512	1.266	130
-9	-65	-511	1.265	131
-9	-64	-511	1.265	132
-10	-65	-511	1.267	133
-8	-64	-511	1.267	134
-9	-64	-511	1.266	135
-8	-62	-512	1.267	136
-10	-63	-511	1.270	137
-9	-60	-513	1.268	138
-9	-62	-511	1.270	139
-10	-62	-511	1.270	140
-8	-63	-512	1.270	141
-7	-62	-512	1.272	142
-9	-62	-511	1.270	143
-8	-62	-511	1.273	144
-8	-60	-512	1.272	145
-10	-60	-510	1.272	146
-10	-61	-511	1.273	147
-9	-60	-512	1.273	148
-8	-61	-512	1.275	149
-9	-60	-512	1.274	150
-8	-62	-512	1.274	151
-8	-61	-512	1.275	152
-9	-60	-512	1.275	153
-8	-61	-511	1.277	154
-7	-61	-511	1.276	155
-8	-60	-511	1.278	156
-8	-61	-510	1.278	157
-7	-58	-513	1.278	158
-9	-62	-511	1.278	159
-9	-60	-512	1.278	160
-9	-62	-510	1.279	161
-10	-62	-512	1.279	162
-8	-63	-511	1.281	163
-9	-62	-511	1.281	164
-8	-64	-512	1.280	165
-7	-65	-512	1.281	166
-10	-64	-511	1.281	167
-9	-63	-511	1.281	168
-9	-64	-511	1.281	169
-8	-64	-511	1.281	170
-9	-62	-512	1.281	171
-10	-63	-511	1.282	172
-10	-63	-511	1.281	173
-10	-64	-510	1.281	174
-10	-62	-511	1.282	175
-9	-64	-510	1.282	176
-9	-64	-511	1.281	177
-9	-66	-510	1.281	178
-7	-62	-513	1.282	179
-9	-64	-512	1.282	180
-8	-65	-511	1.282	181
-8	-58	-513	1.281	182
-10	-64	-511	1.281	183
-8	-63	-511	1.282	184
-9	-62	-512	1.281	185
-7	-64	-511	1.282	186
-8	-62	-512	1.283	187
-8	-63	-511	1.283	188
-6	-60	-514	1.283	189
-8	-63	-511	1.283	190
-6	-62	-512	1.281	191
-8	-62	-512	1.283	192
-8	-62	-512	1.285	193
-8	-61	-512	1.282	194
-8	-62	-511	1.284	195
-7	-60	-511	1.283	196
-7	-60	-512	1.282	197
-7	-59	-512	1.284	198
-7	-60	-512	1.285	199
-7	-61	-512	1.285	200
-7	-62	-512	1.285	201
-8	-62	-511	1.285	202
-6	-61	-513	1.284	203
-7	-64	-511	1.286	204
-6	-62	-512	1.286	205
-6	-62	-512	1.287	206
-7	-61	-512	1.285	207
-7	-61	-511	1.285	208
-8	-60	-512	1.286	209
-8	-63	-509	1.286	210
-7	-61	-511	1.285	211
-7	-61	-511	1.287	212
-7	-62	-511	1.287	213
-6	-62	-511	1.285	214
-6	-61	-512	1.286	215
-6	-59	-512	1.287	216
-7	-60	-511	1.288	217
-6	-61	-511	1.286	218
-6	-61	-511	1.288	219
-8	-62	-511	1.289	220
-7	-61	-512	1.289	221
-7	-62	-512	1.289	222
-7	-61	-512	1.288	223
-8	-62	-512	1.288	224
-7	-61	-512	1.288	225
-7	-63	-511	1.288	226
-8	-63	-510	1.289	227
-7	-62	-511	1.289	228
-6	-62	-512	1.289	229
-6	-62	-511	1.287	230
-6	-61	-513	1.288	231
-8	-62	-511	1.288	232
-7	-60	-512	1.289	233
-7	-61	-511	1.289	234
-7	-60	-512	1.288	235
-8	-63	-510	1.288	236
-6	-61	-512	1.287	237
-7	-59	-512	1.287	238
-7	-60	-511	1.288	239
-6	-60	-511	1.287	240
-6	-59	-511	1.288	241
-6	-60	-512	1.287	242
-6	-60	-512	1.289	243
-7	-60	-512	1.289	244
-7	-61	-511	1.288	245
-7	-61	-511	1.288	246
-7	-61	-511	1.290	247
-7	-62	-511	1.288	248
-7	-63	-512	1.289	249
-7	-63	-511	1.289	250
-7	-61	-512	1.289	251
-7	-62	-512	1.289	252
-7	-61	-512	1.289	253
-7	-62	-511	1.290	254
-6	-62	-512	1.290	255
-8	-62	-510	1.290	256
-8	-61	-511	1.289	257
-7	-62	-511	1.289	258
-7	-62	-511	1.290	259
-7	-63	-511	1.290	260
-7	-63	-511	1.288	261
-7	-63	-511	1.290	262
-7	-62	-511	1.290	263
-8	-62	-511	1.288	264
-6	-62	-512	1.288	265
-7	-60	-512	1.288	266
-7	-61	-511	1.288	267
-7	-62	-512	1.288	268
-7	-61	-511	1.289	269
-6	-61	-512	1.288	270
-6	-61	-512	1.289	271
-7	-60	-512	1.288	272
-7	-61	-512	1.289	273
-6	-61	-511	1.289	274
-6	-62	-511	1.289	275
-6	-60	-513	1.291	276
-7	-62	-512	1.289	277
-6	-61	-512	1.289	278
-7	-61	-511	1.289	279
-7	-62	-511	1.291	280
-7	-61	-512	1.290	281
-8	-61	-512	1.291	282
-8	-61	-512	1.290	283
-7	-61	-512	1.289	284
-7	-61	-512	1.290	285
-9	-61	-512	1.291	286
-7	-61	-512	1.291	287
-7	-60	-512	1.290	288
-7	-61	-512	1.289	289
-7	-62	-512	1.290	290
-7	-61	-512	1.292	291
-8	-62	-511	1.293	292
-7	-62	-511	1.290	293
-7	-63	-512	1.292	294
-8	-63	-512	1.292	295
-8	-62	-512	1.292	296
-8	-63	-511	1.292	297
-8	-63	-511	1.291	298
-7	-63	-511	1.291	299
-7	-63	-511	1.291	300
-7	-62	-511	1.291	301
-7	-61	-511	1.292	302
-8	-64	-511	1.289	303
-9	-62	-511	1.291	304
-8	-63	-511	1.293	305
-8	-62	-511	1.292	306
-8	-62	-512	1.292	307
-6	-61	-513	1.290	308
-7	-62	-511	1.292	309
-7	-62	-511	1.293	310
-7	-62	-511	1.293	311
-7	-63	-511	1.292	312
-6	-63	-512	1.293	313
-7	-63	-511	1.292	314
-8	-64	-510	1.291	315
-8	-62	-511	1.293	316
-8	-63	-511	1.293	317
-8	-64	-512	1.293	318
-8	-64	-512	1.293	319
-8	-63	-512	1.293	320
-7	-65	-511	1.293	321
-10	-64	-511	1.293	322
-10	-65	-510	1.293	323
-8	-64	-512	1.293	324
-8	-63	-512	1.293	325
-8	-63	-512	1.291	326
-9	-64	-511	1.292	327
-9	-64	-510	1.291	328
-9	-64	-511	1.293	329
-8	-63	-512	1.292	330
-8	-65	-512	1.293	331
-9	-65	-510	1.293	332
-7	-66	-511	1.293	333
-7	-66	-512	1.293	334
-8	-66	-511	1.291	335
-8	-65	-512	1.293	336
-7	-66	-510	1.292	337
-8	-68	-510	1.289	338
-8	-63	-513	1.292	339
-9	-65	-511	1.289	340
-10	-64	-512	1.290	341
-7	-65	-513	1.290	342
-7	-67	-510	1.289	343
-8	-67	-512	1.289	344
-9	-68	-511	1.290	345
-8	-67	-512	1.290	346
-7	-70	-510	1.289	347
-9	-69	-511	1.288	348
-8	-67	-512	1.287	349
-9	-69	-510	1.287	350
-8	-69	-511	1.287	351
-10	-67	-511	1.285	352
-8	-67	-512	1.285	353
-8	-70	-510	1.282	354
-9	-68	-511	1.285	355
-7	-69	-510	1.285	356
-7	-69	-512	1.281	357
-8	-69	-511	1.282	358
-9	-69	-511	1.281	359
-8	-69	-510	1.281	360
-8	-66	-511	1.281	361
-8	-67	-511	1.280	362
-8	-66	-511	1.280	363
-8	-65	-511	1.280	364
-8	-64	-511	1.280	365
-8	-63	-512	1.280	366
-8	-65	-511	1.281	367
-7	-64	-512	1.281	368
-8	-64	-512	1.281	369
-9	-65	-510	1.282	370
-7	-63	-512	1.282	371
-9	-64	-510	1.285	372
-7	-63	-512	1.285	373
-8	-63	-512	1.286	374
-7	-63	-512	1.285	375
-8	-65	-511	1.285	376
-8	-64	-511	1.287	377
-9	-63	-511	1.287	378
-9	-63	-510	1.289	379
-10	-63	-511	1.288	380
-7	-61	-511	1.288	381
-9	-62	-511	1.289	382
-8	-63	-511	1.289	383
-7	-63	-512	1.291	384
-7	-63	-512	1.291	385
-8	-64	-511	1.292	386
-7	-64	-512	1.293	387
-9	-65	-511	1.291	388
-7	-64	-514	1.293	389
-12	-75	-507	1.293	390
-9	-71	-511	1.291	391
-7	-64	-515	1.293	392
-9	-69	-510	1.291	393
-10	-68	-512	1.288	394
-11	-69	-512	1.288	395
-10	-71	-511	1.286	396
-11	-70	-511	1.285	397
-8	-69	-511	1.284	398
-9	-69	-510	1.282	399
-10	-68	-509	1.281	400
-9	-67	-511	1.280	401
-8	-66	-512	1.279	402
-7	-66	-512	1.278	403
-8	-67	-511	1.280	404
-9	-64	-511	1.279	405
-7	-64	-512	1.280	406
-7	-64	-512	1.280	407
-8	-65	-512	1.281	408
-9	-65	-510	1.280	409
-7	-64	-512	1.282	410
-8	-64	-512	1.282	411
-8	-65	-511	1.283	412
-8	-63	-512	1.285	413
-8	-64	-511	1.285	414
-9	-63	-512	1.286	415
-8	-64	-511	1.286	416
-9	-62	-511	1.286	417
-9	-61	-510	1.289	418
-8	-59	-512	1.289	419
-6	-61	-511	1.288	420
-8	-62	-511	1.289	421
-8	-63	-510	1.290	422
-6	-60	-512	1.290	423
-7	-62	-511	1.290	424
-9	-62	-511	1.292	425
-7	-61	-512	1.293	426
-7	-62	-512	1.293	427
-6	-61	-512	1.293	428
-7	-60	-512	1.293	429
-7	-61	-511	1.294	430
-7	-62	-511	1.293	431
-8	-63	-510	1.295	432
-6	-62	-511	1.294	433
-8	-62	-512	1.296	434
-9	-64	-509	1.295	435
-7	-62	-511	1.297	436
-6	-60	-513	1.296	437
-7	-61	-511	1.295	438
-7	-60	-511	1.297	439
-5	-57	-513	1.297	440
-6	-58	-512	1.298	441
-8	-58	-511	1.297	442
-6	-59	-511	1.297	443
-4	-58	-512	1.299	444
-7	-58	-511	1.300	445
-7	-59	-511	1.300	446
-6	-59	-511	1.301	447
-6	-58	-512	1.299	448
-7	-61	-510	1.302	449
-7	-60	-511	1.301	450
-5	-58	-512	1.303	451
-6	-59	-512	1.301	452
-6	-58	-512	1.302	453
-7	-58	-512	1.302	454
-6	-59	-512	1.301	455
-6	-59	-512	1.301	456
-6	-60	-511	1.302	457
-7	-60	-512	1.302	458
-6	-60	-512	1.302	459
-7	-61	-511	1.302	460
-6	-60	-512	1.302	461
-7	-60	-511	1.302	462
-7	-61	-512	1.303	463
-7	-60	-512	1.302	464
-6	-60	-512	1.302	465
-7	-60	-511	1.303	466
-8	-59	-511	1.303	467
-7	-58	-512	1.305	468
-6	-59	-513	1.305	469
-8	-61	-512	1.305	470
-9	-60	-511	1.304	471
-6	-61	-512	1.305	472
-6	-60	-512	1.306	473
-6	-61	-512	1.305	474
-7	-62	-511	1.305	475
-6	-59	-513	1.303	476
-8	-61	-511	1.305	477
-8	-60	-511	1.305	478
-7	-61	-511	1.305	479
-6	-61	-512	1.305	480
-7	-61	-511	1.305	481
-8	-60	-511	1.305	482
-7	-61	-511	1.306	483
-6	-60	-512	1.305	484
-6	-60	-512	1.305	485
-7	-61	-511	1.306	486
-6	-61	-511	1.305	487
-6	-59	-512	1.305	488
-8	-59	-511	1.306	489
-7	-59	-511	1.306	490
-6	-60	-511	1.306	491
-7	-58	-511	1.307	492
-7	-60	-510	1.308	493
-6	-59	-511	1.307	494
-7	-59	-511	1.307	495
-7	-59	-511	1.307	496
-7	-59	-510	1.308	497
-6	-57	-512	1.309	498
-8	-59	-511	1.309	499
-6	-59	-511	1.308	500
-5	-58	-512	1.307	501
-6	-58	-512	1.308	502
-7	-59	-511	1.310	503
-6	-58	-512	1.309	504
-5	-58	-512	1.310	505
-6	-56	-512	1.310	506
-6	-57	-511	1.308	507
-6	-58	-511	1.310	508
-5	-57	-511	1.310	509
-7	-58	-511	1.310	510
-5	-57	-512	1.309	511
-6	-59	-512	1.310	512
-7	-58	-512	1.310	513
-6	-60	-511	1.310	514
-5	-60	-512	1.310	515
-6	-58	-512	1.310	516
-7	-59	-511	1.310	517
-7	-58	-512	1.311	518
-5	-58	-512	1.312	519
-6	-58	-512	1.311	520
-6	-58	-512	1.310	521
-6	-59	-512	1.311	522
-6	-58	-512	1.311	523
-6	-59	-512	1.312	524
-7	-59	-512	1.312	525
-6	-60	-512	1.311	526
-6	-59	-512	1.313	527
-7	-60	-511	1.313	528
-7	-60	-511	1.311	529
-6	-60	-512	1.311	530
-7	-61	-511	1.310	531
-6	-61	-511	1.311	532
-6	-60	-512	1.310	533
-6	-61	-512	1.311	534
-7	-61	-511	1.310	535
-6	-61	-511	1.312	536
-7	-61	-511	1.312	537
-5	-61	-512	1.311	538
-6	-60	-511	1.313	539
-6	-59	-511	1.311	540
-7	-59	-511	1.313	541
-5	-59	-511	1.312	542
-6	-59	-512	1.313	543
-6	-59	-512	1.313	544
-5	-59	-512	1.312	545
-6	-59	-511	1.313	546
-6	-58	-512	1.313	547
-7	-58	-511	1.313	548
-6	-58	-512	1.312	549
-6	-59	-512	1.313	550
-6	-59	-512	1.313	551
-6	-60	-512	1.313	552
-7	-60	-511	1.314	553
-6	-59	-511	1.312	554
-6	-60	-511	1.315	555
-6	-59	-511	1.314	556
-6	-59	-512	1.314	557
-7	-61	-511	1.313	558
-6	-60	-512	1.313	559
-6	-60	-512	1.314	560
-6	-59	-511	1.313	561
-7	-59	-511	1.314	562
-6	-60	-511	1.315	563
-7	-59	-512	1.314	564
-6	-59	-512	1.315	565
-6	-59	-511	1.314	566
-6	-59	-511	1.314	567
-6	-59	-511	1.315	568
-6	-58	-512	1.314	569
-7	-60	-511	1.316	570
-6	-59	-512	1.317	571
-6	-59	-512	1.316	572
-6	-58	-512	1.315	573
-7	-58	-511	1.315	574
-7	-58	-511	1.314	575
-7	-58	-511	1.315	576
-8	-58	-511	1.317	577
-7	-57	-512	1.315	578
-6	-58	-512	1.315	579
-6	-59	-511	1.315	580
-6	-58	-512	1.317	581
-7	-60	-511	1.315	582
-5	-59	-512	1.317	583
-6	-59	-511	1.316	584
-6	-60	-511	1.316	585
-8	-60	-511	1.317	586
-6	-61	-511	1.315	587
-6	-60	-512	1.315	588
-7	-60	-511	1.317	589
-7	-60	-511	1.315	590
-6	-60	-511	1.315	591
-6	-59	-512	1.317	592
-7	-59	-511	1.315	593
-7	-59	-512	1.316	594
-6	-59	-511	1.317	595
-5	-58	-512	1.315	596
-6	-58	-513	1.317	597
-6	-59	-511	1.318	598
-6	-58	-512	1.316	599
0.000000 0.000000 0.000000 0.000000 0.000000