14	124	-519	0.000	1
10	86	-508	0.000	2
4	76	-477	0.000	3
8	43	-477	0.000	4
-54	11	-492	0.309	5
-26	-5	-487	0.307	6
8	18	-520	0.316	7
-22	15	-509	0.368	8
1	3	-518	0.459	9
-17	-25	-504	0.553	10
-49	-39	-540	0.659	11
-19	-39	-511	0.777	12
-12	-57	-513	0.878	13
-12	-61	-512	0.967	14
-12	-56	-511	1.042	15
-12	-54	-509	1.102	16
-14	-53	-507	1.155	17
-12	-51	-512	1.194	18
-13	-57	-508	1.227	19
-12	-54	-512	1.259	20
-13	-50	-512	1.281	21
-12	-51	-513	1.297	22
-13	-50	-513	1.310	23
-15	-49	-512	1.318	24
-12	-53	-511	1.331	25
-14	-52	-508	1.343	26
-13	-50	-508	1.352	27
-19	-47	-508	1.358	28
-9	-46	-514	1.362	29
-11	-48	-512	1.369	30
-11	-47	-511	1.370	31
-13	-49	-509	1.374	32
-9	-48	-513	1.373	33
-9	-44	-513	1.376	34
-10	-48	-512	1.379	35
-10	-48	-512	1.380	36
-9	-48	-511	1.377	37
-8	-47	-510	1.376	38
-8	-46	-511	1.380	39
-8	-46	-512	1.380	40
-7	-45	-513	1.376	41
-9	-47	-512	1.375	42
-8	-47	-511	1.377	43
-8	-46	-513	1.382	44
-10	-48	-511	1.384	45
-9	-46	-513	1.382	46
-10	-47	-513	1.384	47
-11	-47	-512	1.383	48
-12	-48	-511	1.385	49
-11	-48	-510	1.385	50
-11	-48	-511	1.388	51
-10	-48	-510	1.391	52
-10	-48	-511	1.390	53
-10	-47	-511	1.389	54
-11	-46	-511	1.393	55
-10	-45	-512	1.393	56
-11	-48	-510	1.393	57
-11	-48	-511	1.394	58
-11	-45	-513	1.395	59
-12	-47	-511	1.391	60
-9	-47	-513	1.393	61
-11	-48	-511	1.391	62
-11	-49	-512	1.393	63
-13	-51	-510	1.389	64
-13	-49	-510	1.394	65
-13	-52	-510	1.389	66
-11	-50	-512	1.388	67
-12	-51	-512	1.388	68
-12	-52	-511	1.387	69
-15	-53	-508	1.383	70
-12	-52	-512	1.381	71
-11	-52	-513	1.378	72
-11	-54	-511	1.374	73
-11	-54	-512	1.373	74
-12	-53	-510	1.373	75
-13	-53	-511	1.372	76
-12	-54	-512	1.370	77
-12	-54	-512	1.368	78
-11	-54	-512	1.365	79
-13	-54	-511	1.365	80
-12	-54	-510	1.361	81
-12	-52	-510	1.359	82
-12	-54	-510	1.361	83
-12	-53	-511	1.362	84
-12	-55	-510	1.355	85
-12	-55	-511	1.352	86
-12	-53	-511	1.348	87
-12	-53	-510	1.345	88
-13	-53	-510	1.343	89
-11	-51	-510	1.342	90
-9	-51	-511	1.336	91
-11	-50	-511	1.335	92
-11	-51	-511	1.331	93
-11	-47	-511	1.335	94
-12	-48	-511	1.328	95
-12	-54	-510	1.328	96
-11	-47	-513	1.327	97
-11	-45	-513	1.328	98
-10	-48	-513	1.326	99
-12	-50	-511	1.327	100
-12	-52	-511	1.326	101
-14	-52	-509	1.329	102
-13	-51	-511	1.329	103
-13	-52	-510	1.327	104
-13	-54	-510	1.328	105
-13	-53	-511	1.326	106
-12	-53	-510	1.328	107
-14	-53	-509	1.329	108
-13	-51	-511	1.326	109
-14	-53	-510	1.326	110
-13	-56	-511	1.330	111
-12	-54	-513	1.329	112
-13	-58	-511	1.330	113
-14	-56	-509	1.332	114
-11	-50	-513	1.339	115
-13	-50	-511	1.338	116
-16	-52	-511	1.341	117
-14	-51	-511	1.339	118
-13	-52	-511	1.349	119
-14	-53	-509	1.348	120
-14	-54	-509	1.350	121
-15	-51	-511	1.353	122
-15	-55	-510	1.352	123
-12	-54	-511	1.352	124
-12	-52	-512	1.351	125
-13	-52	-511	1.351	126
-12	-54	-511	1.351	127
-12	-53	-512	1.352	128
-12	-53	-511	1.351	129
-12	-52	-512	1.352	130
-12	-52	-511	1.347	131
-11	-54	-510	1.348	132
-10	-53	-512	1.347	133
-10	-54	-511	1.345	134
-10	-52	-511	1.346	135
-10	-53	-510	1.346	136
-10	-52	-511	1.346	137
-11	-52	-512	1.347	138
-10	-50	-512	1.347	139
-13	-50	-508	1.347	140
-10	-49	-511	1.345	141
-11	-50	-511	1.346	142
-11	-49	-510	1.343	143
-11	-51	-511	1.341	144
-11	-49	-512	1.343	145
-12	-51	-509	1.341	146
-11	-51	-512	1.341	147
-10	-49	-514	1.338	148
-13	-50	-511	1.338	149
-13	-50	-511	1.333	150
-11	-49	-513	1.333	151
-9	-51	-512	1.330	152
-11	-49	-511	1.328	153
-10	-53	-509	1.321	154
-12	-50	-511	1.321	155
-11	-52	-510	1.315	156
-9	-48	-514	1.313	157
-10	-53	-512	1.307	158
-11	-49	-513	1.305	159
-11	-51	-512	1.303	160
-12	-47	-512	1.302	161
-12	-50	-511	1.297	162
-9	-47	-513	1.301	163
-9	-51	-511	1.293	164
-9	-47	-514	1.296	165
-11	-52	-510	1.292	166
-10	-51	-511	1.286	167
-10	-51	-511	1.290	168
-10	-50	-511	1.285	169
-10	-51	-509	1.281	170
-11	-50	-510	1.282	171
-10	-50	-512	1.281	172
-7	-52	-513	1.276	173
-8	-51	-512	1.282	174
-9	-47	-513	1.276	175
-11	-54	-508	1.283	176
-8	-49	-512	1.278	177
-10	-51	-510	1.283	178
-8	-42	-515	1.280	179
-12	-48	-511	1.287	180
-11	-49	-511	1.280	181
-12	-49	-510	1.285	182
-11	-52	-510	1.291	183
-10	-49	-513	1.293	184
-10	-50	-512	1.293	185
-11	-49	-511	1.293	186
-12	-51	-509	1.294	187
-11	-53	-509	1.297	188
-8	-50	-512	1.299	189
-8	-50	-513	1.304	190
-9	-51	-511	1.310	191
-8	-49	-512	1.315	192
-9	-50	-510	1.318	193
-8	-52	-511	1.317	194
-9	-53	-510	1.320	195
-7	-54	-512	1.323	196
-8	-52	-513	1.322	197
-9	-51	-512	1.325	198
-8	-54	-511	1.326	199
-10	-52	-510	1.326	200
-8	-47	-513	1.322	201
-10	-52	-510	1.324	202
-8	-53	-511	1.322	203
-10	-52	-510	1.325	204
-10	-52	-510	1.322	205
-10	-49	-511	1.320	206
-17	-47	-504	1.319	207
-8	-46	-515	1.317	208
-13	-53	-509	1.315	209
-9	-44	-511	1.312	210
-6	-43	-513	1.306	211
-7	-44	-512	1.298	212
-9	-44	-510	1.293	213
-8	-46	-512	1.289	214
-7	-44	-513	1.288	215
-7	-43	-512	1.292	216
-6	-44	-512	1.293	217
-6	-43	-512	1.292	218
-6	-44	-511	1.296	219
-7	-43	-510	1.294	220
-7	-43	-511	1.295	221
-7	-44	-510	1.293	222
-6	-43	-511	1.291	223
-6	-38	-513	1.293	224
-7	-44	-509	1.292	225
-8	-45	-510	1.289	226
-8	-44	-510	1.290	227
-6	-44	-512	1.282	228
-6	-46	-511	1.285	229
-6	-43	-512	1.282	230
-6	-43	-512	1.279	231
-7	-43	-512	1.278	232
-7	-45	-511	1.273	233
-6	-44	-512	1.272	234
-6	-44	-512	1.275	235
-5	-41	-513	1.272	236
-5	-43	-512	1.272	237
-6	-43	-512	1.271	238
-6	-42	-511	1.268	239
-6	-38	-512	1.262	240
-8	-43	-509	1.264	241
-7	-37	-512	1.266	242
-7	-41	-511	1.263	243
-7	-42	-511	1.260	244
-7	-44	-510	1.264	245
-7	-41	-511	1.259	246
-8	-42	-511	1.260	247
-8	-43	-512	1.268	248
-8	-43	-511	1.262	249
-9	-43	-510	1.270	250
-7	-46	-510	1.268	251
-7	-46	-510	1.271	252
-6	-46	-510	1.275	253
-6	-42	-512	1.274	254
-6	-43	-512	1.283	255
-7	-43	-511	1.276	256
-5	-43	-512	1.288	257
-7	-43	-511	1.289	258
-6	-42	-511	1.290	259
-6	-43	-511	1.295	260
-6	-40	-512	1.297	261
-7	-42	-512	1.296	262
-6	-42	-512	1.297	263
-6	-42	-511	1.297	264
-7	-45	-510	1.300	265
-5	-42	-512	1.298	266
-6	-41	-512	1.297	267
-6	-41	-512	1.296	268
-6	-42	-512	1.296	269
-6	-41	-512	1.297	270
-6	-42	-511	1.294	271
-6	-42	-511	1.294	272
-6	-44	-511	1.292	273
-7	-43	-511	1.293	274
-6	-43	-512	1.287	275
-7	-42	-512	1.285	276
-6	-41	-512	1.286	277
-6	-41	-512	1.285	278
-6	-42	-511	1.285	279
-6	-44	-510	1.283	280
-6	-42	-512	1.280	281
-6	-42	-511	1.276	282
-6	-40	-512	1.273	283
-6	-42	-512	1.271	284
-5	-42	-511	1.268	285
-6	-42	-510	1.267	286
-6	-41	-512	1.264	287
-6	-41	-511	1.260	288
-6	-40	-512	1.260	289
-7	-41	-512	1.262	290
-6	-39	-512	1.259	291
-6	-40	-512	1.260	292
-6	-41	-511	1.262	293
-6	-40	-512	1.259	294
-6	-42	-511	1.264	295
-6	-41	-512	1.265	296
-6	-41	-512	1.262	297
-6	-41	-511	1.265	298
-6	-40	-512	1.264	299
-6	-41	-511	1.265	300
-6	-41	-512	1.270	301
-6	-41	-512	1.268	302
-6	-39	-512	1.275	303
-6	-40	-512	1.277	304
-6	-40	-511	1.278	305
-6	-41	-511	1.280	306
-6	-39	-511	1.284	307
-6	-40	-511	1.284	308
-6	-39	-511	1.284	309
-6	-41	-511	1.284	310
-5	-40	-511	1.286	311
-6	-38	-512	1.291	312
-6	-38	-511	1.295	313
-6	-39	-511	1.296	314
-5	-37	-512	1.300	315
-5	-39	-511	1.300	316
-6	-38	-511	1.300	317
-6	-38	-511	1.303	318
-6	-39	-511	1.305	319
-5	-38	-511	1.309	320
-5	-39	-511	1.305	321
-5	-37	-512	1.304	322
-7	-39	-511	1.306	323
-5	-39	-511	1.306	324
-5	-38	-511	1.305	325
-6	-38	-512	1.304	326
-5	-39	-512	1.306	327
-5	-40	-512	1.308	328
-5	-40	-512	1.305	329
-6	-39	-512	1.305	330
-5	-38	-512	1.306	331
-5	-39	-512	1.301	332
-5	-41	-512	1.305	333
-5	-41	-511	1.304	334
-6	-38	-512	1.304	335
-6	-38	-512	1.297	336
-6	-38	-512	1.302	337
-5	-40	-510	1.299	338
-6	-40	-511	1.298	339
-6	-39	-512	1.290	340
-5	-42	-511	1.293	341
-6	-41	-511	1.283	342
-6	-40	-512	1.285	343
-6	-41	-511	1.277	344
-6	-40	-511	1.271	345
-7	-40	-512	1.272	346
-6	-40	-512	1.269	347
-6	-41	-511	1.260	348
-6	-40	-512	1.270	349
-5	-41	-511	1.259	350
-5	-40	-512	1.264	351
-5	-40	-511	1.262	352
-5	-40	-512	1.268	353
-6	-42	-510	1.264	354
-6	-43	-510	1.267	355
-6	-43	-511	1.268	356
-4	-41	-513	1.272	357
-5	-41	-512	1.279	358
-6	-43	-510	1.283	359
-6	-41	-511	1.283	360
-6	-41	-511	1.287	361
-5	-39	-512	1.292	362
-5	-40	-512	1.296	363
-6	-42	-511	1.301	364
-6	-41	-511	1.304	365
-5	-40	-512	1.307	366
-6	-39	-512	1.306	367
-6	-39	-511	1.307	368
-6	-39	-511	1.311	369
-6	-38	-511	1.307	370
-6	-40	-511	1.304	371
-6	-40	-511	1.302	372
-6	-40	-511	1.287	373
-5	-39	-511	1.297	374
-6	-38	-512	1.279	375
-5	-37	-511	1.286	376
-5	-38	-511	1.268	377
-5	-37	-511	1.275	378
-5	-37	-511	1.264	379
-5	-38	-510	1.264	380
-5	-38	-512	1.260	381
-5	-38	-511	1.259	382
-5	-37	-512	1.260	383
-5	-37	-512	1.260	384
-5	-38	-511	1.268	385
-6	-38	-512	1.270	386
-5	-39	-511	1.275	387
-5	-37	-511	1.282	388
-5	-37	-511	1.288	389
-6	-34	-512	1.297	390
-6	-39	-510	1.300	391
-6	-38	-511	1.307	392
-6	-40	-510	1.309	393
-5	-38	-513	1.311	394
-5	-38	-512	1.309	395
-5	-38	-512	1.304	396
-6	-39	-511	1.293	397
-6	-40	-511	1.288	398
-5	-40	-511	1.264	399
-5	-38	-511	1.262	400
-5	-39	-511	1.250	401
-5	-38	-512	1.253	402
-5	-36	-512	1.250	403
-4	-37	-511	1.249	404
-5	-38	-511	1.256	405
-5	-37	-511	1.256	406
-6	-37	-512	1.265	407
-5	-36	-512	1.268	408
-6	-38	-510	1.272	409
-5	-37	-512	1.274	410
-3	-34	-513	1.281	411
-6	-40	-509	1.286	412
-5	-39	-513	1.287	413
-5	-43	-511	1.283	414
-5	-42	-512	1.278	415
-5	-42	-511	1.275	416
-5	-42	-511	1.269	417
-5	-42	-511	1.268	418
-5	-40	-512	1.264	419
-6	-41	-512	1.264	420
-6	-44	-510	1.265	421
-6	-42	-512	1.267	422
-5	-42	-512	1.267	423
-6	-44	-511	1.266	424
-5	-42	-512	1.267	425
-5	-40	-512	1.269	426
-5	-40	-511	1.269	427
-5	-41	-511	1.272	428
-5	-42	-511	1.278	429
-4	-40	-511	1.281	430
-5	-41	-511	1.284	431
-6	-40	-511	1.287	432
-4	-39	-510	1.290	433
-5	-40	-511	1.291	434
-6	-42	-510	1.291	435
-6	-42	-511	1.294	436
-4	-40	-512	1.295	437
-5	-40	-512	1.294	438
-6	-40	-511	1.294	439
-5	-42	-511	1.295	440
-6	-41	-511	1.293	441
-6	-42	-511	1.293	442
-5	-40	-512	1.293	443
-5	-40	-512	1.293	444
-6	-38	-512	1.293	445
-5	-42	-510	1.294	446
-5	-39	-512	1.289	447
-6	-39	-511	1.291	448
-6	-40	-511	1.288	449
-6	-41	-511	1.288	450
-5	-42	-511	1.281	451
-4	-40	-512	1.276	452
-4	-41	-512	1.278	453
-5	-39	-512	1.270	454
-5	-39	-512	1.268	455
-6	-39	-512	1.264	456
-4	-40	-511	1.260	457
-4	-39	-512	1.256	458
-5	-40	-511	1.255	459
-3	-39	-512	1.251	460
-3	-39	-512	1.251	461
-3	-40	-512	1.249	462
-3	-41	-512	1.245	463
-4	-40	-512	1.244	464
-5	-42	-511	1.243	465
-5	-43	-511	1.244	466
-5	-41	-511	1.243	467
-4	-43	-511	1.245	468
-4	-42	-511	1.250	469
-4	-41	-511	1.251	470
-4	-40	-511	1.256	471
-4	-40	-512	1.258	472
-3	-41	-512	1.268	473
-3	-40	-513	1.264	474
-4	-41	-512	1.278	475
-4	-41	-512	1.272	476
-4	-40	-512	1.282	477
-4	-41	-512	1.278	478
-3	-41	-512	1.286	479
-4	-41	-511	1.282	480
-5	-42	-511	1.282	481
-4	-40	-512	1.279	482
-3	-39	-513	1.276	483
-3	-40	-511	1.274	484
-3	-40	-512	1.268	485
-3	-41	-512	1.268	486
-3	-42	-512	1.262	487
-4	-43	-511	1.254	488
-4	-39	-512	1.251	489
-4	-40	-511	1.247	490
-4	-40	-511	1.238	491
-4	-41	-512	1.239	492
-3	-41	-512	1.239	493
-4	-42	-511	1.243	494
-4	-42	-512	1.245	495
-3	-43	-511	1.252	496
-4	-41	-512	1.259	497
-3	-43	-511	1.264	498
-4	-44	-511	1.274	499
-6	-43	-511	1.278	500
-5	-42	-511	1.283	501
-4	-43	-511	1.278	502
-3	-39	-513	1.281	503
-4	-41	-512	1.276	504
-3	-41	-512	1.269	505
-3	-43	-511	1.260	506
-3	-41	-513	1.252	507
-4	-43	-511	1.251	508
-3	-43	-510	1.246	509
-4	-40	-511	1.241	510
-3	-40	-511	1.234	511
-3	-40	-512	1.232	512
-3	-41	-511	1.232	513
-3	-42	-511	1.234	514
-3	-41	-512	1.242	515
-3	-41	-512	1.249	516
-2	-42	-511	1.259	517
-2	-42	-511	1.264	518
-3	-43	-511	1.269	519
-3	-41	-512	1.273	520
-2	-42	-511	1.272	521
-3	-40	-513	1.268	522
-4	-42	-511	1.264	523
-4	-40	-511	1.258	524
-3	-41	-511	1.249	525
-3	-41	-512	1.239	526
-3	-43	-511	1.230	527
-3	-42	-511	1.227	528
-2	-43	-513	1.220	529
-4	-45	-511	1.215	530
-3	-46	-511	1.216	531
-3	-44	-512	1.218	532
-3	-45	-512	1.227	533
-4	-46	-511	1.239	534
-4	-45	-511	1.249	535
-3	-43	-512	1.256	536
-3	-43	-512	1.264	537
-5	-42	-512	1.268	538
-4	-42	-511	1.272	539
-3	-44	-512	1.276	540
-3	-45	-511	1.269	541
-4	-44	-512	1.267	542
-4	-45	-511	1.264	543
-4	-44	-512	1.256	544
-4	-44	-511	1.244	545
-4	-43	-512	1.251	546
-4	-44	-512	1.252	547
-3	-43	-512	1.260	548
-4	-44	-511	1.265	549
-5	-44	-511	1.264	550
-5	-44	-511	1.264	551
-4	-46	-511	1.264	552
-3	-45	-511	1.259	553
-3	-47	-509	1.254	554
-3	-44	-512	1.249	555
-5	-45	-512	1.239	556
-4	-47	-512	1.235	557
-3	-47	-512	1.233	558
-4	-46	-510	1.231	559
-4	-45	-511	1.235	560
-4	-44	-512	1.239	561
-3	-45	-512	1.242	562
-3	-44	-512	1.250	563
-3	-44	-512	1.252	564
-5	-45	-511	1.260	565
-3	-44	-511	1.259	566
-4	-45	-511	1.264	567
-2	-43	-512	1.264	568
-2	-42	-512	1.264	569
-2	-42	-512	1.267	570
-2	-42	-511	1.264	571
-3	-43	-511	1.264	572
-4	-42	-512	1.262	573
-4	-44	-512	1.261	574
-3	-42	-513	1.256	575
-5	-46	-510	1.254	576
-2	-45	-513	1.252	577
-3	-45	-512	1.249	578
-4	-46	-511	1.248	579
-4	-48	-510	1.248	580
-2	-46	-512	1.244	581
-3	-48	-512	1.243	582
-2	-46	-512	1.243	583
-4	-47	-510	1.239	584
-3	-47	-512	1.239	585
-5	-49	-510	1.238	586
-2	-49	-511	1.238	587
-4	-46	-512	1.238	588
-3	-47	-512	1.238	589
-4	-46	-512	1.238	590
-2	-45	-512	1.238	591
-4	-46	-511	1.238	592
-4	-46	-511	1.238	593
-3	-45	-511	1.239	594
-4	-46	-511	1.240	595
-4	-45	-510	1.241	596
-3	-46	-511	1.241	597
-3	-46	-512	1.243	598
-3	-47	-512	1.247	599
0.000000 0.000000 0.000000 0.000000 0.000000
61	104	-495	0.000	1
86	114	-474	0.000	2
60	114	-494	0.000	3
73	142	-525	0.000	4
47	94	-485	0.326	5
35	92	-461	0.000	0
73	157	-498	0.000	1
84	114	-451	0.000	0
71	96	-483	0.000	1
26	72	-471	0.000	2
55	59	-497	0.000	3
31	65	-520	0.000	4
15	47	-527	0.315	5
19	7	-487	0.312	6
21	-36	-563	0.313	7
10	-29	-479	0.400	8
-18	-29	-516	0.572	9
9	-43	-504	0.741	10
0	-45	-514	0.894	11
-17	-60	-507	1.030	12
-4	-46	-511	1.140	13
-6	-53	-508	1.246	14
-6	-56	-511	1.331	15
-8	-55	-511	1.405	16
-5	-55	-513	1.472	17
-7	-61	-509	1.527	18
-10	-59	-511	1.579	19
-10	-59	-510	1.617	20
-7	-64	-508	1.657	21
-7	-60	-512	1.696	22
-9	-60	-511	1.733	23
-7	-62	-511	1.760	24
-9	-61	-511	1.796	25
-10	-62	-510	1.821	26
-12	-62	-509	1.849	27
-11	-61	-510	1.874	28
-9	-60	-512	1.899	29
-9	-62	-509	1.916	30
-9	-59	-511	1.932	31
-10	-60	-511	1.941	32
-9	-61	-511	1.949	33
-10	-60	-511	1.956	34
-9	-61	-510	1.960	35
-8	-61	-511	1.958	36
-9	-62	-510	1.958	37
-7	-61	-511	1.956	38
-8	-63	-510	1.953	39
-8	-63	-510	1.952	40
-6	-62	-512	1.951	41
-7	-62	-511	1.953	42
-8	-63	-510	1.958	43
-8	-63	-510	1.961	44
-7	-61	-512	1.965	45
-8	-61	-512	1.979	46
-7	-60	-513	1.986	47
-9	-61	-510	1.994	48
-7	-61	-511	2.005	49
-8	-63	-510	2.019	50
-8	-62	-511	2.032	51
-7	-62	-512	2.040	52
-7	-62	-511	2.043	53
-8	-63	-509	2.044	54
-8	-63	-511	2.051	55
-8	-63	-511	2.049	56
-8	-63	-510	2.050	57
-7	-63	-511	2.047	58
-7	-64	-510	2.037	59
-8	-61	-512	2.029	60
-8	-64	-510	2.015	61
-7	-64	-511	2.010	62
-6	-63	-512	2.005	63
-7	-63	-512	1.993	64
-7	-62	-512	1.988	65
-7	-62	-511	1.984	66
-8	-64	-511	1.980	67
-7	-63	-511	1.978	68
-6	-64	-510	1.978	69
-5	-62	-511	1.983	70
-6	-62	-511	1.983	71
-6	-64	-510	1.992	72
-7	-64	-510	1.989	73
-7	-64	-510	1.997	74
-7	-63	-511	1.992	75
-8	-65	-510	2.005	76
-7	-62	-510	2.005	77
-8	-64	-510	2.019	78
-7	-65	-510	2.011	79
-7	-62	-513	2.022	80
-7	-63	-510	2.031	81
-7	-65	-509	2.029	82
-7	-65	-510	2.026	83
-6	-63	-512	2.021	84
-7	-63	-512	2.016	85
-7	-63	-511	2.011	86
-6	-62	-513	2.004	87
-7	-64	-511	2.005	88
-7	-64	-510	1.995	89
-7	-65	-510	1.989	90
-7	-65	-510	1.986	91
-7	-64	-509	1.985	92
-7	-61	-512	1.984	93
-7	-63	-511	1.986	94
-7	-64	-510	1.988	95
-6	-64	-511	1.993	96
-7	-64	-510	1.994	97
-7	-65	-509	1.999	98
-6	-63	-511	2.003	99
-7	-64	-512	2.006	100
-9	-63	-511	2.009	101
-7	-63	-512	2.015	102
-8	-63	-512	2.016	103
-8	-66	-508	2.019	104
-7	-63	-511	2.020	105
-6	-63	-512	2.023	106
-7	-62	-512	2.018	107
-7	-63	-511	2.016	108
-7	-63	-511	2.015	109
-6	-63	-511	2.009	110
-6	-63	-511	2.005	111
-6	-63	-511	1.999	112
-7	-63	-511	1.990	113
-8	-62	-511	1.986	114
-7	-64	-510	1.982	115
-7	-61	-511	1.978	116
-6	-62	-511	1.974	117
-6	-63	-510	1.974	118
-6	-62	-511	1.974	119
-6	-63	-510	1.977	120
-8	-63	-510	1.977	121
-7	-62	-512	1.975	122
-7	-62	-511	1.981	123
-7	-62	-511	1.982	124
-7	-63	-511	1.984	125
-7	-62	-512	1.986	126
-7	-63	-511	1.995	127
-8	-62	-511	2.001	128
-8	-62	-512	2.008	129
-8	-61	-512	2.016	130
-8	-63	-511	2.020	131
-7	-63	-511	2.027	132
-7	-62	-512	2.026	133
-8	-62	-511	2.025	134
-7	-61	-513	2.018	135
-7	-63	-511	2.011	136
-7	-64	-510	2.003	137
-7	-62	-512	1.999	138
-7	-63	-511	1.987	139
-7	-62	-511	1.979	140
-7	-63	-510	1.974	141
-8	-63	-510	1.971	142
-8	-63	-510	1.965	143
-7	-62	-511	1.974	144
-8	-63	-511	1.981	145
-7	-61	-512	1.987	146
-7	-61	-511	1.998	147
-7	-61	-513	2.002	148
-7	-62	-512	2.012	149
-8	-63	-511	2.015	150
-7	-62	-510	2.017	151
-6	-63	-511	2.015	152
-7	-63	-510	2.012	153
-7	-63	-510	2.005	154
-7	-62	-511	1.996	155
-7	-63	-511	1.986	156
-6	-62	-512	1.978	157
-6	-61	-511	1.978	158
-7	-62	-511	1.971	159
-6	-61	-512	1.971	160
-7	-61	-512	1.982	161
-7	-63	-510	1.994	162
-7	-62	-511	2.007	163
-7	-63	-510	2.022	164
-6	-60	-512	2.030	165
-6	-61	-511	2.032	166
-7	-62	-511	2.030	167
-7	-62	-511	2.032	168
-6	-61	-512	2.026	169
-6	-61	-511	2.015	170
-6	-61	-511	2.006	171
-7	-62	-511	1.995	172
-7	-61	-511	1.984	173
-7	-60	-512	1.978	174
-7	-61	-510	1.972	175
-6	-61	-512	1.982	176
-6	-61	-511	1.996	177
-6	-61	-511	2.015	178
-6	-60	-511	2.028	179
-6	-60	-512	2.037	180
-7	-60	-512	2.045	181
-7	-60	-510	2.046	182
-6	-61	-510	2.039	183
-6	-60	-512	2.037	184
-7	-62	-511	2.030	185
-6	-61	-512	2.017	186
-7	-62	-511	2.005	187
-7	-62	-511	2.014	188
-8	-63	-510	2.020	189
-7	-62	-511	2.030	190
-8	-63	-510	2.038	191
-7	-62	-510	2.044	192
-7	-62	-511	2.041	193
-8	-61	-511	2.043	194
-7	-61	-511	2.040	195
-7	-61	-511	2.040	196
-7	-62	-511	2.036	197
-6	-61	-511	2.028	198
-6	-61	-511	2.026	199
-6	-61	-511	2.015	200
-6	-61	-512	2.009	201
-6	-62	-511	2.001	202
-7	-60	-511	2.001	203
-6	-60	-512	1.998	204
-7	-61	-510	1.997	205
-7	-62	-510	1.997	206
-7	-62	-510	2.002	207
-6	-61	-511	2.007	208
-6	-62	-511	2.015	209
-7	-61	-511	2.019	210
-6	-61	-511	2.024	211
-7	-61	-511	2.034	212
-7	-63	-510	2.036	213
-6	-62	-511	2.043	214
-6	-61	-511	2.040	215
-6	-60	-511	2.048	216
-7	-61	-512	2.038	217
-6	-63	-511	2.040	218
-7	-64	-511	2.042	219
-7	-63	-511	2.038	220
-6	-62	-512	2.037	221
-6	-62	-512	2.036	222
-6	-61	-511	2.032	223
-7	-62	-512	2.030	224
-6	-62	-511	2.028	225
-7	-61	-511	2.020	226
-7	-63	-510	2.016	227
-7	-61	-511	2.010	228
-7	-62	-511	2.005	229
-7	-61	-511	2.003	230
-7	-62	-511	1.999	231
-7	-60	-511	1.995	232
-7	-61	-511	1.991	233
-7	-61	-511	1.990	234
-6	-61	-511	1.992	235
-6	-61	-512	1.993	236
-6	-62	-511	1.995	237
-6	-60	-512	1.996	238
-7	-61	-511	2.003	239
-7	-62	-511	2.010	240
-6	-62	-512	2.010	241
-6	-61	-512	2.019	242
-7	-62	-510	2.019	243
-7	-62	-512	2.024	244
-7	-62	-511	2.029	245
-7	-62	-510	2.034	246
-7	-62	-511	2.030	247
-7	-61	-512	2.036	248
-7	-63	-511	2.036	249
-7	-63	-511	2.036	250
-7	-63	-510	2.031	251
-7	-62	-511	2.025	252
-6	-63	-511	2.019	253
-7	-62	-511	2.009	254
-8	-64	-510	2.002	255
-6	-63	-511	1.994	256
-6	-63	-511	1.989	257
-7	-64	-511	1.985	258
-6	-64	-511	1.979	259
-6	-63	-512	1.981	260
-7	-64	-510	1.981	261
-7	-64	-511	1.982	262
-6	-64	-511	1.982	263
-7	-65	-510	1.987	264
-7	-63	-511	1.989	265
-6	-63	-510	1.997	266
-7	-63	-511	1.997	267
-7	-64	-512	2.001	268
-6	-64	-511	2.009	269
-6	-64	-512	2.015	270
-7	-64	-511	2.021	271
-7	-62	-511	2.024	272
-6	-63	-512	2.027	273
-6	-63	-511	2.029	274
-6	-64	-511	2.031	275
-6	-64	-511	2.031	276
-7	-63	-512	2.032	277
-6	-64	-512	2.027	278
-8	-64	-511	2.031	279
-8	-65	-510	2.024	280
-6	-63	-511	2.021	281
-7	-64	-511	2.013	282
-7	-63	-511	2.007	283
-7	-65	-510	2.003	284
-7	-66	-511	1.995	285
-8	-65	-511	1.983	286
-7	-66	-510	1.976	287
-8	-65	-511	1.967	288
-7	-65	-511	1.965	289
-7	-65	-510	1.965	290
-7	-65	-511	1.963	291
-6	-63	-512	1.967	292
-7	-64	-511	1.974	293
-7	-63	-511	1.986	294
-7	-64	-511	1.997	295
-7	-64	-510	2.007	296
-7	-63	-512	2.015	297
-7	-64	-511	2.022	298
-7	-64	-512	2.024	299
-6	-64	-511	2.026	300
-7	-65	-511	2.022	301
-6	-63	-511	2.015	302
-6	-63	-510	1.992	303
-6	-64	-511	1.975	304
-6	-62	-512	1.965	305
-7	-64	-512	1.958	306
-7	-64	-511	1.947	307
-7	-65	-510	1.947	308
-6	-64	-511	1.947	309
-7	-64	-512	1.957	310
-8	-64	-511	1.971	311
-7	-65	-511	1.989	312
-7	-64	-511	2.005	313
-6	-64	-511	2.004	314
-7	-64	-511	1.995	315
-8	-64	-512	1.994	316
-7	-64	-511	1.986	317
-7	-64	-511	1.977	318
-8	-64	-511	1.973	319
-7	-63	-510	1.971	320
-7	-63	-511	1.973	321
-8	-64	-510	1.981	322
-8	-63	-511	1.988	323
-6	-63	-512	1.996	324
-7	-64	-512	2.007	325
-7	-64	-511	2.012	326
-7	-64	-511	2.019	327
-6	-63	-511	2.011	328
-7	-63	-512	2.011	329
-6	-63	-510	2.000	330
-7	-63	-512	1.995	331
-6	-63	-511	1.986	332
-6	-63	-512	1.979	333
-7	-63	-511	1.973	334
-6	-64	-511	1.973	335
-6	-62	-511	1.975	336
-7	-63	-511	1.984	337
-6	-62	-512	1.994	338
-7	-63	-511	2.005	339
-6	-62	-511	2.018	340
-7	-63	-511	2.022	341
-7	-63	-511	2.022	342
-6	-62	-512	2.019	343
-6	-62	-511	2.019	344
-7	-62	-511	2.011	345
-6	-62	-512	1.999	346
-6	-62	-512	1.991	347
-7	-63	-511	1.986	348
-6	-62	-511	1.980	349
-6	-62	-511	1.975	350
-7	-62	-511	1.976	351
-7	-62	-511	1.982	352
-6	-61	-511	1.990	353
-6	-61	-511	1.995	354
-8	-63	-510	2.003	355
-6	-61	-511	2.013	356
-6	-63	-512	2.019	357
-6	-63	-511	2.025	358
-7	-63	-511	2.023	359
-7	-63	-511	2.019	360
-7	-64	-511	2.008	361
-6	-61	-512	1.997	362
-7	-63	-511	1.990	363
-6	-63	-510	1.981	364
-6	-62	-512	1.976	365
-7	-63	-510	1.971	366
-7	-63	-511	1.970	367
-6	-62	-512	1.968	368
-6	-62	-511	1.974	369
-7	-62	-512	1.986	370
-7	-62	-511	1.995	371
-6	-61	-511	2.007	372
-7	-62	-512	2.015	373
-6	-62	-511	2.024	374
-7	-62	-511	2.028	375
-6	-58	-513	2.019	376
-7	-60	-511	2.013	377
-7	-61	-511	2.000	378
-6	-61	-511	1.992	379
-7	-60	-511	1.986	380
-7	-61	-511	1.978	381
-6	-62	-512	1.979	382
-7	-62	-511	1.978	383
-6	-61	-511	1.978	384
-7	-62	-511	1.982	385
-6	-60	-512	2.003	386
-7	-63	-511	2.018	387
-6	-61	-511	2.025	388
-6	-61	-511	2.037	389
-7	-62	-511	2.040	390
-6	-62	-511	2.036	391
-6	-62	-511	2.032	392
-7	-62	-511	2.028	393
-7	-62	-511	2.015	394
-7	-61	-512	2.003	395
-8	-63	-510	1.996	396
-7	-62	-511	2.000	397
-7	-62	-510	2.006	398
-7	-62	-511	2.011	399
-7	-63	-510	2.015	400
-6	-60	-512	2.016	401
-7	-61	-512	2.020	402
-7	-62	-511	2.021	403
-6	-61	-511	2.019	404
-6	-61	-511	2.015	405
-7	-61	-511	2.013	406
-7	-61	-511	2.005	407
-8	-65	-509	1.995	408
-6	-62	-511	1.986	409
-7	-63	-510	1.979	410
-7	-61	-511	1.975	411
-7	-62	-511	1.978	412
-7	-60	-511	1.976	413
-8	-62	-510	1.988	414
-7	-61	-511	1.995	415
-8	-63	-510	2.002	416
-7	-61	-511	2.011	417
-7	-63	-510	2.019	418
-7	-61	-512	2.021	419
-6	-61	-511	2.018	420
-7	-62	-511	2.015	421
-7	-63	-510	2.015	422
-7	-62	-512	2.011	423
-7	-63	-511	2.005	424
-8	-63	-511	2.003	425
-6	-63	-511	1.997	426
-7	-62	-511	1.990	427
-8	-63	-511	1.986	428
-7	-62	-511	1.979	429
-7	-62	-512	1.973	430
-9	-63	-510	1.971	431
-7	-63	-511	1.970	432
-7	-63	-511	1.972	433
-7	-63	-511	1.970	434
-8	-63	-511	1.974	435
-7	-62	-511	1.975	436
-7	-62	-511	1.988	437
-8	-64	-511	1.999	438
-7	-64	-510	2.005	439
-4	-62	-513	2.008	440
-7	-65	-512	2.013	441
-7	-63	-512	2.022	442
-6	-63	-512	2.023	443
-7	-63	-512	2.024	444
-8	-63	-511	2.023	445
-7	-64	-512	2.023	446
-7	-64	-511	2.015	447
-7	-65	-511	2.015	448
-7	-64	-511	2.015	449
-8	-65	-512	2.007	450
-7	-64	-512	1.999	451
-7	-63	-512	1.992	452
-7	-64	-511	1.986	453
-7	-64	-511	1.979	454
-7	-64	-511	1.980	455
-7	-64	-511	1.978	456
-9	-64	-510	1.983	457
-7	-65	-510	1.992	458
-6	-65	-511	2.004	459
-7	-65	-510	2.015	460
-8	-63	-511	2.028	461
-7	-62	-512	2.034	462
-7	-65	-511	2.040	463
-7	-64	-511	2.042	464
-7	-63	-511	2.039	465
-7	-63	-512	2.039	466
-7	-65	-510	2.028	467
-7	-64	-511	2.022	468
-8	-63	-511	2.013	469
-9	-66	-510	2.000	470
-6	-67	-511	1.996	471
-7	-64	-511	1.990	472
-7	-64	-512	1.983	473
-5	-63	-510	1.981	474
-8	-64	-511	1.983	475
-9	-64	-511	1.986	476
-8	-64	-511	1.997	477
-7	-64	-510	2.007	478
-7	-63	-511	2.019	479
-6	-63	-511	2.031	480
-7	-63	-512	2.037	481
-7	-62	-512	2.044	482
-7	-62	-512	2.047	483
-8	-64	-511	2.051	484
-7	-62	-511	2.050	485
-7	-63	-511	2.049	486
-8	-63	-511	2.046	487
-8	-64	-511	2.032	488
-7	-64	-511	2.019	489
-7	-65	-511	2.007	490
-7	-64	-511	1.994	491
-8	-64	-510	1.989	492
-9	-62	-511	1.984	493
-8	-64	-511	1.978	494
-7	-64	-511	1.978	495
-7	-64	-511	1.982	496
-6	-66	-510	1.987	497
-7	-63	-512	1.996	498
-8	-64	-511	2.006	499
-7	-64	-511	2.015	500
-7	-63	-511	2.023	501
-8	-65	-509	2.027	502
-6	-64	-511	2.034	503
-7	-64	-511	2.036	504
-7	-64	-511	2.034	505
-8	-64	-510	2.036	506
-7	-62	-511	2.027	507
-8	-63	-510	2.021	508
-7	-63	-511	2.016	509
-8	-63	-511	2.011	510
-7	-64	-511	2.005	511
-7	-64	-511	2.004	512
-6	-64	-512	1.998	513
-7	-64	-511	1.995	514
-8	-64	-510	1.996	515
-8	-64	-511	1.995	516
-6	-64	-512	1.998	517
-6	-64	-511	1.993	518
-7	-63	-511	1.997	519
-7	-63	-512	1.995	520
-7	-64	-511	2.005	521
-7	-64	-511	2.006	522
-7	-63	-511	2.007	523
-6	-62	-512	2.012	524
-8	-65	-510	2.014	525
-8	-63	-511	2.019	526
-7	-65	-511	2.016	527
-7	-65	-510	2.021	528
-8	-65	-511	2.022	529
-9	-64	-509	2.026	530
-7	-63	-511	2.028	531
-8	-66	-509	2.028	532
-6	-64	-512	2.031	533
-7	-64	-511	2.031	534
-7	-64	-511	2.031	535
-6	-64	-512	2.028	536
-7	-64	-512	2.029	537
-8	-65	-510	2.026	538
-7	-65	-511	2.023	539
-7	-64	-512	2.016	540
-8	-64	-512	2.007	541
-6	-64	-512	2.003	542
-7	-64	-512	1.995	543
-8	-65	-511	1.993	544
-7	-64	-511	1.987	545
-7	-65	-510	1.986	546
-7	-65	-511	1.978	547
-7	-64	-511	1.978	548
-8	-63	-511	1.982	549
-8	-65	-510	1.982	550
-7	-65	-511	1.980	551
-7	-64	-511	1.981	552
-7	-64	-511	1.984	553
-6	-63	-511	1.989	554
-7	-63	-511	1.990	555
-9	-64	-510	1.994	556
-7	-63	-511	1.995	557
-6	-63	-511	1.999	558
-7	-63	-511	2.003	559
-6	-62	-511	2.003	560
-7	-63	-510	2.002	561
-6	-63	-511	2.010	562
-7	-64	-510	2.014	563
-7	-62	-511	2.014	564
-7	-63	-511	2.019	565
-6	-64	-511	2.023	566
-7	-65	-510	2.023	567
-6	-64	-511	2.028	568
-7	-65	-511	2.024	569
-7	-63	-512	2.028	570
-7	-66	-510	2.026	571
-6	-63	-512	2.025	572
-7	-64	-511	2.024	573
-6	-64	-511	2.019	574
-6	-64	-512	2.013	575
-7	-65	-511	2.015	576
-7	-64	-511	2.010	577
-6	-64	-511	2.002	578
-7	-65	-510	1.999	579
-7	-64	-511	1.991	580
-7	-65	-511	1.988	581
-7	-65	-511	1.986	582
-7	-64	-511	1.987	583
-7	-64	-511	1.985	584
-8	-65	-510	1.981	585
-7	-65	-511	1.978	586
-7	-64	-511	1.976	587
-7	-65	-511	1.973	588
-7	-64	-511	1.973	589
-7	-66	-511	1.974	590
-6	-66	-511	1.973	591
-6	-64	-512	1.974	592
-7	-64	-512	1.972	593
-6	-64	-512	1.970	594
-7	-66	-511	1.973	595
-7	-67	-511	1.970	596
-7	-66	-511	1.973	597
-7	-68	-511	1.971	598
-7	-66	-512	1.965	599
0.000000 0.000000 0.000000 0.000000 0.000000
-29	6	-484	0.000	1
-42	-28	-522	0.000	2
15	-22	-505	0.000	3
7	-35	-457	0.000	0
-11	-28	-516	0.000	1
-25	-52	-512	0.000	2
-7	-57	-568	0.000	3
-9	-47	-512	0.000	4
-14	-39	-515	0.715	5
-4	-23	-518	0.790	6
-15	-59	-510	0.835	7
-12	-56	-511	0.890	8
-11	-58	-511	0.948	9
-8	-62	-511	1.002	10
-14	-60	-510	1.060	11
-11	-64	-509	1.110	12
-12	-60	-511	1.154	13
-11	-63	-511	1.201	14
-12	-60	-512	1.247	15
-13	-64	-511	1.285	16
-16	-70	-507	1.321	17
-13	-70	-509	1.359	18
-13	-69	-511	1.397	19
-12	-70	-510	1.428	20
-12	-68	-512	1.463	21
-13	-70	-511	1.497	22
-12	-69	-512	1.526	23
-14	-69	-512	1.560	24
-14	-73	-510	1.589	25
-13	-73	-510	1.625	26
-16	-74	-510	1.653	27
-12	-70	-513	1.674	28
-10	-73	-510	1.704	29
-12	-74	-511	1.731	30
-13	-76	-510	1.754	31
-12	-76	-511	1.780	32
-13	-78	-510	1.801	33
-14	-75	-511	1.823	34
-13	-75	-511	1.840	35
-13	-78	-509	1.857	36
-13	-77	-509	1.876	37
-12	-75	-511	1.891	38
-13	-77	-509	1.906	39
-14	-78	-510	1.924	40
-11	-78	-511	1.929	41
-12	-80	-510	1.949	42
-12	-78	-511	1.963	43
-13	-80	-509	1.970	44
-15	-82	-509	1.982	45
-14	-80	-510	1.995	46
-15	-79	-511	2.007	47
-15	-78	-510	2.019	48
-15	-81	-509	2.031	49
-14	-83	-507	2.044	50
-13	-79	-510	2.053	51
-13	-80	-510	2.065	52
-12	-80	-510	2.049	53
-11	-80	-511	0.885	54
-13	-81	-511	1.107	55
-13	-82	-510	1.538	56
-12	-81	-510	2.208	57
-13	-83	-509	2.863	58
-13	-82	-510	3.285	59
-12	-80	-511	3.300	60
-14	-82	-511	3.051	61
-13	-83	-509	2.324	62
-14	-83	-509	1.439	63
-13	-84	-510	1.027	64
-13	-82	-509	1.286	65
-11	-81	-511	2.038	66
-13	-83	-509	2.899	67
-15	-83	-509	3.300	68
-14	-82	-510	3.204	69
-13	-82	-510	2.437	70
-13	-81	-511	1.564	71
-15	-83	-509	1.091	72
-13	-82	-511	1.231	73
-14	-82	-509	2.045	74
-15	-83	-508	3.015	75
-14	-82	-510	3.300	76
-12	-81	-509	2.844	77
-11	-80	-511	1.816	78
-12	-82	-512	1.133	79
-14	-84	-508	1.299	80
-14	-84	-509	2.239	81
-13	-85	-509	3.111	82
-13	-83	-511	3.300	83
-15	-84	-510	2.928	84
-14	-82	-508	2.128	85
-12	-85	-508	1.306	86
-12	-84	-510	1.133	87
-15	-84	-511	1.759	88
-12	-82	-512	2.741	89
-13	-83	-511	3.300	90
-14	-84	-510	3.205	91
-14	-85	-508	2.480	92
-15	-86	-507	1.542	93
-15	-85	-508	1.157	94
-14	-85	-509	1.550	95
-11	-84	-510	2.537	96
-12	-86	-509	3.300	97
-13	-85	-510	3.300	98
-12	-85	-509	2.626	99
-14	-85	-509	1.693	100
-15	-85	-509	1.124	101
-14	-85	-510	1.456	102
-13	-84	-510	2.418	103
-13	-84	-510	3.297	104
-13	-84	-509	3.244	105
-12	-83	-511	2.378	106
-12	-83	-511	1.324	107
-14	-84	-509	1.199	108
-13	-81	-511	2.038	109
-13	-82	-510	3.069	110
-13	-83	-510	3.300	111
-13	-83	-510	2.873	112
-13	-84	-509	1.862	113
-12	-83	-510	1.141	114
-14	-84	-510	1.326	115
-13	-85	-509	2.186	116
-12	-85	-509	3.141	117
-13	-86	-508	3.300	118
-15	-86	-509	2.612	119
-13	-85	-509	1.464	120
-13	-83	-511	1.100	121
-13	-84	-510	1.739	122
-12	-85	-509	2.817	123
-12	-83	-509	3.300	124
-13	-86	-508	2.870	125
-13	-83	-510	1.679	126
-13	-85	-508	1.098	127
-12	-84	-510	1.367	128
-12	-85	-510	2.183	129
-14	-84	-509	3.120	130
-14	-84	-509	3.300	131
-13	-84	-510	2.717	132
-13	-84	-509	1.632	133
-12	-83	-510	1.093	134
-13	-82	-511	1.531	135
-13	-83	-511	2.695	136
-13	-85	-508	3.300	137
-14	-84	-508	2.817	138
-14	-86	-508	1.663	139
-13	-81	-511	1.092	140
-13	-83	-510	1.525	141
-12	-83	-511	2.598	142
-12	-84	-510	3.300	143
-13	-84	-510	3.087	144
-15	-84	-509	1.963	145
-14	-85	-508	1.135	146
-13	-84	-509	1.439	147
-13	-85	-509	2.610	148
-13	-81	-513	3.300	149
-14	-83	-510	3.058	150
-13	-84	-508	2.144	151
-14	-87	-508	1.193	152
-15	-86	-507	1.315	153
-14	-84	-508	2.391	154
-14	-83	-511	3.300	155
-13	-83	-511	3.173	156
-12	-82	-510	2.256	157
-13	-83	-510	1.293	158
-13	-83	-510	1.160	159
-14	-82	-510	2.044	160
-14	-81	-510	3.128	161
-13	-81	-510	3.300	162
-12	-81	-511	2.532	163
-12	-83	-509	1.356	164
-13	-82	-510	1.142	165
-14	-82	-510	1.969	166
-12	-81	-512	3.065	167
-13	-82	-509	3.300	168
-13	-77	-512	2.635	169
-17	-87	-508	1.455	170
-12	-89	-508	1.094	171
-12	-80	-511	1.779	172
-13	-81	-510	2.876	173
-15	-83	-508	3.300	174
-12	-82	-510	2.799	175
-14	-80	-512	1.576	176
-15	-91	-508	0.911	177
-16	-88	-508	0.772	178
-12	-80	-512	0.971	179
-13	-84	-509	1.397	180
-15	-83	-509	1.999	181
-15	-82	-511	2.657	182
-13	-82	-510	3.237	183
-11	-84	-510	3.300	184
-12	-83	-509	2.982	185
-12	-82	-511	2.153	186
-12	-84	-508	1.276	187
-17	-84	-510	1.013	188
-14	-84	-508	1.679	189
-14	-82	-508	2.883	190
-12	-77	-511	3.300	191
-10	-78	-512	2.588	192
-11	-78	-510	1.393	193
-12	-80	-509	1.206	194
-12	-79	-511	2.102	195
-13	-83	-508	3.280	196
-12	-80	-510	3.097	197
-13	-82	-511	1.900	198
-12	-82	-511	1.149	199
-13	-82	-510	1.591	200
-14	-83	-509	2.822	201
-13	-82	-508	3.300	202
-11	-81	-510	2.669	203
-12	-80	-512	1.476	204
-11	-80	-509	1.158	205
-12	-82	-511	1.902	206
-14	-82	-509	3.039	207
-12	-80	-511	3.300	208
-13	-82	-507	2.364	209
-11	-81	-510	1.401	210
-13	-81	-510	1.135	211
-12	-81	-511	1.777	212
-11	-81	-509	2.949	213
-13	-81	-510	3.300	214
-13	-82	-510	2.665	215
-12	-81	-511	1.514	216
-14	-82	-509	1.109	217
-15	-84	-508	1.696	218
-11	-82	-510	2.872	219
-11	-82	-509	3.300	220
-13	-82	-510	2.712	221
-12	-81	-510	1.735	222
-12	-81	-512	1.093	223
-13	-82	-510	1.685	224
-12	-81	-510	2.829	225
-14	-83	-510	3.300	226
-14	-83	-508	2.940	227
-12	-80	-512	1.965	228
-12	-81	-510	1.207	229
-14	-80	-510	1.192	230
-12	-80	-509	2.026	231
-9	-78	-512	3.021	232
-12	-82	-510	3.300	233
-12	-81	-511	2.789	234
-13	-84	-508	1.769	235
-13	-83	-509	1.161	236
-15	-85	-507	1.538	237
-11	-79	-512	2.585	238
-14	-81	-510	3.300	239
-14	-80	-510	3.133	240
-14	-82	-511	2.243	241
-15	-83	-509	1.294	242
-14	-82	-510	1.580	243
-11	-79	-513	2.809	244
-14	-85	-507	3.300	245
-12	-82	-510	2.719	246
-8	-79	-513	1.673	247
-14	-86	-508	1.236	248
-15	-88	-508	1.976	249
-13	-86	-507	3.138	250
-13	-85	-511	3.300	251
-14	-86	-510	2.468	252
-15	-84	-511	1.479	253
-17	-86	-508	1.231	254
-15	-87	-508	2.015	255
-11	-81	-509	3.115	256
-17	-88	-510	3.300	257
-13	-84	-510	2.724	258
-13	-84	-510	1.742	259
-14	-88	-508	1.165	260
-12	-90	-508	1.671	261
-16	-88	-509	2.779	262
-16	-90	-507	3.300	263
-15	-87	-508	2.949	264
-15	-89	-507	1.750	265
-13	-83	-510	1.180	266
-14	-86	-508	1.877	267
-14	-85	-510	3.082	268
-12	-87	-506	3.300	269
-12	-88	-508	2.615	270
-13	-85	-509	1.523	271
-15	-86	-509	1.140	272
-16	-87	-509	1.818	273
-12	-85	-509	2.883	274
-13	-85	-511	3.300	275
-10	-82	-512	3.006	276
-14	-85	-511	2.058	277
-13	-87	-509	1.206	278
-13	-84	-512	1.159	279
-12	-85	-509	1.834	280
-11	-85	-511	2.809	281
-12	-83	-511	3.300	282
-13	-84	-509	3.209	283
-14	-83	-510	2.331	284
-12	-81	-511	1.325	285
-13	-81	-511	1.084	286
-13	-82	-509	1.825	287
-13	-80	-511	2.906	288
-14	-85	-507	3.300	289
-15	-81	-508	2.996	290
-12	-80	-509	1.995	291
-16	-82	-508	1.148	292
-13	-80	-510	1.079	293
-13	-80	-509	1.717	294
-13	-80	-508	2.592	295
-12	-76	-511	3.300	296
-12	-77	-511	3.279	297
-13	-79	-511	2.618	298
-13	-78	-510	1.773	299
-12	-78	-510	1.088	300
-13	-79	-509	0.994	301
-12	-78	-510	1.499	302
-14	-80	-509	2.419	303
-12	-78	-510	3.194	304
-13	-80	-510	3.300	305
-12	-78	-510	2.940	306
-12	-79	-511	1.996	307
-13	-80	-509	1.168	308
-13	-82	-509	0.954	309
-11	-79	-510	1.470	310
-12	-79	-510	2.355	311
-14	-81	-509	3.193	312
-13	-80	-510	3.300	313
-14	-79	-510	2.864	314
-13	-78	-510	1.957	315
-13	-79	-509	1.214	316
-13	-79	-510	0.941	317
-13	-77	-510	1.264	318
-12	-80	-509	1.993	319
-12	-79	-509	2.937	320
-12	-77	-511	3.300	321
-13	-79	-510	2.953	322
-13	-78	-511	1.968	323
-13	-79	-509	1.152	324
-12	-79	-510	0.932	325
-13	-79	-510	1.294	326
-11	-78	-511	2.150	327
-12	-79	-510	3.014	328
-12	-80	-510	3.300	329
-12	-81	-509	3.029	330
-13	-79	-509	2.127	331
-14	-79	-509	1.188	332
-14	-87	-506	0.956	333
-15	-83	-507	1.404	334
-14	-81	-509	2.263	335
-13	-80	-510	3.061	336
-14	-83	-508	3.300	337
-15	-84	-508	3.125	338
-14	-84	-507	2.285	339
-13	-83	-508	1.381	340
-13	-85	-508	0.951	341
-11	-80	-513	1.226	342
-12	-80	-510	2.019	343
-16	-86	-507	2.973	344
-12	-84	-510	3.300	345
-13	-84	-509	2.977	346
-14	-85	-508	2.023	347
-12	-80	-511	1.133	348
-11	-80	-512	0.962	349
-14	-83	-511	1.449	350
-12	-79	-512	2.239	351
-12	-79	-511	3.063	352
-13	-83	-509	3.300	353
-14	-80	-510	3.078	354
-15	-86	-511	2.302	355
-11	-77	-509	1.386	356
-15	-90	-505	0.919	357
-11	-78	-514	0.952	358
-13	-79	-513	1.403	359
-12	-84	-508	2.086	360
-12	-80	-511	2.770	361
-13	-82	-510	3.273	362
-13	-81	-509	3.300	363
-12	-60	-506	3.018	364
-8	-64	-519	2.550	365
-13	-73	-507	2.194	366
-14	-80	-508	2.109	367
-12	-75	-511	2.220	368
-8	-73	-511	2.431	369
-11	-74	-510	2.906	370
-12	-83	-507	3.158	371
-13	-75	-509	3.118	372
-10	-77	-510	3.086	373
-10	-74	-512	3.199	374
-10	-75	-510	3.300	375
-8	-72	-510	3.241	376
-11	-71	-510	3.183	377
-10	-67	-512	2.735	378
-11	-70	-509	0.922	379
-10	-67	-512	1.558	380
-9	-67	-511	1.509	381
-13	-68	-511	1.409	382
-10	-70	-509	1.351	383
-9	-69	-511	1.302	384
-9	-70	-510	1.265	385
-9	-68	-513	1.236	386
-11	-69	-512	1.212	387
-10	-72	-510	1.194	388
-10	-70	-510	1.187	389
-13	-65	-509	1.181	390
-14	-64	-510	1.175	391
-13	-68	-508	1.179	392
-11	-70	-511	1.176	393
-11	-68	-511	1.181	394
-13	-68	-509	1.191	395
-12	-69	-510	1.197	396
-11	-70	-509	1.209	397
-10	-76	-509	1.218	398
-10	-73	-512	1.233	399
-10	-72	-510	1.247	400
-12	-69	-509	1.259	401
-10	-70	-512	1.274	402
-10	-66	-511	1.284	403
-17	-65	-508	1.294	404
-14	-69	-506	1.298	405
-15	-75	-507	1.303	406
-10	-69	-513	1.305	407
-13	-71	-510	1.306	408
-13	-68	-508	1.309	409
-13	-66	-511	1.311	410
-13	-70	-511	1.311	411
-10	-71	-510	1.318	412
-13	-70	-508	1.325	413
-13	-73	-509	1.341	414
-14	-73	-510	1.347	415
-13	-74	-509	1.365	416
-10	-73	-513	1.382	417
-12	-73	-511	1.402	418
-13	-72	-510	1.421	419
-12	-75	-508	1.437	420
-11	-74	-510	1.451	421
-13	-73	-511	1.461	422
-14	-77	-508	1.462	423
-12	-74	-510	1.458	424
-13	-74	-510	1.438	425
-12	-75	-509	1.405	426
-13	-73	-510	1.351	427
-11	-73	-511	1.272	428
-13	-76	-510	1.188	429
-11	-72	-512	1.099	430
-12	-73	-512	1.014	431
-11	-71	-511	0.936	432
-13	-73	-508	0.866	433
-8	-79	-509	0.809	434
-13	-78	-508	0.752	435
-12	-75	-511	0.706	436
-11	-72	-511	0.667	437
-14	-70	-511	0.637	438
-13	-71	-511	0.612	439
-12	-73	-511	0.588	440
-14	-71	-511	0.571	441
-17	-76	-508	0.554	442
-10	-78	-509	0.542	443
-11	-73	-512	0.536	444
-10	-86	-507	0.545	445
-15	-76	-510	0.558	446
-9	-78	-509	0.576	447
11	-90	-505	0.599	448
-15	-75	-512	0.627	449
-17	-77	-508	0.658	450
-8	-81	-509	0.680	451
-11	-80	-509	0.691	452
-8	-78	-510	0.694	453
-17	-76	-509	0.695	454
-8	-76	-512	0.715	455
-10	-74	-511	0.741	456
-14	-75	-508	0.766	457
-13	-73	-511	0.784	458
-12	-73	-511	0.793	459
-13	-75	-509	0.804	460
-12	-74	-511	0.812	461
-11	-72	-511	0.819	462
-13	-74	-509	0.827	463
-11	-72	-511	0.834	464
-11	-73	-510	0.846	465
-11	-73	-510	0.861	466
-11	-75	-510	0.875	467
-10	-73	-511	0.890	468
-12	-73	-510	0.908	469
-12	-74	-511	0.926	470
-12	-73	-510	0.943	471
-11	-71	-512	0.958	472
-12	-73	-510	0.978	473
-11	-73	-510	0.996	474
-10	-72	-510	1.019	475
-10	-72	-511	1.035	476
-10	-70	-511	1.062	477
-11	-70	-511	1.083	478
-11	-70	-511	1.102	479
-10	-70	-511	1.129	480
-10	-70	-511	1.151	481
-12	-71	-509	1.168	482
-10	-70	-511	1.190	483
-10	-69	-512	1.212	484
-11	-71	-511	1.235	485
-11	-71	-511	1.258	486
-12	-70	-511	1.277	487
-12	-70	-510	1.301	488
-11	-70	-511	1.319	489
-11	-71	-510	1.344	490
-11	-70	-512	1.367	491
-10	-71	-511	1.383	492
-11	-72	-511	1.405	493
-11	-74	-510	1.423	494
-12	-72	-510	1.440	495
-13	-74	-509	1.458	496
-12	-72	-511	1.473	497
-12	-74	-509	1.496	498
-12	-72	-511	1.513	499
-11	-72	-511	1.529	500
-12	-72	-510	1.542	501
-12	-72	-510	1.553	502
-11	-73	-510	1.570	503
-11	-72	-510	1.587	504
-11	-71	-510	1.604	505
-11	-71	-511	1.623	506
-11	-71	-510	1.632	507
-11	-71	-511	1.652	508
-10	-72	-511	1.670	509
-11	-72	-510	1.686	510
-11	-72	-510	1.699	511
-11	-72	-511	1.712	512
-11	-71	-510	1.729	513
-11	-71	-511	1.737	514
-11	-72	-511	1.752	515
-11	-72	-510	1.759	516
-11	-72	-510	1.772	517
-12	-73	-510	1.789	518
-12	-73	-510	1.798	519
-12	-72	-511	1.808	520
-12	-72	-511	1.818	521
-11	-73	-512	1.831	522
-11	-73	-510	1.841	523
-12	-73	-510	1.851	524
-11	-72	-511	1.864	525
-12	-74	-509	1.877	526
-11	-73	-511	1.888	527
-12	-74	-510	1.896	528
-11	-73	-511	1.910	529
-11	-73	-510	1.920	530
-11	-72	-511	1.928	531
-11	-72	-511	1.942	532
-11	-72	-511	1.949	533
-12	-73	-510	1.960	534
-13	-72	-511	1.970	535
-13	-74	-509	1.982	536
-13	-73	-510	1.993	537
-12	-73	-509	1.997	538
-11	-72	-511	2.011	539
-12	-72	-511	2.019	540
-12	-73	-510	2.028	541
-13	-74	-509	2.034	542
-13	-75	-509	2.036	543
-11	-75	-510	2.042	544
-12	-74	-510	2.048	545
-13	-75	-509	2.045	546
-12	-73	-511	2.052	547
-13	-75	-510	2.054	548
-12	-75	-511	2.050	549
-12	-74	-511	2.048	550
-13	-75	-511	2.047	551
-13	-75	-510	2.050	552
-13	-75	-510	2.043	553
-12	-76	-510	2.042	554
-12	-73	-512	2.034	555
-14	-75	-510	2.034	556
-13	-75	-511	2.040	557
-11	-76	-510	2.037	558
-11	-75	-510	2.038	559
-12	-75	-510	2.044	560
-12	-76	-510	2.040	561
-12	-74	-511	2.048	562
-12	-76	-510	2.053	563
-13	-76	-509	2.055	564
-12	-75	-510	2.057	565
-13	-75	-510	2.050	566
-12	-75	-509	1.161	567
-11	-73	-512	0.835	568
-13	-76	-509	0.999	569
-13	-77	-509	1.493	570
-11	-76	-511	2.148	571
-13	-77	-510	2.847	572
-13	-77	-510	3.295	573
-13	-76	-510	3.300	574
-13	-77	-510	2.880	575
-16	-79	-510	2.161	576
-14	-77	-510	1.351	577
-13	-76	-510	0.944	578
-12	-75	-511	0.915	579
-15	-76	-510	1.253	580
-13	-78	-510	1.887	581
-13	-76	-511	2.655	582
-12	-77	-510	3.219	583
-15	-79	-508	3.300	584
-12	-79	-510	3.024	585
-13	-80	-510	2.443	586
-13	-78	-511	1.813	587
-16	-82	-508	1.253	588
-12	-78	-511	0.952	589
-15	-81	-509	0.995	590
-12	-79	-511	1.493	591
-12	-80	-511	2.137	592
-13	-80	-510	2.787	593
-13	-80	-510	3.272	594
-12	-80	-510	3.300	595
-11	-78	-511	2.958	596
-14	-80	-511	2.252	597
-13	-80	-509	1.471	598
-11	-79	-512	1.008	599
0.000000 0.000000 0.000000 0.000000 0.000000
42	100	-502	0.000	1
45	83	-504	0.000	2
46	37	-519	0.000	3
-55	-23	-519	0.000	4
-22	-41	-507	0.321	5
-56	-40	-500	0.324	6
-60	-78	-520	0.338	7
-20	-54	-503	0.368	8
-12	-66	-513	0.397	9
-32	-70	-495	0.426	10
-13	-66	-512	0.458	11
-13	-41	-523	0.487	12
-16	-51	-509	0.519	13
-14	-53	-509	0.549	14
-17	-69	-529	0.589	15
-30	-56	-497	0.628	16
-8	-55	-514	0.662	17
-8	-63	-511	0.691	18
-10	-60	-512	0.722	19
-11	-66	-509	0.751	20
-12	-60	-511	0.777	21
-14	-60	-510	0.802	22
-9	-64	-511	0.820	23
-10	-65	-512	0.841	24
-12	-62	-511	0.862	25
-12	-65	-511	0.880	26
-11	-63	-510	0.895	27
-9	-63	-513	0.915	28
-7	-65	-510	0.927	29
-8	-66	-512	0.944	30
-11	-62	-511	0.957	31
-10	-65	-510	0.974	32
-9	-64	-510	0.984	33
-10	-65	-511	0.996	34
-9	-65	-510	1.007	35
-9	-64	-511	1.020	36
-10	-65	-510	1.027	37
-8	-64	-512	1.038	38
-10	-63	-512	1.048	39
-9	-65	-510	1.058	40
-9	-63	-511	1.066	41
-10	-63	-512	1.077	42
-8	-64	-513	1.087	43
-10	-68	-508	1.095	44
-9	-67	-509	1.105	45
-8	-68	-511	1.115	46
-11	-65	-512	1.119	47
-12	-67	-509	1.127	48
-10	-68	-511	1.133	49
-9	-69	-510	1.141	50
-9	-70	-511	1.144	51
-9	-72	-508	1.150	52
-10	-68	-510	1.156	53
-10	-67	-511	1.161	54
-11	-71	-509	1.168	55
-11	-69	-510	1.171	56
-10	-73	-507	1.174	57
-8	-67	-514	1.178	58
-10	-70	-510	1.181	59
-8	-69	-511	1.184	60
-10	-70	-510	1.189	61
-11	-72	-508	1.189	62
-10	-68	-512	1.193	63
-8	-68	-512	1.192	64
-7	-69	-512	1.195	65
-10	-72	-509	1.196	66
-9	-70	-511	1.199	67
-10	-71	-510	1.199	68
-10	-69	-509	1.193	69
-10	-71	-509	1.189	70
-11	-69	-511	1.189	71
-10	-70	-512	1.187	72
-11	-71	-511	1.181	73
-10	-71	-511	1.186	74
-11	-72	-511	1.185	75
-8	-72	-511	1.181	76
-8	-72	-512	1.183	77
-10	-72	-510	1.186	78
-11	-72	-509	1.186	79
-10	-70	-512	1.186	80
-11	-71	-510	1.183	81
-9	-72	-509	1.184	82
-9	-72	-511	1.182	83
-9	-72	-510	1.183	84
-10	-73	-509	1.186	85
-10	-72	-510	1.183	86
-10	-73	-510	1.185	87
-10	-72	-509	1.184	88
-10	-72	-511	1.185	89
-8	-73	-510	1.187	90
-7	-72	-512	1.190	91
-8	-73	-510	1.196	92
-8	-73	-512	1.201	93
-9	-71	-512	1.206	94
-11	-73	-509	1.212	95
-10	-73	-512	1.215	96
-10	-73	-512	1.222	97
-11	-75	-510	1.228	98
-10	-75	-511	1.230	99
-8	-74	-511	1.227	100
-9	-75	-511	1.226	101
-11	-77	-508	1.226	102
-10	-74	-509	1.225	103
-9	-74	-510	1.225	104
-11	-73	-511	1.222	105
-11	-73	-510	1.222	106
-8	-72	-512	1.219	107
-11	-74	-510	1.219	108
-10	-73	-510	1.221	109
-11	-73	-510	1.218	110
-12	-72	-511	1.218	111
-12	-73	-509	1.220	112
-10	-73	-511	1.218	113
-11	-74	-510	1.213	114
-9	-73	-511	1.214	115
-10	-75	-509	1.216	116
-10	-72	-511	1.215	117
-10	-72	-510	1.216	118
-9	-72	-511	1.216	119
-9	-75	-507	1.219	120
-9	-72	-511	1.219	121
-8	-76	-511	1.222	122
-10	-74	-510	1.224	123
-9	-73	-511	1.227	124
-9	-71	-511	1.227	125
-10	-74	-509	1.227	126
-9	-72	-512	1.230	127
-9	-73	-511	1.231	128
-10	-74	-508	1.235	129
-10	-73	-510	1.238	130
-10	-72	-511	1.239	131
-9	-73	-511	1.242	132
-9	-73	-511	1.244	133
-9	-73	-511	1.250	134
-9	-74	-511	1.247	135
-9	-71	-512	1.252	136
-10	-73	-509	1.252	137
-8	-73	-512	1.251	138
-10	-73	-510	1.250	139
-10	-73	-509	1.251	140
-9	-73	-511	1.251	141
-7	-71	-513	1.255	142
-10	-72	-509	1.252	143
-9	-71	-510	1.250	144
-9	-71	-511	1.252	145
-8	-70	-512	1.251	146
-9	-69	-512	1.252	147
-8	-71	-509	1.252	148
-9	-71	-511	1.252	149
-9	-72	-510	1.251	150
-9	-72	-509	1.249	151
-10	-70	-511	1.249	152
-9	-71	-511	1.243	153
-9	-72	-510	1.244	154
-9	-70	-511	1.243	155
-9	-72	-510	1.239	156
-9	-73	-510	1.239	157
-8	-72	-511	1.239	158
-9	-72	-510	1.235	159
-9	-71	-511	1.235	160
-8	-72	-510	1.235	161
-8	-73	-511	1.233	162
-10	-71	-511	1.239	163
-9	-73	-510	1.236	164
-9	-71	-511	1.235	165
-10	-73	-508	1.239	166
-9	-72	-509	1.241	167
-9	-70	-510	1.244	168
-8	-69	-510	1.247	169
-9	-68	-510	1.248	170
-8	-68	-510	1.252	171
-8	-67	-510	1.257	172
-10	-64	-510	1.258	173
-9	-64	-510	1.264	174
-8	-64	-512	1.266	175
-9	-63	-511	1.269	176
-8	-64	-511	1.272	177
-8	-65	-511	1.275	178
-8	-64	-511	1.275	179
-8	-66	-510	1.278	180
-10	-65	-510	1.279	181
-8	-65	-509	1.279	182
-10	-65	-511	1.280	183
-9	-66	-511	1.280	184
-9	-66	-510	1.279	185
-8	-66	-511	1.276	186
-8	-65	-513	1.273	187
-10	-65	-511	1.272	188
-8	-67	-510	1.266	189
-8	-65	-512	1.266	190
-9	-65	-511	1.264	191
-10	-65	-510	1.260	192
-10	-65	-511	1.261	193
-10	-65	-511	1.258	194
-9	-66	-511	1.259	195
-9	-67	-511	1.261	196
-8	-66	-512	1.262	197
-9	-67	-511	1.260	198
-8	-70	-508	1.264	199
-8	-66	-512	1.265	200
-9	-67	-511	1.276	201
-9	-67	-512	1.276	202
-10	-67	-510	1.282	203
-9	-69	-509	1.284	204
-8	-68	-511	1.283	205
-7	-68	-511	1.285	206
-8	-70	-510	1.283	207
-8	-72	-512	1.285	208
-9	-73	-510	1.285	209
-10	-72	-509	1.286	210
-9	-71	-510	1.285	211
-11	-69	-510	1.287	212
-10	-70	-510	1.284	213
-9	-69	-511	1.281	214
-10	-69	-510	1.279	215
-10	-68	-510	1.277	216
-9	-66	-511	1.270	217
-9	-68	-510	1.267	218
-10	-67	-510	1.262	219
-10	-68	-510	1.257	220
-9	-69	-510	1.261	221
-9	-68	-510	1.256	222
-9	-68	-510	1.258	223
-9	-66	-511	1.258	224
-9	-67	-510	1.259	225
-10	-68	-509	1.257	226
-9	-67	-511	1.256	227
-10	-67	-510	1.255	228
-8	-66	-512	1.254	229
-9	-68	-509	1.257	230
-9	-66	-512	1.256	231
-8	-66	-512	1.257	232
-9	-67	-510	1.260	233
-8	-67	-511	1.260	234
-8	-68	-508	1.260	235
-7	-68	-512	1.262	236
-9	-69	-510	1.268	237
-9	-69	-510	1.272	238
-8	-69	-511	1.271	239
-8	-68	-510	1.272	240
-8	-69	-511	1.274	241
-8	-68	-512	1.274	242
-7	-69	-511	1.279	243
-8	-69	-511	1.277	244
-8	-69	-511	1.284	245
-9	-69	-510	1.285	246
-8	-70	-509	1.286	247
-9	-69	-511	1.284	248
-8	-69	-512	1.286	249
-8	-71	-509	1.287	250
-8	-70	-511	1.283	251
-9	-70	-510	1.279	252
-10	-71	-509	1.276	253
-7	-68	-512	1.272	254
-7	-69	-512	1.268	255
-8	-70	-511	1.262	256
-7	-70	-512	1.257	257
-7	-69	-511	1.254	258
-9	-70	-510	1.255	259
-9	-69	-511	1.249	260
-10	-70	-511	1.253	261
-8	-70	-511	1.256	262
-8	-70	-510	1.264	263
-8	-70	-511	1.268	264
-8	-71	-510	1.272	265
-7	-69	-511	1.277	266
-8	-70	-509	1.278	267
-8	-69	-512	1.281	268
-8	-69	-511	1.285	269
-9	-70	-510	1.284	270
-8	-69	-510	1.285	271
-9	-71	-509	1.283	272
-9	-68	-512	1.280	273
-9	-70	-509	1.278	274
-8	-69	-511	1.274	275
-9	-71	-509	1.272	276
-8	-71	-510	1.268	277
-7	-69	-511	1.265	278
-8	-68	-511	1.269	279
-7	-68	-511	1.271	280
-8	-69	-510	1.272	281
-8	-68	-512	1.278	282
-9	-71	-510	1.276	283
-8	-70	-510	1.278	284
-9	-69	-511	1.282	285
-9	-70	-511	1.281	286
-9	-72	-509	1.280	287
-8	-71	-509	1.280	288
-9	-72	-510	1.276	289
-8	-70	-512	1.274	290
-8	-70	-512	1.272	291
-9	-71	-510	1.266	292
-8	-71	-511	1.264	293
-9	-71	-510	1.260	294
-9	-71	-510	1.256	295
-8	-71	-511	1.252	296
-8	-71	-512	1.247	297
-8	-72	-511	1.247	298
-9	-73	-511	1.249	299
-8	-73	-510	1.244	300
-9	-70	-511	1.246	301
-8	-71	-510	1.245	302
-12	-71	-508	1.247	303
-9	-71	-509	1.246	304
-8	-72	-511	1.250	305
-8	-72	-510	1.254	306
-9	-73	-510	1.253	307
-8	-72	-511	1.256	308
-9	-70	-512	1.259	309
-9	-71	-509	1.260	310
-9	-72	-509	1.267	311
-8	-69	-512	1.268	312
-7	-70	-511	1.271	313
-8	-72	-511	1.275	314
-9	-73	-511	1.277	315
-8	-71	-510	1.276	316
-8	-71	-510	1.278	317
-10	-72	-508	1.276	318
-9	-71	-511	1.270	319
-8	-72	-510	1.270	320
-9	-73	-509	1.265	321
-9	-72	-510	1.258	322
-8	-72	-511	1.258	323
-8	-72	-508	1.256	324
-7	-72	-513	1.252	325
-8	-74	-510	1.247	326
-8	-72	-512	1.247	327
-9	-72	-510	1.247	328
-10	-74	-509	1.243	329
-9	-72	-512	1.243	330
-9	-74	-510	1.242	331
-8	-72	-511	1.241	332
-9	-74	-510	1.242	333
-9	-73	-512	1.242	334
-9	-74	-509	1.243	335
-9	-72	-511	1.245	336
-9	-74	-509	1.246	337
-9	-72	-511	1.247	338
-9	-73	-511	1.247	339
-8	-73	-512	1.249	340
-9	-72	-510	1.253	341
-9	-74	-509	1.255	342
-7	-71	-512	1.259	343
-9	-72	-510	1.260	344
-6	-72	-511	1.268	345
-6	-70	-513	1.267	346
-7	-70	-513	1.271	347
-8	-73	-511	1.272	348
-9	-73	-509	1.272	349
-9	-72	-509	1.273	350
-9	-72	-511	1.272	351
-7	-72	-512	1.276	352
-7	-74	-510	1.277	353
-8	-72	-511	1.278	354
-8	-75	-509	1.279	355
-8	-74	-509	1.277	356
-8	-72	-512	1.278	357
-7	-74	-510	1.278	358
-7	-72	-512	1.272	359
-8	-74	-508	1.272	360
-8	-74	-509	1.270	361
-9	-72	-511	1.262	362
-9	-73	-509	1.260	363
-8	-69	-512	1.256	364
-7	-67	-512	1.252	365
-7	-69	-510	1.248	366
-7	-69	-510	1.244	367
-9	-69	-508	1.246	368
-7	-67	-513	1.246	369
-8	-70	-511	1.244	370
-7	-71	-510	1.243	371
-8	-71	-509	1.242	372
-9	-69	-511	1.247	373
-9	-70	-511	1.252	374
-7	-69	-513	1.254	375
-10	-74	-508	1.261	376
-11	-71	-509	1.264	377
-11	-70	-511	1.269	378
-10	-72	-509	1.276	379
-9	-70	-511	1.278	380
-8	-69	-513	1.282	381
-7	-69	-512	1.280	382
-8	-70	-510	1.283	383
-8	-69	-510	1.285	384
-8	-70	-509	1.284	385
-9	-68	-511	1.287	386
-8	-67	-512	1.285	387
-9	-70	-508	1.282	388
-8	-67	-512	1.281	389
-9	-65	-513	1.282	390
-10	-68	-510	1.281	391
-8	-68	-511	1.276	392
-8	-66	-512	1.275	393
-9	-67	-510	1.274	394
-9	-67	-510	1.272	395
-7	-66	-511	1.268	396
-8	-65	-511	1.264	397
-9	-65	-511	1.261	398
-8	-66	-510	1.262	399
-7	-65	-512	1.257	400
-8	-66	-511	1.256	401
-10	-67	-510	1.258	402
-8	-67	-510	1.260	403
-9	-67	-510	1.265	404
-10	-66	-511	1.264	405
-8	-67	-512	1.270	406
-8	-67	-511	1.273	407
-9	-65	-512	1.280	408
-7	-67	-512	1.286	409
-9	-68	-510	1.290	410
-9	-67	-509	1.293	411
-9	-67	-511	1.297	412
-8	-67	-511	1.300	413
-8	-69	-510	1.303	414
-9	-67	-511	1.304	415
-9	-68	-511	1.307	416
-8	-68	-512	1.305	417
-9	-68	-511	1.303	418
-10	-70	-508	1.304	419
-8	-69	-510	1.303	420
-8	-71	-509	1.302	421
-8	-68	-512	1.302	422
-9	-68	-511	1.300	423
-8	-69	-512	1.301	424
-10	-69	-511	1.296	425
-8	-68	-512	1.294	426
-8	-70	-511	1.293	427
-8	-71	-511	1.286	428
-10	-69	-512	1.284	429
-10	-71	-510	1.284	430
-8	-71	-512	1.280	431
-9	-70	-512	1.278	432
-9	-71	-511	1.274	433
-9	-71	-511	1.268	434
-9	-71	-511	1.267	435
-8	-71	-510	1.260	436
-8	-71	-511	1.258	437
-8	-72	-511	1.252	438
-8	-70	-512	1.253	439
-8	-71	-511	1.252	440
-8	-70	-513	1.246	441
-8	-71	-510	1.246	442
-8	-71	-511	1.244	443
-8	-70	-512	1.243	444
-7	-71	-511	1.244	445
-9	-72	-509	1.243	446
-9	-68	-513	1.245	447
-9	-72	-510	1.246	448
-8	-71	-510	1.243	449
-8	-69	-512	1.244	450
-9	-71	-509	1.244	451
-9	-72	-510	1.248	452
-8	-73	-510	1.252	453
-8	-71	-511	1.254	454
-9	-69	-512	1.252	455
-9	-67	-512	1.249	456
-10	-69	-510	1.251	457
-9	-69	-511	1.252	458
-8	-69	-511	1.252	459
-8	-68	-512	1.255	460
-8	-68	-510	1.252	461
-9	-69	-510	1.255	462
-8	-69	-511	1.252	463
-9	-69	-510	1.251	464
-9	-67	-511	1.252	465
-8	-68	-512	1.254	466
-9	-69	-511	1.251	467
-9	-69	-512	1.251	468
-8	-69	-511	1.254	469
-9	-71	-510	1.249	470
-9	-69	-511	1.254	471
-9	-71	-509	1.250	472
-8	-71	-510	1.255	473
-8	-72	-509	1.253	474
-8	-72	-509	1.254	475
-8	-71	-510	1.254	476
-7	-71	-512	1.256	477
-9	-72	-509	1.255	478
-8	-71	-510	1.256	479
-9	-71	-511	1.256	480
-9	-69	-512	1.254	481
-7	-70	-510	1.261	482
-9	-71	-510	1.259	483
-8	-70	-510	1.260	484
-7	-70	-511	1.259	485
-8	-71	-511	1.259	486
-9	-69	-511	1.259	487
-10	-71	-509	1.257	488
-9	-71	-512	1.260	489
-9	-72	-510	1.265	490
-9	-72	-510	1.261	491
-8	-70	-512	1.260	492
-8	-70	-511	1.268	493
-8	-70	-512	1.269	494
-10	-70	-512	1.272	495
-10	-72	-509	1.272	496
-8	-70	-511	1.272	497
-9	-71	-510	1.273	498
-9	-72	-509	1.275	499
-8	-71	-511	1.270	500
-9	-72	-510	1.270	501
-10	-71	-511	1.269	502
-9	-70	-512	1.267	503
-8	-70	-511	1.264	504
-10	-72	-510	1.260	505
-8	-71	-511	1.256	506
-10	-73	-510	1.254	507
-9	-71	-510	1.251	508
-9	-71	-511	1.247	509
-9	-72	-510	1.248	510
-8	-72	-510	1.248	511
-9	-72	-511	1.247	512
-8	-72	-510	1.252	513
-8	-70	-512	1.252	514
-9	-73	-510	1.254	515
-10	-71	-511	1.255	516
-8	-71	-511	1.260	517
-9	-72	-510	1.261	518
-9	-71	-510	1.267	519
-8	-72	-510	1.266	520
-9	-71	-512	1.271	521
-9	-72	-510	1.269	522
-10	-71	-510	1.272	523
-10	-71	-510	1.271	524
-8	-69	-512	1.272	525
-8	-70	-512	1.268	526
-10	-71	-511	1.272	527
-8	-71	-512	1.269	528
-9	-72	-511	1.268	529
-9	-71	-512	1.268	530
-9	-72	-511	1.267	531
-9	-72	-511	1.265	532
-9	-72	-509	1.265	533
-9	-74	-509	1.260	534
-8	-72	-510	1.258	535
-9	-72	-512	1.255	536
-9	-72	-511	1.252	537
-9	-72	-511	1.247	538
-9	-72	-510	1.244	539
-11	-71	-511	1.244	540
-8	-74	-508	1.242	541
-9	-73	-510	1.240	542
-8	-72	-510	1.242	543
-8	-70	-513	1.238	544
-11	-73	-509	1.239	545
-9	-71	-510	1.241	546
-8	-71	-511	1.246	547
-8	-71	-512	1.246	548
-8	-72	-511	1.247	549
-7	-72	-511	1.252	550
-9	-71	-511	1.258	551
-8	-71	-510	1.258	552
-8	-73	-509	1.257	553
-9	-72	-510	1.260	554
-8	-72	-510	1.262	555
-8	-71	-510	1.268	556
-9	-73	-510	1.266	557
-9	-73	-511	1.268	558
-8	-73	-510	1.269	559
-8	-72	-511	1.268	560
-9	-72	-511	1.271	561
-8	-72	-511	1.268	562
-8	-72	-510	1.264	563
-7	-71	-511	1.264	564
-9	-71	-512	1.261	565
-8	-71	-511	1.259	566
-8	-73	-510	1.257	567
-8	-72	-510	1.253	568
-8	-71	-511	1.252	569
-10	-70	-510	1.247	570
-9	-74	-509	1.247	571
-8	-74	-510	1.244	572
-9	-73	-510	1.245	573
-8	-73	-510	1.246	574
-7	-72	-512	1.243	575
-9	-72	-510	1.244	576
-8	-72	-509	1.242	577
-8	-72	-511	1.246	578
-8	-72	-511	1.243	579
-9	-71	-510	1.243	580
-9	-70	-510	1.243	581
-9	-71	-511	1.240	582
-9	-71	-510	1.243	583
-9	-70	-511	1.243	584
-8	-71	-510	1.243	585
-8	-72	-510	1.241	586
-9	-73	-509	1.245	587
-8	-72	-510	1.246	588
-8	-73	-510	1.246	589
-8	-72	-511	1.248	590
-9	-71	-511	1.252	591
-9	-70	-512	1.253	592
-9	-71	-511	1.252	593
-8	-72	-510	1.254	594
-8	-74	-509	1.258	595
-7	-74	-510	1.256	596
-8	-74	-511	1.260	597
-7	-75	-511	1.262	598
-7	-75	-509	1.264	599
0.000000 0.000000 0.000000 0.000000 0.000000