0.000000 0.000000 0.000000 0.000000 0.000000
-53	1	-496	0.318	5
-34	-27	-506	0.320	6
-97	-58	-520	0.321	7
-50	-54	-489	0.322	8
-58	-50	-506	0.323	9
-40	-74	-500	0.324	10
-46	-64	-517	0.326	11
-46	-72	-507	0.331	12
-16	-50	-521	0.354	13
-27	-51	-514	0.396	14
-10	-49	-523	0.461	15
-22	-60	-509	0.538	16
-16	-57	-506	0.620	17
-8	-60	-512	0.704	18
-14	-53	-510	0.784	19
-9	-62	-510	0.861	20
-10	-58	-513	0.930	21
-10	-59	-510	0.991	22
-9	-61	-513	1.043	23
-8	-61	-513	1.086	24
-9	-59	-513	1.124	25
-8	-59	-513	1.158	26
-10	-58	-513	1.184	27
-14	-58	-510	1.208	28
-13	-59	-511	1.227	29
-11	-58	-512	1.244	30
-10	-58	-512	1.258	31
-11	-63	-511	1.272	32
-12	-60	-511	1.281	33
-12	-61	-510	1.293	34
-11	-59	-512	1.301	35
-9	-62	-512	1.305	36
-9	-62	-512	1.311	37
-13	-59	-512	1.318	38
-10	-60	-512	1.322	39
-10	-63	-511	1.325	40
-9	-62	-513	1.330	41
-10	-62	-513	1.334	42
-9	-64	-511	1.337	43
-9	-64	-513	1.339	44
-8	-66	-512	1.341	45
-8	-67	-512	1.342	46
-8	-66	-512	1.346	47
-10	-66	-511	1.346	48
-9	-65	-512	1.349	49
-9	-66	-511	1.349	50
-10	-68	-511	1.350	51
-11	-67	-511	1.351	52
-9	-67	-513	1.352	53
-9	-69	-511	1.354	54
-8	-69	-512	1.352	55
-10	-67	-512	1.354	56
-11	-67	-511	1.354	57
-11	-66	-512	1.355	58
-9	-69	-511	1.354	59
-8	-69	-512	1.356	60
-9	-71	-511	1.355	61
-11	-69	-512	1.357	62
-10	-69	-512	1.355	63
-10	-68	-512	1.356	64
-9	-69	-512	1.357	65
-8	-71	-511	1.357	66
-8	-69	-513	1.355	67
-10	-69	-513	1.356	68
-10	-71	-510	1.355	69
-9	-72	-510	1.358	70
-9	-70	-512	1.357	71
-8	-71	-512	1.357	72
-10	-71	-511	1.358	73
-10	-74	-509	1.358	74
-9	-71	-512	1.358	75
-10	-74	-511	1.356	76
-8	-72	-511	1.355	77
-7	-75	-511	1.357	78
-10	-72	-511	1.358	79
-11	-73	-511	1.355	80
-8	-76	-509	1.355	81
-7	-73	-513	1.357	82
-10	-78	-510	1.357	83
-10	-76	-512	1.356	84
-10	-74	-512	1.356	85
-10	-75	-510	1.355	86
-8	-71	-515	1.355	87
-9	-75	-512	1.356	88
-9	-75	-511	1.354	89
-9	-74	-512	1.355	90
-10	-75	-511	1.357	91
-10	-76	-510	1.355	92
-9	-77	-510	1.354	93
-10	-75	-512	1.353	94
-11	-74	-512	1.353	95
-10	-77	-510	1.353	96
-10	-80	-509	1.351	97
-8	-76	-511	1.351	98
-9	-76	-510	1.351	99
-8	-76	-512	1.351	100
-10	-76	-509	1.351	101
-10	-74	-511	1.349	102
-10	-74	-512	1.351	103
-8	-76	-510	1.350	104
-9	-78	-509	1.349	105
-10	-80	-508	1.348	106
-9	-71	-514	1.347	107
-10	-73	-511	1.349	108
-8	-74	-511	1.347	109
-8	-72	-513	1.348	110
-9	-74	-512	1.347	111
-9	-75	-512	1.347	112
-9	-74	-511	1.346	113
-9	-71	-512	1.347	114
-8	-71	-512	1.345	115
-9	-70	-513	1.345	116
-9	-70	-512	1.346	117
-8	-73	-510	1.347	118
-11	-69	-511	1.345	119
-10	-73	-509	1.344	120
-11	-73	-512	1.345	121
-7	-82	-510	1.344	122
-8	-76	-512	1.346	123
-10	-77	-508	1.346	124
-10	-73	-511	1.346	125
-11	-74	-510	1.344	126
-11	-73	-511	1.345	127
-10	-72	-512	1.343	128
-10	-72	-512	1.344	129
-9	-75	-510	1.344	130
-8	-74	-512	1.343	131
-10	-73	-511	1.344	132
-10	-75	-509	1.344	133
-9	-72	-512	1.343	134
-9	-73	-511	1.345	135
-9	-70	-512	1.343	136
-9	-72	-512	1.342	137
-8	-71	-510	1.343	138
-7	-71	-511	1.343	139
-8	-68	-513	1.343	140
-9	-70	-510	1.342	141
-10	-65	-513	1.342	142
-9	-67	-512	1.342	143
-10	-66	-512	1.342	144
-9	-67	-510	1.340	145
-10	-67	-512	1.339	146
-10	-68	-512	1.341	147
-8	-72	-512	1.341	148
-8	-70	-513	1.341	149
-9	-71	-511	1.342	150
-8	-68	-513	1.339	151
-9	-74	-510	1.341	152
-9	-69	-512	1.342	153
-10	-67	-511	1.341	154
-10	-66	-511	1.341	155
-8	-64	-513	1.342	156
-8	-63	-513	1.342	157
-8	-66	-511	1.342	158
-7	-66	-512	1.341	159
-8	-64	-513	1.341	160
-9	-66	-512	1.339	161
-9	-67	-510	1.341	162
-8	-66	-512	1.341	163
-9	-65	-512	1.341	164
-9	-66	-512	1.341	165
-9	-65	-512	1.341	166
-8	-68	-510	1.342	167
-8	-67	-512	1.339	168
-7	-70	-511	1.340	169
-8	-67	-512	1.340	170
-9	-69	-511	1.342	171
-9	-67	-512	1.342	172
-9	-67	-511	1.342	173
-8	-66	-512	1.340	174
-8	-69	-511	1.342	175
-8	-66	-514	1.341	176
-9	-68	-512	1.342	177
-8	-68	-510	1.340	178
-8	-67	-511	1.341	179
-9	-65	-512	1.341	180
-7	-64	-513	1.341	181
-9	-67	-512	1.341	182
-7	-65	-513	1.341	183
-9	-66	-511	1.339	184
-9	-64	-511	1.341	185
-9	-65	-510	1.341	186
-7	-66	-511	1.341	187
-7	-65	-513	1.339	188
-8	-66	-512	1.341	189
-8	-65	-513	1.341	190
-9	-65	-512	1.339	191
-9	-64	-513	1.339	192
-9	-64	-513	1.339	193
-9	-64	-512	1.342	194
-9	-65	-512	1.341	195
-9	-66	-512	1.341	196
-8	-66	-510	1.341	197
-8	-65	-512	1.341	198
-8	-65	-513	1.339	199
-8	-65	-512	1.341	200
-7	-65	-512	1.342	201
-8	-66	-511	1.339	202
-8	-65	-511	1.341	203
-7	-64	-512	1.341	204
-8	-65	-511	1.339	205
-7	-63	-512	1.341	206
-7	-65	-510	1.341	207
-7	-63	-512	1.341	208
-8	-64	-511	1.341	209
-8	-61	-513	1.342	210
-8	-60	-512	1.340	211
-7	-63	-513	1.341	212
-7	-61	-512	1.339	213
-9	-59	-511	1.341	214
-8	-60	-512	1.342	215
-7	-58	-513	1.341	216
-7	-59	-513	1.343	217
-8	-59	-512	1.342	218
-8	-60	-512	1.342	219
-8	-59	-512	1.343	220
-8	-61	-512	1.343	221
-9	-61	-511	1.343	222
-7	-60	-512	1.342	223
-8	-61	-512	1.343	224
-8	-59	-512	1.342	225
-8	-59	-512	1.344	226
-8	-59	-512	1.343	227
-8	-60	-512	1.343	228
-7	-60	-512	1.346	229
-8	-60	-512	1.345	230
-7	-60	-512	1.345	231
-8	-59	-513	1.346	232
-7	-60	-512	1.344	233
-7	-60	-512	1.345	234
-7	-60	-512	1.346	235
-8	-62	-512	1.345	236
-8	-60	-512	1.347	237
-7	-59	-512	1.345	238
-7	-59	-512	1.347	239
-7	-59	-512	1.347	240
-7	-61	-512	1.347	241
-7	-60	-512	1.347	242
-8	-62	-511	1.346	243
-8	-61	-512	1.347	244
-8	-62	-512	1.348	245
-7	-62	-511	1.348	246
-7	-59	-513	1.347	247
-7	-60	-512	1.348	248
-7	-60	-512	1.348	249
-8	-60	-512	1.347	250
-7	-62	-512	1.347	251
-6	-59	-512	1.347	252
-7	-59	-513	1.348	253
-8	-59	-513	1.348	254
-7	-60	-512	1.347	255
-7	-60	-512	1.348	256
-7	-60	-512	1.348	257
-7	-60	-512	1.348	258
-8	-59	-512	1.348	259
-7	-61	-512	1.347	260
-6	-60	-512	1.349	261
-7	-60	-512	1.347	262
-7	-60	-512	1.349	263
-7	-59	-512	1.348	264
-7	-58	-512	1.348	265
-7	-59	-512	1.351	266
-8	-60	-512	1.350	267
-7	-60	-511	1.350	268
-7	-60	-511	1.349	269
-7	-60	-512	1.350	270
-7	-59	-512	1.351	271
-7	-59	-512	1.349	272
-7	-59	-512	1.348	273
-7	-59	-512	1.350	274
-10	-58	-511	1.349	275
-9	-61	-510	1.351	276
-7	-57	-513	1.351	277
-8	-59	-512	1.349	278
-9	-58	-513	1.348	279
-8	-56	-513	1.349	280
-7	-60	-511	1.349	281
-7	-60	-511	1.349	282
-7	-57	-513	1.351	283
-7	-58	-513	1.349	284
-8	-56	-512	1.349	285
-8	-55	-512	1.348	286
-9	-58	-511	1.350	287
-8	-56	-512	1.349	288
-8	-54	-512	1.350	289
-7	-58	-511	1.349	290
-8	-60	-511	1.350	291
-7	-54	-513	1.349	292
-5	-58	-513	1.350	293
-7	-57	-512	1.350	294
-7	-57	-512	1.350	295
-9	-53	-511	1.350	296
-9	-51	-512	1.349	297
-8	-52	-512	1.349	298
-7	-53	-512	1.351	299
-7	-53	-512	1.349	300
-7	-53	-512	1.349	301
-8	-54	-512	1.349	302
-7	-52	-512	1.351	303
-7	-52	-512	1.351	304
-7	-52	-512	1.350	305
-6	-48	-513	1.350	306
-7	-52	-512	1.349	307
-9	-52	-512	1.348	308
-9	-51	-512	1.348	309
-8	-54	-512	1.349	310
-8	-53	-512	1.349	311
-7	-52	-513	1.348	312
-8	-54	-512	1.350	313
-7	-51	-513	1.348	314
-8	-51	-512	1.351	315
-9	-50	-512	1.351	316
-9	-53	-512	1.349	317
-8	-54	-512	1.348	318
-6	-57	-512	1.348	319
-6	-53	-513	1.351	320
-7	-57	-512	1.349	321
-7	-56	-512	1.349	322
-7	-54	-513	1.347	323
-7	-53	-513	1.347	324
-8	-53	-512	1.347	325
-7	-53	-513	1.348	326
-7	-54	-512	1.347	327
-7	-54	-512	1.347	328
-7	-52	-512	1.349	329
-7	-55	-513	1.347	330
-7	-53	-513	1.348	331
-7	-54	-511	1.349	332
-7	-53	-512	1.347	333
-7	-51	-513	1.347	334
-6	-52	-512	1.347	335
-6	-52	-512	1.347	336
-7	-52	-512	1.346	337
-7	-52	-512	1.347	338
-7	-53	-512	1.347	339
-6	-54	-512	1.347	340
-6	-51	-512	1.346	341
-6	-51	-513	1.346	342
-6	-49	-512	1.346	343
-8	-53	-511	1.347	344
-7	-50	-512	1.345	345
-6	-52	-512	1.345	346
-6	-54	-512	1.346	347
-6	-51	-512	1.346	348
-6	-52	-512	1.346	349
-5	-52	-512	1.346	350
-6	-52	-512	1.345	351
-5	-51	-513	1.346	352
-6	-49	-512	1.344	353
-6	-48	-513	1.345	354
-6	-50	-512	1.345	355
-6	-50	-513	1.344	356
-6	-51	-512	1.344	357
-5	-51	-512	1.345	358
-5	-50	-512	1.345	359
-6	-48	-513	1.342	360
-6	-51	-511	1.343	361
-7	-51	-512	1.345	362
-5	-51	-513	1.343	363
-6	-51	-513	1.343	364
-6	-49	-513	1.343	365
-6	-51	-512	1.342	366
-6	-52	-512	1.342	367
-6	-54	-512	1.342	368
-4	-51	-513	1.342	369
-6	-52	-512	1.343	370
-6	-51	-513	1.343	371
-6	-51	-512	1.342	372
-6	-50	-512	1.342	373
-6	-51	-512	1.342	374
-6	-49	-512	1.342	375
-7	-49	-512	1.341	376
-6	-51	-512	1.341	377
-5	-53	-512	1.341	378
-7	-52	-511	1.342	379
-6	-52	-512	1.340	380
-5	-51	-512	1.342	381
-5	-52	-513	1.339	382
-6	-51	-512	1.341	383
-6	-52	-512	1.339	384
-6	-51	-512	1.341	385
-6	-49	-512	1.341	386
-5	-50	-512	1.339	387
-5	-49	-513	1.341	388
-6	-51	-512	1.339	389
-6	-50	-512	1.339	390
-6	-51	-512	1.341	391
-6	-53	-511	1.339	392
-6	-52	-511	1.339	393
-5	-50	-513	1.338	394
-5	-54	-512	1.341	395
-5	-51	-512	1.338	396
-5	-49	-513	1.339	397
-5	-51	-512	1.338	398
-6	-51	-512	1.337	399
-6	-51	-511	1.337	400
-7	-51	-512	1.339	401
-6	-52	-512	1.337	402
-5	-51	-512	1.336	403
-5	-50	-513	1.336	404
-6	-51	-512	1.336	405
-5	-50	-513	1.338	406
-5	-54	-512	1.338	407
-5	-52	-512	1.336	408
-5	-51	-512	1.337	409
-6	-53	-512	1.338	410
-6	-50	-513	1.336	411
-6	-53	-511	1.338	412
-5	-52	-512	1.335	413
-4	-52	-512	1.337	414
-5	-51	-512	1.336	415
-4	-54	-512	1.335	416
-4	-51	-513	1.336	417
-6	-52	-512	1.337	418
-6	-54	-512	1.335	419
-6	-54	-512	1.336	420
-5	-49	-513	1.336	421
-5	-49	-513	1.336	422
-7	-51	-512	1.336	423
-6	-50	-512	1.336	424
-6	-51	-512	1.335	425
-7	-54	-511	1.335	426
-6	-49	-512	1.335	427
-7	-51	-511	1.336	428
-7	-50	-512	1.335	429
-6	-53	-512	1.334	430
-6	-51	-512	1.335	431
-7	-51	-511	1.336	432
-6	-52	-511	1.335	433
-4	-52	-512	1.335	434
-5	-52	-512	1.335	435
-5	-50	-513	1.336	436
-6	-53	-512	1.334	437
-6	-53	-512	1.335	438
-6	-53	-512	1.335	439
-6	-53	-511	1.335	440
-6	-50	-512	1.336	441
-6	-51	-512	1.335	442
-6	-52	-512	1.333	443
-5	-49	-512	1.334	444
-6	-51	-512	1.335	445
-6	-52	-512	1.335	446
-5	-51	-513	1.334	447
-5	-50	-513	1.335	448
-5	-51	-513	1.335	449
-4	-49	-513	1.335	450
-6	-50	-512	1.332	451
-7	-52	-512	1.335	452
-6	-52	-512	1.335	453
-7	-53	-513	1.335	454
-6	-54	-512	1.333	455
-6	-52	-513	1.334	456
-7	-55	-512	1.334	457
-6	-55	-512	1.334	458
-6	-55	-512	1.334	459
-6	-52	-513	1.334	460
-6	-54	-512	1.333	461
-6	-55	-512	1.333	462
-7	-56	-512	1.335	463
-6	-55	-512	1.334	464
-5	-56	-512	1.335	465
-6	-56	-513	1.332	466
-7	-57	-512	1.332	467
-8	-57	-512	1.333	468
-7	-56	-512	1.332	469
-6	-56	-511	1.335	470
-6	-56	-512	1.333	471
-6	-56	-512	1.333	472
-6	-56	-513	1.334	473
-7	-56	-512	1.334	474
-6	-55	-512	1.334	475
-6	-56	-512	1.332	476
-6	-58	-512	1.334	477
-5	-57	-513	1.335	478
-5	-56	-513	1.334	479
-6	-57	-512	1.335	480
-7	-56	-513	1.334	481
-6	-55	-513	1.333	482
-6	-56	-511	1.333	483
-6	-56	-511	1.333	484
-6	-56	-512	1.335	485
-5	-55	-512	1.334	486
-6	-56	-512	1.334	487
-6	-55	-512	1.335	488
-6	-54	-513	1.335	489
-6	-55	-513	1.334	490
-6	-55	-512	1.334	491
-6	-54	-512	1.333	492
-5	-54	-512	1.333	493
-5	-53	-512	1.335	494
-7	-55	-512	1.333	495
-7	-56	-512	1.334	496
-6	-55	-512	1.332	497
-5	-55	-512	1.335	498
-6	-55	-512	1.333	499
-6	-55	-512	1.334	500
-6	-56	-512	1.334	501
-5	-55	-513	1.335	502
-7	-56	-512	1.335	503
-7	-56	-512	1.334	504
-7	-55	-512	1.334	505
-8	-57	-511	1.334	506
-6	-58	-512	1.333	507
-6	-57	-512	1.335	508
-6	-57	-513	1.333	509
-6	-58	-512	1.335	510
-6	-57	-513	1.333	511
-6	-55	-513	1.333	512
-6	-56	-512	1.335	513
-6	-58	-512	1.333	514
-5	-55	-512	1.333	515
-6	-57	-511	1.335	516
-6	-57	-512	1.333	517
-6	-56	-512	1.335	518
-5	-55	-513	1.334	519
-6	-55	-512	1.335	520
-6	-58	-512	1.335	521
-6	-58	-512	1.332	522
-6	-58	-512	1.332	523
-7	-57	-512	1.335	524
-7	-58	-511	1.335	525
-6	-55	-513	1.334	526
-7	-57	-512	1.335	527
-7	-58	-512	1.335	528
-6	-58	-512	1.333	529
-7	-57	-512	1.335	530
-6	-58	-512	1.335	531
-6	-57	-512	1.333	532
-7	-59	-512	1.335	533
-6	-55	-513	1.336	534
-6	-58	-512	1.335	535
-6	-57	-512	1.334	536
-6	-57	-512	1.334	537
-7	-57	-512	1.333	538
-6	-57	-512	1.335	539
-6	-56	-512	1.335	540
-6	-58	-511	1.335	541
-6	-57	-512	1.334	542
-7	-58	-512	1.336	543
-6	-56	-513	1.334	544
-7	-59	-511	1.335	545
-6	-58	-511	1.335	546
-5	-57	-513	1.334	547
-5	-56	-513	1.335	548
-6	-58	-512	1.334	549
-7	-57	-512	1.336	550
-7	-59	-512	1.335	551
-7	-58	-512	1.335	552
-6	-59	-512	1.336	553
-6	-58	-512	1.335	554
-7	-59	-511	1.335	555
-6	-59	-512	1.335	556
-6	-58	-512	1.336	557
-6	-59	-512	1.336	558
-6	-58	-512	1.335	559
-7	-59	-512	1.335	560
-6	-58	-512	1.336	561
-6	-59	-512	1.335	562
-6	-59	-512	1.336	563
-6	-59	-512	1.335	564
-6	-57	-512	1.335	565
-7	-59	-512	1.335	566
-6	-57	-512	1.337	567
-7	-58	-512	1.336	568
-7	-58	-512	1.335	569
-7	-58	-512	1.336	570
-6	-57	-512	1.335	571
-7	-59	-512	1.337	572
-6	-59	-511	1.335	573
-6	-60	-512	1.337	574
-6	-59	-512	1.335	575
-7	-58	-512	1.336	576
-6	-59	-512	1.337	577
-6	-58	-512	1.336	578
-7	-59	-512	1.338	579
-8	-59	-511	1.336	580
-6	-59	-511	1.336	581
-6	-59	-512	1.336	582
-6	-58	-511	1.336	583
-7	-58	-512	1.336	584
-7	-59	-512	1.335	585
-6	-59	-512	1.337	586
-6	-58	-512	1.338	587
-7	-58	-512	1.338	588
-6	-59	-511	1.337	589
-6	-59	-512	1.336	590
-6	-58	-512	1.336	591
-6	-58	-512	1.338	592
-8	-59	-511	1.339	593
-6	-58	-512	1.338	594
-7	-58	-512	1.337	595
-6	-58	-512	1.336	596
-6	-58	-512	1.338	597
-6	-58	-512	1.338	598
-6	-59	-512	1.338	599
0.000000 0.000000 0.000000 0.000000 0.000000
57	91	-482	0.340	5
46	90	-505	0.338	6
34	90	-505	0.337	7
36	83	-526	0.338	8
8	38	-492	0.336	9
12	49	-526	0.335	10
22	36	-494	0.335	11
-4	3	-495	0.334	12
7	12	-496	0.332	13
3	8	-502	0.331	14
10	14	-533	0.330	15
14	10	-545	0.330	16
-2	-23	-513	0.355	17
-10	-9	-501	0.448	18
9	-45	-520	0.570	19
-7	-27	-514	0.710	20
-13	-39	-507	0.851	21
-14	-37	-511	0.972	22
-12	-34	-513	1.079	23
-16	-36	-513	1.165	24
-15	-39	-512	1.241	25
-18	-37	-512	1.304	26
-12	-42	-513	1.356	27
-11	-39	-513	1.403	28
-15	-42	-511	1.447	29
-10	-40	-515	1.482	30
-11	-39	-512	1.516	31
-11	-39	-510	1.546	32
-8	-36	-513	1.571	33
-10	-38	-512	1.600	34
-9	-37	-512	1.622	35
-9	-36	-512	1.645	36
-9	-38	-511	1.665	37
-8	-37	-515	1.683	38
-12	-38	-511	1.700	39
-8	-40	-509	1.719	40
-7	-40	-514	1.733	41
-6	-40	-513	1.747	42
-9	-39	-511	1.761	43
-8	-40	-511	1.772	44
-7	-39	-513	1.786	45
-7	-35	-512	1.797	46
-14	-35	-514	1.807	47
-5	-34	-513	1.818	48
-8	-36	-511	1.828	49
-8	-37	-512	1.837	50
-6	-38	-513	1.846	51
-6	-36	-513	1.852	52
-7	-35	-511	1.862	53
-6	-33	-512	1.867	54
-6	-36	-511	1.875	55
-4	-35	-513	1.881	56
-6	-33	-511	1.887	57
-5	-32	-513	1.892	58
-5	-32	-513	1.899	59
-7	-31	-513	1.903	60
-7	-32	-510	1.909	61
-7	-27	-512	1.913	62
-7	-27	-511	1.916	63
-6	-23	-513	1.921	64
-5	-25	-512	1.924	65
-4	-25	-512	1.929	66
-5	-24	-512	1.932	67
-5	-24	-512	1.936	68
-5	-20	-512	1.941	69
-7	-20	-512	1.944	70
-6	-23	-512	1.947	71
-7	-27	-512	1.949	72
-4	-28	-512	1.953	73
-7	-33	-512	1.956	74
-6	-35	-512	1.957	75
-5	-37	-512	1.960	76
-7	-40	-512	1.961	77
-6	-38	-513	1.964	78
-6	-39	-512	1.964	79
-6	-40	-512	1.966	80
-6	-40	-512	1.966	81
-5	-38	-513	1.967	82
-6	-37	-513	1.968	83
-6	-39	-512	1.970	84
-5	-38	-513	1.971	85
-6	-36	-513	1.971	86
-6	-37	-512	1.970	87
-5	-36	-513	1.972	88
-7	-42	-511	1.971	89
-5	-40	-512	1.971	90
-7	-41	-511	1.972	91
-6	-37	-513	1.974	92
-6	-35	-513	1.973	93
-7	-37	-511	1.974	94
-5	-37	-513	1.974	95
-4	-36	-513	1.975	96
-5	-36	-513	1.976	97
-6	-38	-512	1.978	98
-5	-37	-512	1.978	99
-6	-36	-512	1.978	100
-5	-35	-512	1.979	101
-5	-35	-513	1.979	102
-6	-36	-511	1.981	103
-5	-35	-512	1.981	104
-5	-34	-512	1.980	105
-5	-33	-513	1.982	106
-4	-35	-512	1.982	107
-4	-35	-513	1.981	108
-5	-34	-512	1.982	109
-6	-35	-512	1.982	110
-5	-34	-513	1.984	111
-5	-33	-513	1.986	112
-6	-35	-512	1.984	113
-5	-33	-511	1.986	114
-4	-34	-512	1.986	115
-5	-35	-512	1.983	116
-4	-33	-511	1.982	117
-4	-34	-512	1.983	118
-3	-32	-513	1.982	119
-3	-34	-513	1.983	120
-2	-32	-512	1.983	121
-4	-33	-512	1.983	122
-4	-32	-513	1.982	123
-4	-34	-512	1.983	124
-4	-34	-512	1.982	125
-3	-32	-512	1.982	126
-4	-33	-512	1.982	127
-4	-32	-511	1.983	128
-5	-33	-512	1.984	129
-3	-30	-513	1.985	130
-5	-32	-511	1.983	131
-3	-33	-513	1.984	132
-3	-33	-512	1.982	133
-3	-31	-512	1.984	134
0	-36	-508	1.983	135
-5	-31	-512	1.983	136
-5	-32	-511	1.983	137
-4	-31	-512	1.984	138
-2	-30	-513	1.987	139
-6	-31	-511	1.986	140
-7	-24	-512	1.986	141
2	-21	-513	1.986	142
-2	-25	-513	1.986	143
-6	-29	-513	1.986	144
-4	-32	-512	1.986	145
-6	-34	-512	1.985	146
-5	-35	-512	1.986	147
-6	-32	-512	1.986	148
-4	-31	-512	1.987	149
-5	-34	-513	1.988	150
-5	-34	-512	1.989	151
-5	-34	-512	1.989	152
-5	-34	-511	1.990	153
-5	-32	-512	1.990	154
-6	-34	-511	1.990	155
1	-28	-513	1.990	156
-3	-27	-512	1.990	157
-6	-35	-511	1.990	158
-3	-35	-512	1.989	159
-3	-37	-512	1.990	160
-9	-42	-512	2.000	161
-2	-37	-512	2.015	162
-6	-32	-513	2.032	163
-7	-39	-510	2.053	164
-6	-39	-511	2.057	165
-4	-37	-512	2.042	166
-6	-36	-512	2.023	167
-6	-32	-512	2.011	168
-6	-37	-512	2.003	169
0	-31	-512	1.990	170
-5	-36	-513	1.978	171
-5	-38	-512	1.958	172
-1	-33	-512	1.941	173
-2	-36	-512	1.916	174
-8	-38	-511	1.891	175
-5	-36	-512	1.866	176
-7	-39	-511	1.841	177
-6	-39	-511	1.818	178
-6	-36	-512	1.795	179
-6	-36	-512	1.776	180
-6	-36	-512	1.758	181
-7	-36	-511	1.743	182
-6	-36	-512	1.731	183
-6	-37	-512	1.720	184
-7	-33	-512	1.713	185
-8	-40	-510	1.708	186
-6	-39	-512	1.704	187
-7	-39	-512	1.699	188
-6	-37	-512	1.697	189
-7	-37	-512	1.696	190
-5	-35	-512	1.697	191
-5	-37	-512	1.699	192
-5	-33	-512	1.700	193
-6	-36	-513	1.702	194
-5	-35	-512	1.704	195
-6	-37	-512	1.706	196
-5	-37	-512	1.710	197
-5	-36	-512	1.713	198
-7	-38	-511	1.717	199
-7	-39	-511	1.719	200
-5	-36	-513	1.723	201
-5	-39	-512	1.728	202
-6	-37	-512	1.733	203
-5	-37	-513	1.735	204
-5	-37	-513	1.740	205
-6	-40	-511	1.743	206
-5	-37	-512	1.749	207
-6	-38	-513	1.752	208
-6	-37	-513	1.756	209
-6	-37	-512	1.761	210
-6	-39	-511	1.765	211
-5	-37	-513	1.768	212
-7	-37	-512	1.771	213
-7	-39	-512	1.779	214
-6	-38	-512	1.783	215
-5	-38	-513	1.787	216
-6	-41	-512	1.789	217
-6	-40	-512	1.795	218
-7	-41	-512	1.799	219
-5	-36	-513	1.802	220
-6	-40	-512	1.808	221
-5	-39	-512	1.810	222
-6	-41	-512	1.815	223
-4	-37	-513	1.820	224
-6	-39	-512	1.822	225
-6	-40	-512	1.825	226
-4	-39	-513	1.828	227
-6	-43	-512	1.833	228
-5	-40	-513	1.841	229
-4	-39	-512	1.853	230
-12	-35	-510	1.860	231
-8	-45	-510	1.858	232
-9	-46	-511	1.836	233
-8	-44	-513	1.787	234
-4	-39	-513	1.729	235
-1	-42	-513	1.676	236
-6	-43	-512	1.635	237
-6	-48	-512	1.604	238
-5	-43	-513	1.585	239
-4	-47	-512	1.570	240
-6	-49	-512	1.567	241
-2	-44	-512	1.563	242
-5	-45	-513	1.561	243
-6	-47	-512	1.560	244
-6	-47	-512	1.562	245
-7	-51	-511	1.563	246
-6	-49	-513	1.563	247
-6	-48	-513	1.565	248
-6	-47	-513	1.563	249
-8	-48	-512	1.567	250
-5	-47	-513	1.569	251
-4	-51	-512	1.570	252
-5	-49	-513	1.571	253
-6	-49	-512	1.574	254
-7	-51	-511	1.576	255
-7	-48	-512	1.578	256
-7	-48	-512	1.582	257
-8	-52	-511	1.583	258
-7	-51	-512	1.585	259
-5	-46	-513	1.588	260
-7	-51	-512	1.591	261
-7	-51	-512	1.596	262
-7	-49	-513	1.600	263
-8	-51	-512	1.605	264
-8	-52	-512	1.607	265
-6	-50	-512	1.612	266
-6	-50	-513	1.617	267
-6	-50	-513	1.623	268
-7	-51	-512	1.627	269
-7	-52	-512	1.632	270
-7	-51	-512	1.637	271
-6	-50	-512	1.642	272
-6	-49	-512	1.647	273
-5	-51	-512	1.653	274
-6	-49	-513	1.660	275
-6	-49	-512	1.665	276
-6	-48	-512	1.670	277
-7	-50	-511	1.677	278
-7	-49	-512	1.682	279
-7	-51	-511	1.687	280
-6	-49	-513	1.691	281
-6	-50	-512	1.699	282
-5	-48	-513	1.702	283
-7	-49	-512	1.708	284
-6	-50	-512	1.714	285
-7	-49	-512	1.720	286
-6	-48	-512	1.725	287
-7	-49	-512	1.730	288
-6	-49	-512	1.733	289
-7	-48	-512	1.738	290
-6	-48	-512	1.743	291
-6	-49	-512	1.749	292
-5	-49	-512	1.754	293
-6	-49	-512	1.758	294
-7	-50	-512	1.762	295
-5	-49	-512	1.767	296
-6	-50	-513	1.772	297
-6	-50	-512	1.775	298
-7	-50	-512	1.782	299
-6	-49	-512	1.785	300
-6	-50	-512	1.791	301
-6	-50	-512	1.795	302
-7	-50	-512	1.799	303
-7	-49	-512	1.803	304
-7	-51	-512	1.805	305
-5	-49	-513	1.810	306
-6	-51	-512	1.815	307
-6	-48	-513	1.817	308
-6	-51	-511	1.820	309
-5	-49	-513	1.824	310
-6	-48	-513	1.828	311
-6	-49	-512	1.832	312
-7	-49	-512	1.837	313
-8	-50	-511	1.841	314
-6	-48	-512	1.845	315
-7	-51	-511	1.845	316
-5	-47	-512	1.851	317
-7	-51	-512	1.852	318
-8	-53	-512	1.857	319
-6	-53	-512	1.860	320
-6	-51	-512	1.862	321
-5	-53	-513	1.865	322
-6	-52	-513	1.867	323
-6	-53	-513	1.872	324
-6	-52	-512	1.874	325
-6	-54	-512	1.875	326
-7	-52	-513	1.879	327
-5	-53	-512	1.881	328
-6	-54	-513	1.886	329
-7	-53	-512	1.888	330
-6	-52	-513	1.891	331
-6	-52	-512	1.893	332
-6	-52	-512	1.895	333
-6	-52	-513	1.896	334
-7	-52	-512	1.899	335
-6	-51	-513	1.901	336
-6	-51	-513	1.905	337
-6	-53	-512	1.907	338
-5	-54	-512	1.908	339
-5	-51	-513	1.909	340
-5	-50	-513	1.912	341
-6	-53	-513	1.915	342
-6	-51	-512	1.916	343
-7	-51	-511	1.920	344
-6	-50	-512	1.921	345
-7	-51	-512	1.922	346
-6	-50	-512	1.924	347
-5	-51	-512	1.926	348
-5	-51	-512	1.929	349
-6	-52	-512	1.930	350
-6	-50	-513	1.932	351
-7	-55	-512	1.934	352
-5	-51	-512	1.937	353
-8	-57	-511	1.939	354
-6	-53	-513	1.939	355
-8	-53	-512	1.942	356
-6	-51	-513	1.944	357
-6	-53	-512	1.945	358
-6	-52	-513	1.946	359
-7	-55	-511	1.948	360
-6	-52	-512	1.949	361
-7	-52	-512	1.953	362
-7	-52	-512	1.953	363
-7	-53	-512	1.955	364
-5	-51	-512	1.957	365
-6	-53	-512	1.957	366
-6	-51	-512	1.960	367
-6	-53	-512	1.961	368
-6	-52	-513	1.961	369
-6	-54	-512	1.964	370
-6	-55	-512	1.964	371
-5	-54	-512	1.967	372
-6	-54	-512	1.967	373
-5	-54	-512	1.969	374
-6	-54	-512	1.970	375
-6	-53	-512	1.971	376
-6	-53	-512	1.971	377
-7	-54	-512	1.974	378
-5	-50	-513	1.975	379
-6	-53	-513	1.975	380
-5	-54	-512	1.976	381
-5	-54	-512	1.978	382
-7	-54	-512	1.978	383
-7	-52	-513	1.980	384
-6	-54	-512	1.980	385
-6	-53	-513	1.982	386
-7	-54	-512	1.983	387
-5	-53	-512	1.983	388
-6	-54	-512	1.983	389
-5	-52	-513	1.986	390
-4	-51	-513	1.986	391
-5	-52	-512	1.986	392
-5	-54	-513	1.989	393
-6	-53	-512	1.990	394
-6	-53	-512	1.990	395
-5	-51	-512	1.991	396
-6	-52	-512	1.990	397
-5	-53	-513	1.992	398
-6	-54	-512	1.993	399
-5	-52	-512	1.993	400
-6	-55	-512	1.993	401
-6	-53	-513	1.994	402
-6	-52	-513	1.995	403
-8	-55	-512	1.995	404
-7	-54	-512	1.997	405
-6	-54	-512	1.996	406
-6	-53	-513	1.999	407
-7	-55	-513	1.999	408
-6	-53	-512	1.999	409
-6	-53	-512	1.999	410
-6	-55	-512	2.001	411
-6	-54	-512	2.002	412
-6	-55	-512	2.003	413
-7	-54	-512	2.003	414
-5	-52	-513	2.003	415
-6	-51	-513	2.003	416
-6	-52	-513	2.006	417
-6	-53	-511	2.007	418
-5	-52	-512	2.007	419
-6	-54	-512	2.007	420
-5	-51	-513	2.007	421
-6	-51	-513	2.007	422
-7	-53	-512	2.008	423
-6	-52	-512	2.007	424
-5	-52	-512	2.007	425
-6	-51	-513	2.010	426
-5	-51	-513	2.011	427
-6	-52	-512	2.011	428
-6	-53	-512	2.011	429
-4	-52	-512	2.012	430
-5	-54	-512	2.011	431
-5	-52	-513	2.011	432
-6	-55	-512	2.013	433
-5	-53	-512	2.014	434
-5	-53	-513	2.012	435
-6	-54	-512	2.012	436
-6	-53	-512	2.015	437
-6	-55	-512	2.015	438
-5	-53	-512	2.014	439
-5	-53	-512	2.015	440
-5	-53	-513	2.016	441
-6	-53	-512	2.015	442
-6	-53	-512	2.017	443
-5	-51	-512	2.018	444
-6	-53	-512	2.017	445
-5	-52	-513	2.019	446
-6	-52	-513	2.019	447
-6	-52	-512	2.019	448
-7	-54	-512	2.018	449
-5	-53	-512	2.020	450
-6	-52	-512	2.019	451
-5	-51	-512	2.019	452
-6	-51	-512	2.020	453
-6	-53	-511	2.020	454
-5	-52	-513	2.020	455
-5	-55	-511	2.019	456
-6	-52	-513	2.022	457
-6	-52	-512	2.022	458
-7	-55	-512	2.020	459
-6	-53	-512	2.023	460
-6	-53	-512	2.022	461
-7	-54	-512	2.020	462
-6	-52	-512	2.023	463
-7	-54	-512	2.023	464
-5	-53	-512	2.022	465
-5	-49	-513	2.023	466
-6	-52	-511	2.023	467
-5	-52	-512	2.024	468
-5	-52	-512	2.023	469
-6	-51	-512	2.024	470
-7	-54	-512	2.025	471
-6	-53	-512	2.023	472
-8	-56	-511	2.025	473
-6	-54	-512	2.024	474
-5	-51	-513	2.025	475
-6	-52	-512	2.026	476
-6	-53	-512	2.025	477
-5	-52	-513	2.024	478
-6	-51	-513	2.026	479
-6	-53	-513	2.025	480
-7	-55	-512	2.027	481
-7	-55	-512	2.025	482
-6	-54	-512	2.025	483
-6	-54	-512	2.028	484
-7	-56	-512	2.026	485
-6	-52	-513	2.028	486
-7	-55	-512	2.028	487
-7	-55	-512	2.027	488
-6	-54	-513	2.028	489
-6	-54	-512	2.028	490
-7	-55	-512	2.028	491
-5	-54	-512	2.028	492
-5	-53	-513	2.029	493
-7	-56	-512	2.030	494
-6	-54	-512	2.030	495
-7	-55	-512	2.030	496
-6	-53	-512	2.031	497
-7	-54	-512	2.029	498
-6	-53	-513	2.030	499
-6	-54	-512	2.029	500
-6	-52	-513	2.030	501
-6	-55	-511	2.030	502
-5	-52	-512	2.032	503
-6	-55	-512	2.030	504
-5	-55	-512	2.032	505
-6	-54	-512	2.030	506
-7	-54	-512	2.032	507
-6	-54	-512	2.032	508
-6	-53	-512	2.032	509
-6	-53	-513	2.031	510
-7	-54	-512	2.031	511
-7	-53	-512	2.031	512
-6	-55	-512	2.031	513
-6	-55	-512	2.032	514
-6	-55	-513	2.032	515
-6	-55	-512	2.032	516
-6	-55	-512	2.031	517
-6	-55	-512	2.031	518
-7	-56	-512	2.031	519
-5	-53	-513	2.032	520
-5	-52	-513	2.031	521
-6	-55	-512	2.031	522
-6	-53	-512	2.032	523
-6	-53	-513	2.031	524
-6	-54	-512	2.032	525
-6	-55	-511	2.030	526
-6	-55	-511	2.031	527
-5	-52	-513	2.033	528
-6	-53	-512	2.031	529
-6	-54	-511	2.031	530
-5	-52	-513	2.032	531
-6	-55	-511	2.030	532
-6	-56	-511	2.032	533
-6	-54	-512	2.032	534
-6	-53	-512	2.032	535
-6	-55	-512	2.031	536
-6	-54	-513	2.031	537
-6	-54	-512	2.034	538
-6	-56	-511	2.032	539
-7	-56	-512	2.031	540
-6	-54	-513	2.032	541
-6	-55	-512	2.033	542
-6	-53	-513	2.032	543
-7	-56	-511	2.032	544
-5	-55	-513	2.032	545
-5	-53	-513	2.031	546
-6	-55	-512	2.031	547
-6	-53	-512	2.032	548
-5	-53	-512	2.032	549
-6	-53	-512	2.032	550
-6	-54	-512	2.033	551
-6	-52	-512	2.032	552
-6	-53	-512	2.032	553
-6	-55	-511	2.031	554
-6	-53	-512	2.032	555
-6	-53	-512	2.032	556
-5	-53	-513	2.032	557
-6	-55	-511	2.032	558
-6	-53	-512	2.032	559
-7	-55	-511	2.032	560
-7	-53	-513	2.030	561
-6	-55	-512	2.031	562
-6	-55	-513	2.031	563
-7	-56	-512	2.030	564
-7	-56	-512	2.032	565
-8	-57	-512	2.032	566
-6	-55	-513	2.032	567
-6	-55	-512	2.032	568
-6	-56	-512	2.032	569
-6	-55	-512	2.031	570
-10	-59	-511	2.032	571
-7	-56	-512	2.031	572
-6	-53	-513	2.032	573
-8	-53	-512	2.030	574
-6	-53	-513	2.032	575
-7	-56	-512	2.032	576
-6	-55	-512	2.032	577
-8	-57	-512	2.032	578
-6	-55	-512	2.030	579
-6	-54	-513	2.031	580
-7	-55	-512	2.031	581
-6	-56	-512	2.031	582
-6	-56	-512	2.031	583
-6	-53	-512	2.031	584
-7	-54	-512	2.031	585
-7	-54	-512	2.032	586
-7	-55	-512	2.030	587
-6	-56	-512	2.030	588
-8	-59	-511	2.028	589
-7	-57	-512	2.029	590
-7	-55	-512	2.029	591
-6	-55	-513	2.031	592
-7	-56	-511	2.028	593
-6	-55	-512	2.028	594
-8	-57	-512	2.028	595
-7	-57	-512	2.028	596
-6	-56	-512	2.029	597
-6	-55	-512	2.030	598
-6	-55	-512	2.028	599
0.000000 0.000000 0.000000 0.000000 0.000000
-13	-48	-512	1.119	5
-16	-49	-511	1.190	6
-10	-49	-514	1.249	7
-13	-53	-513	1.304	8
-10	-49	-515	1.353	9
-15	-51	-512	1.394	10
-12	-50	-513	1.435	11
-15	-48	-512	1.470	12
-14	-48	-513	1.504	13
-15	-50	-512	1.533	14
-13	-51	-512	1.559	15
-13	-50	-513	1.586	16
-12	-53	-513	1.610	17
-12	-51	-513	1.631	18
-13	-57	-512	1.651	19
-14	-56	-512	1.671	20
-13	-55	-511	1.689	21
-13	-53	-512	1.708	22
-11	-53	-513	1.723	23
-12	-53	-513	1.740	24
-14	-56	-511	1.752	25
-13	-56	-512	1.768	26
-13	-55	-512	1.780	27
-12	-56	-512	1.794	28
-11	-53	-513	1.806	29
-11	-54	-514	1.817	30
-12	-56	-512	1.828	31
-12	-57	-512	1.838	32
-12	-57	-511	1.850	33
-13	-56	-511	1.858	34
-12	-58	-512	1.869	35
-12	-58	-512	1.878	36
-11	-57	-512	1.887	37
-11	-56	-512	1.895	38
-12	-57	-511	1.902	39
-12	-58	-512	1.910	40
-13	-58	-512	1.916	41
-12	-58	-511	1.923	42
-10	-56	-513	1.931	43
-11	-56	-513	1.937	44
-11	-58	-513	1.943	45
-12	-58	-512	1.947	46
-12	-57	-512	1.953	47
-13	-59	-512	1.960	48
-11	-57	-513	1.966	49
-12	-58	-512	1.970	50
-12	-59	-512	1.974	51
-12	-60	-511	1.979	52
-11	-59	-511	1.984	53
-11	-58	-512	1.986	54
-10	-55	-513	1.990	55
-12	-58	-512	1.995	56
-12	-58	-512	1.997	57
-12	-58	-512	2.000	58
-12	-58	-512	2.003	59
-13	-59	-512	2.007	60
-12	-57	-512	2.010	61
-12	-59	-512	2.015	62
-11	-56	-513	2.018	63
-11	-57	-513	2.019	64
-11	-58	-511	2.021	65
-12	-58	-512	2.026	66
-10	-56	-513	2.028	67
-11	-56	-513	2.031	68
-12	-59	-512	2.034	69
-11	-57	-513	2.034	70
-12	-58	-512	2.037	71
-12	-58	-511	2.040	72
-12	-59	-512	2.040	73
-12	-59	-511	2.043	74
-12	-58	-512	2.044	75
-12	-58	-513	2.045	76
-13	-59	-512	2.047	77
-11	-58	-512	2.050	78
-11	-60	-512	2.050	79
-10	-57	-513	2.052	80
-11	-59	-512	2.053	81
-11	-56	-513	2.055	82
-13	-60	-510	2.055	83
-11	-57	-512	2.056	84
-11	-57	-512	2.057	85
-11	-58	-512	2.059	86
-11	-57	-512	2.063	87
-11	-57	-512	2.061	88
-10	-57	-512	2.063	89
-9	-57	-512	2.063	90
-10	-56	-513	2.063	91
-11	-57	-512	2.066	92
-12	-58	-512	2.068	93
-11	-58	-512	2.069	94
-11	-57	-513	2.067	95
-12	-59	-512	2.067	96
-12	-58	-512	2.069	97
-13	-59	-512	2.069	98
-12	-60	-511	2.070	99
-11	-58	-512	2.070	100
-11	-58	-513	2.071	101
-12	-58	-512	2.073	102
-10	-58	-512	2.071	103
-12	-60	-512	2.071	104
-12	-62	-511	2.070	105
-11	-60	-512	2.069	106
-12	-60	-512	2.069	107
-12	-62	-513	2.067	108
-11	-61	-512	2.068	109
-11	-60	-512	2.068	110
-11	-59	-512	2.066	111
-10	-59	-512	2.065	112
-11	-61	-512	2.065	113
-11	-60	-512	2.065	114
-11	-59	-513	2.065	115
-11	-59	-512	2.064	116
-11	-59	-512	2.063	117
-11	-59	-512	2.064	118
-12	-61	-511	2.064	119
-12	-59	-512	2.066	120
-12	-59	-511	2.065	121
-11	-58	-512	2.065	122
-11	-60	-511	2.065	123
-10	-58	-513	2.063	124
-12	-61	-511	2.066	125
-11	-60	-512	2.065	126
-10	-60	-512	2.066	127
-12	-61	-511	2.065	128
-12	-62	-511	2.065	129
-11	-60	-513	2.065	130
-11	-60	-513	2.064	131
-10	-60	-512	2.063	132
-11	-60	-512	2.061	133
-11	-61	-512	2.063	134
-10	-60	-512	2.060	135
-10	-59	-512	2.057	136
-11	-60	-511	2.059	137
-10	-59	-512	2.057	138
-10	-58	-513	2.059	139
-11	-58	-513	2.059	140
-11	-58	-512	2.059	141
-11	-58	-512	2.059	142
-12	-60	-512	2.059	143
-12	-60	-511	2.059	144
-10	-57	-513	2.061	145
-10	-59	-512	2.059	146
-12	-57	-513	2.060	147
-11	-58	-512	2.061	148
-12	-57	-512	2.063	149
-12	-61	-510	2.061	150
-12	-57	-512	2.063	151
-11	-60	-512	2.064	152
-12	-60	-511	2.065	153
-12	-60	-512	2.064	154
-11	-59	-513	2.061	155
-11	-59	-512	2.064	156
-12	-59	-512	2.063	157
-10	-58	-513	2.063	158
-12	-61	-512	2.061	159
-11	-61	-512	2.060	160
-11	-61	-512	2.061	161
-14	-62	-511	2.058	162
-12	-62	-511	2.057	163
-11	-61	-512	2.058	164
-10	-60	-513	2.056	165
-11	-61	-513	2.054	166
-11	-61	-513	2.053	167
-13	-61	-512	2.055	168
-11	-61	-512	2.052	169
-12	-60	-512	2.053	170
-11	-61	-512	2.052	171
-11	-61	-512	2.051	172
-12	-61	-511	2.049	173
-12	-61	-511	2.048	174
-13	-61	-511	2.048	175
-11	-60	-513	2.051	176
-11	-61	-512	2.049	177
-12	-62	-512	2.050	178
-13	-63	-511	2.050	179
-11	-64	-512	2.048	180
-11	-63	-512	2.048	181
-11	-62	-512	2.047	182
-12	-64	-511	2.046	183
-12	-63	-512	2.044	184
-12	-63	-511	2.044	185
-10	-61	-513	2.043	186
-11	-62	-512	2.041	187
-11	-63	-511	2.042	188
-11	-62	-512	2.040	189
-11	-61	-512	2.041	190
-11	-61	-511	2.038	191
-12	-62	-512	2.039	192
-12	-61	-513	2.040	193
-13	-63	-511	2.039	194
-12	-60	-513	2.038	195
-13	-64	-510	2.038	196
-11	-62	-512	2.039	197
-11	-62	-512	2.038	198
-11	-60	-513	2.039	199
-13	-63	-511	2.037	200
-12	-61	-512	2.040	201
-12	-62	-512	2.038	202
-13	-62	-511	2.040	203
-12	-62	-512	2.038	204
-11	-62	-512	2.038	205
-12	-63	-510	2.039	206
-12	-61	-513	2.038	207
-12	-62	-511	2.036	208
-12	-61	-512	2.038	209
-12	-62	-512	2.037	210
-11	-61	-512	2.035	211
-11	-61	-513	2.036	212
-11	-63	-511	2.036	213
-10	-62	-512	2.036	214
-11	-61	-512	2.036	215
-13	-63	-511	2.036	216
-11	-62	-512	2.035	217
-11	-61	-512	2.038	218
-11	-62	-512	2.038	219
-13	-63	-511	2.036	220
-12	-62	-511	2.037	221
-11	-61	-512	2.036	222
-12	-63	-511	2.036	223
-11	-60	-512	2.037	224
-12	-60	-512	2.038	225
-11	-61	-512	2.038	226
-11	-62	-512	2.037	227
-12	-61	-513	2.039	228
-11	-61	-512	2.038	229
-10	-61	-513	2.039	230
-11	-62	-512	2.042	231
-12	-64	-511	2.041	232
-11	-61	-513	2.042	233
-12	-63	-512	2.042	234
-12	-61	-511	2.040	235
-14	-62	-512	2.042	236
-12	-57	-513	2.041	237
-11	-60	-511	2.042	238
-12	-57	-513	2.042	239
-13	-60	-512	2.042	240
-14	-60	-511	2.044	241
-12	-59	-512	2.045	242
-11	-58	-512	2.046	243
-12	-62	-511	2.046	244
-11	-59	-513	2.048	245
-11	-59	-512	2.050	246
-11	-59	-512	2.051	247
-10	-57	-513	2.053	248
-7	-59	-511	2.053	249
-16	-60	-510	2.055	250
-12	-58	-512	2.057	251
-13	-60	-512	2.059	252
-11	-61	-511	2.063	253
-11	-56	-513	2.064	254
-12	-59	-511	2.065	255
-13	-59	-511	2.066	256
-10	-56	-512	2.068	257
-11	-58	-512	2.069	258
-13	-60	-511	2.073	259
-10	-57	-513	2.073	260
-12	-59	-512	2.075	261
-13	-60	-511	2.076	262
-12	-59	-512	2.078	263
-11	-59	-513	2.079	264
-12	-59	-512	2.080	265
-12	-58	-512	2.081	266
-12	-59	-512	2.082	267
-11	-57	-513	2.084	268
-12	-58	-512	2.084	269
-13	-60	-511	2.085	270
-12	-59	-512	2.086	271
-12	-57	-512	2.089	272
-13	-60	-511	2.089	273
-11	-57	-513	2.090	274
-13	-59	-511	2.090	275
-13	-60	-513	2.090	276
-12	-59	-512	2.092	277
-12	-60	-511	2.092	278
-11	-58	-513	2.092	279
-12	-59	-512	2.093	280
-13	-60	-511	2.092	281
-11	-59	-512	2.092	282
-12	-57	-512	2.094	283
-12	-59	-511	2.095	284
-9	-57	-513	2.096	285
-11	-60	-511	2.096	286
-10	-57	-513	2.098	287
-12	-60	-511	2.097	288
-11	-59	-512	2.097	289
-12	-59	-511	2.097	290
-12	-60	-512	2.100	291
-11	-58	-512	2.099	292
-12	-59	-513	2.098	293
-12	-60	-511	2.098	294
-12	-60	-512	2.101	295
-11	-59	-512	2.099	296
-12	-59	-512	2.100	297
-11	-59	-512	2.098	298
-12	-60	-511	2.098	299
-11	-58	-512	2.098	300
-11	-59	-511	2.098	301
-11	-59	-512	2.099	302
-12	-60	-512	2.100	303
-12	-61	-511	2.098	304
-10	-59	-512	2.099	305
-11	-58	-513	2.098	306
-10	-58	-512	2.100	307
-12	-57	-512	2.098	308
-13	-59	-512	2.098	309
-11	-55	-513	2.099	310
-12	-60	-511	2.101	311
-12	-59	-512	2.102	312
-12	-60	-512	2.102	313
-11	-60	-512	2.103	314
-12	-59	-512	2.103	315
-12	-59	-512	2.102	316
-12	-59	-512	2.102	317
-11	-59	-512	2.103	318
-11	-59	-512	2.105	319
-13	-58	-512	2.105	320
-12	-60	-511	2.106	321
-11	-60	-512	2.107	322
-10	-59	-513	2.105	323
-12	-61	-511	2.106	324
-12	-61	-511	2.106	325
-13	-60	-512	2.106	326
-12	-59	-512	2.105	327
-11	-59	-512	2.103	328
-11	-58	-512	2.106	329
-11	-59	-513	2.105	330
-13	-60	-511	2.105	331
-12	-58	-512	2.105	332
-12	-58	-512	2.105	333
-11	-59	-512	2.108	334
-11	-58	-513	2.106	335
-10	-57	-513	2.107	336
-11	-59	-512	2.108	337
-11	-59	-512	2.109	338
-13	-59	-512	2.108	339
-12	-58	-512	2.111	340
-11	-59	-512	2.111	341
-12	-59	-512	2.111	342
-12	-58	-512	2.110	343
-12	-58	-512	2.112	344
-11	-58	-512	2.113	345
-11	-58	-512	2.111	346
-12	-60	-512	2.115	347
-12	-59	-513	2.114	348
-11	-60	-512	2.113	349
-11	-59	-513	2.115	350
-11	-60	-512	2.115	351
-13	-61	-511	2.115	352
-11	-60	-512	2.112	353
-12	-60	-512	2.111	354
-12	-58	-513	2.110	355
-13	-61	-511	2.111	356
-11	-59	-512	2.109	357
-11	-58	-513	2.109	358
-12	-61	-512	2.109	359
-11	-59	-512	2.109	360
-13	-61	-511	2.110	361
-11	-58	-512	2.110	362
-12	-60	-512	2.111	363
-12	-60	-512	2.108	364
-14	-60	-512	2.108	365
-11	-60	-512	2.109	366
-11	-60	-512	2.110	367
-13	-61	-512	2.111	368
-12	-62	-512	2.110	369
-12	-60	-512	2.108	370
-12	-62	-511	2.108	371
-11	-61	-511	2.109	372
-12	-60	-513	2.109	373
-12	-60	-512	2.107	374
-12	-60	-512	2.107	375
-12	-62	-511	2.105	376
-11	-63	-512	2.107	377
-12	-57	-513	2.106	378
-14	-60	-512	2.104	379
-12	-64	-510	2.105	380
-10	-62	-513	2.103	381
-11	-61	-513	2.102	382
-12	-61	-512	2.103	383
-11	-62	-513	2.102	384
-13	-62	-512	2.102	385
-13	-61	-513	2.098	386
-11	-61	-513	2.098	387
-12	-62	-512	2.098	388
-13	-63	-512	2.095	389
-15	-63	-511	2.097	390
-14	-64	-511	2.096	391
-10	-61	-513	2.094	392
-12	-63	-513	2.095	393
-14	-66	-510	2.094	394
-12	-63	-512	2.092	395
-13	-65	-511	2.090	396
-12	-63	-512	2.090	397
-13	-64	-512	2.090	398
-13	-66	-510	2.087	399
-14	-63	-512	2.089	400
-11	-63	-513	2.086	401
-16	-68	-510	2.086	402
-13	-67	-510	2.084	403
-11	-64	-512	2.084	404
-12	-66	-510	2.082	405
-13	-65	-511	2.082	406
-11	-66	-511	2.081	407
-12	-66	-512	2.079	408
-11	-66	-512	2.079	409
-10	-64	-513	2.078	410
-12	-65	-512	2.076	411
-12	-64	-512	2.078	412
-12	-67	-511	2.075	413
-13	-67	-511	2.074	414
-11	-61	-514	2.074	415
-13	-64	-512	2.074	416
-12	-64	-512	2.074	417
-11	-63	-512	2.074	418
-11	-63	-513	2.076	419
-14	-66	-510	2.075	420
-12	-61	-514	2.073	421
-13	-63	-510	2.073	422
-12	-60	-514	2.073	423
-11	-61	-513	2.074	424
-12	-64	-511	2.074	425
-11	-62	-513	2.076	426
-12	-65	-511	2.077	427
-11	-63	-513	2.076	428
-12	-63	-512	2.077	429
-13	-64	-512	2.076	430
-13	-65	-512	2.076	431
-13	-65	-511	2.077	432
-12	-64	-511	2.078	433
-13	-63	-513	2.078	434
-13	-65	-510	2.078	435
-13	-66	-511	2.079	436
-12	-64	-512	2.078	437
-14	-65	-511	2.078	438
-12	-65	-512	2.077	439
-11	-64	-512	2.078	440
-13	-66	-510	2.079	441
-12	-61	-513	2.078	442
-11	-62	-511	2.077	443
-11	-60	-513	2.078	444
-11	-61	-512	2.080	445
-12	-60	-512	2.081	446
-11	-58	-513	2.083	447
-12	-60	-512	2.086	448
-12	-60	-511	2.087	449
-13	-60	-512	2.087	450
-12	-59	-513	2.090	451
-12	-60	-512	2.093	452
-12	-59	-512	2.094	453
-12	-60	-513	2.097	454
-11	-59	-512	2.100	455
-11	-59	-513	2.102	456
-12	-59	-513	2.104	457
-12	-60	-512	2.105	458
-11	-59	-512	2.105	459
-11	-59	-513	2.108	460
-11	-60	-512	2.108	461
-12	-59	-512	2.107	462
-13	-61	-512	2.110	463
-12	-59	-513	2.110	464
-12	-61	-512	2.111	465
-12	-61	-512	2.111	466
-13	-61	-511	2.113	467
-12	-59	-513	2.115	468
-13	-61	-511	2.115	469
-12	-60	-512	2.115	470
-13	-60	-512	2.115	471
-11	-60	-512	2.116	472
-12	-59	-512	2.116	473
-12	-60	-512	2.116	474
-12	-60	-512	2.118	475
-12	-61	-511	2.115	476
-12	-60	-512	2.118	477
-12	-60	-512	2.119	478
-11	-60	-512	2.119	479
-12	-60	-512	2.118	480
-11	-59	-512	2.119	481
-12	-60	-512	2.120	482
-11	-59	-513	2.120	483
-12	-61	-511	2.122	484
-11	-59	-512	2.120	485
-12	-60	-512	2.123	486
-11	-58	-513	2.123	487
-12	-59	-512	2.123	488
-13	-61	-511	2.125	489
-12	-59	-513	2.126	490
-12	-60	-512	2.126	491
-12	-59	-512	2.126	492
-12	-60	-512	2.128	493
-12	-60	-513	2.128	494
-12	-61	-511	2.128	495
-11	-60	-513	2.127	496
-12	-62	-512	2.127	497
-12	-61	-511	2.127	498
-10	-59	-514	2.126	499
-11	-61	-512	2.127	500
-12	-60	-512	2.126	501
-10	-60	-513	2.126	502
-11	-59	-513	2.125	503
-13	-61	-511	2.127	504
-12	-61	-512	2.125	505
-11	-60	-513	2.126	506
-11	-61	-512	2.125	507
-12	-61	-512	2.127	508
-11	-61	-512	2.127	509
-11	-59	-512	2.127	510
-11	-60	-512	2.125	511
-12	-59	-512	2.127	512
-12	-60	-512	2.125	513
-12	-60	-511	2.126	514
-12	-60	-512	2.126	515
-13	-61	-512	2.127	516
-11	-61	-512	2.130	517
-11	-60	-512	2.128	518
-13	-61	-512	2.127	519
-13	-61	-511	2.128	520
-13	-62	-511	2.127	521
-11	-60	-513	2.129	522
-13	-62	-511	2.129	523
-12	-61	-512	2.127	524
-13	-62	-512	2.129	525
-12	-63	-512	2.127	526
-15	-66	-509	2.127	527
-13	-64	-512	2.127	528
-13	-65	-511	2.127	529
-11	-64	-512	2.125	530
-12	-64	-513	2.123	531
-11	-63	-513	2.123	532
-12	-66	-510	2.118	533
-11	-64	-513	2.119	534
-11	-65	-512	2.118	535
-14	-65	-511	2.116	536
-12	-65	-511	2.116	537
-11	-65	-513	2.115	538
-11	-64	-512	2.115	539
-12	-64	-513	2.113	540
-11	-63	-512	2.112	541
-12	-68	-509	2.111	542
-12	-65	-511	2.111	543
-12	-66	-511	2.110	544
-12	-66	-512	2.110	545
-11	-65	-513	2.110	546
-12	-67	-510	2.109	547
-12	-65	-512	2.107	548
-11	-67	-511	2.109	549
-12	-65	-513	2.107	550
-13	-68	-511	2.106	551
-12	-66	-512	2.106	552
-13	-66	-512	2.103	553
-12	-67	-512	2.103	554
-12	-67	-511	2.103	555
-13	-67	-512	2.102	556
-12	-68	-511	2.102	557
-11	-65	-514	2.102	558
-12	-65	-512	2.099	559
-12	-66	-512	2.099	560
-12	-66	-513	2.099	561
-11	-65	-512	2.099	562
-11	-66	-513	2.098	563
-12	-65	-512	2.100	564
-14	-67	-511	2.098	565
-10	-64	-514	2.099	566
-13	-67	-510	2.100	567
-12	-66	-511	2.098	568
-13	-67	-511	2.098	569
-12	-66	-511	2.098	570
-12	-66	-512	2.098	571
-12	-67	-512	2.098	572
-14	-69	-511	2.098	573
-13	-67	-512	2.098	574
-12	-67	-512	2.096	575
-12	-68	-511	2.097	576
-10	-68	-513	2.097	577
-12	-68	-512	2.096	578
-14	-69	-511	2.095	579
-14	-69	-511	2.095	580
-12	-68	-512	2.094	581
-14	-69	-511	2.095	582
-13	-68	-512	2.093	583
-12	-67	-512	2.093	584
-13	-67	-512	2.091	585
-13	-70	-510	2.093	586
-11	-66	-513	2.092	587
-12	-67	-512	2.093	588
-12	-69	-512	2.094	589
-13	-70	-511	2.094	590
-12	-68	-512	2.092	591
-11	-68	-513	2.092	592
-12	-70	-510	2.092	593
-11	-67	-512	2.090	594
-13	-69	-512	2.090	595
-13	-69	-512	2.090	596
-14	-71	-509	2.090	597
-15	-71	-510	2.089	598
-11	-69	-511	2.090	599
0.000000 0.000000 0.000000 0.000000 0.000000
-27	-44	-526	0.351	5
-9	-32	-509	0.395	6
-21	-31	-513	0.451	7
-23	-55	-526	0.501	8
-25	-51	-495	0.556	9
-10	-56	-517	0.607	10
-3	-57	-514	0.650	11
-13	-52	-514	0.686	12
-16	-46	-511	0.716	13
-10	-59	-511	0.743	14
-6	-58	-515	0.770	15
-11	-55	-513	0.791	16
-11	-55	-512	0.812	17
-11	-51	-513	0.831	18
-12	-50	-513	0.848	19
-12	-52	-512	0.863	20
-12	-52	-512	0.878	21
-11	-52	-511	0.891	22
-12	-51	-512	0.904	23
-12	-51	-511	0.915	24
-11	-53	-512	0.927	25
-11	-52	-513	0.936	26
-11	-56	-511	0.948	27
-11	-55	-512	0.958	28
-13	-51	-512	0.967	29
-11	-54	-512	0.977	30
-12	-53	-512	0.986	31
-11	-56	-513	0.994	32
-13	-55	-511	1.002	33
-12	-58	-511	1.010	34
-11	-54	-513	1.015	35
-11	-56	-513	1.023	36
-11	-58	-512	1.030	37
-10	-58	-513	1.038	38
-11	-55	-513	1.043	39
-10	-59	-512	1.050	40
-10	-61	-511	1.055	41
-11	-59	-511	1.062	42
-10	-58	-512	1.067	43
-9	-60	-513	1.072	44
-11	-57	-512	1.077	45
-8	-60	-513	1.083	46
-9	-60	-513	1.088	47
-10	-60	-512	1.094	48
-10	-60	-512	1.098	49
-10	-60	-511	1.102	50
-10	-60	-512	1.106	51
-10	-60	-512	1.112	52
-11	-58	-513	1.115	53
-10	-61	-512	1.120	54
-8	-62	-512	1.123	55
-8	-63	-512	1.128	56
-9	-62	-512	1.132	57
-11	-60	-511	1.136	58
-10	-60	-512	1.138	59
-9	-63	-511	1.142	60
-9	-61	-513	1.144	61
-9	-62	-513	1.150	62
-9	-62	-512	1.153	63
-11	-61	-511	1.156	64
-11	-60	-513	1.159	65
-11	-61	-511	1.161	66
-11	-62	-510	1.164	67
-10	-62	-512	1.168	68
-9	-63	-512	1.172	69
-8	-65	-512	1.174	70
-9	-62	-513	1.176	71
-9	-63	-511	1.178	72
-9	-62	-512	1.181	73
-9	-63	-512	1.183	74
-8	-62	-513	1.187	75
-9	-62	-512	1.188	76
-8	-63	-512	1.191	77
-10	-63	-512	1.193	78
-10	-62	-512	1.195	79
-10	-62	-512	1.198	80
-9	-62	-512	1.198	81
-9	-64	-511	1.202	82
-10	-64	-512	1.202	83
-9	-63	-512	1.205	84
-10	-63	-513	1.206	85
-9	-63	-512	1.210	86
-10	-63	-512	1.210	87
-10	-63	-512	1.214	88
-9	-64	-511	1.214	89
-9	-64	-513	1.217	90
-9	-64	-512	1.216	91
-8	-64	-512	1.218	92
-8	-64	-512	1.220	93
-8	-65	-512	1.222	94
-8	-65	-512	1.222	95
-8	-66	-511	1.224	96
-9	-64	-512	1.224	97
-9	-65	-511	1.227	98
-8	-64	-513	1.228	99
-10	-63	-512	1.229	100
-9	-63	-512	1.231	101
-9	-63	-512	1.231	102
-10	-63	-512	1.232	103
-9	-63	-512	1.235	104
-8	-64	-512	1.235	105
-9	-64	-511	1.238	106
-9	-64	-512	1.236	107
-8	-63	-513	1.239	108
-9	-64	-511	1.239	109
-9	-65	-512	1.238	110
-9	-64	-512	1.241	111
-10	-64	-512	1.243	112
-9	-64	-512	1.243	113
-11	-65	-512	1.243	114
-8	-65	-512	1.244	115
-9	-65	-512	1.247	116
-9	-66	-512	1.246	117
-9	-64	-513	1.246	118
-9	-63	-513	1.246	119
-9	-65	-512	1.249	120
-9	-64	-512	1.250	121
-10	-64	-513	1.247	122
-11	-65	-511	1.251	123
-10	-64	-512	1.249	124
-9	-65	-511	1.252	125
-8	-64	-513	1.251	126
-9	-65	-512	1.251	127
-7	-64	-514	1.252	128
-8	-65	-512	1.252	129
-9	-65	-511	1.255	130
-10	-65	-512	1.254	131
-9	-66	-512	1.253	132
-9	-66	-512	1.255	133
-10	-65	-513	1.256	134
-10	-65	-512	1.255	135
-10	-66	-511	1.255	136
-11	-65	-511	1.256	137
-9	-66	-511	1.257	138
-9	-66	-511	1.259	139
-11	-66	-511	1.256	140
-11	-63	-512	1.256	141
-11	-64	-512	1.257	142
-8	-65	-512	1.259	143
-11	-63	-512	1.260	144
-9	-63	-511	1.257	145
-9	-63	-512	1.260	146
-13	-63	-511	1.259	147
-11	-65	-511	1.260	148
-12	-65	-510	1.260	149
-9	-64	-513	1.262	150
-8	-67	-512	1.262	151
-9	-67	-512	1.262	152
-9	-64	-514	1.264	153
-9	-66	-513	1.264	154
-10	-65	-512	1.265	155
-11	-66	-511	1.264	156
-10	-65	-513	1.264	157
-10	-66	-512	1.265	158
-11	-64	-511	1.264	159
-10	-65	-510	1.265	160
-9	-63	-511	1.265	161
-10	-63	-511	1.264	162
-9	-65	-512	1.264	163
-10	-67	-511	1.267	164
-10	-65	-511	1.267	165
-8	-66	-513	1.268	166
-8	-65	-511	1.265	167
-9	-64	-513	1.268	168
-8	-64	-513	1.266	169
-8	-66	-511	1.267	170
-10	-64	-512	1.267	171
-9	-65	-511	1.268	172
-8	-64	-512	1.268	173
-9	-66	-509	1.268	174
-9	-63	-512	1.268	175
-8	-64	-513	1.268	176
-9	-65	-511	1.268	177
-7	-65	-513	1.268	178
-9	-65	-512	1.270	179
-9	-68	-511	1.268	180
-8	-67	-511	1.270	181
-8	-65	-513	1.272	182
-9	-68	-512	1.271	183
-9	-69	-511	1.270	184
-9	-68	-512	1.272	185
-10	-68	-511	1.272	186
-10	-68	-509	1.271	187
-8	-67	-512	1.271	188
-9	-66	-511	1.269	189
-10	-67	-511	1.268	190
-10	-67	-511	1.270	191
-9	-65	-512	1.270	192
-9	-65	-512	1.268	193
-9	-65	-512	1.268	194
-10	-65	-511	1.268	195
-10	-65	-511	1.268	196
-8	-66	-511	1.270	197
-9	-65	-513	1.270	198
-9	-64	-513	1.268	199
-9	-66	-511	1.270	200
-9	-66	-511	1.270	201
-9	-67	-511	1.268	202
-8	-65	-514	1.270	203
-9	-67	-511	1.269	204
-8	-67	-512	1.269	205
-9	-66	-513	1.271	206
-9	-69	-511	1.272	207
-9	-65	-511	1.271	208
-10	-67	-509	1.272	209
-10	-66	-512	1.271	210
-10	-66	-511	1.270	211
-8	-64	-513	1.270	212
-9	-65	-511	1.272	213
-9	-65	-512	1.272	214
-9	-65	-511	1.272	215
-8	-65	-511	1.272	216
-9	-65	-512	1.272	217
-9	-64	-513	1.271	218
-9	-66	-511	1.272	219
-9	-64	-512	1.272	220
-9	-64	-511	1.272	221
-8	-65	-511	1.271	222
-9	-64	-511	1.272	223
-10	-64	-512	1.273	224
-10	-64	-510	1.272	225
-9	-62	-512	1.273	226
-9	-64	-512	1.273	227
-9	-66	-511	1.274	228
-7	-65	-512	1.273	229
-8	-65	-512	1.273	230
-8	-64	-512	1.274	231
-8	-65	-512	1.276	232
-8	-65	-513	1.276	233
-7	-64	-512	1.275	234
-7	-64	-512	1.277	235
-7	-65	-512	1.276	236
-9	-64	-512	1.276	237
-8	-64	-512	1.278	238
-10	-65	-511	1.278	239
-10	-64	-511	1.277	240
-9	-63	-512	1.276	241
-8	-65	-511	1.277	242
-8	-64	-513	1.278	243
-8	-64	-512	1.280	244
-9	-65	-511	1.278	245
-9	-65	-512	1.277	246
-8	-64	-512	1.280	247
-8	-66	-512	1.279	248
-7	-64	-513	1.280	249
-8	-64	-512	1.278	250
-9	-64	-512	1.278	251
-8	-64	-512	1.280	252
-7	-65	-512	1.281	253
-8	-64	-512	1.281	254
-8	-65	-511	1.280	255
-9	-64	-512	1.280	256
-9	-65	-511	1.281	257
-9	-64	-512	1.280	258
-8	-64	-511	1.280	259
-8	-63	-513	1.279	260
-7	-65	-512	1.279	261
-8	-65	-512	1.281	262
-9	-64	-513	1.280	263
-9	-65	-512	1.280	264
-8	-64	-512	1.279	265
-9	-65	-512	1.280	266
-9	-65	-511	1.281	267
-8	-64	-512	1.281	268
-9	-64	-512	1.281	269
-9	-65	-510	1.281	270
-8	-66	-510	1.279	271
-8	-64	-512	1.280	272
-8	-64	-512	1.280	273
-8	-65	-512	1.281	274
-9	-64	-512	1.280	275
-9	-64	-511	1.280	276
-8	-65	-511	1.279	277
-8	-64	-512	1.280	278
-9	-62	-512	1.282	279
-8	-63	-512	1.281	280
-8	-64	-512	1.281	281
-9	-63	-512	1.281	282
-9	-64	-512	1.280	283
-8	-63	-512	1.281	284
-9	-64	-511	1.281	285
-9	-64	-511	1.281	286
-9	-65	-511	1.281	287
-8	-63	-512	1.281	288
-8	-63	-512	1.283	289
-8	-64	-511	1.284	290
-8	-63	-512	1.281	291
-8	-61	-513	1.284	292
-9	-64	-512	1.281	293
-8	-61	-513	1.281	294
-10	-62	-511	1.283	295
-8	-62	-512	1.283	296
-8	-62	-512	1.282	297
-8	-63	-512	1.282	298
-9	-65	-511	1.283	299
-8	-64	-512	1.284	300
-8	-64	-512	1.282	301
-7	-63	-512	1.283	302
-8	-64	-511	1.283	303
-8	-64	-512	1.283	304
-9	-62	-513	1.284	305
-9	-66	-509	1.284	306
-10	-63	-511	1.284	307
-9	-63	-511	1.283	308
-9	-64	-511	1.284	309
-9	-64	-511	1.284	310
-8	-65	-512	1.283	311
-7	-62	-513	1.285	312
-7	-64	-512	1.283	313
-9	-63	-511	1.283	314
-9	-63	-512	1.283	315
-9	-64	-511	1.282	316
-10	-65	-510	1.283	317
-9	-64	-513	1.283	318
-9	-64	-512	1.283	319
-10	-64	-511	1.282	320
-9	-64	-512	1.284	321
-8	-63	-513	1.283	322
-8	-64	-512	1.283	323
-8	-65	-512	1.282	324
-8	-63	-513	1.281	325
-9	-64	-512	1.282	326
-9	-64	-512	1.283	327
-8	-65	-512	1.282	328
-7	-65	-512	1.284	329
-8	-63	-513	1.282	330
-9	-64	-511	1.281	331
-8	-63	-513	1.284	332
-7	-64	-512	1.284	333
-8	-63	-512	1.284	334
-8	-63	-512	1.282	335
-8	-63	-513	1.281	336
-8	-64	-512	1.282	337
-8	-63	-512	1.281	338
-8	-62	-512	1.282	339
-9	-63	-511	1.281	340
-8	-63	-512	1.283	341
-8	-63	-512	1.282	342
-6	-64	-512	1.284	343
-8	-63	-512	1.284	344
-8	-63	-511	1.282	345
-7	-64	-512	1.283	346
-7	-63	-512	1.284	347
-8	-63	-512	1.283	348
-8	-64	-511	1.284	349
-8	-63	-512	1.285	350
-7	-63	-512	1.285	351
-8	-64	-512	1.282	352
-8	-62	-512	1.283	353
-8	-64	-511	1.284	354
-8	-63	-512	1.285	355
-9	-64	-512	1.285	356
-9	-64	-512	1.285	357
-9	-65	-512	1.284	358
-8	-63	-512	1.285	359
-8	-64	-512	1.284	360
-8	-64	-512	1.285	361
-9	-64	-512	1.284	362
-9	-65	-512	1.284	363
-9	-65	-511	1.284	364
-7	-65	-514	1.285	365
-7	-65	-513	1.285	366
-6	-64	-513	1.285	367
-7	-64	-513	1.285	368
-7	-64	-512	1.285	369
-8	-64	-512	1.284	370
-9	-63	-512	1.283	371
-9	-64	-512	1.284	372
-9	-63	-512	1.285	373
-8	-64	-512	1.285	374
-8	-64	-513	1.285	375
-8	-65	-512	1.283	376
-7	-64	-513	1.285	377
-7	-65	-512	1.283	378
-8	-65	-512	1.285	379
-8	-63	-512	1.283	380
-8	-63	-512	1.284	381
-8	-65	-512	1.283	382
-7	-65	-512	1.285	383
-8	-64	-512	1.284	384
-8	-64	-512	1.283	385
-8	-64	-512	1.284	386
-8	-64	-512	1.282	387
-8	-65	-511	1.283	388
-8	-64	-511	1.282	389
-8	-65	-511	1.284	390
-9	-65	-511	1.283	391
-8	-64	-512	1.284	392
-9	-63	-512	1.283	393
-10	-64	-512	1.282	394
-7	-64	-513	1.282	395
-9	-64	-512	1.284	396
-9	-64	-513	1.285	397
-9	-65	-511	1.283	398
-8	-64	-512	1.285	399
-7	-64	-513	1.285	400
-8	-66	-512	1.285	401
-9	-65	-512	1.285	402
-9	-64	-513	1.283	403
-9	-65	-511	1.283	404
-9	-65	-512	1.285	405
-9	-66	-512	1.283	406
-9	-68	-511	1.283	407
-9	-67	-512	1.282	408
-8	-66	-512	1.282	409
-8	-66	-512	1.284	410
-8	-66	-512	1.282	411
-9	-66	-512	1.282	412
-9	-69	-511	1.283	413
-9	-67	-512	1.281	414
-8	-67	-512	1.283	415
-9	-67	-512	1.282	416
-9	-67	-511	1.281	417
-8	-66	-513	1.281	418
-9	-68	-512	1.280	419
-8	-65	-513	1.279	420
-8	-68	-512	1.278	421
-8	-67	-512	1.277	422
-8	-67	-511	1.277	423
-8	-66	-513	1.278	424
-8	-66	-513	1.278	425
-9	-67	-513	1.280	426
-8	-68	-512	1.277	427
-7	-66	-513	1.276	428
-8	-65	-513	1.277	429
-8	-64	-513	1.277	430
-8	-64	-512	1.276	431
-7	-65	-512	1.277	432
-8	-65	-511	1.277	433
-10	-59	-512	1.276	434
-8	-61	-513	1.277	435
-9	-64	-511	1.278	436
-8	-65	-511	1.276	437
-10	-60	-512	1.278	438
-9	-64	-512	1.278	439
-8	-66	-511	1.280	440
-8	-65	-512	1.277	441
-9	-65	-512	1.280	442
-8	-67	-512	1.277	443
-9	-67	-511	1.280	444
-9	-66	-511	1.280	445
-8	-65	-513	1.281	446
-8	-67	-513	1.279	447
-9	-69	-512	1.280	448
-9	-67	-513	1.278	449
-8	-67	-513	1.279	450
-9	-68	-512	1.280	451
-8	-67	-513	1.279	452
-10	-68	-512	1.277	453
-9	-68	-513	1.276	454
-9	-67	-513	1.278	455
-9	-67	-512	1.277	456
-10	-68	-512	1.276	457
-9	-68	-512	1.276	458
-9	-68	-511	1.276	459
-10	-67	-511	1.275	460
-9	-67	-511	1.276	461
-9	-68	-510	1.272	462
-9	-66	-513	1.273	463
-9	-69	-511	1.273	464
-9	-67	-512	1.273	465
-9	-69	-511	1.274	466
-8	-69	-511	1.272	467
-9	-68	-513	1.272	468
-9	-69	-512	1.272	469
-8	-69	-512	1.272	470
-10	-68	-512	1.272	471
-9	-69	-512	1.272	472
-9	-68	-511	1.271	473
-7	-64	-516	1.272	474
-10	-70	-511	1.270	475
-5	-74	-511	1.270	476
-9	-70	-512	1.268	477
-5	-72	-514	1.270	478
-8	-71	-514	1.268	479
-11	-71	-513	1.268	480
-10	-73	-512	1.268	481
-11	-75	-509	1.268	482
-10	-73	-512	1.268	483
-10	-73	-511	1.267	484
-9	-69	-513	1.268	485
-9	-69	-511	1.266	486
-9	-69	-512	1.264	487
-9	-68	-512	1.264	488
-9	-67	-512	1.265	489
-9	-67	-511	1.262	490
-8	-64	-513	1.264	491
-9	-63	-512	1.262	492
-9	-65	-512	1.264	493
-8	-63	-513	1.264	494
-9	-65	-512	1.265	495
-8	-62	-513	1.265	496
-9	-67	-512	1.266	497
-8	-64	-512	1.265	498
-9	-66	-511	1.268	499
-8	-63	-513	1.268	500
-8	-66	-513	1.268	501
-7	-62	-513	1.270	502
-7	-65	-513	1.270	503
-8	-64	-512	1.272	504
-9	-63	-511	1.271	505
-8	-64	-512	1.273	506
-8	-65	-512	1.273	507
-8	-65	-512	1.275	508
-10	-65	-511	1.276	509
-9	-63	-513	1.274	510
-9	-65	-511	1.274	511
-10	-65	-511	1.276	512
-8	-64	-512	1.276	513
-8	-64	-512	1.277	514
-9	-65	-512	1.276	515
-8	-65	-512	1.276	516
-8	-63	-512	1.278	517
-8	-63	-512	1.279	518
-8	-63	-512	1.278	519
-8	-64	-512	1.278	520
-9	-64	-512	1.280	521
-9	-64	-511	1.280	522
-9	-63	-512	1.280	523
-8	-64	-512	1.280	524
-9	-65	-511	1.278	525
-8	-64	-512	1.281	526
-8	-65	-512	1.281	527
-8	-63	-513	1.281	528
-8	-63	-512	1.281	529
-8	-63	-512	1.283	530
-9	-65	-511	1.281	531
-8	-64	-512	1.282	532
-8	-65	-512	1.280	533
-7	-63	-512	1.281	534
-9	-63	-511	1.282	535
-8	-64	-512	1.281	536
-8	-64	-512	1.283	537
-8	-63	-512	1.284	538
-8	-64	-512	1.281	539
-6	-66	-513	1.282	540
-7	-66	-512	1.283	541
-8	-65	-512	1.284	542
-6	-64	-512	1.283	543
-8	-62	-512	1.283	544
-11	-65	-511	1.284	545
-8	-64	-512	1.284	546
-11	-66	-511	1.284	547
-10	-69	-509	1.284	548
-8	-64	-514	1.285	549
-8	-66	-512	1.285	550
-9	-64	-512	1.285	551
-10	-64	-511	1.283	552
-9	-65	-511	1.284	553
-9	-65	-511	1.284	554
-10	-65	-512	1.285	555
-8	-64	-513	1.283	556
-9	-64	-512	1.283	557
-9	-65	-511	1.285	558
-9	-62	-512	1.284	559
-8	-63	-512	1.285	560
-9	-64	-512	1.283	561
-9	-63	-511	1.285	562
-10	-63	-511	1.286	563
-7	-64	-512	1.283	564
-8	-64	-511	1.285	565
-9	-63	-512	1.284	566
-8	-65	-512	1.286	567
-7	-63	-512	1.285	568
-8	-62	-512	1.285	569
-9	-63	-512	1.285	570
-8	-62	-513	1.287	571
-9	-65	-511	1.286	572
-7	-62	-513	1.285	573
-8	-63	-513	1.285	574
-7	-65	-512	1.285	575
-9	-61	-511	1.285	576
-12	-61	-510	1.286	577
-7	-66	-512	1.287	578
-10	-65	-510	1.287	579
-7	-66	-513	1.287	580
-8	-67	-513	1.286	581
-8	-68	-512	1.285	582
-9	-66	-511	1.286	583
-9	-64	-512	1.288	584
-8	-67	-511	1.287	585
-7	-63	-513	1.286	586
-8	-64	-512	1.287	587
-9	-65	-511	1.287	588
-9	-64	-512	1.285	589
-8	-64	-512	1.285	590
-10	-63	-512	1.287	591
-7	-63	-512	1.285	592
-8	-65	-511	1.286	593
-9	-65	-511	1.285	594
-7	-64	-512	1.286	595
-9	-64	-512	1.287	596
-8	-65	-511	1.286	597
-8	-64	-512	1.288	598
-8	-66	-512	1.285	599
0.000000 0.000000 0.000000 0.000000 0.000000