0.000000 0.000000 0.000000 0.000000 0.000000
43	-47	-521	0.000	1
31	-31	-530	0.000	2
17	-33	-509	0.000	3
32	-30	-510	0.000	4
22	-32	-509	1.285	5
10	-31	-510	1.425	6
3	-31	-510	1.584	7
3	-33	-510	1.758	8
1	-41	-510	1.930	9
0	-40	-510	2.122	10
-1	-36	-511	2.331	11
-1	-40	-510	3.275	12
3	-32	-511	3.300	13
0	-36	-510	3.272	14
-1	-37	-509	2.843	15
0	-35	-510	2.936	16
0	-31	-510	2.995	17
0	-30	-510	3.026	18
1	-28	-510	3.039	19
3	-25	-511	3.037	20
-1	-26	-510	3.044	21
-4	-32	-509	3.057	22
0	-35	-511	3.086	23
-3	-30	-509	3.106	24
-3	-37	-510	3.120	25
-1	-36	-511	3.111	26
-2	-34	-510	3.083	27
-1	-36	-511	3.048	28
-1	-38	-510	3.005	29
0	-35	-511	2.994	30
-1	-34	-512	2.989	31
-5	-31	-509	2.979	32
-5	-33	-510	2.962	33
-5	-35	-510	2.932	34
-5	-33	-509	2.899	35
-5	-27	-509	2.860	36
-2	-25	-510	2.834	37
0	-24	-513	2.814	38
-2	-27	-511	2.801	39
-1	-31	-512	2.792	40
-5	-34	-510	2.780	41
-6	-33	-510	2.768	42
-5	-32	-511	2.738	43
-7	-35	-510	2.713	44
-5	-34	-510	2.679	45
-4	-32	-511	2.645	46
-4	-27	-511	2.617	47
-4	-33	-510	2.592	48
-2	-31	-511	2.585	49
-4	-33	-510	2.580	50
-4	-33	-511	2.579	51
-3	-27	-511	2.569	52
-6	-32	-509	2.553	53
-4	-34	-510	2.528	54
-3	-31	-510	2.495	55
-1	-33	-511	2.458	56
-2	-27	-511	2.416	57
-1	-31	-511	3.300	58
-2	-29	-510	3.013	59
-2	-27	-511	1.957	60
-4	-25	-510	1.386	61
-3	-29	-511	2.132	62
-4	-26	-509	3.244	63
-2	-32	-511	3.271	64
0	-29	-512	2.156	65
-2	-25	-512	1.218	66
-5	-26	-509	1.677	67
-4	-28	-509	2.800	68
-4	-29	-511	3.300	69
-4	-25	-510	2.787	70
-4	-23	-510	1.640	71
-4	-28	-510	1.052	72
-3	-32	-511	1.445	73
-3	-31	-511	2.480	74
-4	-27	-511	3.300	75
-3	-28	-511	3.300	76
-4	-24	-510	2.682	77
-3	-24	-510	1.765	78
-1	-22	-510	1.069	79
-4	-23	-510	0.880	80
-2	-25	-510	1.128	81
-3	-28	-509	1.707	82
-4	-24	-510	2.318	83
-3	-27	-510	2.896	84
-2	-25	-510	3.266	85
-2	-26	-511	3.300	86
-3	-22	-510	3.161	87
-1	-24	-510	2.791	88
0	-23	-510	2.364	89
1	-22	-510	1.893	90
-4	-21	-510	1.505	91
-1	-24	-511	1.153	92
-2	-23	-511	0.864	93
-4	-24	-509	0.738	94
-1	-22	-510	0.688	95
-2	-19	-510	0.709	96
-2	-20	-510	0.765	97
-2	-22	-509	0.822	98
-4	-23	-509	0.830	99
-1	-24	-510	0.817	100
-1	-22	-511	0.772	101
-1	-22	-509	0.718	102
-1	-22	-510	0.653	103
0	-20	-510	0.695	104
-1	-22	-510	0.877	105
0	-22	-511	1.190	106
-3	-20	-509	1.602	107
-3	-21	-510	2.102	108
-2	-20	-510	2.596	109
-2	-19	-510	3.039	110
0	-18	-510	3.114	111
-1	-21	-511	2.790	112
-1	-23	-510	2.132	113
-1	-20	-510	1.276	114
-1	-20	-510	0.657	115
0	-21	-511	0.652	116
-1	-20	-510	1.190	117
-1	-17	-510	2.152	118
-3	-16	-509	2.944	119
1	-13	-510	2.843	120
1	-15	-510	1.878	121
5	-15	-508	0.903	122
0	-17	-510	0.569	123
1	-16	-509	1.242	124
1	-18	-510	2.608	125
1	-16	-509	2.949	126
-2	-19	-510	1.729	127
1	-20	-510	0.579	128
1	-22	-510	1.013	129
1	-23	-510	2.531	130
0	-22	-511	2.773	131
-2	-15	-510	1.252	132
-2	-17	-510	0.575	133
-2	-21	-510	2.047	134
-3	-21	-510	2.920	135
-4	-25	-510	1.466	136
-3	-25	-510	0.524	137
-3	-23	-510	1.826	138
-3	-27	-510	2.880	139
-2	-27	-510	1.419	140
-2	-25	-511	0.582	141
-2	-23	-510	2.256	142
-3	-25	-510	2.638	143
-2	-27	-510	0.745	144
-2	-28	-510	1.268	145
-2	-27	-511	2.821	146
-3	-25	-511	1.219	147
-2	-27	-510	0.735	148
-3	-20	-511	2.701	149
-3	-27	-510	1.670	150
-4	-28	-510	0.630	151
-3	-27	-511	2.614	152
-3	-27	-511	1.712	153
-4	-26	-510	0.591	154
-3	-31	-510	2.563	155
-3	-32	-511	1.605	156
-4	-30	-510	0.590	157
-4	-27	-510	2.559	158
-2	-28	-510	1.451	159
-3	-29	-510	0.842	160
-3	-28	-511	2.708	161
-4	-27	-511	0.955	162
-3	-28	-510	1.328	163
-3	-33	-510	2.480	164
-4	-29	-511	0.608	165
-2	-30	-511	1.973	166
-3	-29	-511	1.962	167
-3	-27	-511	0.577	168
-4	-30	-510	2.361	169
-4	-29	-510	1.433	170
-4	-30	-511	0.973	171
-5	-32	-510	1.571	172
-3	-30	-511	1.584	173
-3	-30	-511	1.591	174
-3	-30	-511	1.592	175
-3	-31	-510	1.593	176
-4	-31	-510	1.587	177
-3	-30	-510	1.571	178
-3	-30	-511	1.557	179
-2	-29	-511	1.542	180
-3	-27	-511	1.535	181
-4	-24	-511	1.533	182
-4	-26	-510	1.538	183
-3	-33	-510	1.559	184
-2	-29	-511	1.571	185
-4	-26	-510	1.590	186
-3	-27	-510	1.601	187
-3	-27	-511	1.589	188
-5	-24	-510	1.560	189
-2	-28	-511	1.534	190
-4	-25	-510	1.523	191
-4	-25	-510	1.531	192
-3	-27	-510	1.542	193
-4	-20	-511	1.573	194
-4	-25	-510	1.571	195
-4	-25	-510	1.560	196
-5	-26	-510	1.551	197
-4	-20	-510	1.546	198
-3	-25	-510	1.543	199
-3	-23	-510	1.542	200
-3	-28	-510	1.549	201
-2	-32	-510	1.559	202
-1	-26	-510	1.567	203
-3	-28	-510	1.575	204
-3	-25	-510	1.577	205
-3	-28	-510	1.571	206
-3	-30	-511	1.557	207
-2	-31	-510	1.542	208
-3	-28	-511	1.531	209
-3	-26	-510	1.530	210
-2	-28	-511	1.537	211
-4	-31	-510	1.548	212
-3	-26	-510	1.563	213
-1	-28	-510	1.571	214
-4	-26	-511	1.568	215
-4	-30	-510	1.564	216
-3	-30	-510	1.551	217
-3	-25	-511	1.537	218
-4	-27	-510	1.520	219
-3	-30	-510	1.518	220
-4	-27	-511	1.522	221
-3	-26	-510	1.534	222
-3	-24	-510	1.548	223
-3	-21	-511	1.558	224
-3	-27	-510	1.561	225
-3	-29	-510	1.551	226
-4	-25	-510	1.535	227
1	-25	-510	1.514	228
-4	-27	-510	1.507	229
-5	-30	-511	1.511	230
-4	-26	-511	1.509	231
-3	-28	-511	1.521	232
-4	-28	-511	1.539	233
-4	-24	-511	1.550	234
-4	-28	-510	1.555	235
-4	-29	-510	1.547	236
-3	-27	-511	1.531	237
-4	-27	-511	1.518	238
-4	-30	-510	1.505	239
-4	-27	-510	1.496	240
-5	-25	-510	1.507	241
-4	-26	-510	1.524	242
-4	-27	-511	1.538	243
-5	-26	-511	1.549	244
-6	-29	-511	1.544	245
-5	-28	-510	1.534	246
-5	-31	-510	1.517	247
-6	-29	-510	1.509	248
-5	-31	-511	1.525	249
-5	-26	-510	1.532	250
-4	-30	-509	1.525	251
-4	-28	-510	1.517	252
-5	-25	-510	1.497	253
-4	-27	-510	1.484	254
-4	-29	-511	1.475	255
-5	-26	-510	1.479	256
-5	-26	-510	1.490	257
-5	-26	-510	1.507	258
-5	-28	-510	1.514	259
-5	-28	-510	1.514	260
-5	-29	-510	1.507	261
-6	-29	-511	1.492	262
-6	-27	-510	1.474	263
-5	-31	-510	1.460	264
-3	-32	-511	1.458	265
-5	-28	-511	1.463	266
-6	-28	-510	1.480	267
-5	-30	-510	1.492	268
-5	-26	-510	1.505	269
-4	-32	-511	1.502	270
-2	-35	-511	1.494	271
-5	-29	-510	1.476	272
-3	-27	-511	1.462	273
-4	-28	-510	1.445	274
-5	-25	-511	1.444	275
-4	-24	-511	1.452	276
-5	-27	-510	1.465	277
-5	-26	-510	1.484	278
-6	-27	-509	1.492	279
-5	-27	-511	1.492	280
-5	-26	-511	1.489	281
-5	-30	-510	1.470	282
-5	-34	-510	1.447	283
-5	-32	-511	1.430	284
-4	-33	-510	1.428	285
-5	-34	-511	1.447	286
-4	-37	-511	1.465	287
-4	-39	-510	1.484	288
-9	-39	-510	1.491	289
-6	-31	-511	1.459	290
-6	-31	-510	1.427	291
-7	-37	-510	1.413	292
-7	-32	-510	1.413	293
-6	-36	-510	1.435	294
-6	-31	-511	1.460	295
-7	-35	-510	1.452	296
-6	-39	-510	1.438	297
-5	-33	-510	1.432	298
-8	-35	-511	1.434	299
-9	-33	-511	1.442	300
-7	-36	-510	1.455	301
-6	-38	-510	1.465	302
-7	-32	-510	1.467	303
-6	-31	-511	1.458	304
-5	-39	-510	1.442	305
-4	-39	-511	1.429	306
-6	-35	-511	1.426	307
-7	-33	-511	1.430	308
-5	-35	-511	1.441	309
-7	-38	-511	1.459	310
-7	-38	-510	1.467	311
-7	-36	-511	1.462	312
-7	-37	-511	1.447	313
-7	-34	-510	1.426	314
-7	-36	-511	1.421	315
-5	-44	-511	1.420	316
-6	-38	-510	1.432	317
-6	-39	-510	1.447	318
-6	-37	-511	1.459	319
-6	-39	-511	1.454	320
-5	-38	-510	1.442	321
-7	-41	-511	1.425	322
-7	-37	-511	1.413	323
-7	-37	-511	1.405	324
-6	-38	-511	1.410	325
-7	-35	-511	1.425	326
-7	-35	-511	1.442	327
-6	-35	-511	1.451	328
-6	-39	-511	1.447	329
-7	-36	-510	1.435	330
-6	-37	-511	1.414	331
-7	-37	-510	1.399	332
-6	-37	-511	1.393	333
-7	-33	-511	1.410	334
-3	-33	-510	1.426	335
-9	-37	-510	1.444	336
-6	-33	-510	1.446	337
-8	-32	-510	1.439	338
-4	-31	-510	1.426	339
-7	-36	-510	1.403	340
-7	-36	-511	1.417	341
-6	-35	-510	1.425	342
-7	-36	-511	1.422	343
-5	-34	-511	1.413	344
-8	-33	-510	1.394	345
-4	-34	-510	1.380	346
-7	-39	-510	1.371	347
-8	-36	-511	1.367	348
-8	-35	-511	1.375	349
-7	-37	-510	1.386	350
-9	-32	-511	1.401	351
-8	-38	-510	1.404	352
-9	-39	-510	1.398	353
-9	-37	-510	1.384	354
-8	-36	-510	1.368	355
-8	-36	-510	1.354	356
-9	-34	-510	1.346	357
-9	-35	-510	1.351	358
-7	-37	-511	1.357	359
-9	-34	-510	1.374	360
-8	-36	-510	1.392	361
-8	-36	-510	1.399	362
-8	-34	-511	1.393	363
-8	-37	-510	1.384	364
-3	-36	-510	1.368	365
-9	-38	-511	1.351	366
-9	-37	-512	1.345	367
-10	-39	-510	1.350	368
-10	-36	-511	1.364	369
-10	-36	-510	1.383	370
-10	-38	-509	1.399	371
-10	-38	-511	1.401	372
-10	-33	-512	1.404	373
-8	-34	-510	1.389	374
-10	-39	-510	1.371	375
-9	-38	-511	1.351	376
-9	-34	-511	1.342	377
-8	-38	-512	1.342	378
-9	-36	-511	1.355	379
-10	-34	-511	1.372	380
-9	-37	-510	1.387	381
-8	-36	-511	1.392	382
-10	-35	-510	1.384	383
-9	-35	-511	1.347	384
-9	-35	-511	1.325	385
-9	-39	-510	1.305	386
-8	-39	-511	1.299	387
-9	-38	-511	1.305	388
-9	-41	-511	1.319	389
-8	-40	-511	1.332	390
-9	-39	-510	1.320	391
-9	-40	-510	1.307	392
-9	-41	-510	1.293	393
-9	-40	-510	1.286	394
-8	-41	-511	1.280	395
-7	-41	-511	1.285	396
-7	-41	-511	1.291	397
-8	-42	-511	1.298	398
-9	-39	-511	1.297	399
-9	-39	-511	1.290	400
-9	-39	-510	1.277	401
-9	-38	-510	1.259	402
-8	-37	-511	1.240	403
-7	-38	-511	1.231	404
-8	-37	-511	1.236	405
-9	-36	-511	1.240	406
-9	-41	-511	1.252	407
-9	-37	-510	1.259	408
-8	-36	-511	1.252	409
-8	-36	-511	1.238	410
-8	-40	-510	1.219	411
-8	-40	-510	1.202	412
-8	-36	-511	1.195	413
-8	-37	-510	1.194	414
-8	-36	-511	1.201	415
-8	-35	-511	1.215	416
-8	-37	-511	1.225	417
-8	-39	-511	1.225	418
-9	-35	-511	1.215	419
-8	-38	-511	1.200	420
-9	-39	-511	1.183	421
-7	-30	-510	1.177	422
-9	-37	-511	1.168	423
-9	-38	-511	1.173	424
-9	-38	-511	1.185	425
-8	-40	-510	1.201	426
-9	-37	-511	1.207	427
-9	-37	-511	1.200	428
-10	-38	-510	1.186	429
-9	-38	-511	1.168	430
-9	-41	-511	1.148	431
-9	-38	-510	1.143	432
-9	-38	-511	1.161	433
-9	-37	-511	1.178	434
-9	-39	-510	1.186	435
-8	-38	-510	1.186	436
-7	-39	-511	1.172	437
-9	-37	-510	1.152	438
-8	-38	-511	1.159	439
-8	-36	-511	1.166	440
-9	-36	-511	1.163	441
-9	-37	-510	1.155	442
-8	-37	-511	1.144	443
-9	-37	-511	1.123	444
-8	-39	-510	1.111	445
-8	-38	-511	1.109	446
-8	-37	-511	1.118	447
-8	-37	-510	1.131	448
-7	-38	-511	1.148	449
-8	-37	-511	1.152	450
-8	-38	-510	1.146	451
-9	-42	-511	1.131	452
-8	-38	-511	1.116	453
-8	-33	-511	1.110	454
-8	-37	-511	1.106	455
-8	-39	-510	1.113	456
-8	-39	-510	1.129	457
-6	-39	-511	1.148	458
-7	-38	-511	1.163	459
-7	-40	-511	1.167	460
-8	-40	-511	1.166	461
-8	-41	-511	1.156	462
-8	-37	-511	1.142	463
-9	-42	-510	1.131	464
-9	-38	-511	1.127	465
-9	-37	-511	1.131	466
-9	-39	-510	1.141	467
-9	-38	-510	1.162	468
-9	-43	-510	1.174	469
-9	-39	-510	1.188	470
-9	-39	-510	1.194	471
-8	-37	-510	1.197	472
-8	-37	-511	1.203	473
-9	-37	-511	1.199	474
-9	-39	-510	1.196	475
-8	-39	-511	1.191	476
-9	-35	-511	1.191	477
-7	-40	-511	1.196	478
-7	-40	-511	1.207	479
-9	-38	-510	1.225	480
-8	-37	-511	1.239	481
-6	-39	-511	1.251	482
-8	-38	-511	1.256	483
-9	-37	-510	1.256	484
-7	-40	-511	1.244	485
-8	-37	-511	1.219	486
-9	-33	-510	1.187	487
-10	-37	-511	1.141	488
-12	-38	-509	1.105	489
-11	-40	-511	1.078	490
-8	-39	-511	1.069	491
-9	-40	-510	1.065	492
-11	-39	-510	1.074	493
-8	-42	-511	1.094	494
-7	-40	-511	1.092	495
-9	-38	-511	1.090	496
-7	-40	-511	1.083	497
-8	-42	-510	1.087	498
-7	-42	-511	1.086	499
-7	-43	-511	1.090	500
-9	-40	-511	1.098	501
-7	-42	-511	1.109	502
-8	-40	-510	1.122	503
-8	-39	-510	1.135	504
-7	-41	-511	1.150	505
-7	-40	-511	1.161	506
-9	-38	-510	1.171	507
-8	-40	-511	1.173	508
-8	-39	-511	1.173	509
-8	-39	-511	1.170	510
-9	-40	-510	1.167	511
-10	-40	-510	1.164	512
-8	-46	-510	1.164	513
-8	-42	-510	1.165	514
-8	-41	-511	1.170	515
-8	-42	-510	1.178	516
-8	-43	-510	1.189	517
-8	-43	-512	1.202	518
-8	-40	-511	1.210	519
-7	-43	-512	1.222	520
-8	-41	-510	1.229	521
-7	-42	-511	1.238	522
-6	-43	-511	1.245	523
-8	-39	-511	1.250	524
-8	-43	-510	1.251	525
-7	-39	-512	1.256	526
-7	-39	-511	1.249	527
-8	-36	-510	1.246	528
-7	-38	-511	1.236	529
-8	-38	-511	1.231	530
-8	-39	-510	1.229	531
-8	-38	-511	1.235	532
-8	-37	-511	1.241	533
-7	-35	-511	1.251	534
-7	-39	-511	1.260	535
-7	-39	-511	1.272	536
-9	-36	-511	1.279	537
-7	-40	-511	1.287	538
-6	-41	-510	1.294	539
-8	-41	-510	1.295	540
-7	-39	-512	1.295	541
-7	-41	-511	1.289	542
-8	-41	-511	1.281	543
-8	-43	-511	1.270	544
-8	-40	-511	1.270	545
-8	-42	-510	1.267	546
-8	-39	-511	1.267	547
-8	-41	-511	1.267	548
-7	-41	-510	1.276	549
-8	-39	-511	1.282	550
-8	-39	-511	1.293	551
-8	-39	-511	1.305	552
-7	-39	-510	1.313	553
-7	-41	-511	1.322	554
-8	-39	-511	1.328	555
-8	-38	-511	1.325	556
-8	-39	-511	1.322	557
-8	-42	-511	1.315	558
-8	-37	-510	1.305	559
-9	-35	-510	1.299	560
-9	-37	-511	1.288	561
-8	-37	-510	1.291	562
-8	-39	-510	1.290	563
-7	-38	-511	1.302	564
-7	-36	-511	1.321	565
-6	-35	-510	1.332	566
-7	-39	-510	1.347	567
-7	-37	-510	1.349	568
-7	-39	-511	1.351	569
-6	-42	-511	1.339	570
-7	-39	-510	1.329	571
-8	-39	-511	1.328	572
-6	-40	-511	1.341	573
-7	-38	-511	1.347	574
-8	-40	-510	1.350	575
-8	-38	-510	1.350	576
-8	-40	-510	1.346	577
-7	-39	-511	1.337	578
-7	-40	-511	1.331	579
-8	-42	-510	1.326	580
-7	-39	-512	1.322	581
-6	-44	-511	1.318	582
-8	-44	-510	1.318	583
-7	-41	-510	1.322	584
-8	-38	-510	1.328	585
-8	-38	-511	1.337	586
-8	-40	-511	1.344	587
-7	-40	-511	1.351	588
-8	-43	-510	1.356	589
-7	-41	-511	1.363	590
-9	-39	-511	1.368	591
-9	-38	-510	1.369	592
-9	-43	-510	1.368	593
-9	-40	-510	1.370	594
-7	-41	-511	1.363	595
-8	-43	-510	1.351	596
-7	-43	-511	1.343	597
-8	-35	-510	1.336	598
-8	-35	-510	1.330	599
0.000000 0.000000 0.000000 0.000000 0.000000
13	-55	-466	0.000	0
67	-69	-483	0.000	1
39	-59	-505	0.000	2
36	-64	-513	0.000	3
26	-83	-507	0.000	4
35	-63	-506	1.824	5
31	-48	-495	0.469	6
39	-61	-511	2.163	7
43	-61	-514	1.455	8
34	-60	-506	1.397	9
34	-62	-508	1.348	10
21	-58	-510	1.312	11
49	-50	-509	1.274	12
39	-58	-507	1.247	13
46	-50	-508	1.213	14
51	-46	-502	1.143	15
58	-52	-508	0.998	16
61	-51	-510	0.836	17
60	-51	-514	0.708	18
63	-51	-508	0.612	19
62	-52	-506	0.546	20
66	-54	-507	0.509	21
70	-53	-505	0.509	22
64	-51	-506	0.552	23
55	-50	-504	0.628	24
58	-51	-513	0.687	25
35	-50	-501	0.692	26
26	-61	-512	0.669	27
46	-58	-497	0.641	28
39	-57	-512	0.625	29
29	-49	-503	0.611	30
38	-53	-507	0.604	31
44	-55	-517	0.609	32
42	-56	-507	0.590	33
91	-59	-513	0.568	34
58	-42	-507	0.555	35
55	-41	-506	0.558	36
61	-33	-506	0.585	37
60	-36	-504	0.619	38
66	-24	-506	0.667	39
63	-25	-504	0.708	40
66	-31	-505	0.746	41
66	-29	-508	0.770	42
71	-36	-503	0.782	43
61	-29	-506	0.796	44
62	-34	-506	0.808	45
67	-38	-505	0.827	46
61	-38	-506	0.849	47
69	-39	-503	0.884	48
63	-36	-507	0.913	49
70	-34	-506	0.932	50
58	-40	-506	0.936	51
57	-38	-508	0.918	52
55	-44	-505	0.883	53
60	-38	-507	0.857	54
71	-34	-506	0.840	55
56	-44	-506	0.843	56
56	-44	-507	0.869	57
50	-43	-507	0.911	58
54	-54	-505	0.963	59
51	-54	-515	1.007	60
26	-52	-510	1.055	61
25	-52	-508	1.102	62
41	-53	-508	1.143	63
26	-52	-509	1.181	64
30	-52	-509	1.218	65
26	-50	-509	1.254	66
26	-49	-510	1.298	67
29	-53	-509	1.348	68
23	-57	-508	1.393	69
25	-56	-509	1.422	70
28	-47	-509	1.442	71
26	-41	-513	1.447	72
22	-57	-508	1.455	73
14	-53	-509	1.472	74
24	-45	-510	1.491	75
19	-46	-509	1.534	76
19	-46	-509	1.565	77
19	-46	-509	1.592	78
22	-41	-511	1.602	79
10	-49	-507	1.593	80
22	-41	-509	1.579	81
28	-36	-511	1.574	82
19	-42	-509	1.600	83
19	-42	-509	1.620	84
18	-42	-510	1.638	85
21	-41	-510	1.642	86
23	-39	-509	1.640	87
20	-38	-509	1.628	88
21	-40	-509	1.620	89
20	-39	-510	1.617	90
12	-46	-508	1.627	91
17	-45	-509	1.646	92
19	-39	-509	1.671	93
23	-36	-510	1.681	94
12	-44	-508	1.686	95
20	-40	-509	1.681	96
18	-38	-510	1.668	97
16	-39	-509	1.654	98
26	-41	-509	1.642	99
20	-39	-509	1.638	100
25	-42	-510	1.641	101
17	-46	-508	1.647	102
29	-30	-511	1.662	103
18	-37	-509	1.671	104
27	-30	-511	1.677	105
25	-34	-510	1.680	106
23	-38	-510	1.664	107
20	-47	-511	1.650	108
18	-41	-509	1.647	109
16	-44	-510	1.651	110
18	-40	-509	1.658	111
12	-40	-508	1.688	112
21	-38	-510	1.721	113
10	-33	-508	1.751	114
21	-37	-511	1.770	115
20	-36	-511	1.776	116
24	-30	-511	1.773	117
21	-33	-510	1.760	118
18	-33	-510	1.741	119
17	-34	-510	1.737	120
16	-35	-509	1.737	121
16	-36	-510	1.747	122
18	-34	-510	1.772	123
16	-36	-509	1.792	124
18	-34	-509	1.811	125
20	-33	-510	1.828	126
21	-33	-510	1.838	127
16	-36	-509	1.820	128
17	-35	-510	1.795	129
13	-37	-509	1.778	130
25	-30	-511	1.768	131
25	-31	-511	1.777	132
16	-38	-509	1.799	133
15	-36	-510	1.827	134
13	-38	-510	1.841	135
11	-40	-510	1.836	136
11	-39	-510	1.828	137
10	-38	-510	1.816	138
15	-36	-511	1.812	139
20	-33	-512	1.808	140
11	-37	-510	1.811	141
15	-38	-510	1.818	142
14	-37	-510	1.824	143
7	-42	-508	1.837	144
11	-37	-510	1.833	145
10	-37	-510	1.828	146
11	-38	-510	1.816	147
11	-37	-510	1.797	148
8	-37	-510	1.779	149
11	-36	-510	1.766	150
9	-37	-510	1.754	151
15	-33	-511	1.748	152
9	-35	-509	1.750	153
10	-36	-510	1.757	154
12	-35	-510	1.768	155
13	-34	-510	1.770	156
12	-36	-509	1.772	157
9	-37	-509	1.767	158
11	-36	-511	1.761	159
10	-37	-510	1.744	160
8	-37	-510	1.732	161
9	-40	-509	1.721	162
16	-33	-511	1.725	163
12	-42	-510	1.733	164
10	-36	-509	1.752	165
13	-36	-510	1.766	166
12	-35	-511	1.785	167
1	-44	-508	1.795	168
6	-39	-510	1.792	169
4	-39	-510	1.785	170
6	-38	-510	1.770	171
6	-37	-511	1.756	172
6	-37	-510	1.757	173
7	-37	-510	1.754	174
7	-36	-511	1.766	175
6	-37	-510	1.783	176
6	-35	-510	1.803	177
5	-36	-509	1.818	178
6	-36	-510	1.827	179
7	-35	-510	1.816	180
5	-35	-510	1.797	181
8	-34	-510	1.779	182
7	-37	-510	1.770	183
11	-33	-512	1.787	184
1	-41	-510	1.812	185
3	-39	-511	1.828	186
7	-39	-511	1.828	187
6	-37	-511	1.812	188
5	-36	-510	1.791	189
0	-37	-509	1.781	190
4	-35	-510	1.798	191
5	-35	-510	1.811	192
7	-33	-511	1.808	193
8	-34	-511	1.795	194
6	-37	-510	1.780	195
2	-37	-509	1.765	196
8	-31	-511	1.759	197
6	-37	-510	1.757	198
7	-33	-510	1.760	199
8	-32	-510	1.770	200
5	-37	-510	1.789	201
6	-32	-510	1.799	202
6	-31	-510	1.810	203
6	-33	-510	1.814	204
7	-30	-510	1.816	205
8	-33	-510	1.807	206
8	-30	-510	1.796	207
9	-31	-510	1.777	208
7	-32	-510	1.768	209
7	-30	-510	1.757	210
8	-30	-510	1.748	211
9	-32	-510	1.741	212
8	-32	-510	1.741	213
7	-29	-510	1.744	214
7	-32	-510	1.749	215
10	-32	-510	1.755	216
7	-31	-510	1.757	217
9	-30	-510	1.757	218
8	-30	-510	1.749	219
8	-31	-510	1.734	220
8	-30	-510	1.713	221
8	-32	-510	1.690	222
7	-31	-510	1.669	223
11	-31	-510	1.667	224
0	-36	-508	1.670	225
10	-28	-511	1.678	226
14	-27	-511	1.690	227
5	-34	-510	1.708	228
9	-30	-511	1.721	229
10	-29	-510	1.734	230
9	-28	-510	1.733	231
11	-25	-510	1.738	232
9	-27	-510	1.737	233
9	-31	-510	1.724	234
9	-28	-510	1.708	235
9	-28	-509	1.694	236
10	-26	-511	1.695	237
9	-28	-509	1.693	238
11	-24	-510	1.704	239
10	-28	-510	1.721	240
10	-27	-510	1.744	241
9	-25	-510	1.765	242
10	-26	-510	1.783	243
9	-26	-510	1.794	244
9	-26	-509	1.796	245
8	-27	-509	1.775	246
9	-26	-509	1.760	247
11	-26	-510	1.751	248
11	-25	-510	1.752	249
11	-25	-510	1.760	250
11	-25	-509	1.776	251
11	-26	-510	1.808	252
12	-25	-510	1.837	253
10	-26	-510	1.840	254
9	-27	-510	1.829	255
10	-27	-509	1.825	256
11	-25	-510	1.824	257
9	-27	-510	1.831	258
8	-28	-510	1.842	259
11	-28	-510	1.862	260
10	-28	-510	1.874	261
7	-29	-509	1.886	262
10	-28	-510	1.882	263
10	-26	-510	1.874	264
4	-30	-509	1.857	265
6	-30	-509	1.845	266
12	-27	-510	1.836	267
9	-30	-510	1.836	268
11	-26	-510	1.838	269
10	-27	-510	1.849	270
9	-27	-509	1.861	271
8	-28	-510	1.870	272
9	-31	-510	1.872	273
9	-31	-510	1.874	274
9	-28	-510	1.866	275
9	-28	-510	1.853	276
9	-28	-510	1.841	277
-1	-33	-509	1.826	278
7	-29	-510	1.816	279
7	-31	-510	1.812	280
21	-22	-511	1.815	281
9	-30	-510	1.826	282
9	-28	-510	1.844	283
9	-26	-510	1.854	284
10	-26	-510	1.866	285
8	-30	-510	1.869	286
9	-28	-509	1.864	287
8	-27	-510	1.855	288
10	-24	-510	1.838	289
9	-26	-510	1.826	290
8	-26	-510	1.818	291
9	-25	-510	1.814	292
9	-26	-510	1.813	293
10	-26	-510	1.817	294
10	-27	-510	1.825	295
11	-26	-510	1.838	296
9	-25	-510	1.847	297
9	-27	-510	1.849	298
11	-27	-510	1.842	299
10	-25	-510	1.827	300
11	-23	-510	1.806	301
10	-26	-510	1.784	302
10	-26	-510	1.762	303
8	-26	-510	1.742	304
9	-25	-510	1.735	305
18	-18	-511	1.726	306
10	-26	-509	1.729	307
12	-21	-510	1.736	308
11	-21	-510	1.737	309
12	-20	-510	1.733	310
9	-23	-510	1.721	311
11	-24	-510	1.710	312
11	-23	-510	1.694	313
9	-24	-509	1.675	314
11	-22	-510	1.650	315
10	-22	-510	1.629	316
10	-24	-510	1.600	317
10	-24	-510	1.596	318
11	-23	-510	1.596	319
10	-22	-510	1.586	320
9	-24	-509	1.577	321
12	-22	-509	1.567	322
12	-22	-510	1.552	323
12	-22	-509	1.533	324
12	-20	-510	1.515	325
12	-19	-510	1.491	326
11	-22	-510	1.472	327
10	-24	-509	1.455	328
11	-22	-510	1.437	329
11	-24	-509	1.426	330
10	-22	-510	1.419	331
13	-21	-510	1.412	332
10	-21	-509	1.410	333
10	-25	-510	1.415	334
12	-24	-510	1.424	335
1	-33	-507	1.421	336
12	-22	-510	1.409	337
14	-23	-510	1.396	338
13	-24	-510	1.370	339
12	-20	-509	1.343	340
14	-18	-510	1.320	341
13	-19	-509	1.300	342
12	-19	-509	1.283	343
13	-19	-510	1.274	344
12	-18	-509	1.270	345
13	-20	-509	1.264	346
14	-21	-510	1.254	347
13	-21	-509	1.241	348
13	-18	-509	1.218	349
13	-21	-509	1.191	350
14	-20	-509	1.165	351
14	-17	-510	1.144	352
14	-19	-507	1.125	353
14	-17	-509	1.127	354
12	-21	-508	1.136	355
13	-20	-509	1.157	356
13	-20	-510	1.191	357
13	-18	-509	1.218	358
14	-16	-509	1.256	359
13	-19	-509	1.289	360
13	-18	-510	1.311	361
12	-21	-509	1.328	362
13	-19	-510	1.339	363
14	-18	-510	1.338	364
12	-22	-505	1.328	365
13	-19	-509	1.317	366
13	-21	-509	1.311	367
14	-20	-510	1.323	368
12	-20	-509	1.343	369
15	-16	-509	1.367	370
14	-19	-509	1.384	371
15	-16	-509	1.404	372
15	-15	-509	1.420	373
14	-13	-510	1.423	374
17	-16	-509	1.412	375
17	-18	-509	1.397	376
19	-15	-510	1.393	377
15	-18	-508	1.389	378
19	-15	-509	1.402	379
16	-19	-509	1.430	380
9	-18	-509	1.467	381
6	-21	-509	1.489	382
13	-17	-508	1.492	383
12	-20	-510	1.489	384
3	-26	-508	1.487	385
13	-20	-510	1.490	386
12	-18	-509	1.501	387
12	-19	-509	1.517	388
12	-18	-509	1.534	389
13	-21	-510	1.558	390
13	-20	-509	1.574	391
13	-21	-510	1.588	392
12	-20	-509	1.602	393
7	-22	-509	1.604	394
16	-20	-510	1.608	395
12	-20	-510	1.607	396
9	-22	-509	1.608	397
6	-21	-509	1.616	398
12	-18	-509	1.634	399
13	-15	-510	1.658	400
14	-17	-510	1.683	401
10	-18	-510	1.712	402
12	-16	-509	1.734	403
13	-15	-509	1.751	404
11	-16	-509	1.762	405
11	-16	-509	1.764	406
3	-20	-508	1.758	407
10	-17	-509	1.752	408
13	-14	-509	1.752	409
10	-15	-509	1.756	410
11	-13	-509	1.766	411
12	-14	-510	1.784	412
10	-15	-510	1.804	413
10	-17	-510	1.814	414
19	-11	-511	1.826	415
12	-12	-510	1.834	416
11	-14	-509	1.834	417
11	-11	-509	1.824	418
12	-13	-510	1.812	419
8	-15	-509	1.795	420
10	-12	-509	1.783	421
9	-13	-509	1.777	422
10	-13	-509	1.775	423
10	-13	-509	1.780	424
5	-16	-508	1.790	425
11	-10	-509	1.799	426
11	-14	-509	1.803	427
11	-14	-509	1.805	428
11	-14	-509	1.804	429
10	-18	-510	1.799	430
9	-16	-510	1.787	431
7	-17	-509	1.770	432
7	-22	-510	1.756	433
7	-19	-510	1.738	434
3	-21	-509	1.721	435
8	-17	-509	1.704	436
6	-18	-510	1.695	437
8	-16	-509	1.683	438
5	-20	-509	1.681	439
3	-21	-509	1.679	440
1	-22	-508	1.685	441
7	-22	-511	1.703	442
7	-17	-510	1.716	443
-5	-25	-507	1.731	444
11	-15	-511	1.745	445
12	-16	-511	1.754	446
4	-32	-510	1.758	447
3	-22	-510	1.762	448
1	-23	-510	1.760	449
6	-19	-510	1.755	450
4	-22	-510	1.762	451
1	-24	-509	1.786	452
3	-24	-510	1.805	453
5	-30	-510	1.818	454
3	-23	-509	1.839	455
6	-18	-509	1.847	456
5	-19	-510	1.852	457
7	-20	-509	1.853	458
6	-20	-510	1.853	459
5	-18	-510	1.850	460
3	-24	-509	1.853	461
7	-20	-510	1.857	462
6	-19	-510	1.864	463
9	-16	-509	1.878	464
11	-18	-511	1.895	465
4	-18	-509	1.912	466
7	-19	-509	1.932	467
4	-21	-509	1.948	468
8	-19	-510	1.961	469
8	-18	-509	1.973	470
9	-18	-510	1.977	471
4	-21	-509	1.974	472
3	-23	-509	1.970	473
3	-20	-509	1.961	474
2	-21	-509	1.953	475
8	-17	-510	1.945	476
4	-21	-509	1.945	477
4	-22	-509	1.951	478
5	-22	-509	1.966	479
5	-24	-510	1.979	480
6	-20	-510	1.990	481
4	-19	-509	2.002	482
6	-21	-510	2.003	483
7	-18	-510	1.996	484
6	-20	-510	1.986	485
1	-20	-509	1.970	486
9	-17	-510	1.960	487
4	-19	-510	1.948	488
6	-18	-510	1.935	489
3	-21	-509	1.928	490
4	-21	-509	1.931	491
5	-18	-510	1.945	492
6	-17	-510	1.958	493
7	-19	-510	1.968	494
7	-19	-510	1.973	495
8	-15	-510	1.974	496
10	-15	-510	1.974	497
7	-15	-509	1.973	498
8	-15	-509	1.960	499
5	-18	-509	1.940	500
10	-15	-510	1.922	501
8	-17	-510	1.909	502
8	-16	-509	1.903	503
9	-16	-510	1.907	504
9	-17	-510	1.922	505
9	-14	-510	1.945	506
7	-17	-509	1.964	507
9	-14	-510	1.983	508
7	-15	-510	1.987	509
4	-18	-509	1.990	510
12	-15	-510	1.971	511
2	-14	-508	1.954	512
5	-22	-509	1.935	513
10	-15	-510	1.928	514
8	-16	-510	1.923	515
7	-17	-509	1.931	516
4	-18	-508	1.950	517
7	-17	-509	1.975	518
8	-16	-509	1.999	519
8	-17	-510	1.991	520
8	-15	-509	1.984	521
7	-17	-509	1.978	522
8	-18	-509	1.977	523
8	-16	-510	1.986	524
7	-17	-510	1.995	525
7	-18	-509	2.002	526
10	-17	-510	2.016	527
7	-21	-510	2.023	528
7	-19	-510	2.031	529
6	-19	-509	2.032	530
7	-23	-510	2.024	531
8	-20	-510	2.010	532
9	-21	-510	1.997	533
8	-19	-510	1.987	534
8	-16	-510	1.979	535
6	-25	-510	1.980	536
7	-21	-510	1.986	537
8	-15	-510	1.992	538
8	-21	-510	2.007	539
7	-22	-510	2.019	540
-2	-28	-508	2.024	541
4	-21	-510	2.023	542
3	-22	-510	2.015	543
4	-18	-510	2.006	544
6	-20	-510	2.001	545
4	-23	-509	1.991	546
10	-19	-511	1.983	547
6	-21	-510	1.974	548
6	-20	-510	1.969	549
3	-21	-510	1.966	550
2	-21	-510	1.964	551
3	-22	-509	1.965	552
6	-20	-509	1.970	553
6	-19	-510	1.978	554
3	-21	-509	1.990	555
5	-18	-510	2.000	556
3	-21	-509	2.007	557
5	-19	-510	2.012	558
9	-17	-510	2.013	559
7	-19	-510	2.011	560
9	-20	-510	2.006	561
5	-20	-510	1.996	562
5	-21	-510	1.986	563
5	-21	-510	1.977	564
7	-20	-511	1.973	565
6	-21	-510	1.974	566
5	-23	-510	1.976	567
4	-23	-510	1.982	568
6	-22	-509	1.999	569
6	-18	-510	2.012	570
5	-20	-509	2.031	571
1	-22	-508	2.037	572
5	-21	-510	2.042	573
9	-17	-510	2.040	574
4	-26	-510	2.032	575
5	-20	-510	2.018	576
8	-18	-510	2.015	577
8	-19	-510	2.005	578
5	-22	-509	2.009	579
14	-15	-510	2.019	580
10	-17	-510	2.040	581
4	-20	-509	2.053	582
8	-17	-509	2.063	583
7	-20	-510	2.071	584
5	-19	-509	2.074	585
5	-20	-509	2.079	586
9	-19	-510	2.075	587
5	-19	-509	2.065	588
1	-20	-508	2.053	589
6	-17	-509	2.046	590
9	-20	-510	2.042	591
7	-20	-509	2.058	592
4	-19	-509	2.067	593
9	-16	-510	2.082	594
8	-16	-510	2.090	595
7	-17	-509	2.087	596
7	-17	-510	2.089	597
5	-18	-509	2.086	598
6	-22	-510	2.078	599
0.000000 0.000000 0.000000 0.000000 0.000000
142	75	-539	0.000	1
2	12	-495	0.000	2
50	-24	-557	0.000	3
37	6	-526	0.000	4
45	-52	-516	0.547	5
-5	-49	-509	0.638	6
-16	-52	-506	0.695	7
-11	-50	-508	0.724	8
-28	-63	-511	0.745	9
1	-56	-498	0.763	10
-1	-47	-441	0.000	0
41	-26	-504	0.000	1
2	-62	-511	0.000	2
10	-70	-475	0.000	3
21	-47	-509	0.000	4
33	-42	-508	0.646	5
23	-41	-510	0.624	6
16	-39	-510	0.619	7
16	-34	-509	0.627	8
18	-33	-511	0.629	9
14	-31	-509	0.637	10
3	-35	-510	0.663	11
2	-43	-510	0.693	12
0	-44	-510	0.732	13
-4	-46	-510	0.783	14
-7	-50	-510	0.833	15
-5	-42	-511	0.887	16
-1	-36	-511	0.940	17
-2	-38	-510	0.998	18
-2	-36	-511	1.044	19
-4	-39	-510	1.094	20
-1	-32	-511	1.144	21
-1	-36	-510	1.183	22
-2	-38	-510	1.222	23
1	-27	-511	1.256	24
2	-32	-510	1.283	25
-1	-35	-509	1.315	26
8	-30	-511	1.341	27
6	-29	-509	1.370	28
5	-34	-510	1.394	29
4	-32	-510	1.428	30
5	-31	-511	1.461	31
3	-25	-510	1.501	32
2	-26	-510	1.541	33
1	-29	-510	1.575	34
2	-27	-510	1.597	35
1	-29	-510	1.613	36
1	-32	-511	1.614	37
-4	-34	-509	1.604	38
-3	-37	-510	1.576	39
-2	-35	-511	1.535	40
0	-32	-512	1.490	41
-4	-32	-511	1.442	42
-5	-45	-511	1.409	43
-8	-45	-510	1.388	44
-6	-41	-511	1.373	45
-8	-34	-510	1.366	46
-6	-43	-512	1.359	47
-7	-42	-510	1.363	48
-7	-37	-510	1.365	49
-6	-35	-511	1.370	50
-6	-34	-510	1.359	51
-6	-34	-511	1.328	52
-4	-27	-511	1.255	53
-11	-33	-508	1.139	54
-11	-44	-510	1.001	55
-9	-41	-510	0.874	56
-11	-36	-508	0.767	57
-9	-45	-511	0.684	58
-6	-43	-512	0.628	59
-8	-36	-510	0.599	60
-7	-43	-511	0.587	61
-10	-35	-509	0.592	62
-4	-26	-511	0.640	63
-7	-32	-510	0.687	64
-8	-29	-509	0.704	65
-9	-29	-510	0.716	66
-7	-29	-511	0.717	67
-11	-36	-511	0.709	68
-8	-31	-510	0.694	69
-7	-34	-510	0.662	70
-6	-31	-511	0.637	71
-6	-32	-511	0.617	72
-9	-32	-509	0.606	73
-8	-29	-510	0.604	74
-5	-28	-510	0.611	75
-4	-28	-510	0.621	76
-4	-29	-510	0.639	77
-4	-29	-511	0.661	78
-4	-27	-510	0.690	79
-5	-27	-510	0.726	80
-4	-23	-510	0.762	81
-2	-23	-510	0.797	82
-3	-23	-510	0.829	83
-3	-24	-511	0.858	84
-4	-25	-510	0.877	85
-5	-25	-510	0.886	86
-6	-22	-510	0.888	87
-8	-23	-510	0.894	88
-5	-25	-512	0.907	89
-8	-24	-510	0.912	90
-9	-27	-510	0.917	91
-8	-21	-510	0.931	92
-6	-13	-510	0.941	93
-8	-20	-511	0.948	94
-8	-21	-510	0.961	95
-7	-18	-511	0.981	96
-8	-22	-510	0.996	97
-9	-22	-510	1.026	98
-9	-21	-510	1.062	99
-9	-25	-511	1.094	100
-9	-20	-509	1.128	101
-10	-20	-510	1.160	102
-7	-20	-511	1.183	103
-9	-21	-510	1.198	104
-9	-20	-510	1.209	105
-9	-17	-509	1.209	106
-10	-19	-510	1.206	107
-8	-21	-511	1.205	108
-7	-17	-511	1.208	109
-9	-15	-509	1.238	110
-10	-20	-510	1.260	111
-7	-15	-510	1.286	112
-9	-21	-510	1.312	113
-8	-13	-509	1.339	114
-10	-16	-509	1.355	115
-10	-19	-510	1.368	116
-9	-20	-510	1.374	117
-9	-18	-510	1.380	118
-9	-19	-510	1.386	119
-10	-20	-510	1.399	120
-9	-15	-509	1.406	121
-9	-22	-510	1.418	122
-9	-19	-510	1.433	123
-9	-19	-509	1.449	124
-9	-21	-510	1.473	125
-9	-19	-511	1.502	126
-10	-19	-510	1.539	127
-11	-19	-509	1.570	128
-10	-19	-510	1.592	129
-11	-20	-509	1.615	130
-10	-20	-509	1.629	131
-10	-18	-509	1.632	132
-11	-15	-508	1.632	133
-11	-20	-509	1.633	134
-9	-17	-510	1.633	135
-11	-14	-509	1.636	136
-9	-22	-512	1.642	137
-10	-19	-511	1.654	138
-10	-17	-511	1.670	139
-10	-16	-512	1.683	140
-9	-23	-512	1.694	141
-13	-19	-509	1.712	142
-12	-16	-510	1.736	143
-11	-20	-511	1.760	144
-12	-15	-510	1.784	145
-14	-16	-509	1.800	146
-10	-21	-513	1.816	147
-13	-15	-510	1.828	148
-16	-17	-507	1.823	149
-12	-19	-511	1.826	150
-13	-19	-510	1.822	151
-12	-15	-510	1.817	152
-10	-16	-511	1.822	153
-13	-17	-509	1.829	154
-12	-11	-509	1.853	155
-12	-10	-507	1.871	156
-10	-10	-510	1.900	157
-10	-10	-510	1.927	158
-12	-15	-508	1.953	159
-11	-16	-510	1.979	160
-12	-16	-510	2.005	161
-13	-15	-510	2.024	162
-11	-14	-510	2.040	163
-11	-13	-509	2.050	164
-11	-12	-509	2.055	165
-14	-14	-508	2.055	166
-14	-17	-509	2.048	167
-12	-14	-510	2.041	168
-12	-12	-510	2.034	169
-14	-12	-509	2.028	170
-11	-16	-512	2.035	171
-14	-11	-508	2.040	172
-12	-10	-509	2.034	173
-13	-10	-510	0.853	174
-12	-10	-509	1.086	175
-13	-10	-508	1.975	176
-14	-7	-507	3.014	177
-12	-8	-509	3.300	178
-12	-9	-509	2.933	179
-14	-5	-507	1.812	180
-13	-8	-508	1.003	181
-12	-10	-509	1.228	182
-13	-8	-507	2.350	183
-13	-10	-508	3.300	184
-11	-11	-511	3.122	185
-14	-7	-507	1.899	186
-13	-9	-507	0.985	187
-15	-10	-507	1.297	188
-12	-14	-511	2.549	189
-11	-13	-511	3.300	190
-12	-11	-509	2.795	191
-11	-10	-511	1.526	192
-12	-9	-509	0.919	193
-12	-9	-509	1.696	194
-13	-7	-508	2.938	195
-13	-9	-509	3.300	196
-12	-11	-510	2.574	197
-15	-11	-507	1.362	198
-14	-12	-509	1.009	199
-10	-12	-512	1.841	200
-13	-13	-509	3.148	201
-13	-10	-508	3.232	202
-13	-9	-509	2.233	203
-13	-9	-509	1.177	204
-12	-8	-508	1.131	205
-12	-13	-511	2.316	206
-13	-12	-511	3.300	207
-13	-15	-511	2.844	208
-13	-17	-510	1.548	209
-13	-16	-510	1.048	210
-16	-16	-508	2.152	211
-15	-18	-509	3.300	212
-14	-20	-510	2.962	213
-13	-16	-510	1.584	214
-13	-15	-509	1.096	215
-12	-17	-510	2.183	216
-12	-15	-511	3.300	217
-13	-16	-509	2.899	218
-11	-16	-510	1.428	219
-12	-19	-511	1.132	220
-13	-16	-512	2.318	221
-13	-16	-510	3.300	222
-13	-18	-511	2.600	223
-15	-14	-508	1.168	224
-14	-14	-509	1.193	225
-15	-13	-508	2.443	226
-15	-15	-508	3.300	227
-14	-13	-508	2.854	228
-11	-15	-512	1.528	229
-13	-16	-510	0.973	230
-13	-15	-510	1.729	231
-14	-14	-509	3.148	232
-13	-16	-509	3.221	233
-13	-13	-509	2.077	234
-14	-14	-508	1.040	235
-12	-17	-511	1.543	236
-13	-13	-509	2.895	237
-13	-12	-508	3.300	238
-13	-15	-510	2.480	239
-12	-14	-510	1.223	240
-12	-14	-511	1.206	241
-13	-13	-508	2.355	242
-13	-11	-510	3.300	243
-13	-11	-509	2.994	244
-13	-11	-509	1.662	245
-13	-14	-510	1.019	246
-15	-12	-508	1.638	247
-14	-14	-508	2.928	248
-13	-13	-510	3.300	249
-15	-13	-509	2.393	250
-12	-12	-512	1.217	251
-13	-14	-511	1.215	252
-15	-14	-508	2.391	253
-14	-11	-508	3.300	254
-15	-14	-508	2.935	255
-13	-12	-509	1.542	256
-13	-15	-510	1.052	257
-13	-12	-509	2.076	258
-12	-13	-509	3.300	259
-11	-14	-510	2.953	260
-13	-10	-507	1.521	261
-12	-12	-510	1.093	262
-12	-12	-510	2.154	263
-12	-13	-510	3.300	264
-13	-9	-508	2.956	265
-14	-12	-509	1.568	266
-14	-13	-509	1.090	267
-14	-10	-509	2.182	268
-13	-10	-510	3.300	269
-14	-10	-508	2.722	270
-12	-12	-511	1.338	271
-14	-11	-508	1.227	272
-14	-15	-510	2.499	273
-16	-15	-509	3.300	274
-17	-12	-510	2.482	275
-16	-15	-510	1.195	276
-15	-15	-509	1.511	277
-15	-15	-509	3.010	278
-14	-17	-509	3.219	279
-14	-17	-510	1.815	280
-12	-17	-512	1.145	281
-14	-16	-511	2.438	282
-13	-18	-511	3.300	283
-12	-16	-512	2.439	284
-14	-11	-511	1.157	285
-15	-12	-509	1.812	286
-15	-13	-508	3.198	287
-14	-14	-510	3.065	288
-15	-19	-511	1.512	289
-13	-13	-510	1.286	290
-13	-9	-509	2.627	291
-14	-11	-509	3.300	292
-12	-8	-509	2.291	293
-12	-10	-510	1.145	294
-13	-11	-509	1.681	295
-13	-12	-511	3.014	296
-13	-12	-509	3.295	297
-13	-13	-510	2.098	298
-13	-13	-510	1.068	299
-12	-14	-512	1.538	300
-16	-11	-508	2.868	301
-15	-7	-509	3.300	302
-13	-9	-510	2.496	303
-13	-5	-509	1.320	304
-13	-8	-508	1.120	305
-13	-7	-509	2.111	306
-11	-8	-510	3.264	307
-13	-8	-510	3.117	308
-13	-8	-508	1.766	309
-13	-8	-509	1.111	310
-14	-8	-508	1.961	311
-14	-9	-509	3.300	312
-15	-10	-509	3.065	313
-12	-8	-510	1.635	314
-12	-12	-510	1.157	315
-12	-10	-510	2.321	316
-11	-9	-510	3.300	317
-12	-8	-509	2.645	318
-14	-6	-508	1.302	319
-11	-8	-509	1.484	320
-11	-8	-510	2.928	321
-12	-5	-509	3.300	322
-11	-7	-510	2.192	323
-11	-6	-510	1.174	324
-12	-5	-509	1.960	325
-11	-5	-510	3.240	326
-12	-6	-509	3.184	327
-11	-5	-509	1.877	328
-12	-6	-508	1.222	329
-12	-5	-508	2.190	330
-10	-7	-510	3.300	331
-10	-6	-510	2.783	332
-11	-6	-509	1.479	333
-11	-4	-508	1.365	334
-11	-3	-509	2.576	335
-10	-5	-509	3.300	336
-10	-4	-509	2.569	337
-10	-4	-509	1.401	338
-11	-2	-509	1.596	339
-11	-5	-509	3.027	340
-9	-4	-510	3.300	341
-10	-4	-509	2.229	342
-9	-5	-510	1.231	343
-10	-4	-509	2.035	344
-10	-3	-508	3.280	345
-8	-1	-509	2.950	346
-10	-2	-508	1.517	347
-10	-4	-509	1.360	348
-10	-4	-508	2.626	349
-8	-2	-510	3.300	350
-7	-2	-509	2.317	351
-9	-4	-509	1.212	352
-9	-4	-510	1.604	353
-8	-1	-509	3.020	354
-11	-3	-509	3.227	355
-11	-2	-509	1.936	356
-11	-1	-510	1.109	357
-11	-3	-508	1.958	358
-11	0	-508	3.300	359
-8	0	-510	3.017	360
-11	0	-507	1.776	361
-10	-1	-509	1.033	362
-11	-1	-507	1.835	363
-11	3	-508	3.026	364
-9	5	-509	3.300	365
-9	0	-510	2.221	366
-9	1	-510	1.081	367
-11	-1	-509	1.188	368
-10	4	-508	2.438	369
-9	6	-508	3.300	370
-10	-2	-509	2.871	371
-9	4	-509	1.530	372
-8	4	-508	0.878	373
-8	2	-509	1.325	374
-9	7	-507	2.580	375
-9	5	-509	3.300	376
-12	3	-507	2.966	377
-7	6	-511	2.003	378
-10	1	-509	1.104	379
-11	2	-509	0.859	380
-11	1	-508	1.568	381
-11	3	-508	2.653	382
-11	-1	-509	3.300	383
-12	-1	-508	3.072	384
-10	-2	-510	1.912	385
-11	-8	-510	1.025	386
-15	-9	-507	1.144	387
-12	-8	-508	2.101	388
-10	-11	-510	3.179	389
-11	-13	-509	3.205	390
-11	-9	-509	2.002	391
-11	-9	-509	1.067	392
-10	-6	-513	1.347	393
-17	-14	-509	2.659	394
-22	-5	-503	3.300	395
-18	-6	-506	2.696	396
-16	-9	-508	1.420	397
-13	-6	-510	1.189	398
-15	-5	-507	2.355	399
-12	-8	-511	3.300	400
-13	-5	-509	2.780	401
-12	-8	-510	1.375	402
-12	-5	-510	1.288	403
-14	-7	-508	2.617	404
-13	-5	-508	3.300	405
-11	-6	-510	2.339	406
-13	-10	-509	1.133	407
-13	-6	-509	1.487	408
-14	-9	-510	3.003	409
-11	-13	-512	3.111	410
-11	-10	-510	1.633	411
-12	-9	-509	1.027	412
-14	-9	-508	2.195	413
-12	-12	-511	3.300	414
-11	-13	-510	2.665	415
-11	-7	-510	1.252	416
-14	-5	-508	1.274	417
-12	-11	-509	2.690	418
-12	-6	-509	3.300	419
-12	-10	-510	2.285	420
-13	-9	-509	1.081	421
-12	-9	-509	1.565	422
-12	-11	-510	2.881	423
-12	-7	-509	3.300	424
-13	-9	-509	1.966	425
-11	-10	-510	1.069	426
-11	-9	-510	2.036	427
-11	-10	-510	3.300	428
-11	-9	-509	2.753	429
-10	-8	-510	1.273	430
-10	-10	-510	1.368	431
-11	-9	-510	2.785	432
-13	-10	-508	3.300	433
-12	-9	-510	2.161	434
-13	-11	-509	1.088	435
-12	-11	-509	1.821	436
-13	-9	-508	3.300	437
-11	-11	-510	2.833	438
-13	-10	-509	1.427	439
-12	-11	-510	1.085	440
-12	-11	-510	2.190	441
-13	-11	-510	3.300	442
-15	-12	-506	3.058	443
-12	-11	-510	1.741	444
-13	-9	-509	0.941	445
-11	-12	-510	1.608	446
-11	-15	-512	2.847	447
-12	-12	-509	3.300	448
-12	-11	-509	2.711	449
-12	-14	-511	1.467	450
-12	-17	-510	0.917	451
-11	-17	-510	1.264	452
-11	-17	-511	2.206	453
-11	-15	-510	3.256	454
-11	-17	-510	3.161	455
-12	-15	-509	2.132	456
-11	-16	-510	1.141	457
-11	-17	-510	1.066	458
-12	-18	-510	2.074	459
-12	-21	-510	3.254	460
-11	-21	-510	3.152	461
-10	-21	-511	1.974	462
-9	-21	-511	1.040	463
-10	-17	-510	1.582	464
-10	-19	-511	2.862	465
-5	-21	-512	3.300	466
-11	-22	-511	2.416	467
-11	-19	-510	1.182	468
-11	-16	-508	1.423	469
-11	-19	-510	2.749	470
-11	-21	-510	3.300	471
-14	-25	-510	2.132	472
-12	-25	-510	1.148	473
-12	-25	-510	1.787	474
-11	-25	-511	3.153	475
-12	-25	-511	3.146	476
-12	-22	-510	1.859	477
-11	-25	-511	1.202	478
-9	-25	-512	2.173	479
-11	-17	-509	3.300	480
-12	-26	-509	2.891	481
-7	-23	-512	1.577	482
-4	-25	-512	1.422	483
-10	-22	-508	2.745	484
-2	-24	-513	3.300	485
-3	-32	-513	2.359	486
-4	-31	-513	1.310	487
-7	-6	-510	2.011	488
-3	4	-509	3.300	489
-9	-4	-507	2.856	490
-11	0	-505	1.509	491
-8	8	-505	1.564	492
-10	4	-506	2.908	493
-5	-3	-511	3.257	494
-1	3	-512	2.000	495
-10	-4	-506	1.385	496
-6	-7	-508	2.550	497
-4	-4	-508	3.300	498
-3	-8	-512	2.318	499
-17	-19	-511	1.329	500
-4	-7	-511	2.164	501
-6	-8	-510	3.300	502
-8	-4	-508	2.615	503
-8	-10	-508	1.339	504
-9	-19	-510	2.057	505
-8	-17	-510	3.300	506
-8	-16	-509	2.451	507
-8	-21	-511	1.259	508
-8	-24	-510	2.166	509
-9	-24	-510	3.300	510
-10	-30	-511	2.670	511
-9	-33	-511	1.335	512
-9	-30	-511	1.926	513
-10	-27	-510	3.300	514
-11	-29	-510	2.847	515
-9	-33	-511	1.476	516
-10	-34	-511	1.741	517
-12	-36	-510	3.088	518
-12	-36	-510	3.184	519
-11	-36	-511	1.844	520
-10	-34	-511	1.434	521
-11	-35	-511	2.684	522
-11	-31	-510	3.300	523
-11	-30	-510	2.132	524
-11	-30	-509	1.409	525
-11	-30	-511	2.451	526
-12	-30	-510	3.300	527
-10	-32	-512	2.390	528
-11	-31	-511	1.426	529
-12	-29	-509	2.252	530
-12	-28	-510	3.300	531
-11	-30	-511	2.733	532
-11	-28	-511	1.555	533
-12	-30	-510	1.995	534
-11	-28	-510	3.249	535
-12	-30	-510	3.111	536
-17	-32	-510	1.833	537
-12	-28	-510	1.700	538
-12	-28	-511	2.924	539
10	-21	-512	3.300	540
-13	-30	-510	2.285	541
-11	-29	-510	1.578	542
-8	-28	-512	2.415	543
-10	-27	-510	3.300	544
-11	-26	-510	2.708	545
-11	-27	-510	1.648	546
-11	-25	-510	1.916	547
-11	-26	-510	3.219	548
-12	-26	-510	3.212	549
-10	-23	-510	2.279	550
-12	-26	-510	1.542	551
-11	-29	-510	2.480	552
-12	-30	-511	3.300	553
-11	-29	-510	2.766	554
-11	-31	-511	1.591	555
-11	-30	-510	2.202	556
-11	-28	-511	3.300	557
-11	-28	-511	2.933	558
-11	-29	-510	1.709	559
-11	-26	-510	1.871	560
-11	-25	-510	3.078	561
-11	-27	-511	3.300	562
-11	-27	-511	2.125	563
-10	-25	-511	1.609	564
-10	-25	-510	2.563	565
-11	-25	-510	3.300	566
-12	-26	-510	2.579	567
-10	-24	-510	1.602	568
-10	-26	-511	1.935	569
-10	-24	-510	3.144	570
-10	-25	-510	3.224	571
-11	-29	-510	2.161	572
-10	-27	-510	1.588	573
-11	-30	-510	2.451	574
-12	-29	-510	3.300	575
-11	-32	-511	2.606	576
-10	-26	-510	1.629	577
-11	-24	-510	2.271	578
-10	-22	-510	3.300	579
-11	-26	-510	2.789	580
-11	-24	-510	1.750	581
-10	-22	-510	1.988	582
-10	-23	-510	3.254	583
-10	-22	-510	3.159	584
-11	-21	-509	2.122	585
-11	-23	-510	1.674	586
-10	-24	-511	2.856	587
-11	-23	-510	3.300	588
-11	-23	-510	2.416	589
-12	-25	-510	1.627	590
-11	-24	-511	2.459	591
-10	-25	-511	3.300	592
-12	-24	-510	3.058	593
-11	-23	-511	1.999	594
-11	-23	-511	1.730	595
-11	-23	-510	2.799	596
-12	-25	-511	3.300	597
-11	-25	-512	2.519	598
-12	-26	-510	1.633	599
0.000000 0.000000 0.000000 0.000000 0.000000
69	169	-473	0.000	1
15	124	-489	0.000	2
21	106	-481	0.000	3
24	85	-484	0.000	4
-27	24	-530	0.326	5
-18	-3	-464	0.000	0
-15	-9	-533	0.000	1
-58	-12	-529	0.000	2
-23	-40	-502	0.000	3
-6	-26	-515	0.000	4
-10	-65	-510	0.385	5
-10	-64	-509	0.417	6
-11	-63	-509	0.450	7
-11	-45	-512	0.486	8
-10	-50	-510	0.525	9
-10	-61	-510	0.558	10
-11	-51	-511	0.595	11
-11	-52	-510	0.628	12
-11	-55	-510	0.661	13
-11	-51	-510	0.690	14
-10	-54	-509	0.718	15
-11	-57	-510	0.741	16
-11	-46	-510	0.764	17
-10	-46	-511	0.788	18
-11	-56	-509	0.805	19
-11	-53	-510	0.821	20
-10	-51	-510	0.841	21
-11	-57	-509	0.855	22
-11	-51	-511	0.862	23
-10	-55	-511	0.873	24
-10	-61	-510	0.882	25
-10	-56	-510	0.886	26
-10	-54	-510	0.899	27
-10	-55	-511	0.904	28
-10	-56	-510	0.909	29
-9	-62	-510	0.913	30
-9	-60	-510	0.919	31
-9	-62	-510	0.928	32
-10	-59	-510	0.935	33
-9	-59	-510	0.943	34
-9	-62	-510	0.956	35
-10	-61	-509	0.965	36
-10	-58	-510	0.971	37
-10	-60	-510	0.982	38
-9	-62	-509	0.994	39
-9	-63	-509	1.009	40
-8	-62	-511	1.026	41
-9	-62	-510	1.039	42
-9	-61	-510	1.053	43
-10	-62	-511	1.064	44
-9	-65	-511	1.074	45
-8	-64	-510	1.086	46
-9	-64	-510	1.094	47
-9	-64	-511	1.104	48
-8	-66	-510	1.110	49
-9	-62	-510	1.116	50
-10	-65	-510	1.119	51
-10	-62	-510	1.123	52
-10	-65	-510	1.121	53
-10	-64	-510	1.119	54
-10	-65	-510	1.107	55
-10	-65	-511	1.106	56
-11	-64	-509	1.103	57
-10	-65	-509	1.104	58
-11	-65	-509	1.104	59
-10	-65	-510	1.100	60
-9	-65	-511	1.098	61
-9	-65	-510	1.102	62
-8	-64	-511	1.102	63
-9	-65	-511	1.109	64
-9	-67	-510	1.118	65
-9	-65	-510	1.124	66
-10	-65	-510	1.131	67
-11	-65	-509	1.138	68
-10	-67	-510	1.151	69
-10	-68	-510	1.160	70
-9	-67	-510	1.177	71
-9	-66	-511	1.187	72
-9	-68	-510	1.187	73
-10	-68	-510	1.190	74
-10	-68	-510	1.190	75
-10	-67	-510	1.189	76
-9	-69	-510	1.189	77
-11	-69	-510	1.191	78
-11	-68	-509	1.192	79
-11	-69	-509	1.193	80
-12	-70	-509	1.193	81
-11	-70	-510	1.191	82
-10	-71	-511	1.196	83
-11	-70	-509	1.196	84
-12	-72	-510	1.198	85
-11	-71	-510	1.198	86
-11	-70	-509	1.201	87
-9	-70	-509	1.209	88
-10	-70	-510	1.214	89
-11	-71	-510	1.220	90
-12	-70	-509	1.229	91
-10	-73	-510	1.236	92
-14	-75	-509	1.241	93
-12	-73	-509	1.246	94
-12	-73	-509	1.248	95
-10	-75	-509	1.252	96
-11	-74	-510	1.255	97
-11	-73	-510	1.254	98
-12	-74	-509	1.252	99
-12	-77	-510	1.247	100
-11	-73	-510	1.241	101
-12	-75	-509	1.231	102
-12	-75	-510	1.231	103
-11	-73	-510	1.227	104
-12	-74	-509	1.227	105
-11	-74	-509	1.235	106
-12	-74	-510	1.241	107
-12	-75	-509	1.252	108
-11	-75	-509	1.257	109
-11	-75	-510	1.268	110
-11	-74	-511	1.274	111
-12	-74	-509	1.276	112
-12	-75	-509	1.276	113
-11	-74	-509	1.276	114
-11	-74	-510	1.268	115
-12	-74	-509	1.268	116
-12	-74	-509	1.260	117
-12	-74	-509	1.260	118
-12	-73	-510	1.256	119
-12	-74	-509	1.251	120
-12	-74	-508	1.245	121
-12	-74	-508	1.242	122
-11	-75	-510	1.247	123
-11	-75	-508	1.247	124
-11	-73	-510	1.253	125
-12	-74	-509	1.260	126
-12	-73	-509	1.265	127
-11	-74	-510	1.273	128
-11	-74	-509	1.285	129
-11	-73	-510	1.291	130
-12	-73	-509	1.292	131
-12	-73	-509	1.293	132
-11	-74	-509	1.292	133
-11	-75	-509	1.286	134
-11	-74	-510	1.272	135
-11	-75	-509	1.271	136
-11	-75	-509	1.259	137
-12	-76	-509	1.260	138
-12	-74	-509	1.261	139
-12	-74	-509	1.258	140
-12	-75	-509	1.256	141
-12	-75	-509	1.259	142
-11	-74	-510	1.265	143
-11	-75	-510	1.276	144
-11	-75	-510	1.284	145
-12	-76	-509	1.290	146
-12	-75	-509	1.298	147
-11	-76	-509	1.305	148
-12	-76	-508	1.309	149
-12	-76	-509	1.304	150
-13	-77	-509	1.299	151
-13	-78	-509	1.297	152
-12	-78	-509	1.287	153
-12	-77	-510	1.284	154
-12	-78	-509	1.274	155
-12	-77	-508	1.267	156
-11	-76	-510	1.264	157
-12	-76	-510	1.260	158
-12	-77	-509	1.268	159
-12	-77	-509	1.276	160
-13	-76	-509	1.287	161
-13	-78	-508	1.297	162
-12	-76	-510	1.305	163
-15	-79	-507	1.307	164
-12	-77	-508	1.314	165
-12	-84	-509	1.317	166
-13	-81	-509	1.320	167
-13	-83	-508	1.318	168
-13	-83	-508	1.315	169
-15	-82	-509	1.308	170
-15	-83	-508	1.298	171
-14	-83	-509	1.296	172
-14	-83	-508	1.302	173
-13	-83	-510	1.305	174
-13	-83	-508	1.315	175
-14	-81	-509	1.315	176
-14	-83	-508	1.325	177
-14	-82	-508	1.325	178
-15	-82	-508	1.322	179
-15	-81	-509	1.319	180
-14	-82	-508	1.313	181
-13	-82	-509	1.303	182
-14	-81	-509	1.295	183
-13	-83	-509	1.287	184
-12	-82	-509	1.281	185
-13	-82	-510	1.277	186
-14	-80	-509	1.275	187
-14	-82	-508	1.278	188
-14	-81	-509	1.275	189
-14	-82	-509	1.281	190
-15	-81	-508	1.286	191
-15	-83	-508	1.299	192
-14	-82	-509	1.308	193
-13	-80	-509	1.315	194
-14	-81	-509	1.320	195
-15	-81	-508	1.327	196
-14	-81	-509	1.325	197
-14	-81	-510	1.326	198
-13	-82	-509	1.322	199
-13	-82	-509	1.317	200
-14	-81	-509	1.310	201
-13	-82	-508	1.296	202
-14	-81	-509	1.291	203
-14	-82	-508	1.283	204
-13	-81	-508	1.272	205
-14	-83	-509	1.269	206
-12	-79	-510	1.275	207
-12	-79	-510	1.283	208
-13	-80	-509	1.292	209
-13	-81	-509	1.294	210
-13	-81	-509	1.313	211
-13	-81	-509	1.326	212
-13	-81	-508	1.330	213
-12	-80	-509	1.333	214
-13	-80	-509	1.331	215
-13	-80	-509	1.325	216
-13	-79	-509	1.318	217
-13	-81	-510	1.307	218
-13	-80	-509	1.296	219
-13	-78	-510	1.286	220
-13	-80	-509	1.277	221
-13	-81	-509	1.272	222
-12	-80	-509	1.273	223
-14	-81	-509	1.284	224
-14	-81	-508	1.281	225
-13	-80	-508	1.294	226
-12	-79	-510	1.297	227
-13	-80	-509	1.308	228
-12	-80	-509	1.319	229
-12	-79	-509	1.323	230
-13	-79	-509	1.333	231
-13	-79	-509	1.334	232
-13	-79	-509	1.341	233
-13	-79	-509	1.337	234
-12	-80	-509	1.337	235
-12	-81	-509	1.335	236
-13	-81	-509	1.331	237
-14	-81	-508	1.322	238
-14	-79	-508	1.311	239
-14	-80	-509	1.301	240
-13	-80	-508	1.293	241
-13	-79	-509	1.285	242
-13	-80	-509	1.284	243
-13	-80	-509	1.285	244
-13	-80	-508	1.293	245
-12	-79	-510	1.310	246
-12	-79	-509	1.322	247
-13	-79	-509	1.330	248
-13	-79	-509	1.339	249
-13	-79	-509	1.346	250
-14	-78	-509	1.345	251
-13	-79	-508	1.341	252
-12	-78	-510	1.327	253
-11	-78	-511	1.306	254
-13	-78	-510	1.294	255
-13	-79	-508	1.285	256
-13	-79	-508	1.277	257
-13	-79	-509	1.275	258
-13	-78	-509	1.276	259
-13	-79	-508	1.281	260
-13	-79	-509	1.291	261
-13	-81	-509	1.299	262
-14	-81	-508	1.309	263
-15	-82	-509	1.320	264
-12	-81	-509	1.326	265
-13	-81	-509	1.325	266
-12	-80	-509	1.320	267
-12	-81	-509	1.316	268
-13	-80	-509	1.310	269
-12	-81	-509	1.305	270
-13	-80	-509	1.305	271
-14	-81	-508	1.300	272
-13	-80	-510	1.300	273
-12	-82	-509	1.303	274
-13	-80	-509	1.302	275
-13	-80	-509	1.309	276
-13	-81	-509	1.313	277
-13	-82	-509	1.319	278
-12	-81	-509	1.330	279
-13	-81	-509	1.328	280
-12	-80	-510	1.336	281
-13	-80	-509	1.336	282
-12	-83	-508	1.335	283
-11	-79	-511	1.332	284
-13	-79	-509	1.328	285
-12	-79	-510	1.327	286
-12	-81	-509	1.318	287
-13	-81	-509	1.310	288
-12	-80	-510	1.306	289
-12	-83	-509	1.300	290
-13	-82	-509	1.301	291
-12	-80	-510	1.305	292
-14	-80	-509	1.306	293
-14	-80	-509	1.312	294
-14	-79	-508	1.318	295
-16	-79	-507	1.323	296
13	-67	-518	1.330	297
0.000000 0.000000 0.000000 0.000000 0.000000