0.957363
1.239414
1.490842
1.692308
1.843810
1.946154
2.016264
2.060586
2.088791
2.101685
2.108132
2.108132
2.104908
2.096044
2.087180
2.075897
2.063810
2.050110
2.033993
2.023517
2.006593
1.993700
1.977582
1.967106
1.948572
1.937289
1.924396
1.913114
1.899414
1.888132
1.877656
1.867985
1.857509
1.849451
1.840586
1.832527
1.826887
1.818828
1.813187
1.809158
1.805128
1.800293
1.797876
1.793846
1.792235
1.789011
1.785788
1.784982
1.784982
1.782564
1.783370
1.780952
1.781758
1.780952
1.780147
1.779341
1.780147
1.779341
1.780147
1.780147
1.780147
1.780952
1.781758
1.780952
1.781758
1.783370
1.781758
1.784176
1.785788
1.787399
1.785788
1.787399
1.786593
1.786593
1.787399
1.788205
1.787399
1.787399
1.789011
1.788205
1.787399
1.789011
1.787399
1.789011
1.788205
1.787399
1.789817
1.789011
1.786593
1.786593
1.787399
1.785788
1.786593
1.787399
1.784982
1.784176
1.784176
1.784176
1.785788
1.784982
1.782564
1.784176
1.782564
1.784176
1.780952
1.780147
1.780952
1.779341
1.779341
1.778535
1.777729
1.776923
1.772894
1.774506
1.772088
1.770476
1.769670
1.767253
1.766447
1.763224
1.760000
1.755165
1.748718
1.740659
1.729377
1.716484
1.700366
1.679414
1.655238
1.630256
1.602857
1.574652
1.545641
1.519048
1.492454
1.468278
1.445714
1.421538
1.400586
1.386081
1.369963
1.361099
1.345788
1.333700
1.322418
1.313553
1.307912
1.303883
1.302271
1.300659
1.299853
1.301465
1.302271
1.306300
1.309524
1.312747
1.317582
1.321612
1.327253
1.333700
1.338535
1.344982
1.349817
1.354652
1.360293
1.366740
1.373187
1.377216
1.382051
1.390916
1.398169
1.400586
1.402198
1.403004
1.402198
1.400586
1.398974
1.394945
1.388498
1.381245
1.377216
1.369158
1.363516
1.358681
1.354652
1.352234
1.349011
1.346593
1.346593
1.345788
1.347399
1.347399
1.349011
1.349011
1.352234
1.352234
1.350623
1.353040
1.353040
1.353040
1.352234
1.353040
1.349817
1.348205
1.342564
1.338535
1.332894
1.328864
1.324835
1.321612
1.315971
1.311136
1.303883
1.297436
1.290989
1.287766
1.281319
1.278901
1.274872
1.270843
1.265201
1.257143
1.245861
1.235385
1.222491
1.212015
1.199121
1.191868
1.184615
1.177363
1.170110
1.163663
1.157216
1.150769
1.145934
1.139487
1.137875
1.137875
1.134652
1.136264
1.138681
1.142711
1.149158
1.152381
1.161245
1.166081
1.174945
1.184615
1.192674
1.203150
1.212821
1.240220
1.241832
1.245055
1.247473
1.248278
1.252308
1.257143
1.261172
1.267619
1.276484
1.284542
1.290989
1.302271
1.311941
1.320000
1.330476
1.341758
1.349011
1.356264
1.360293
1.366740
1.369158
1.369158
1.368352
1.364322
1.358681
1.350623
1.340952
1.330476
1.318388
1.307106
1.295824
1.284542
1.274066
1.258755
1.247473
1.232967
1.218461
1.203956
1.189451
1.174139
1.160440
1.152381
1.142711
1.137070
1.130623
1.126593
1.124982
1.121758
1.119341
1.118535
1.116117
1.111282
1.105641
1.100000
1.096777
1.090330
1.087912
1.086300
1.083077
1.083883
1.081465
1.083077
1.085494
1.087106
1.087912
1.090330
1.093553
1.096777
1.097582
1.102418
1.104835
1.108865
1.112088
1.116923
1.121758
1.126593
1.131429
1.137875
1.142711
1.145934
1.149158
1.153187
1.155604
1.160440
1.162051
1.164469
1.166886
1.170916
1.170110
1.174945
1.178974
1.181392
1.180586
1.183004
1.183004
1.183004
1.186227
1.189451
1.192674
1.195897
1.202344
1.209597
1.212821
1.219267
1.224103
1.226520
1.230549
1.233773
1.237802
1.239414
1.241832
1.241832
1.245861
1.245861
1.245055
1.243443
1.239414
1.238608
1.234579
1.233773
1.235385
1.234579
1.237802
1.239414
1.241026
1.244249
1.248278
1.252308
1.260366
1.264396
1.271648
1.279707
1.284542
1.294212
1.302271
1.310330
1.317582
1.324835
1.332894
1.339341
1.345788
1.353040
1.358681
1.365128
1.372381
1.377216
1.380439
1.385275
1.390916
1.391722
1.395751
1.399780
1.399780
1.402198
1.403004
1.403004
1.403810
1.403810
1.403810
1.405421
1.404615
1.408645
1.411062
1.411868
1.415092
1.419121
1.420733
1.423956
1.424762
1.430403
1.433626
1.436850
1.440879
1.447326
1.451355
1.456190
1.460220
1.463443
1.465861
1.468278
1.469890
1.473919
1.476337
1.476337
1.478755
1.476337
1.473114
1.469890
1.461832
1.455385
1.450549
1.444908
1.437656
1.430403
1.422344
1.414286
1.409451
1.400586
1.392527
1.382857
1.374799
1.363516
1.353846
1.342564
1.334506
1.324835
1.318388
1.311941
1.303883
1.299048
1.294212
1.292601
1.290183
1.290989
1.292601
1.290183
1.291795
1.291795
1.289377
1.286960
1.285348
1.285348
1.283736
1.282124
1.285348
1.284542
1.286960
1.288571
1.290989
1.296630
1.299853
1.304689
1.313553
1.321612
1.328059
1.336117
1.344982
1.352234
1.358681
1.366740
1.373993
1.378828
1.384469
1.390110
1.394945
1.398169
1.403004
1.410256
1.415092
1.424762
1.462637
1.468278
1.473919
1.478755
1.484396
1.490037
1.495678
1.498901
1.501319
1.506960
1.509377
1.512601
1.515018
1.518242
1.519048
1.522271
1.523077
1.528718
1.530330
1.531136
1.532747
1.535971
1.537582
1.540000
1.543223
1.543223
1.547253
1.544835
1.547253
1.545641
1.548864
1.547253
1.547253
1.547253
1.545641
1.546447
1.545641
1.548059
1.547253
1.548059
1.548864
1.550476
1.551282
1.551282
1.552088
1.554505
1.555311
1.557729
1.556923
1.560147
1.560147
1.561758
1.562564
1.562564
1.562564
1.562564
1.563370
1.564176
1.565788
1.566593
1.564982
1.568205
1.566593
1.569817
1.567399
1.568205
1.569817
1.569817
1.569817
1.570623
1.569011
1.567399
1.569817
1.569011
1.566593
1.567399
1.568205
1.567399
1.566593
1.567399
1.564982
1.567399
1.568205
1.566593
1.566593
1.566593
1.566593
1.566593
1.566593
1.567399
1.569817
1.568205
1.570623
1.570623
1.569011
1.571429
1.571429
1.573040
1.573846
1.571429
1.573846
1.574652
1.573846
1.575458
1.576264
1.575458
1.576264
1.575458
1.574652
1.574652
1.573846
1.576264
1.575458
1.576264
1.576264
1.575458
1.573846
1.576264
1.576264
1.577875
1.577875
1.579487
1.578681
1.580293
1.581099
1.581099
1.581905
1.582711
1.585934
1.587546
1.588352
1.587546
1.589963
1.589157
1.589963
1.592381
1.593187
1.593993
1.593993
1.593993
1.595604
1.595604
1.596410
1.598828
1.598828
1.600440
1.600440
1.602857
1.602051
1.603663
1.604469
1.606081
1.607692
1.607692
1.606886
1.610110
1.610110
1.610110
1.612527
1.610916
1.614139
1.612527
1.613333
1.614945
1.614945
1.617363
1.616557
1.617363
1.618168
1.618168
1.619780
1.621392
1.622198
1.619780
1.619780
1.621392
1.621392
1.618168
1.617363
1.617363
1.618168
1.617363
1.615751
1.616557
1.616557
1.617363
1.616557
1.617363
1.614945
1.617363
1.614945
1.618168
1.615751
1.616557
1.616557
1.617363
1.619780
1.618168
1.618974
1.620586
1.620586
1.620586
1.622198
1.625421
1.622198
1.624615
1.625421
1.624615
1.623004
1.624615
1.620586
1.621392
1.619780
1.618974
1.615751
1.612527
1.610110
1.608498
1.606886
1.606886
1.605275
1.604469
1.602051
1.602857
1.602051
1.602857
1.602857
1.605275
1.605275
1.606886
1.605275
1.603663
1.605275
1.602857
1.601245
1.600440
1.600440
1.598828
1.595604
1.595604
1.593993
1.593993
1.584322
1.410256
0.000000
0.342491
0.343297
0.340879
0.339267
0.339267
0.340073
0.336850
0.336850
0.338462
0.338462
0.339267
0.340073
0.345714
0.345714
0.348132
0.347326
0.346520
0.349744
0.351355
0.352967
0.354579
0.357802
0.358608
0.361026
0.361832
0.364249
0.368278
0.372308
0.376337
0.377143
0.378755
0.381172
0.383590
0.386007
0.388425
0.387619
0.390843
0.391648
0.393260
0.393260
0.393260
0.393260
0.396484
0.397289
0.395678
0.396484
0.397289
0.398095
0.399707
0.398095
0.400513
0.400513
0.398901
0.399707
0.400513
0.399707
0.401319
0.401319
0.401319
0.400513
0.400513
0.401319
0.399707
0.400513
0.399707
0.400513
0.401319
0.401319
0.399707
0.397289
0.399707
0.401319
0.400513
0.404542
0.402930
0.406154
0.407766
0.408571
0.409377
0.412601
0.414212
0.416630
0.418242
0.419854
0.420659
0.422271
0.423883
0.425495
0.425495
0.428718
0.430330
0.431941
0.432747
0.432747
0.434359
0.436777
0.436777
0.440000
0.441612
0.441612
0.441612
0.443223
0.444029
0.446447
0.445641
0.444835
0.448059
0.448864
0.450476
0.449670
0.450476
0.451282
0.452088
0.452088
0.453700
0.454506
0.454506
0.455311
0.457729
0.458535
0.456923
0.457729
0.458535
0.460147
0.461758
0.461758
0.462564
0.464176
0.464982
0.465788
0.467399
0.465788
0.469011
0.470623
0.471429
0.470623
0.472234
0.473846
0.472234
0.475458
0.475458
0.476264
0.478681
0.477875
0.480293
0.479487
0.480293
0.483517
0.483517
0.485128
0.485128
0.484322
0.487546
0.486740
0.488352
0.488352
0.489963
0.489963
0.489963
0.491575
0.492381
0.493187
0.493993
0.493993
0.497216
0.497216
0.496410
0.498022
0.498828
0.499634
0.499634
0.502051
0.500440
0.502051
0.502857
0.503663
0.505275
0.504469
0.506081
0.506886
0.508498
0.508498
0.510110
0.510916
0.510916
0.510916
0.513333
0.512527
0.512527
0.514139
0.515751
0.517363
0.518168
0.517363
0.517363
0.519780
0.519780
0.520586
0.520586
0.523004
0.522198
0.523810
0.525421
0.525421
0.527033
0.527033
0.526227
0.529451
0.527839
0.530256
0.530256
0.531868
0.531868
0.532674
0.532674
0.535092
0.535092
0.535897
0.538315
0.537509
0.537509
0.539927
0.541538
0.542344
0.539927
0.543150
0.543956
0.544762
0.544762
0.545568
0.546374
0.547179
0.547985
0.547985
0.547985
0.547985
0.548791
0.551209
0.551209
0.551209
0.552820
0.551209
0.552820
0.552820
0.554432
0.554432
0.555238
0.556850
0.556044
0.557656
0.558462
0.560879
0.561685
0.560879
0.561685
0.562491
0.564103
0.564908
0.563297
0.563297
0.565714
0.567326
0.568132
0.568132
0.567326
0.568938
0.569744
0.568938
0.569744
0.568938
0.568132
0.571355
0.572967
0.572161
0.571355
0.572967
0.572161
0.573773
0.572967
0.575385
0.574579
0.574579
0.576190
0.576190
0.575385
0.576996
0.576996
0.577802
0.577802
0.580220
0.579414
0.580220
0.579414
0.581026
0.580220
0.581831
0.581831
0.582637
0.581831
0.582637
0.583443
0.583443
0.583443
0.584249
0.585055
0.585861
0.585861
0.586667
0.586667
0.586667
0.586667
0.586667
0.588278
0.588278
0.588278
0.587473
0.587473
0.588278
0.589084
0.588278
0.589890
0.590696
0.589890
0.590696
0.589890
0.591502
0.592308
0.591502
0.594725
0.593114
0.591502
0.593114
0.593919
0.593919
0.593919
0.597143
0.594725
0.595531
0.596337
0.597949
0.597949
0.598755
0.597949
0.598755
0.599560
0.601172
0.598755
0.601172
0.601172
0.601978
0.600366
0.601172
0.601172
0.603590
0.601172
0.602784
0.602784
0.601978
0.602784
0.601978
0.602784
0.603590
0.604396
0.605201
0.604396
0.605201
0.606813
0.605201
0.606007
0.607619
0.608425
0.607619
0.606813
0.609231
0.608425
0.607619
0.609231
0.610037
0.609231
0.612454
0.610843
0.610037
0.610843
0.612454
0.610843
0.612454
0.613260
0.612454
0.613260
0.612454
0.614066
0.614066
0.614872
0.615678
0.616483
0.615678
0.614872
0.616483
0.617289
0.618095
0.617289
0.618901
0.616483
0.618901
0.617289
0.619707
0.620513
0.618901
0.621319
0.618901
0.621319
0.622125
0.620513
0.622125
0.623736
0.622125
0.622930
0.625348
0.623736
0.623736
0.624542
0.625348
0.627766
0.627766
0.627766
0.628571
0.626960
0.628571
0.629377
0.627766
0.628571
0.630183
0.630183
0.631795
0.631795
0.632601
0.631795
0.633407
0.632601
0.632601
0.635018
0.633407
0.635018
0.635018
0.634212
0.635018
0.635824
0.635018
0.635824
0.636630
0.635824
0.636630
0.638242
0.636630
0.638242
0.637436
0.639853
0.638242
0.639048
0.640659
0.639853
0.639853
0.639853
0.639853
0.641465
0.642271
0.643077
0.643883
0.643077
0.641465
0.644689
0.642271
0.642271
0.642271
0.646300
0.645494
0.644689
0.646300
0.644689
0.646300
0.645494
0.644689
0.647106
0.647106
0.646300
0.647106
0.648718
0.645494
0.646300
0.647912
0.647106
0.647912
0.647912
0.647912
0.647912
0.647912
0.647912
0.646300
0.646300
0.647912
0.647912
0.646300
0.646300
0.646300
0.647106
0.646300
0.645494
0.647912
0.647912
0.647912
0.647912
0.647912
0.647912
0.647912
0.647106
0.646300
0.645494
0.647912
0.646300
0.648718
0.647912
0.647912
0.647912
0.646300
0.647106
0.645494
0.646300
0.647106
0.647912
0.647912
0.646300
0.647912
0.647912
0.648718
0.646300
0.646300
0.647106
0.646300
0.646300
0.647106
0.648718
0.647912
0.647106
0.647912
0.646300
0.647912
0.648718
0.647106
0.648718
0.647106
0.648718
0.647106
0.649524
0.648718
0.648718
0.648718
0.649524
0.648718
0.647912
0.647106
0.648718
0.649524
0.647912
0.649524
0.648718
0.648718
0.647106
0.648718
0.647912
0.649524
0.647912
0.649524
0.648718
0.647912
0.649524
0.649524
0.647912
0.648718
0.649524
0.651136
0.648718
0.648718
0.650330
0.649524
0.650330
0.648718
0.650330
0.647912
0.649524
0.650330
0.648718
0.650330
0.647912
0.648718
0.649524
0.651136
0.648718
0.650330
0.649524
0.650330
0.651136
0.651136
0.650330
0.651941
0.650330
0.652747
0.651136
0.651136
0.650330
0.652747
0.651941
0.651136
0.652747
0.652747
0.654359
0.652747
0.652747
0.654359
0.652747
0.653553
0.651136
0.652747
0.651136
0.654359
0.652747
0.651941
0.651941
0.652747
0.651941
0.652747
0.654359
0.654359
0.653553
0.652747
0.655165
0.652747
0.654359
0.654359
0.655165
0.654359
0.654359
0.655971
0.655165
0.654359
0.655971
0.655971
0.655165
0.657582
0.655971
0.655971
0.657582
0.655971
0.656777
0.606813
0.000000